3.1747 	EXP 	Created window1 = Window(allowGUI=False, allowStencil=False, args=UNKNOWN, autoLog=True, bitsMode=UNKNOWN, blendMode='avg', color=array([ 0.,  0.,  0.]), colorSpace='rgb', fullscr=UNKNOWN, gamma=None, kwargs=UNKNOWN, lms=UNKNOWN, monitor=<psychopy.monitors.calibTools.Monitor object at 0x1138fac50>, multiSample=False, name='window1', numSamples=2, pos=[0, 0], screen=0, size=array([1680, 1050]), stereo=False, units=u'norm', useFBO=True, useRetina=False, viewOri=0.0, viewPos=None, viewScale=None, waitBlanking=True, winType=u'pyglet')
3.1747 	EXP 	window1: recordFrameIntervals = False
3.3383 	EXP 	window1: recordFrameIntervals = True
3.5231 	EXP 	window1: recordFrameIntervals = False
3.5891 	EXP 	Created text = TextStim(alignHoriz='center', alignVert='center', antialias=True, autoLog=True, bold=False, color='white', colorSpace='named', contrast=1.0, depth=0.0, flipHoriz=False, flipVert=False, font='Arial', fontFiles=[], height=0.1, italic=False, name='text', opacity=1.0, ori=0, pos=array([ 0.,  0.]), rgb=array([ 255.,  255.,  255.]), text=newstr(...), units=u'norm', win=Window(...), wrapWidth=1)
3.6000 	EXP 	Sound  set volume 1.000
3.6025 	EXP 	Created image = ImageStim(autoLog=True, color=array([ 1.,  1.,  1.]), colorSpace='rgb', contrast=1.0, depth=-1.0, flipHoriz=False, flipVert=False, image='sin', interpolate=True, mask=None, maskParams=None, name='image', opacity=1.0, ori=0.0, pos=array([ 0.,  0.]), size=array([ 0.5,  0.5]), texRes=128, units=u'norm', win=Window(...))
3.6114 	EXP 	Created choice1 = TextStim(alignHoriz='center', alignVert='center', antialias=True, autoLog=True, bold=False, color='white', colorSpace='named', contrast=1.0, depth=-1.0, flipHoriz=False, flipVert=False, font='Arial', fontFiles=[], height=1.5, italic=False, name='choice1', opacity=1.0, ori=0, pos=array([ 0.,  4.]), rgb=array([ 255.,  255.,  255.]), text='default text', units='cm', win=Window(...), wrapWidth=15.0)
3.6158 	EXP 	Created choice2 = TextStim(alignHoriz='center', alignVert='center', antialias=True, autoLog=True, bold=False, color='white', colorSpace='named', contrast=1.0, depth=-2.0, flipHoriz=False, flipVert=False, font='Arial', fontFiles=[], height=1.5, italic=False, name='choice2', opacity=1.0, ori=0, pos=array([ 0.,  2.]), rgb=array([ 255.,  255.,  255.]), text='default text', units='cm', win=Window(...), wrapWidth=15.0)
3.6205 	EXP 	Created choice3 = TextStim(alignHoriz='center', alignVert='center', antialias=True, autoLog=True, bold=False, color='white', colorSpace='named', contrast=1.0, depth=-3.0, flipHoriz=False, flipVert=False, font='Arial', fontFiles=[], height=1.5, italic=False, name='choice3', opacity=1.0, ori=0, pos=array([ 0.,  0.]), rgb=array([ 255.,  255.,  255.]), text='default text', units='cm', win=Window(...), wrapWidth=15.0)
3.6251 	EXP 	Created choice4 = TextStim(alignHoriz='center', alignVert='center', antialias=True, autoLog=True, bold=False, color='white', colorSpace='named', contrast=1.0, depth=-4.0, flipHoriz=False, flipVert=False, font='Arial', fontFiles=[], height=1.5, italic=False, name='choice4', opacity=1.0, ori=0, pos=array([ 0., -2.]), rgb=array([ 255.,  255.,  255.]), text='default text', units='cm', win=Window(...), wrapWidth=15.0)
3.6261 	EXP 	Created Wait3 = TextStim(alignHoriz='center', alignVert='center', antialias=True, autoLog=True, bold=False, color='white', colorSpace='named', contrast=1.0, depth=0.0, flipHoriz=False, flipVert=False, font='Arial', fontFiles=[], height=0.1, italic=False, name='Wait3', opacity=1.0, ori=0, pos=array([ 0.,  0.]), rgb=array([ 255.,  255.,  255.]), text='', units=u'norm', win=Window(...), wrapWidth=1)
3.6341 	EXP 	Created EndText = TextStim(alignHoriz='center', alignVert='center', antialias=True, autoLog=True, bold=False, color='white', colorSpace='named', contrast=1.0, depth=0.0, flipHoriz=False, flipVert=False, font='Arial', fontFiles=[], height=0.1, italic=False, name='EndText', opacity=1.0, ori=0, pos=array([ 0.,  0.]), rgb=array([ 255.,  255.,  255.]), text='Thanks for participating!\n', units=u'norm', win=Window(...), wrapWidth=1)
3.6569 	EXP 	text: autoDraw = True
4.3288 	DATA 	Keypress: space
4.3830 	EXP 	Imported Heart2Cond.xlsx as conditions, 20 conditions, 8 params
4.3836 	EXP 	Created sequence: sequential, trialTypes=20, nReps=1, seed=None
4.3845 	EXP 	New trial (rep=0, index=0): OrderedDict([(u'pic', u'eyes1.png'), (u'sound', u'heart120.wav'), (u'c1', u'playful'), (u'c2', u'comforting'), (u'c3', u'irritated'), (u'c4', u'bored'), (u'answerNum', 1), (u'answer', u'playful')])
4.4912 	EXP 	text: autoDraw = False
4.4912 	EXP 	image: image = u'eyes1.png'
4.4912 	EXP 	image: autoDraw = True
6.1905 	DATA 	Keypress: escape
6.4741 	EXP 	window1: mouseVisible = True
