4.2963 	EXP 	Created window1 = Window(allowGUI=False, allowStencil=False, args=UNKNOWN, autoLog=True, bitsMode=UNKNOWN, blendMode='avg', color=array([ 0.,  0.,  0.]), colorSpace='rgb', fullscr=UNKNOWN, gamma=None, kwargs=UNKNOWN, lms=UNKNOWN, monitor=<psychopy.monitors.calibTools.Monitor object at 0x120af0c50>, multiSample=False, name='window1', numSamples=2, pos=[0, 0], screen=0, size=array([1680, 1050]), stereo=False, units=u'norm', useFBO=True, useRetina=False, viewOri=0.0, viewPos=None, viewScale=None, waitBlanking=True, winType=u'pyglet')
4.2964 	EXP 	window1: recordFrameIntervals = False
4.4611 	EXP 	window1: recordFrameIntervals = True
4.6448 	EXP 	window1: recordFrameIntervals = False
4.7111 	EXP 	Created text = TextStim(alignHoriz='center', alignVert='center', antialias=True, autoLog=True, bold=False, color='white', colorSpace='named', contrast=1.0, depth=0.0, flipHoriz=False, flipVert=False, font='Arial', fontFiles=[], height=0.1, italic=False, name='text', opacity=1.0, ori=0, pos=array([ 0.,  0.]), rgb=array([ 255.,  255.,  255.]), text=newstr(...), units=u'norm', win=Window(...), wrapWidth=1)
4.7221 	EXP 	Sound  set volume 1.000
4.7244 	EXP 	Created image = ImageStim(autoLog=True, color=array([ 1.,  1.,  1.]), colorSpace='rgb', contrast=1.0, depth=-1.0, flipHoriz=False, flipVert=False, image='sin', interpolate=True, mask=None, maskParams=None, name='image', opacity=1.0, ori=0.0, pos=array([ 0.,  0.]), size=array([ 1.,  1.]), texRes=128, units=u'norm', win=Window(...))
4.7338 	EXP 	Created choice1 = TextStim(alignHoriz='center', alignVert='center', antialias=True, autoLog=True, bold=False, color='white', colorSpace='named', contrast=1.0, depth=-1.0, flipHoriz=False, flipVert=False, font='Arial', fontFiles=[], height=1.5, italic=False, name='choice1', opacity=1.0, ori=0, pos=array([ 0.,  4.]), rgb=array([ 255.,  255.,  255.]), text='default text', units='cm', win=Window(...), wrapWidth=15.0)
4.7387 	EXP 	Created choice2 = TextStim(alignHoriz='center', alignVert='center', antialias=True, autoLog=True, bold=False, color='white', colorSpace='named', contrast=1.0, depth=-2.0, flipHoriz=False, flipVert=False, font='Arial', fontFiles=[], height=1.5, italic=False, name='choice2', opacity=1.0, ori=0, pos=array([ 0.,  2.]), rgb=array([ 255.,  255.,  255.]), text='default text', units='cm', win=Window(...), wrapWidth=15.0)
4.7432 	EXP 	Created choice3 = TextStim(alignHoriz='center', alignVert='center', antialias=True, autoLog=True, bold=False, color='white', colorSpace='named', contrast=1.0, depth=-3.0, flipHoriz=False, flipVert=False, font='Arial', fontFiles=[], height=1.5, italic=False, name='choice3', opacity=1.0, ori=0, pos=array([ 0.,  0.]), rgb=array([ 255.,  255.,  255.]), text='default text', units='cm', win=Window(...), wrapWidth=15.0)
4.7476 	EXP 	Created choice4 = TextStim(alignHoriz='center', alignVert='center', antialias=True, autoLog=True, bold=False, color='white', colorSpace='named', contrast=1.0, depth=-4.0, flipHoriz=False, flipVert=False, font='Arial', fontFiles=[], height=1.5, italic=False, name='choice4', opacity=1.0, ori=0, pos=array([ 0., -2.]), rgb=array([ 255.,  255.,  255.]), text='default text', units='cm', win=Window(...), wrapWidth=15.0)
4.7644 	EXP 	Created Question = TextStim(alignHoriz='center', alignVert='center', antialias=True, autoLog=True, bold=False, color='white', colorSpace='named', contrast=1.0, depth=0.0, flipHoriz=False, flipVert=False, font='Arial', fontFiles=[], height=0.1, italic=False, name='Question', opacity=1.0, ori=0, pos=array([ 0.,  0.]), rgb=array([ 255.,  255.,  255.]), text=newstr(...), units=u'norm', win=Window(...), wrapWidth=1)
4.7652 	EXP 	Created Wait3 = TextStim(alignHoriz='center', alignVert='center', antialias=True, autoLog=True, bold=False, color='white', colorSpace='named', contrast=1.0, depth=0.0, flipHoriz=False, flipVert=False, font='Arial', fontFiles=[], height=0.1, italic=False, name='Wait3', opacity=1.0, ori=0, pos=array([ 0.,  0.]), rgb=array([ 255.,  255.,  255.]), text='', units=u'norm', win=Window(...), wrapWidth=1)
4.7728 	EXP 	Created EndText = TextStim(alignHoriz='center', alignVert='center', antialias=True, autoLog=True, bold=False, color='white', colorSpace='named', contrast=1.0, depth=0.0, flipHoriz=False, flipVert=False, font='Arial', fontFiles=[], height=0.1, italic=False, name='EndText', opacity=1.0, ori=0, pos=array([ 0.,  0.]), rgb=array([ 255.,  255.,  255.]), text='Thanks for participating!\n', units=u'norm', win=Window(...), wrapWidth=1)
4.7971 	EXP 	text: autoDraw = True
5.4165 	DATA 	Keypress: space
5.4361 	EXP 	Imported Heart2Cond.xlsx as conditions, 20 conditions, 9 params
5.4365 	EXP 	Created sequence: sequential, trialTypes=20, nReps=1, seed=None
5.4370 	EXP 	New trial (rep=0, index=0): OrderedDict([(u'pic', u'eyes1.png'), (u'sound', u'heart120.wav'), (u'c1', u'playful'), (u'c2', u'comforting'), (u'c3', u'irritated'), (u'c4', u'bored'), (u'answerNum', 1), (u'answer', u'playful'), (u'marker', 120)])
5.5304 	EXP 	text: autoDraw = False
5.5304 	EXP 	image: image = u'eyes1.png'
5.5304 	EXP 	image: autoDraw = True
25.4608 	EXP 	image: autoDraw = False
25.4608 	EXP 	choice1: text = u'1.playful'
25.4608 	EXP 	choice2: text = u'2.comforting'
25.4608 	EXP 	choice3: text = u'3.irritated'
25.4608 	EXP 	choice4: text = u'4.bored'
25.4608 	EXP 	choice1: autoDraw = True
25.4608 	EXP 	choice2: autoDraw = True
25.4608 	EXP 	choice3: autoDraw = True
25.4608 	EXP 	choice4: autoDraw = True
28.8792 	DATA 	Keypress: 1
28.8950 	EXP 	choice1: autoDraw = False
28.8950 	EXP 	choice2: autoDraw = False
28.8950 	EXP 	choice3: autoDraw = False
28.8950 	EXP 	choice4: autoDraw = False
28.8950 	EXP 	Question: autoDraw = True
32.5793 	DATA 	Keypress: 4
32.5940 	EXP 	Question: autoDraw = False
32.5940 	EXP 	Wait3: autoDraw = True
35.5788 	EXP 	New trial (rep=0, index=1): OrderedDict([(u'pic', u'eyes3.png'), (u'sound', u'heart60_1.wav'), (u'c1', u'joking'), (u'c2', u'flustered'), (u'c3', u'desire'), (u'c4', u'convinced'), (u'answerNum', 3), (u'answer', u'desire'), (u'marker', 60)])
35.6548 	EXP 	Wait3: autoDraw = False
35.6548 	EXP 	Wait3: autoDraw = False
35.6548 	EXP 	image: image = u'eyes3.png'
35.6548 	EXP 	image: autoDraw = True
36.9960 	DATA 	Keypress: escape
37.2673 	EXP 	window1: mouseVisible = True
