4.0942 	EXP 	Created window1 = Window(allowGUI=False, allowStencil=False, args=UNKNOWN, autoLog=True, bitsMode=UNKNOWN, blendMode='avg', color=array([ 0.,  0.,  0.]), colorSpace='rgb', fullscr=UNKNOWN, gamma=None, kwargs=UNKNOWN, lms=UNKNOWN, monitor=<psychopy.monitors.calibTools.Monitor object at 0x110d98d10>, multiSample=False, name='window1', numSamples=2, pos=[0, 0], screen=0, size=array([1680, 1050]), stereo=False, units=u'norm', useFBO=True, useRetina=False, viewOri=0.0, viewPos=None, viewScale=None, waitBlanking=True, winType=u'pyglet')
4.0942 	EXP 	window1: recordFrameIntervals = False
4.2602 	EXP 	window1: recordFrameIntervals = True
4.4431 	EXP 	window1: recordFrameIntervals = False
4.5028 	EXP 	Created text = TextStim(alignHoriz='center', alignVert='center', antialias=True, autoLog=True, bold=False, color='white', colorSpace='named', contrast=1.0, depth=0.0, flipHoriz=False, flipVert=False, font='Arial', fontFiles=[], height=0.1, italic=False, name='text', opacity=1.0, ori=0, pos=array([ 0.,  0.]), rgb=array([ 255.,  255.,  255.]), text=newstr(...), units=u'norm', win=Window(...), wrapWidth=1)
4.5144 	EXP 	Sound  set volume 1.000
4.5167 	EXP 	Created image = ImageStim(autoLog=True, color=array([ 1.,  1.,  1.]), colorSpace='rgb', contrast=1.0, depth=-1.0, flipHoriz=False, flipVert=False, image='sin', interpolate=True, mask=None, maskParams=None, name='image', opacity=1.0, ori=0.0, pos=array([ 0.,  2.]), size=array([ 20.,  14.]), texRes=128, units='cm', win=Window(...))
4.5272 	EXP 	Created Choice1 = TextStim(alignHoriz='center', alignVert='center', antialias=True, autoLog=True, bold=False, color='white', colorSpace='named', contrast=1.0, depth=-3.0, flipHoriz=False, flipVert=False, font='Arial', fontFiles=[], height=1.5, italic=False, name='Choice1', opacity=1.0, ori=0, pos=array([-12.,  13.]), rgb=array([ 255.,  255.,  255.]), text='default text', units='cm', win=Window(...), wrapWidth=15.0)
4.5322 	EXP 	Created Choice2 = TextStim(alignHoriz='center', alignVert='center', antialias=True, autoLog=True, bold=False, color='white', colorSpace='named', contrast=1.0, depth=-4.0, flipHoriz=False, flipVert=False, font='Arial', fontFiles=[], height=1.5, italic=False, name='Choice2', opacity=1.0, ori=0, pos=array([ 12.,  13.]), rgb=array([ 255.,  255.,  255.]), text='default text', units='cm', win=Window(...), wrapWidth=15.0)
4.5378 	EXP 	Created Choice3 = TextStim(alignHoriz='center', alignVert='center', antialias=True, autoLog=True, bold=False, color='white', colorSpace='named', contrast=1.0, depth=-5.0, flipHoriz=False, flipVert=False, font='Arial', fontFiles=[], height=1.5, italic=False, name='Choice3', opacity=1.0, ori=0, pos=array([-12.,  -9.]), rgb=array([ 255.,  255.,  255.]), text='default text', units='cm', win=Window(...), wrapWidth=15.0)
4.5427 	EXP 	Created Choice4 = TextStim(alignHoriz='center', alignVert='center', antialias=True, autoLog=True, bold=False, color='white', colorSpace='named', contrast=1.0, depth=-6.0, flipHoriz=False, flipVert=False, font='Arial', fontFiles=[], height=1.5, italic=False, name='Choice4', opacity=1.0, ori=0, pos=array([ 12.,  -9.]), rgb=array([ 255.,  255.,  255.]), text='default text', units='cm', win=Window(...), wrapWidth=15.0)
4.5484 	EXP 	Created Chosen = TextStim(alignHoriz='center', alignVert='center', antialias=True, autoLog=True, bold=False, color='white', colorSpace='named', contrast=1.0, depth=-7.0, flipHoriz=False, flipVert=False, font='Arial', fontFiles=[], height=1.5, italic=False, name='Chosen', opacity=1.0, ori=0, pos=array([  0., -11.]), rgb=array([ 255.,  255.,  255.]), text='default text', units='cm', win=Window(...), wrapWidth=15.0)
4.5569 	EXP 	Created YourChoice = TextStim(alignHoriz='center', alignVert='center', antialias=True, autoLog=True, bold=False, color='white', colorSpace='named', contrast=1.0, depth=-8.0, flipHoriz=False, flipVert=False, font='Arial', fontFiles=[], height=1.5, italic=False, name='YourChoice', opacity=1.0, ori=0, pos=array([ 0., -9.]), rgb=array([ 255.,  255.,  255.]), text='Your Choice:', units='cm', win=Window(...), wrapWidth=15.0)
4.5613 	EXP 	Created twentysec = TextStim(alignHoriz='center', alignVert='center', antialias=True, autoLog=True, bold=False, color='white', colorSpace='named', contrast=1.0, depth=-9.0, flipHoriz=False, flipVert=False, font='Arial', fontFiles=[], height=1.5, italic=False, name='twentysec', opacity=1.0, ori=0, pos=array([-17.,   1.]), rgb=array([ 255.,  255.,  255.]), text='20', units='cm', win=Window(...), wrapWidth=15.0)
4.5662 	EXP 	Created FifteenSec = TextStim(alignHoriz='center', alignVert='center', antialias=True, autoLog=True, bold=False, color='white', colorSpace='named', contrast=1.0, depth=-10.0, flipHoriz=False, flipVert=False, font='Arial', fontFiles=[], height=1.5, italic=False, name='FifteenSec', opacity=1.0, ori=0, pos=array([-17.,   1.]), rgb=array([ 255.,  255.,  255.]), text='15', units='cm', win=Window(...), wrapWidth=15.0)
4.5695 	EXP 	Created TenSec = TextStim(alignHoriz='center', alignVert='center', antialias=True, autoLog=True, bold=False, color='white', colorSpace='named', contrast=1.0, depth=-11.0, flipHoriz=False, flipVert=False, font='Arial', fontFiles=[], height=1.5, italic=False, name='TenSec', opacity=1.0, ori=0, pos=array([-17.,   1.]), rgb=array([ 255.,  255.,  255.]), text='10', units='cm', win=Window(...), wrapWidth=15.0)
4.5728 	EXP 	Created FiveSec = TextStim(alignHoriz='center', alignVert='center', antialias=True, autoLog=True, bold=False, color='white', colorSpace='named', contrast=1.0, depth=-12.0, flipHoriz=False, flipVert=False, font='Arial', fontFiles=[], height=1.5, italic=False, name='FiveSec', opacity=1.0, ori=0, pos=array([-17.,   1.]), rgb=array([ 255.,  255.,  255.]), text='5', units='cm', win=Window(...), wrapWidth=15.0)
4.5795 	EXP 	Created Timer = TextStim(alignHoriz='center', alignVert='center', antialias=True, autoLog=True, bold=False, color='white', colorSpace='named', contrast=1.0, depth=-13.0, flipHoriz=False, flipVert=False, font='Arial', fontFiles=[], height=1.5, italic=False, name='Timer', opacity=1.0, ori=0, pos=array([-17.,   3.]), rgb=array([ 255.,  255.,  255.]), text='Seconds left:', units='cm', win=Window(...), wrapWidth=15.0)
4.6020 	EXP 	Created Question = TextStim(alignHoriz='center', alignVert='center', antialias=True, autoLog=True, bold=False, color='white', colorSpace='named', contrast=1.0, depth=0.0, flipHoriz=False, flipVert=False, font='Arial', fontFiles=[], height=0.1, italic=False, name='Question', opacity=1.0, ori=0, pos=array([ 0. ,  0.2]), rgb=array([ 255.,  255.,  255.]), text=newstr(...), units=u'norm', win=Window(...), wrapWidth=1)
4.6190 	EXP 	Created scale = ImageStim(autoLog=True, color=array([ 1.,  1.,  1.]), colorSpace='rgb', contrast=1.0, depth=-2.0, flipHoriz=False, flipVert=False, image='scale2.png', interpolate=True, mask=None, maskParams=None, name='scale', opacity=1.0, ori=0.0, pos=array([   0., -200.]), size=array([ 1162.,   158.]), texRes=128, units='pix', win=Window(...))
4.6199 	EXP 	Created Wait3 = TextStim(alignHoriz='center', alignVert='center', antialias=True, autoLog=True, bold=False, color='white', colorSpace='named', contrast=1.0, depth=0.0, flipHoriz=False, flipVert=False, font='Arial', fontFiles=[], height=0.1, italic=False, name='Wait3', opacity=1.0, ori=0, pos=array([ 0.,  0.]), rgb=array([ 255.,  255.,  255.]), text='', units=u'norm', win=Window(...), wrapWidth=1)
4.6288 	EXP 	Created EndText = TextStim(alignHoriz='center', alignVert='center', antialias=True, autoLog=True, bold=False, color='white', colorSpace='named', contrast=1.0, depth=0.0, flipHoriz=False, flipVert=False, font='Arial', fontFiles=[], height=0.1, italic=False, name='EndText', opacity=1.0, ori=0, pos=array([ 0.,  0.]), rgb=array([ 255.,  255.,  255.]), text='Thanks for participating!\n', units=u'norm', win=Window(...), wrapWidth=1)
4.6449 	EXP 	text: autoDraw = True
5.5826 	DATA 	Keypress: space
5.6077 	EXP 	Imported Heart2Cond.xlsx as conditions, 39 conditions, 9 params
5.6082 	EXP 	Created sequence: sequential, trialTypes=39, nReps=1, seed=None
5.6086 	EXP 	New trial (rep=0, index=0): OrderedDict([(u'pic', u'eyes1.png'), (u'sound', u'heart120_1.wav'), (u'c1', u'playful'), (u'c2', u'comforting'), (u'c3', u'irritated'), (u'c4', u'bored'), (u'answerNum', 1.0), (u'answer', u'playful'), (u'marker', u"120'")])
5.7120 	EXP 	text: autoDraw = False
5.7120 	EXP 	image: image = u'eyes1.png'
5.7120 	EXP 	Choice1: text = u'1.playful'
5.7120 	EXP 	Choice2: text = u'2.comforting'
5.7120 	EXP 	Choice3: text = u'3.irritated'
5.7120 	EXP 	Choice4: text = u'4.bored'
5.7120 	EXP 	image: autoDraw = True
5.7120 	EXP 	Choice1: autoDraw = True
5.7120 	EXP 	Choice2: autoDraw = True
5.7120 	EXP 	Choice3: autoDraw = True
5.7120 	EXP 	Choice4: autoDraw = True
5.7120 	EXP 	Chosen: autoDraw = True
5.7120 	EXP 	YourChoice: autoDraw = True
5.7120 	EXP 	twentysec: autoDraw = True
5.7120 	EXP 	Timer: autoDraw = True
6.7429 	DATA 	Keypress: lcommand
6.9285 	DATA 	Keypress: lshift
7.1525 	DATA 	Keypress: 4
8.2442 	DATA 	Keypress: 4
8.7771 	DATA 	Keypress: 4
9.0950 	DATA 	Keypress: 4
9.3769 	DATA 	Keypress: 4
9.5606 	DATA 	Keypress: lshift
9.6593 	DATA 	Keypress: lcommand
9.8600 	DATA 	Keypress: 4
10.2785 	DATA 	Keypress: 4
10.3939 	DATA 	Keypress: lshift
10.4924 	DATA 	Keypress: lcommand
10.6253 	EXP 	twentysec: autoDraw = False
10.6253 	EXP 	FifteenSec: autoDraw = True
10.6607 	DATA 	Keypress: 4
11.1940 	DATA 	Keypress: lshift
11.2937 	DATA 	Keypress: lcommand
11.3604 	DATA 	Keypress: 4
11.6793 	DATA 	Keypress: 4
12.1602 	DATA 	Keypress: 4
12.1935 	DATA 	Keypress: lshift
12.2821 	DATA 	Keypress: lcommand
12.5603 	DATA 	Keypress: 4
13.0267 	DATA 	Keypress: lshift
13.0932 	DATA 	Keypress: lcommand
13.3939 	DATA 	Keypress: 4
13.8122 	DATA 	Keypress: lshift
13.9270 	DATA 	Keypress: lcommand
14.2117 	DATA 	Keypress: 4
14.6592 	DATA 	Keypress: lshift
14.7426 	DATA 	Keypress: lcommand
15.0434 	DATA 	Keypress: 4
15.3785 	DATA 	Keypress: lshift
15.4932 	DATA 	Keypress: lcommand
15.5262 	DATA 	Keypress: 4
15.6259 	EXP 	FifteenSec: autoDraw = False
15.6259 	EXP 	TenSec: autoDraw = True
15.7938 	DATA 	Keypress: 4
15.8757 	DATA 	Keypress: lshift
15.9604 	DATA 	Keypress: lcommand
16.1450 	DATA 	Keypress: 4
16.2102 	DATA 	Keypress: lshift
16.2782 	DATA 	Keypress: lcommand
16.5115 	DATA 	Keypress: 4
16.5767 	DATA 	Keypress: lshift
16.6102 	DATA 	Keypress: lcommand
16.7099 	DATA 	Keypress: lctrl
17.6099 	DATA 	Keypress: escape
17.8877 	EXP 	window1: mouseVisible = True
