14.3050 	EXP 	Created window1 = Window(allowGUI=False, allowStencil=False, args=UNKNOWN, autoLog=True, bitsMode=UNKNOWN, blendMode='avg', color=array([ 0.,  0.,  0.]), colorSpace='rgb', fullscr=UNKNOWN, gamma=None, kwargs=UNKNOWN, lms=UNKNOWN, monitor=<psychopy.monitors.calibTools.Monitor object at 0x117c6bcd0>, multiSample=False, name='window1', numSamples=2, pos=[0, 0], screen=0, size=array([1680, 1050]), stereo=False, units=u'norm', useFBO=True, useRetina=False, viewOri=0.0, viewPos=None, viewScale=None, waitBlanking=True, winType=u'pyglet')
14.3051 	EXP 	window1: recordFrameIntervals = False
14.4697 	EXP 	window1: recordFrameIntervals = True
14.6547 	EXP 	window1: recordFrameIntervals = False
14.7217 	EXP 	Created text = TextStim(alignHoriz='center', alignVert='center', antialias=True, autoLog=True, bold=False, color='white', colorSpace='named', contrast=1.0, depth=0.0, flipHoriz=False, flipVert=False, font='Arial', fontFiles=[], height=0.1, italic=False, name='text', opacity=1.0, ori=0, pos=array([ 0.,  0.]), rgb=array([ 255.,  255.,  255.]), text=newstr(...), units=u'norm', win=Window(...), wrapWidth=1)
14.7350 	EXP 	Sound  set volume 1.000
14.7373 	EXP 	Created image = ImageStim(autoLog=True, color=array([ 1.,  1.,  1.]), colorSpace='rgb', contrast=1.0, depth=-1.0, flipHoriz=False, flipVert=False, image='sin', interpolate=True, mask=None, maskParams=None, name='image', opacity=1.0, ori=0.0, pos=array([ 0.,  2.]), size=array([ 20.,  14.]), texRes=128, units='cm', win=Window(...))
14.7456 	EXP 	Created Choice1 = TextStim(alignHoriz='center', alignVert='center', antialias=True, autoLog=True, bold=False, color='white', colorSpace='named', contrast=1.0, depth=-3.0, flipHoriz=False, flipVert=False, font='Arial', fontFiles=[], height=1.5, italic=False, name='Choice1', opacity=1.0, ori=0, pos=array([-12.,  13.]), rgb=array([ 255.,  255.,  255.]), text='default text', units='cm', win=Window(...), wrapWidth=15.0)
14.7503 	EXP 	Created Choice2 = TextStim(alignHoriz='center', alignVert='center', antialias=True, autoLog=True, bold=False, color='white', colorSpace='named', contrast=1.0, depth=-4.0, flipHoriz=False, flipVert=False, font='Arial', fontFiles=[], height=1.5, italic=False, name='Choice2', opacity=1.0, ori=0, pos=array([ 12.,  13.]), rgb=array([ 255.,  255.,  255.]), text='default text', units='cm', win=Window(...), wrapWidth=15.0)
14.7548 	EXP 	Created Choice3 = TextStim(alignHoriz='center', alignVert='center', antialias=True, autoLog=True, bold=False, color='white', colorSpace='named', contrast=1.0, depth=-5.0, flipHoriz=False, flipVert=False, font='Arial', fontFiles=[], height=1.5, italic=False, name='Choice3', opacity=1.0, ori=0, pos=array([-12.,  -9.]), rgb=array([ 255.,  255.,  255.]), text='default text', units='cm', win=Window(...), wrapWidth=15.0)
14.7593 	EXP 	Created Choice4 = TextStim(alignHoriz='center', alignVert='center', antialias=True, autoLog=True, bold=False, color='white', colorSpace='named', contrast=1.0, depth=-6.0, flipHoriz=False, flipVert=False, font='Arial', fontFiles=[], height=1.5, italic=False, name='Choice4', opacity=1.0, ori=0, pos=array([ 12.,  -9.]), rgb=array([ 255.,  255.,  255.]), text='default text', units='cm', win=Window(...), wrapWidth=15.0)
14.7650 	EXP 	Created Chosen = TextStim(alignHoriz='center', alignVert='center', antialias=True, autoLog=True, bold=False, color='white', colorSpace='named', contrast=1.0, depth=-7.0, flipHoriz=False, flipVert=False, font='Arial', fontFiles=[], height=1.5, italic=False, name='Chosen', opacity=1.0, ori=0, pos=array([  0., -11.]), rgb=array([ 255.,  255.,  255.]), text='default text', units='cm', win=Window(...), wrapWidth=15.0)
14.7729 	EXP 	Created YourChoice = TextStim(alignHoriz='center', alignVert='center', antialias=True, autoLog=True, bold=False, color='white', colorSpace='named', contrast=1.0, depth=-8.0, flipHoriz=False, flipVert=False, font='Arial', fontFiles=[], height=1.5, italic=False, name='YourChoice', opacity=1.0, ori=0, pos=array([ 0., -9.]), rgb=array([ 255.,  255.,  255.]), text='Your Choice:', units='cm', win=Window(...), wrapWidth=15.0)
14.7776 	EXP 	Created twentysec = TextStim(alignHoriz='center', alignVert='center', antialias=True, autoLog=True, bold=False, color='white', colorSpace='named', contrast=1.0, depth=-9.0, flipHoriz=False, flipVert=False, font='Arial', fontFiles=[], height=1.5, italic=False, name='twentysec', opacity=1.0, ori=0, pos=array([-17.,   1.]), rgb=array([ 255.,  255.,  255.]), text='20', units='cm', win=Window(...), wrapWidth=15.0)
14.7825 	EXP 	Created FifteenSec = TextStim(alignHoriz='center', alignVert='center', antialias=True, autoLog=True, bold=False, color='white', colorSpace='named', contrast=1.0, depth=-10.0, flipHoriz=False, flipVert=False, font='Arial', fontFiles=[], height=1.5, italic=False, name='FifteenSec', opacity=1.0, ori=0, pos=array([-17.,   1.]), rgb=array([ 255.,  255.,  255.]), text='15', units='cm', win=Window(...), wrapWidth=15.0)
14.7857 	EXP 	Created TenSec = TextStim(alignHoriz='center', alignVert='center', antialias=True, autoLog=True, bold=False, color='white', colorSpace='named', contrast=1.0, depth=-11.0, flipHoriz=False, flipVert=False, font='Arial', fontFiles=[], height=1.5, italic=False, name='TenSec', opacity=1.0, ori=0, pos=array([-17.,   1.]), rgb=array([ 255.,  255.,  255.]), text='10', units='cm', win=Window(...), wrapWidth=15.0)
14.7885 	EXP 	Created FiveSec = TextStim(alignHoriz='center', alignVert='center', antialias=True, autoLog=True, bold=False, color='white', colorSpace='named', contrast=1.0, depth=-12.0, flipHoriz=False, flipVert=False, font='Arial', fontFiles=[], height=1.5, italic=False, name='FiveSec', opacity=1.0, ori=0, pos=array([-17.,   1.]), rgb=array([ 255.,  255.,  255.]), text='5', units='cm', win=Window(...), wrapWidth=15.0)
14.7950 	EXP 	Created Timer = TextStim(alignHoriz='center', alignVert='center', antialias=True, autoLog=True, bold=False, color='white', colorSpace='named', contrast=1.0, depth=-13.0, flipHoriz=False, flipVert=False, font='Arial', fontFiles=[], height=1.5, italic=False, name='Timer', opacity=1.0, ori=0, pos=array([-17.,   3.]), rgb=array([ 255.,  255.,  255.]), text='Seconds left:', units='cm', win=Window(...), wrapWidth=15.0)
14.8135 	EXP 	Created Question = TextStim(alignHoriz='center', alignVert='center', antialias=True, autoLog=True, bold=False, color='white', colorSpace='named', contrast=1.0, depth=0.0, flipHoriz=False, flipVert=False, font='Arial', fontFiles=[], height=0.1, italic=False, name='Question', opacity=1.0, ori=0, pos=array([ 0. ,  0.2]), rgb=array([ 255.,  255.,  255.]), text=newstr(...), units=u'norm', win=Window(...), wrapWidth=1)
14.8272 	EXP 	Created scale = ImageStim(autoLog=True, color=array([ 1.,  1.,  1.]), colorSpace='rgb', contrast=1.0, depth=-2.0, flipHoriz=False, flipVert=False, image='scale2.png', interpolate=True, mask=None, maskParams=None, name='scale', opacity=1.0, ori=0.0, pos=array([   0., -200.]), size=array([ 1162.,   158.]), texRes=128, units='pix', win=Window(...))
14.8280 	EXP 	Created Wait3 = TextStim(alignHoriz='center', alignVert='center', antialias=True, autoLog=True, bold=False, color='white', colorSpace='named', contrast=1.0, depth=0.0, flipHoriz=False, flipVert=False, font='Arial', fontFiles=[], height=0.1, italic=False, name='Wait3', opacity=1.0, ori=0, pos=array([ 0.,  0.]), rgb=array([ 255.,  255.,  255.]), text='', units=u'norm', win=Window(...), wrapWidth=1)
14.8357 	EXP 	Created EndText = TextStim(alignHoriz='center', alignVert='center', antialias=True, autoLog=True, bold=False, color='white', colorSpace='named', contrast=1.0, depth=0.0, flipHoriz=False, flipVert=False, font='Arial', fontFiles=[], height=0.1, italic=False, name='EndText', opacity=1.0, ori=0, pos=array([ 0.,  0.]), rgb=array([ 255.,  255.,  255.]), text='Thanks for participating!\n', units=u'norm', win=Window(...), wrapWidth=1)
14.8535 	EXP 	text: autoDraw = True
350.3748 	DATA 	Keypress: space
350.4310 	EXP 	Imported Heart2Cond.xlsx as conditions, 39 conditions, 9 params
350.4315 	EXP 	Created sequence: sequential, trialTypes=39, nReps=1, seed=None
350.4319 	EXP 	New trial (rep=0, index=0): OrderedDict([(u'pic', u'eyes1.png'), (u'sound', u'heart120_1.wav'), (u'c1', u'playful'), (u'c2', u'comforting'), (u'c3', u'irritated'), (u'c4', u'bored'), (u'answerNum', 1.0), (u'answer', u'playful'), (u'marker', u"120'")])
350.5372 	EXP 	text: autoDraw = False
350.5372 	EXP 	image: image = u'eyes1.png'
350.5372 	EXP 	Choice1: text = u'1.playful'
350.5372 	EXP 	Choice2: text = u'2.comforting'
350.5372 	EXP 	Choice3: text = u'3.irritated'
350.5372 	EXP 	Choice4: text = u'4.bored'
350.5372 	EXP 	image: autoDraw = True
350.5372 	EXP 	Choice1: autoDraw = True
350.5372 	EXP 	Choice2: autoDraw = True
350.5372 	EXP 	Choice3: autoDraw = True
350.5372 	EXP 	Choice4: autoDraw = True
350.5372 	EXP 	Chosen: autoDraw = True
350.5372 	EXP 	YourChoice: autoDraw = True
350.5372 	EXP 	twentysec: autoDraw = True
350.5372 	EXP 	Timer: autoDraw = True
355.4504 	EXP 	twentysec: autoDraw = False
355.4694 	EXP 	FifteenSec: autoDraw = True
359.2913 	DATA 	Keypress: 1
360.4500 	EXP 	FifteenSec: autoDraw = False
360.4691 	EXP 	TenSec: autoDraw = True
365.4529 	EXP 	TenSec: autoDraw = False
365.4529 	EXP 	FiveSec: autoDraw = True
370.4195 	EXP 	image: autoDraw = False
370.4195 	EXP 	Choice1: autoDraw = False
370.4195 	EXP 	Choice2: autoDraw = False
370.4195 	EXP 	Choice3: autoDraw = False
370.4195 	EXP 	Choice4: autoDraw = False
370.4195 	EXP 	Chosen: autoDraw = False
370.4195 	EXP 	YourChoice: autoDraw = False
370.4195 	EXP 	twentysec: autoDraw = False
370.4195 	EXP 	FifteenSec: autoDraw = False
370.4195 	EXP 	TenSec: autoDraw = False
370.4195 	EXP 	FiveSec: autoDraw = False
370.4195 	EXP 	Timer: autoDraw = False
370.4195 	EXP 	Question: autoDraw = True
370.4195 	EXP 	scale: autoDraw = True
377.5678 	DATA 	Keypress: 4
377.5822 	EXP 	Question: autoDraw = False
377.5822 	EXP 	scale: autoDraw = False
377.5822 	EXP 	Wait3: autoDraw = True
380.5665 	EXP 	New trial (rep=0, index=1): OrderedDict([(u'pic', u'eyes3.png'), (u'sound', u'silence.wav'), (u'c1', u'joking'), (u'c2', u'flustered'), (u'c3', u'desire'), (u'c4', u'convinced'), (u'answerNum', 3.0), (u'answer', u'desire'), (u'marker', u'Silence')])
380.6691 	EXP 	Wait3: autoDraw = False
380.6691 	EXP 	Wait3: autoDraw = False
380.6691 	EXP 	image: image = u'eyes3.png'
380.6691 	EXP 	Choice1: text = u'1.joking'
380.6691 	EXP 	Choice2: text = u'2.flustered'
380.6691 	EXP 	Choice3: text = u'3.desire'
380.6691 	EXP 	Choice4: text = u'4.convinced'
380.6691 	EXP 	image: autoDraw = True
380.6691 	EXP 	Choice1: autoDraw = True
380.6691 	EXP 	Choice2: autoDraw = True
380.6691 	EXP 	Choice3: autoDraw = True
380.6691 	EXP 	Choice4: autoDraw = True
380.6691 	EXP 	Chosen: autoDraw = True
380.6691 	EXP 	YourChoice: autoDraw = True
380.6691 	EXP 	twentysec: autoDraw = True
380.6691 	EXP 	Timer: autoDraw = True
385.6016 	EXP 	twentysec: autoDraw = False
385.6016 	EXP 	FifteenSec: autoDraw = True
390.5864 	EXP 	FifteenSec: autoDraw = False
390.5864 	EXP 	TenSec: autoDraw = True
391.6699 	DATA 	Keypress: 3
395.5834 	EXP 	TenSec: autoDraw = False
395.6024 	EXP 	FiveSec: autoDraw = True
400.5858 	EXP 	image: autoDraw = False
400.5858 	EXP 	Choice1: autoDraw = False
400.5858 	EXP 	Choice2: autoDraw = False
400.5858 	EXP 	Choice3: autoDraw = False
400.5858 	EXP 	Choice4: autoDraw = False
400.5858 	EXP 	Chosen: autoDraw = False
400.5858 	EXP 	YourChoice: autoDraw = False
400.5858 	EXP 	FiveSec: autoDraw = False
400.5858 	EXP 	Timer: autoDraw = False
400.5858 	EXP 	image: autoDraw = False
400.5858 	EXP 	Choice1: autoDraw = False
400.5858 	EXP 	Choice2: autoDraw = False
400.5858 	EXP 	Choice3: autoDraw = False
400.5858 	EXP 	Choice4: autoDraw = False
400.5858 	EXP 	Chosen: autoDraw = False
400.5858 	EXP 	YourChoice: autoDraw = False
400.5858 	EXP 	twentysec: autoDraw = False
400.5858 	EXP 	FifteenSec: autoDraw = False
400.5858 	EXP 	TenSec: autoDraw = False
400.5858 	EXP 	FiveSec: autoDraw = False
400.5858 	EXP 	Timer: autoDraw = False
400.5858 	EXP 	Question: autoDraw = True
400.5858 	EXP 	scale: autoDraw = True
403.4844 	DATA 	Keypress: 1
403.4987 	EXP 	Question: autoDraw = False
403.4987 	EXP 	scale: autoDraw = False
403.4987 	EXP 	Wait3: autoDraw = True
406.4827 	EXP 	New trial (rep=0, index=2): OrderedDict([(u'pic', u'eyes5.png'), (u'sound', u'heart120_1.wav'), (u'c1', u'irritated'), (u'c2', u'sarcastic'), (u'c3', u'worried'), (u'c4', u'friendly'), (u'answerNum', 3.0), (u'answer', u'worried'), (u'marker', u"120'")])
406.5839 	EXP 	Wait3: autoDraw = False
406.5839 	EXP 	Wait3: autoDraw = False
406.5839 	EXP 	image: image = u'eyes5.png'
406.5839 	EXP 	Choice1: text = u'1.irritated'
406.5839 	EXP 	Choice2: text = u'2.sarcastic'
406.5839 	EXP 	Choice3: text = u'3.worried'
406.5839 	EXP 	Choice4: text = u'4.friendly'
406.5839 	EXP 	image: autoDraw = True
406.5839 	EXP 	Choice1: autoDraw = True
406.5839 	EXP 	Choice2: autoDraw = True
406.5839 	EXP 	Choice3: autoDraw = True
406.5839 	EXP 	Choice4: autoDraw = True
406.5839 	EXP 	Chosen: autoDraw = True
406.5839 	EXP 	YourChoice: autoDraw = True
406.5839 	EXP 	twentysec: autoDraw = True
406.5839 	EXP 	Timer: autoDraw = True
411.5010 	EXP 	twentysec: autoDraw = False
411.5196 	EXP 	FifteenSec: autoDraw = True
411.5564 	DATA 	Keypress: 3
416.4999 	EXP 	FifteenSec: autoDraw = False
416.5190 	EXP 	TenSec: autoDraw = True
421.5158 	EXP 	TenSec: autoDraw = False
421.5158 	EXP 	FiveSec: autoDraw = True
426.5037 	EXP 	image: autoDraw = False
426.5037 	EXP 	Choice1: autoDraw = False
426.5037 	EXP 	Choice2: autoDraw = False
426.5037 	EXP 	Choice3: autoDraw = False
426.5037 	EXP 	Choice4: autoDraw = False
426.5037 	EXP 	Chosen: autoDraw = False
426.5037 	EXP 	YourChoice: autoDraw = False
426.5037 	EXP 	twentysec: autoDraw = False
426.5037 	EXP 	FifteenSec: autoDraw = False
426.5037 	EXP 	TenSec: autoDraw = False
426.5037 	EXP 	FiveSec: autoDraw = False
426.5037 	EXP 	Timer: autoDraw = False
426.5037 	EXP 	Question: autoDraw = True
426.5037 	EXP 	scale: autoDraw = True
430.3834 	DATA 	Keypress: 3
430.3985 	EXP 	Question: autoDraw = False
430.3985 	EXP 	scale: autoDraw = False
430.3985 	EXP 	Wait3: autoDraw = True
433.3822 	EXP 	New trial (rep=0, index=3): OrderedDict([(u'pic', u'eyes6.png'), (u'sound', u'heart60_2.wav'), (u'c1', u'aghast'), (u'c2', u'fantasizing'), (u'c3', u'impatient'), (u'c4', u'alarmed'), (u'answerNum', 2.0), (u'answer', u'fantasizing'), (u'marker', u"60'")])
433.4824 	EXP 	Wait3: autoDraw = False
433.4824 	EXP 	Wait3: autoDraw = False
433.4824 	EXP 	image: image = u'eyes6.png'
433.4824 	EXP 	Choice1: text = u'1.aghast'
433.4824 	EXP 	Choice2: text = u'2.fantasizing'
433.4824 	EXP 	Choice3: text = u'3.impatient'
433.4824 	EXP 	Choice4: text = u'4.alarmed'
433.4824 	EXP 	image: autoDraw = True
433.4824 	EXP 	Choice1: autoDraw = True
433.4824 	EXP 	Choice2: autoDraw = True
433.4824 	EXP 	Choice3: autoDraw = True
433.4824 	EXP 	Choice4: autoDraw = True
433.4824 	EXP 	Chosen: autoDraw = True
433.4824 	EXP 	YourChoice: autoDraw = True
433.4824 	EXP 	twentysec: autoDraw = True
433.4824 	EXP 	Timer: autoDraw = True
438.4030 	EXP 	twentysec: autoDraw = False
438.4030 	EXP 	FifteenSec: autoDraw = True
443.0554 	DATA 	Keypress: 2
443.4160 	EXP 	FifteenSec: autoDraw = False
443.4160 	EXP 	TenSec: autoDraw = True
448.4018 	EXP 	TenSec: autoDraw = False
448.4018 	EXP 	FiveSec: autoDraw = True
453.3996 	EXP 	image: autoDraw = False
453.3996 	EXP 	Choice1: autoDraw = False
453.3996 	EXP 	Choice2: autoDraw = False
453.3996 	EXP 	Choice3: autoDraw = False
453.3996 	EXP 	Choice4: autoDraw = False
453.3996 	EXP 	Chosen: autoDraw = False
453.3996 	EXP 	YourChoice: autoDraw = False
453.3996 	EXP 	FiveSec: autoDraw = False
453.3996 	EXP 	Timer: autoDraw = False
453.3996 	EXP 	image: autoDraw = False
453.3996 	EXP 	Choice1: autoDraw = False
453.3996 	EXP 	Choice2: autoDraw = False
453.3996 	EXP 	Choice3: autoDraw = False
453.3996 	EXP 	Choice4: autoDraw = False
453.3996 	EXP 	Chosen: autoDraw = False
453.3996 	EXP 	YourChoice: autoDraw = False
453.3996 	EXP 	twentysec: autoDraw = False
453.3996 	EXP 	FifteenSec: autoDraw = False
453.3996 	EXP 	TenSec: autoDraw = False
453.3996 	EXP 	FiveSec: autoDraw = False
453.3996 	EXP 	Timer: autoDraw = False
453.3996 	EXP 	Question: autoDraw = True
453.3996 	EXP 	scale: autoDraw = True
456.5830 	DATA 	Keypress: 2
456.5980 	EXP 	Question: autoDraw = False
456.5980 	EXP 	scale: autoDraw = False
456.5980 	EXP 	Wait3: autoDraw = True
459.5826 	EXP 	New trial (rep=0, index=4): OrderedDict([(u'pic', u'eyes7.png'), (u'sound', u'silence.wav'), (u'c1', u'apologetic'), (u'c2', u'friendly'), (u'c3', u'uneasy'), (u'c4', u'dispirited'), (u'answerNum', 3.0), (u'answer', u'uneasy'), (u'marker', u'Silence')])
459.6880 	EXP 	Wait3: autoDraw = False
459.6880 	EXP 	Wait3: autoDraw = False
459.6880 	EXP 	image: image = u'eyes7.png'
459.6880 	EXP 	Choice1: text = u'1.apologetic'
459.6880 	EXP 	Choice2: text = u'2.friendly'
459.6880 	EXP 	Choice3: text = u'3.uneasy'
459.6880 	EXP 	Choice4: text = u'4.dispirited'
459.6880 	EXP 	image: autoDraw = True
459.6880 	EXP 	Choice1: autoDraw = True
459.6880 	EXP 	Choice2: autoDraw = True
459.6880 	EXP 	Choice3: autoDraw = True
459.6880 	EXP 	Choice4: autoDraw = True
459.6880 	EXP 	Chosen: autoDraw = True
459.6880 	EXP 	YourChoice: autoDraw = True
459.6880 	EXP 	twentysec: autoDraw = True
459.6880 	EXP 	Timer: autoDraw = True
464.6009 	EXP 	twentysec: autoDraw = False
464.6200 	EXP 	FifteenSec: autoDraw = True
466.0553 	DATA 	Keypress: 3
469.6185 	EXP 	FifteenSec: autoDraw = False
469.6185 	EXP 	TenSec: autoDraw = True
474.6146 	EXP 	TenSec: autoDraw = False
474.6146 	EXP 	FiveSec: autoDraw = True
479.6163 	EXP 	image: autoDraw = False
479.6163 	EXP 	Choice1: autoDraw = False
479.6163 	EXP 	Choice2: autoDraw = False
479.6163 	EXP 	Choice3: autoDraw = False
479.6163 	EXP 	Choice4: autoDraw = False
479.6163 	EXP 	Chosen: autoDraw = False
479.6163 	EXP 	YourChoice: autoDraw = False
479.6163 	EXP 	twentysec: autoDraw = False
479.6163 	EXP 	FifteenSec: autoDraw = False
479.6163 	EXP 	TenSec: autoDraw = False
479.6163 	EXP 	FiveSec: autoDraw = False
479.6163 	EXP 	Timer: autoDraw = False
479.6163 	EXP 	Question: autoDraw = True
479.6163 	EXP 	scale: autoDraw = True
486.7163 	DATA 	Keypress: 1
486.7301 	EXP 	Question: autoDraw = False
486.7301 	EXP 	scale: autoDraw = False
486.7301 	EXP 	Wait3: autoDraw = True
489.7141 	EXP 	New trial (rep=0, index=5): OrderedDict([(u'pic', u'eyes10.png'), (u'sound', u'heart120_1.wav'), (u'c1', u'cautious'), (u'c2', u'insisting'), (u'c3', u'bored'), (u'c4', u'aghast'), (u'answerNum', 1.0), (u'answer', u'cautious'), (u'marker', u"120'")])
489.8141 	EXP 	Wait3: autoDraw = False
489.8141 	EXP 	Wait3: autoDraw = False
489.8141 	EXP 	image: image = u'eyes10.png'
489.8141 	EXP 	Choice1: text = u'1.cautious'
489.8141 	EXP 	Choice2: text = u'2.insisting'
489.8141 	EXP 	Choice3: text = u'3.bored'
489.8141 	EXP 	Choice4: text = u'4.aghast'
489.8141 	EXP 	image: autoDraw = True
489.8141 	EXP 	Choice1: autoDraw = True
489.8141 	EXP 	Choice2: autoDraw = True
489.8141 	EXP 	Choice3: autoDraw = True
489.8141 	EXP 	Choice4: autoDraw = True
489.8141 	EXP 	Chosen: autoDraw = True
489.8141 	EXP 	YourChoice: autoDraw = True
489.8141 	EXP 	twentysec: autoDraw = True
489.8141 	EXP 	Timer: autoDraw = True
494.7286 	EXP 	twentysec: autoDraw = False
494.7456 	EXP 	FifteenSec: autoDraw = True
496.3993 	DATA 	Keypress: 1
499.7282 	EXP 	FifteenSec: autoDraw = False
499.7456 	EXP 	TenSec: autoDraw = True
504.7280 	EXP 	TenSec: autoDraw = False
504.7447 	EXP 	FiveSec: autoDraw = True
509.7276 	EXP 	image: autoDraw = False
509.7276 	EXP 	Choice1: autoDraw = False
509.7276 	EXP 	Choice2: autoDraw = False
509.7276 	EXP 	Choice3: autoDraw = False
509.7276 	EXP 	Choice4: autoDraw = False
509.7276 	EXP 	Chosen: autoDraw = False
509.7276 	EXP 	YourChoice: autoDraw = False
509.7276 	EXP 	FiveSec: autoDraw = False
509.7276 	EXP 	Timer: autoDraw = False
509.7276 	EXP 	image: autoDraw = False
509.7276 	EXP 	Choice1: autoDraw = False
509.7276 	EXP 	Choice2: autoDraw = False
509.7276 	EXP 	Choice3: autoDraw = False
509.7276 	EXP 	Choice4: autoDraw = False
509.7276 	EXP 	Chosen: autoDraw = False
509.7276 	EXP 	YourChoice: autoDraw = False
509.7276 	EXP 	twentysec: autoDraw = False
509.7276 	EXP 	FifteenSec: autoDraw = False
509.7276 	EXP 	TenSec: autoDraw = False
509.7276 	EXP 	FiveSec: autoDraw = False
509.7276 	EXP 	Timer: autoDraw = False
509.7276 	EXP 	Question: autoDraw = True
509.7276 	EXP 	scale: autoDraw = True
512.3133 	DATA 	Keypress: 3
512.3284 	EXP 	Question: autoDraw = False
512.3284 	EXP 	scale: autoDraw = False
512.3284 	EXP 	Wait3: autoDraw = True
515.3144 	EXP 	New trial (rep=0, index=6): OrderedDict([(u'pic', u'eyes15.png'), (u'sound', u'heart120_1.wav'), (u'c1', u'contemplative'), (u'c2', u'flustered'), (u'c3', u'encouraging'), (u'c4', u'amused'), (u'answerNum', 1.0), (u'answer', u'contemplative'), (u'marker', u"120'")])
515.4148 	EXP 	Wait3: autoDraw = False
515.4148 	EXP 	Wait3: autoDraw = False
515.4148 	EXP 	image: image = u'eyes15.png'
515.4148 	EXP 	Choice1: text = u'1.contemplative'
515.4148 	EXP 	Choice2: text = u'2.flustered'
515.4148 	EXP 	Choice3: text = u'3.encouraging'
515.4148 	EXP 	Choice4: text = u'4.amused'
515.4148 	EXP 	image: autoDraw = True
515.4148 	EXP 	Choice1: autoDraw = True
515.4148 	EXP 	Choice2: autoDraw = True
515.4148 	EXP 	Choice3: autoDraw = True
515.4148 	EXP 	Choice4: autoDraw = True
515.4148 	EXP 	Chosen: autoDraw = True
515.4148 	EXP 	YourChoice: autoDraw = True
515.4148 	EXP 	twentysec: autoDraw = True
515.4148 	EXP 	Timer: autoDraw = True
520.3315 	EXP 	twentysec: autoDraw = False
520.3504 	EXP 	FifteenSec: autoDraw = True
525.3323 	EXP 	FifteenSec: autoDraw = False
525.3513 	EXP 	TenSec: autoDraw = True
525.7205 	DATA 	Keypress: 1
530.3339 	EXP 	TenSec: autoDraw = False
530.3339 	EXP 	FiveSec: autoDraw = True
535.3323 	EXP 	image: autoDraw = False
535.3323 	EXP 	Choice1: autoDraw = False
535.3323 	EXP 	Choice2: autoDraw = False
535.3323 	EXP 	Choice3: autoDraw = False
535.3323 	EXP 	Choice4: autoDraw = False
535.3323 	EXP 	Chosen: autoDraw = False
535.3323 	EXP 	YourChoice: autoDraw = False
535.3323 	EXP 	twentysec: autoDraw = False
535.3323 	EXP 	FifteenSec: autoDraw = False
535.3323 	EXP 	TenSec: autoDraw = False
535.3323 	EXP 	FiveSec: autoDraw = False
535.3323 	EXP 	Timer: autoDraw = False
535.3323 	EXP 	Question: autoDraw = True
535.3323 	EXP 	scale: autoDraw = True
542.2325 	DATA 	Keypress: 2
542.2467 	EXP 	Question: autoDraw = False
542.2467 	EXP 	scale: autoDraw = False
542.2467 	EXP 	Wait3: autoDraw = True
545.2299 	EXP 	New trial (rep=0, index=7): OrderedDict([(u'pic', u'eyes17.png'), (u'sound', u'heart60_2.wav'), (u'c1', u'doubtful'), (u'c2', u'affectionate'), (u'c3', u'playful'), (u'c4', u'aghast'), (u'answerNum', 1.0), (u'answer', u'doubtful'), (u'marker', u"60'")])
545.3309 	EXP 	Wait3: autoDraw = False
545.3309 	EXP 	Wait3: autoDraw = False
545.3309 	EXP 	image: image = u'eyes17.png'
545.3309 	EXP 	Choice1: text = u'1.doubtful'
545.3309 	EXP 	Choice2: text = u'2.affectionate'
545.3309 	EXP 	Choice3: text = u'3.playful'
545.3309 	EXP 	Choice4: text = u'4.aghast'
545.3309 	EXP 	image: autoDraw = True
545.3309 	EXP 	Choice1: autoDraw = True
545.3309 	EXP 	Choice2: autoDraw = True
545.3309 	EXP 	Choice3: autoDraw = True
545.3309 	EXP 	Choice4: autoDraw = True
545.3309 	EXP 	Chosen: autoDraw = True
545.3309 	EXP 	YourChoice: autoDraw = True
545.3309 	EXP 	twentysec: autoDraw = True
545.3309 	EXP 	Timer: autoDraw = True
550.2515 	EXP 	twentysec: autoDraw = False
550.2515 	EXP 	FifteenSec: autoDraw = True
555.2500 	EXP 	FifteenSec: autoDraw = False
555.2500 	EXP 	TenSec: autoDraw = True
560.2503 	EXP 	TenSec: autoDraw = False
560.2503 	EXP 	FiveSec: autoDraw = True
565.2482 	EXP 	image: autoDraw = False
565.2482 	EXP 	Choice1: autoDraw = False
565.2482 	EXP 	Choice2: autoDraw = False
565.2482 	EXP 	Choice3: autoDraw = False
565.2482 	EXP 	Choice4: autoDraw = False
565.2482 	EXP 	Chosen: autoDraw = False
565.2482 	EXP 	YourChoice: autoDraw = False
565.2482 	EXP 	FiveSec: autoDraw = False
565.2482 	EXP 	Timer: autoDraw = False
565.2482 	EXP 	image: autoDraw = False
565.2482 	EXP 	Choice1: autoDraw = False
565.2482 	EXP 	Choice2: autoDraw = False
565.2482 	EXP 	Choice3: autoDraw = False
565.2482 	EXP 	Choice4: autoDraw = False
565.2482 	EXP 	Chosen: autoDraw = False
565.2482 	EXP 	YourChoice: autoDraw = False
565.2482 	EXP 	twentysec: autoDraw = False
565.2482 	EXP 	FifteenSec: autoDraw = False
565.2482 	EXP 	TenSec: autoDraw = False
565.2482 	EXP 	FiveSec: autoDraw = False
565.2482 	EXP 	Timer: autoDraw = False
565.2482 	EXP 	Question: autoDraw = True
565.2482 	EXP 	scale: autoDraw = True
573.5131 	DATA 	Keypress: 3
573.5268 	EXP 	Question: autoDraw = False
573.5268 	EXP 	scale: autoDraw = False
573.5268 	EXP 	Wait3: autoDraw = True
576.5136 	EXP 	New trial (rep=0, index=8): OrderedDict([(u'pic', u'eyes18.png'), (u'sound', u'heart60_2.wav'), (u'c1', u'amused'), (u'c2', u'decisive'), (u'c3', u'aghast'), (u'c4', u'bored'), (u'answerNum', 2.0), (u'answer', u'decisive'), (u'marker', u"60'")])
576.6133 	EXP 	Wait3: autoDraw = False
576.6133 	EXP 	Wait3: autoDraw = False
576.6133 	EXP 	image: image = u'eyes18.png'
576.6133 	EXP 	Choice1: text = u'1.amused'
576.6133 	EXP 	Choice2: text = u'2.decisive'
576.6133 	EXP 	Choice3: text = u'3.aghast'
576.6133 	EXP 	Choice4: text = u'4.bored'
576.6133 	EXP 	image: autoDraw = True
576.6133 	EXP 	Choice1: autoDraw = True
576.6133 	EXP 	Choice2: autoDraw = True
576.6133 	EXP 	Choice3: autoDraw = True
576.6133 	EXP 	Choice4: autoDraw = True
576.6133 	EXP 	Chosen: autoDraw = True
576.6133 	EXP 	YourChoice: autoDraw = True
576.6133 	EXP 	twentysec: autoDraw = True
576.6133 	EXP 	Timer: autoDraw = True
581.5470 	EXP 	twentysec: autoDraw = False
581.5470 	EXP 	FifteenSec: autoDraw = True
583.3044 	DATA 	Keypress: 2
586.5349 	EXP 	FifteenSec: autoDraw = False
586.5349 	EXP 	TenSec: autoDraw = True
591.5473 	EXP 	TenSec: autoDraw = False
591.5473 	EXP 	FiveSec: autoDraw = True
596.5478 	EXP 	image: autoDraw = False
596.5478 	EXP 	Choice1: autoDraw = False
596.5478 	EXP 	Choice2: autoDraw = False
596.5478 	EXP 	Choice3: autoDraw = False
596.5478 	EXP 	Choice4: autoDraw = False
596.5478 	EXP 	Chosen: autoDraw = False
596.5478 	EXP 	YourChoice: autoDraw = False
596.5478 	EXP 	twentysec: autoDraw = False
596.5478 	EXP 	FifteenSec: autoDraw = False
596.5478 	EXP 	TenSec: autoDraw = False
596.5478 	EXP 	FiveSec: autoDraw = False
596.5478 	EXP 	Timer: autoDraw = False
596.5478 	EXP 	Question: autoDraw = True
596.5478 	EXP 	scale: autoDraw = True
601.1631 	DATA 	Keypress: 3
601.1777 	EXP 	Question: autoDraw = False
601.1777 	EXP 	scale: autoDraw = False
601.1777 	EXP 	Wait3: autoDraw = True
604.1623 	EXP 	New trial (rep=0, index=9): OrderedDict([(u'pic', u'eyes20.png'), (u'sound', u'silence.wav'), (u'c1', u'dominant'), (u'c2', u'horrified'), (u'c3', u'guilty'), (u'c4', u'friendly'), (u'answerNum', 4.0), (u'answer', u'friendly'), (u'marker', u'Silence')])
604.2703 	EXP 	Wait3: autoDraw = False
604.2703 	EXP 	Wait3: autoDraw = False
604.2703 	EXP 	image: image = u'eyes20.png'
604.2703 	EXP 	Choice1: text = u'1.dominant'
604.2703 	EXP 	Choice2: text = u'2.horrified'
604.2703 	EXP 	Choice3: text = u'3.guilty'
604.2703 	EXP 	Choice4: text = u'4.friendly'
604.2703 	EXP 	image: autoDraw = True
604.2703 	EXP 	Choice1: autoDraw = True
604.2703 	EXP 	Choice2: autoDraw = True
604.2703 	EXP 	Choice3: autoDraw = True
604.2703 	EXP 	Choice4: autoDraw = True
604.2703 	EXP 	Chosen: autoDraw = True
604.2703 	EXP 	YourChoice: autoDraw = True
604.2703 	EXP 	twentysec: autoDraw = True
604.2703 	EXP 	Timer: autoDraw = True
609.1824 	EXP 	twentysec: autoDraw = False
609.1824 	EXP 	FifteenSec: autoDraw = True
609.2320 	DATA 	Keypress: 4
614.1802 	EXP 	FifteenSec: autoDraw = False
614.1992 	EXP 	TenSec: autoDraw = True
619.1795 	EXP 	TenSec: autoDraw = False
619.1987 	EXP 	FiveSec: autoDraw = True
624.1794 	EXP 	image: autoDraw = False
624.1794 	EXP 	Choice1: autoDraw = False
624.1794 	EXP 	Choice2: autoDraw = False
624.1794 	EXP 	Choice3: autoDraw = False
624.1794 	EXP 	Choice4: autoDraw = False
624.1794 	EXP 	Chosen: autoDraw = False
624.1794 	EXP 	YourChoice: autoDraw = False
624.1794 	EXP 	FiveSec: autoDraw = False
624.1794 	EXP 	Timer: autoDraw = False
624.1794 	EXP 	image: autoDraw = False
624.1794 	EXP 	Choice1: autoDraw = False
624.1794 	EXP 	Choice2: autoDraw = False
624.1794 	EXP 	Choice3: autoDraw = False
624.1794 	EXP 	Choice4: autoDraw = False
624.1794 	EXP 	Chosen: autoDraw = False
624.1794 	EXP 	YourChoice: autoDraw = False
624.1794 	EXP 	twentysec: autoDraw = False
624.1794 	EXP 	FifteenSec: autoDraw = False
624.1794 	EXP 	TenSec: autoDraw = False
624.1794 	EXP 	FiveSec: autoDraw = False
624.1794 	EXP 	Timer: autoDraw = False
624.1794 	EXP 	Question: autoDraw = True
624.1794 	EXP 	scale: autoDraw = True
627.6146 	DATA 	Keypress: 1
627.6289 	EXP 	Question: autoDraw = False
627.6289 	EXP 	scale: autoDraw = False
627.6289 	EXP 	Wait3: autoDraw = True
630.6139 	EXP 	New trial (rep=0, index=10): OrderedDict([(u'pic', u'eyes7.png'), (u'sound', u'heart60_2.wav'), (u'c1', u'apologetic'), (u'c2', u'friendly'), (u'c3', u'uneasy'), (u'c4', u'dispirited'), (u'answerNum', 3.0), (u'answer', u'uneasy'), (u'marker', u"60'")])
630.7133 	EXP 	Wait3: autoDraw = False
630.7133 	EXP 	Wait3: autoDraw = False
630.7133 	EXP 	image: image = u'eyes7.png'
630.7133 	EXP 	Choice1: text = u'1.apologetic'
630.7133 	EXP 	Choice2: text = u'2.friendly'
630.7133 	EXP 	Choice3: text = u'3.uneasy'
630.7133 	EXP 	Choice4: text = u'4.dispirited'
630.7133 	EXP 	image: autoDraw = True
630.7133 	EXP 	Choice1: autoDraw = True
630.7133 	EXP 	Choice2: autoDraw = True
630.7133 	EXP 	Choice3: autoDraw = True
630.7133 	EXP 	Choice4: autoDraw = True
630.7133 	EXP 	Chosen: autoDraw = True
630.7133 	EXP 	YourChoice: autoDraw = True
630.7133 	EXP 	twentysec: autoDraw = True
630.7133 	EXP 	Timer: autoDraw = True
634.8154 	DATA 	Keypress: 3
635.6488 	EXP 	twentysec: autoDraw = False
635.6488 	EXP 	FifteenSec: autoDraw = True
640.6464 	EXP 	FifteenSec: autoDraw = False
640.6464 	EXP 	TenSec: autoDraw = True
645.6469 	EXP 	TenSec: autoDraw = False
645.6469 	EXP 	FiveSec: autoDraw = True
650.6336 	EXP 	image: autoDraw = False
650.6336 	EXP 	Choice1: autoDraw = False
650.6336 	EXP 	Choice2: autoDraw = False
650.6336 	EXP 	Choice3: autoDraw = False
650.6336 	EXP 	Choice4: autoDraw = False
650.6336 	EXP 	Chosen: autoDraw = False
650.6336 	EXP 	YourChoice: autoDraw = False
650.6336 	EXP 	twentysec: autoDraw = False
650.6336 	EXP 	FifteenSec: autoDraw = False
650.6336 	EXP 	TenSec: autoDraw = False
650.6336 	EXP 	FiveSec: autoDraw = False
650.6336 	EXP 	Timer: autoDraw = False
650.6336 	EXP 	Question: autoDraw = True
650.6336 	EXP 	scale: autoDraw = True
652.6644 	DATA 	Keypress: 4
652.6936 	EXP 	Question: autoDraw = False
652.6936 	EXP 	scale: autoDraw = False
652.6936 	EXP 	Wait3: autoDraw = True
655.6793 	EXP 	New trial (rep=0, index=11): OrderedDict([(u'pic', u'eyes17.png'), (u'sound', u'heart120_1.wav'), (u'c1', u'doubtful'), (u'c2', u'affectionate'), (u'c3', u'playful'), (u'c4', u'aghast'), (u'answerNum', 1.0), (u'answer', u'doubtful'), (u'marker', u"120'")])
655.7784 	EXP 	Wait3: autoDraw = False
655.7784 	EXP 	image: image = u'eyes17.png'
655.7784 	EXP 	Choice1: text = u'1.doubtful'
655.7784 	EXP 	Choice2: text = u'2.affectionate'
655.7784 	EXP 	Choice3: text = u'3.playful'
655.7784 	EXP 	Choice4: text = u'4.aghast'
655.7784 	EXP 	image: autoDraw = True
655.7784 	EXP 	Choice1: autoDraw = True
655.7784 	EXP 	Choice2: autoDraw = True
655.7784 	EXP 	Choice3: autoDraw = True
655.7784 	EXP 	Choice4: autoDraw = True
655.7784 	EXP 	Chosen: autoDraw = True
655.7784 	EXP 	YourChoice: autoDraw = True
655.7784 	EXP 	twentysec: autoDraw = True
655.7784 	EXP 	Timer: autoDraw = True
660.6988 	EXP 	twentysec: autoDraw = False
660.6988 	EXP 	FifteenSec: autoDraw = True
665.7131 	EXP 	FifteenSec: autoDraw = False
665.7131 	EXP 	TenSec: autoDraw = True
669.2316 	DATA 	Keypress: 1
670.6985 	EXP 	TenSec: autoDraw = False
670.6985 	EXP 	FiveSec: autoDraw = True
675.7126 	EXP 	image: autoDraw = False
675.7126 	EXP 	Choice1: autoDraw = False
675.7126 	EXP 	Choice2: autoDraw = False
675.7126 	EXP 	Choice3: autoDraw = False
675.7126 	EXP 	Choice4: autoDraw = False
675.7126 	EXP 	Chosen: autoDraw = False
675.7126 	EXP 	YourChoice: autoDraw = False
675.7126 	EXP 	twentysec: autoDraw = False
675.7126 	EXP 	FifteenSec: autoDraw = False
675.7126 	EXP 	TenSec: autoDraw = False
675.7126 	EXP 	FiveSec: autoDraw = False
675.7126 	EXP 	Timer: autoDraw = False
675.7126 	EXP 	Question: autoDraw = True
675.7126 	EXP 	scale: autoDraw = True
679.0643 	DATA 	Keypress: 2
679.0782 	EXP 	Question: autoDraw = False
679.0782 	EXP 	scale: autoDraw = False
679.0782 	EXP 	Wait3: autoDraw = True
682.0630 	EXP 	New trial (rep=0, index=12): OrderedDict([(u'pic', u'eyes5.png'), (u'sound', u'heart60_2.wav'), (u'c1', u'irritated'), (u'c2', u'sarcastic'), (u'c3', u'worried'), (u'c4', u'friendly'), (u'answerNum', 3.0), (u'answer', u'worried'), (u'marker', u"60'")])
682.1620 	EXP 	Wait3: autoDraw = False
682.1620 	EXP 	Wait3: autoDraw = False
682.1620 	EXP 	image: image = u'eyes5.png'
682.1620 	EXP 	Choice1: text = u'1.irritated'
682.1620 	EXP 	Choice2: text = u'2.sarcastic'
682.1620 	EXP 	Choice3: text = u'3.worried'
682.1620 	EXP 	Choice4: text = u'4.friendly'
682.1620 	EXP 	image: autoDraw = True
682.1620 	EXP 	Choice1: autoDraw = True
682.1620 	EXP 	Choice2: autoDraw = True
682.1620 	EXP 	Choice3: autoDraw = True
682.1620 	EXP 	Choice4: autoDraw = True
682.1620 	EXP 	Chosen: autoDraw = True
682.1620 	EXP 	YourChoice: autoDraw = True
682.1620 	EXP 	twentysec: autoDraw = True
682.1620 	EXP 	Timer: autoDraw = True
684.9450 	DATA 	Keypress: 3
687.0795 	EXP 	twentysec: autoDraw = False
687.0963 	EXP 	FifteenSec: autoDraw = True
692.0813 	EXP 	FifteenSec: autoDraw = False
692.0813 	EXP 	TenSec: autoDraw = True
697.0801 	EXP 	TenSec: autoDraw = False
697.0801 	EXP 	FiveSec: autoDraw = True
702.0793 	EXP 	image: autoDraw = False
702.0793 	EXP 	Choice1: autoDraw = False
702.0793 	EXP 	Choice2: autoDraw = False
702.0793 	EXP 	Choice3: autoDraw = False
702.0793 	EXP 	Choice4: autoDraw = False
702.0793 	EXP 	Chosen: autoDraw = False
702.0793 	EXP 	YourChoice: autoDraw = False
702.0793 	EXP 	FiveSec: autoDraw = False
702.0793 	EXP 	Timer: autoDraw = False
702.0793 	EXP 	image: autoDraw = False
702.0793 	EXP 	Choice1: autoDraw = False
702.0793 	EXP 	Choice2: autoDraw = False
702.0793 	EXP 	Choice3: autoDraw = False
702.0793 	EXP 	Choice4: autoDraw = False
702.0793 	EXP 	Chosen: autoDraw = False
702.0793 	EXP 	YourChoice: autoDraw = False
702.0793 	EXP 	twentysec: autoDraw = False
702.0793 	EXP 	FifteenSec: autoDraw = False
702.0793 	EXP 	TenSec: autoDraw = False
702.0793 	EXP 	FiveSec: autoDraw = False
702.0793 	EXP 	Timer: autoDraw = False
702.0793 	EXP 	Question: autoDraw = True
702.0793 	EXP 	scale: autoDraw = True
704.7293 	DATA 	Keypress: 3
704.7442 	EXP 	Question: autoDraw = False
704.7442 	EXP 	scale: autoDraw = False
704.7442 	EXP 	Wait3: autoDraw = True
707.7285 	EXP 	New trial (rep=0, index=13): OrderedDict([(u'pic', u'eyes10.png'), (u'sound', u'heart60_2.wav'), (u'c1', u'cautious'), (u'c2', u'insisting'), (u'c3', u'bored'), (u'c4', u'aghast'), (u'answerNum', 1.0), (u'answer', u'cautious'), (u'marker', u"60'")])
707.8282 	EXP 	Wait3: autoDraw = False
707.8282 	EXP 	Wait3: autoDraw = False
707.8282 	EXP 	image: image = u'eyes10.png'
707.8282 	EXP 	Choice1: text = u'1.cautious'
707.8282 	EXP 	Choice2: text = u'2.insisting'
707.8282 	EXP 	Choice3: text = u'3.bored'
707.8282 	EXP 	Choice4: text = u'4.aghast'
707.8282 	EXP 	image: autoDraw = True
707.8282 	EXP 	Choice1: autoDraw = True
707.8282 	EXP 	Choice2: autoDraw = True
707.8282 	EXP 	Choice3: autoDraw = True
707.8282 	EXP 	Choice4: autoDraw = True
707.8282 	EXP 	Chosen: autoDraw = True
707.8282 	EXP 	YourChoice: autoDraw = True
707.8282 	EXP 	twentysec: autoDraw = True
707.8282 	EXP 	Timer: autoDraw = True
712.7479 	EXP 	twentysec: autoDraw = False
712.7479 	EXP 	FifteenSec: autoDraw = True
714.3010 	DATA 	Keypress: 1
717.7494 	EXP 	FifteenSec: autoDraw = False
717.7494 	EXP 	TenSec: autoDraw = True
722.7633 	EXP 	TenSec: autoDraw = False
722.7633 	EXP 	FiveSec: autoDraw = True
727.7487 	EXP 	image: autoDraw = False
727.7487 	EXP 	Choice1: autoDraw = False
727.7487 	EXP 	Choice2: autoDraw = False
727.7487 	EXP 	Choice3: autoDraw = False
727.7487 	EXP 	Choice4: autoDraw = False
727.7487 	EXP 	Chosen: autoDraw = False
727.7487 	EXP 	YourChoice: autoDraw = False
727.7487 	EXP 	twentysec: autoDraw = False
727.7487 	EXP 	FifteenSec: autoDraw = False
727.7487 	EXP 	TenSec: autoDraw = False
727.7487 	EXP 	FiveSec: autoDraw = False
727.7487 	EXP 	Timer: autoDraw = False
727.7487 	EXP 	Question: autoDraw = True
727.7487 	EXP 	scale: autoDraw = True
731.3295 	DATA 	Keypress: 2
731.3447 	EXP 	Question: autoDraw = False
731.3447 	EXP 	scale: autoDraw = False
731.3447 	EXP 	Wait3: autoDraw = True
734.3274 	EXP 	New trial (rep=0, index=14): OrderedDict([(u'pic', u'eyes20.png'), (u'sound', u'heart60_2.wav'), (u'c1', u'dominant'), (u'c2', u'horrified'), (u'c3', u'guilty'), (u'c4', u'friendly'), (u'answerNum', 4.0), (u'answer', u'friendly'), (u'marker', u"60'")])
734.4283 	EXP 	Wait3: autoDraw = False
734.4283 	EXP 	Wait3: autoDraw = False
734.4283 	EXP 	image: image = u'eyes20.png'
734.4283 	EXP 	Choice1: text = u'1.dominant'
734.4283 	EXP 	Choice2: text = u'2.horrified'
734.4283 	EXP 	Choice3: text = u'3.guilty'
734.4283 	EXP 	Choice4: text = u'4.friendly'
734.4283 	EXP 	image: autoDraw = True
734.4283 	EXP 	Choice1: autoDraw = True
734.4283 	EXP 	Choice2: autoDraw = True
734.4283 	EXP 	Choice3: autoDraw = True
734.4283 	EXP 	Choice4: autoDraw = True
734.4283 	EXP 	Chosen: autoDraw = True
734.4283 	EXP 	YourChoice: autoDraw = True
734.4283 	EXP 	twentysec: autoDraw = True
734.4283 	EXP 	Timer: autoDraw = True
738.7211 	DATA 	Keypress: 4
739.3494 	EXP 	twentysec: autoDraw = False
739.3494 	EXP 	FifteenSec: autoDraw = True
744.3618 	EXP 	FifteenSec: autoDraw = False
744.3618 	EXP 	TenSec: autoDraw = True
749.3495 	EXP 	TenSec: autoDraw = False
749.3495 	EXP 	FiveSec: autoDraw = True
754.3626 	EXP 	image: autoDraw = False
754.3626 	EXP 	Choice1: autoDraw = False
754.3626 	EXP 	Choice2: autoDraw = False
754.3626 	EXP 	Choice3: autoDraw = False
754.3626 	EXP 	Choice4: autoDraw = False
754.3626 	EXP 	Chosen: autoDraw = False
754.3626 	EXP 	YourChoice: autoDraw = False
754.3626 	EXP 	twentysec: autoDraw = False
754.3626 	EXP 	FifteenSec: autoDraw = False
754.3626 	EXP 	TenSec: autoDraw = False
754.3626 	EXP 	FiveSec: autoDraw = False
754.3626 	EXP 	Timer: autoDraw = False
754.3626 	EXP 	Question: autoDraw = True
754.3626 	EXP 	scale: autoDraw = True
757.0788 	DATA 	Keypress: 3
757.0937 	EXP 	Question: autoDraw = False
757.0937 	EXP 	scale: autoDraw = False
757.0937 	EXP 	Wait3: autoDraw = True
760.0778 	EXP 	New trial (rep=0, index=15): OrderedDict([(u'pic', u'eyes6.png'), (u'sound', u'silence.wav'), (u'c1', u'aghast'), (u'c2', u'fantasizing'), (u'c3', u'impatient'), (u'c4', u'alarmed'), (u'answerNum', 2.0), (u'answer', u'fantasizing'), (u'marker', u'Silence')])
760.1808 	EXP 	Wait3: autoDraw = False
760.1808 	EXP 	Wait3: autoDraw = False
760.1808 	EXP 	image: image = u'eyes6.png'
760.1808 	EXP 	Choice1: text = u'1.aghast'
760.1808 	EXP 	Choice2: text = u'2.fantasizing'
760.1808 	EXP 	Choice3: text = u'3.impatient'
760.1808 	EXP 	Choice4: text = u'4.alarmed'
760.1808 	EXP 	image: autoDraw = True
760.1808 	EXP 	Choice1: autoDraw = True
760.1808 	EXP 	Choice2: autoDraw = True
760.1808 	EXP 	Choice3: autoDraw = True
760.1808 	EXP 	Choice4: autoDraw = True
760.1808 	EXP 	Chosen: autoDraw = True
760.1808 	EXP 	YourChoice: autoDraw = True
760.1808 	EXP 	twentysec: autoDraw = True
760.1808 	EXP 	Timer: autoDraw = True
764.6448 	DATA 	Keypress: 2
765.0946 	EXP 	twentysec: autoDraw = False
765.0946 	EXP 	FifteenSec: autoDraw = True
770.0942 	EXP 	FifteenSec: autoDraw = False
770.1107 	EXP 	TenSec: autoDraw = True
775.0942 	EXP 	TenSec: autoDraw = False
775.1110 	EXP 	FiveSec: autoDraw = True
780.0956 	EXP 	image: autoDraw = False
780.0956 	EXP 	Choice1: autoDraw = False
780.0956 	EXP 	Choice2: autoDraw = False
780.0956 	EXP 	Choice3: autoDraw = False
780.0956 	EXP 	Choice4: autoDraw = False
780.0956 	EXP 	Chosen: autoDraw = False
780.0956 	EXP 	YourChoice: autoDraw = False
780.0956 	EXP 	FiveSec: autoDraw = False
780.0956 	EXP 	Timer: autoDraw = False
780.0956 	EXP 	image: autoDraw = False
780.0956 	EXP 	Choice1: autoDraw = False
780.0956 	EXP 	Choice2: autoDraw = False
780.0956 	EXP 	Choice3: autoDraw = False
780.0956 	EXP 	Choice4: autoDraw = False
780.0956 	EXP 	Chosen: autoDraw = False
780.0956 	EXP 	YourChoice: autoDraw = False
780.0956 	EXP 	twentysec: autoDraw = False
780.0956 	EXP 	FifteenSec: autoDraw = False
780.0956 	EXP 	TenSec: autoDraw = False
780.0956 	EXP 	FiveSec: autoDraw = False
780.0956 	EXP 	Timer: autoDraw = False
780.0956 	EXP 	Question: autoDraw = True
780.0956 	EXP 	scale: autoDraw = True
784.8959 	DATA 	Keypress: 1
784.9107 	EXP 	Question: autoDraw = False
784.9107 	EXP 	scale: autoDraw = False
784.9107 	EXP 	Wait3: autoDraw = True
787.8940 	EXP 	New trial (rep=0, index=16): OrderedDict([(u'pic', u'eyes18.png'), (u'sound', u'heart120_1.wav'), (u'c1', u'amused'), (u'c2', u'decisive'), (u'c3', u'aghast'), (u'c4', u'bored'), (u'answerNum', 2.0), (u'answer', u'decisive'), (u'marker', u"120'")])
787.9904 	EXP 	Wait3: autoDraw = False
787.9904 	EXP 	Wait3: autoDraw = False
787.9904 	EXP 	image: image = u'eyes18.png'
787.9904 	EXP 	Choice1: text = u'1.amused'
787.9904 	EXP 	Choice2: text = u'2.decisive'
787.9904 	EXP 	Choice3: text = u'3.aghast'
787.9904 	EXP 	Choice4: text = u'4.bored'
787.9904 	EXP 	image: autoDraw = True
787.9904 	EXP 	Choice1: autoDraw = True
787.9904 	EXP 	Choice2: autoDraw = True
787.9904 	EXP 	Choice3: autoDraw = True
787.9904 	EXP 	Choice4: autoDraw = True
787.9904 	EXP 	Chosen: autoDraw = True
787.9904 	EXP 	YourChoice: autoDraw = True
787.9904 	EXP 	twentysec: autoDraw = True
787.9904 	EXP 	Timer: autoDraw = True
792.9072 	EXP 	twentysec: autoDraw = False
792.9247 	EXP 	FifteenSec: autoDraw = True
793.0931 	DATA 	Keypress: 2
797.9091 	EXP 	FifteenSec: autoDraw = False
797.9256 	EXP 	TenSec: autoDraw = True
802.9110 	EXP 	TenSec: autoDraw = False
802.9110 	EXP 	FiveSec: autoDraw = True
807.9116 	EXP 	image: autoDraw = False
807.9116 	EXP 	Choice1: autoDraw = False
807.9116 	EXP 	Choice2: autoDraw = False
807.9116 	EXP 	Choice3: autoDraw = False
807.9116 	EXP 	Choice4: autoDraw = False
807.9116 	EXP 	Chosen: autoDraw = False
807.9116 	EXP 	YourChoice: autoDraw = False
807.9116 	EXP 	FiveSec: autoDraw = False
807.9116 	EXP 	Timer: autoDraw = False
807.9116 	EXP 	image: autoDraw = False
807.9116 	EXP 	Choice1: autoDraw = False
807.9116 	EXP 	Choice2: autoDraw = False
807.9116 	EXP 	Choice3: autoDraw = False
807.9116 	EXP 	Choice4: autoDraw = False
807.9116 	EXP 	Chosen: autoDraw = False
807.9116 	EXP 	YourChoice: autoDraw = False
807.9116 	EXP 	twentysec: autoDraw = False
807.9116 	EXP 	FifteenSec: autoDraw = False
807.9116 	EXP 	TenSec: autoDraw = False
807.9116 	EXP 	FiveSec: autoDraw = False
807.9116 	EXP 	Timer: autoDraw = False
807.9116 	EXP 	Question: autoDraw = True
807.9116 	EXP 	scale: autoDraw = True
810.2954 	DATA 	Keypress: 4
810.3101 	EXP 	Question: autoDraw = False
810.3101 	EXP 	scale: autoDraw = False
810.3101 	EXP 	Wait3: autoDraw = True
813.2936 	EXP 	New trial (rep=0, index=17): OrderedDict([(u'pic', u'eyes1.png'), (u'sound', u'heart60_2.wav'), (u'c1', u'playful'), (u'c2', u'comforting'), (u'c3', u'irritated'), (u'c4', u'bored'), (u'answerNum', 1.0), (u'answer', u'playful'), (u'marker', u"60'")])
813.3900 	EXP 	Wait3: autoDraw = False
813.3900 	EXP 	Wait3: autoDraw = False
813.3900 	EXP 	image: image = u'eyes1.png'
813.3900 	EXP 	Choice1: text = u'1.playful'
813.3900 	EXP 	Choice2: text = u'2.comforting'
813.3900 	EXP 	Choice3: text = u'3.irritated'
813.3900 	EXP 	Choice4: text = u'4.bored'
813.3900 	EXP 	image: autoDraw = True
813.3900 	EXP 	Choice1: autoDraw = True
813.3900 	EXP 	Choice2: autoDraw = True
813.3900 	EXP 	Choice3: autoDraw = True
813.3900 	EXP 	Choice4: autoDraw = True
813.3900 	EXP 	Chosen: autoDraw = True
813.3900 	EXP 	YourChoice: autoDraw = True
813.3900 	EXP 	twentysec: autoDraw = True
813.3900 	EXP 	Timer: autoDraw = True
817.8596 	DATA 	Keypress: 1
818.3119 	EXP 	twentysec: autoDraw = False
818.3119 	EXP 	FifteenSec: autoDraw = True
823.3116 	EXP 	FifteenSec: autoDraw = False
823.3116 	EXP 	TenSec: autoDraw = True
828.3119 	EXP 	TenSec: autoDraw = False
828.3119 	EXP 	FiveSec: autoDraw = True
833.3089 	EXP 	image: autoDraw = False
833.3089 	EXP 	Choice1: autoDraw = False
833.3089 	EXP 	Choice2: autoDraw = False
833.3089 	EXP 	Choice3: autoDraw = False
833.3089 	EXP 	Choice4: autoDraw = False
833.3089 	EXP 	Chosen: autoDraw = False
833.3089 	EXP 	YourChoice: autoDraw = False
833.3089 	EXP 	FiveSec: autoDraw = False
833.3089 	EXP 	Timer: autoDraw = False
833.3089 	EXP 	image: autoDraw = False
833.3089 	EXP 	Choice1: autoDraw = False
833.3089 	EXP 	Choice2: autoDraw = False
833.3089 	EXP 	Choice3: autoDraw = False
833.3089 	EXP 	Choice4: autoDraw = False
833.3089 	EXP 	Chosen: autoDraw = False
833.3089 	EXP 	YourChoice: autoDraw = False
833.3089 	EXP 	twentysec: autoDraw = False
833.3089 	EXP 	FifteenSec: autoDraw = False
833.3089 	EXP 	TenSec: autoDraw = False
833.3089 	EXP 	FiveSec: autoDraw = False
833.3089 	EXP 	Timer: autoDraw = False
833.3089 	EXP 	Question: autoDraw = True
833.3089 	EXP 	scale: autoDraw = True
834.2934 	DATA 	Keypress: 1
834.3088 	EXP 	Question: autoDraw = False
834.3088 	EXP 	scale: autoDraw = False
834.3088 	EXP 	Wait3: autoDraw = True
837.2926 	EXP 	New trial (rep=0, index=18): OrderedDict([(u'pic', u'eyes3.png'), (u'sound', u'heart120_1.wav'), (u'c1', u'joking'), (u'c2', u'flustered'), (u'c3', u'desire'), (u'c4', u'convinced'), (u'answerNum', 3.0), (u'answer', u'desire'), (u'marker', u"120'")])
837.3929 	EXP 	Wait3: autoDraw = False
837.3929 	EXP 	Wait3: autoDraw = False
837.3929 	EXP 	image: image = u'eyes3.png'
837.3929 	EXP 	Choice1: text = u'1.joking'
837.3929 	EXP 	Choice2: text = u'2.flustered'
837.3929 	EXP 	Choice3: text = u'3.desire'
837.3929 	EXP 	Choice4: text = u'4.convinced'
837.3929 	EXP 	image: autoDraw = True
837.3929 	EXP 	Choice1: autoDraw = True
837.3929 	EXP 	Choice2: autoDraw = True
837.3929 	EXP 	Choice3: autoDraw = True
837.3929 	EXP 	Choice4: autoDraw = True
837.3929 	EXP 	Chosen: autoDraw = True
837.3929 	EXP 	YourChoice: autoDraw = True
837.3929 	EXP 	twentysec: autoDraw = True
837.3929 	EXP 	Timer: autoDraw = True
842.3073 	EXP 	twentysec: autoDraw = False
842.3236 	EXP 	FifteenSec: autoDraw = True
847.3072 	EXP 	FifteenSec: autoDraw = False
847.3230 	EXP 	TenSec: autoDraw = True
847.8747 	DATA 	Keypress: 3
852.3122 	EXP 	TenSec: autoDraw = False
852.3122 	EXP 	FiveSec: autoDraw = True
857.3091 	EXP 	image: autoDraw = False
857.3091 	EXP 	Choice1: autoDraw = False
857.3091 	EXP 	Choice2: autoDraw = False
857.3091 	EXP 	Choice3: autoDraw = False
857.3091 	EXP 	Choice4: autoDraw = False
857.3091 	EXP 	Chosen: autoDraw = False
857.3091 	EXP 	YourChoice: autoDraw = False
857.3091 	EXP 	FiveSec: autoDraw = False
857.3091 	EXP 	Timer: autoDraw = False
857.3091 	EXP 	image: autoDraw = False
857.3091 	EXP 	Choice1: autoDraw = False
857.3091 	EXP 	Choice2: autoDraw = False
857.3091 	EXP 	Choice3: autoDraw = False
857.3091 	EXP 	Choice4: autoDraw = False
857.3091 	EXP 	Chosen: autoDraw = False
857.3091 	EXP 	YourChoice: autoDraw = False
857.3091 	EXP 	twentysec: autoDraw = False
857.3091 	EXP 	FifteenSec: autoDraw = False
857.3091 	EXP 	TenSec: autoDraw = False
857.3091 	EXP 	FiveSec: autoDraw = False
857.3091 	EXP 	Timer: autoDraw = False
857.3091 	EXP 	Question: autoDraw = True
857.3091 	EXP 	scale: autoDraw = True
860.2271 	DATA 	Keypress: 3
860.2422 	EXP 	Question: autoDraw = False
860.2422 	EXP 	scale: autoDraw = False
860.2422 	EXP 	Wait3: autoDraw = True
863.2264 	EXP 	New trial (rep=0, index=19): OrderedDict([(u'pic', u'eyes15.png'), (u'sound', u'silence.wav'), (u'c1', u'contemplative'), (u'c2', u'flustered'), (u'c3', u'encouraging'), (u'c4', u'amused'), (u'answerNum', 1.0), (u'answer', u'contemplative'), (u'marker', u'Silence')])
863.3263 	EXP 	Wait3: autoDraw = False
863.3263 	EXP 	Wait3: autoDraw = False
863.3263 	EXP 	image: image = u'eyes15.png'
863.3263 	EXP 	Choice1: text = u'1.contemplative'
863.3263 	EXP 	Choice2: text = u'2.flustered'
863.3263 	EXP 	Choice3: text = u'3.encouraging'
863.3263 	EXP 	Choice4: text = u'4.amused'
863.3263 	EXP 	image: autoDraw = True
863.3263 	EXP 	Choice1: autoDraw = True
863.3263 	EXP 	Choice2: autoDraw = True
863.3263 	EXP 	Choice3: autoDraw = True
863.3263 	EXP 	Choice4: autoDraw = True
863.3263 	EXP 	Chosen: autoDraw = True
863.3263 	EXP 	YourChoice: autoDraw = True
863.3263 	EXP 	twentysec: autoDraw = True
863.3263 	EXP 	Timer: autoDraw = True
866.5786 	DATA 	Keypress: 2
868.2400 	EXP 	twentysec: autoDraw = False
868.2568 	EXP 	FifteenSec: autoDraw = True
873.2406 	EXP 	FifteenSec: autoDraw = False
873.2574 	EXP 	TenSec: autoDraw = True
878.2397 	EXP 	TenSec: autoDraw = False
878.2561 	EXP 	FiveSec: autoDraw = True
883.2399 	EXP 	image: autoDraw = False
883.2399 	EXP 	Choice1: autoDraw = False
883.2399 	EXP 	Choice2: autoDraw = False
883.2399 	EXP 	Choice3: autoDraw = False
883.2399 	EXP 	Choice4: autoDraw = False
883.2399 	EXP 	Chosen: autoDraw = False
883.2399 	EXP 	YourChoice: autoDraw = False
883.2399 	EXP 	FiveSec: autoDraw = False
883.2399 	EXP 	Timer: autoDraw = False
883.2399 	EXP 	image: autoDraw = False
883.2399 	EXP 	Choice1: autoDraw = False
883.2399 	EXP 	Choice2: autoDraw = False
883.2399 	EXP 	Choice3: autoDraw = False
883.2399 	EXP 	Choice4: autoDraw = False
883.2399 	EXP 	Chosen: autoDraw = False
883.2399 	EXP 	YourChoice: autoDraw = False
883.2399 	EXP 	twentysec: autoDraw = False
883.2399 	EXP 	FifteenSec: autoDraw = False
883.2399 	EXP 	TenSec: autoDraw = False
883.2399 	EXP 	FiveSec: autoDraw = False
883.2399 	EXP 	Timer: autoDraw = False
883.2399 	EXP 	Question: autoDraw = True
883.2399 	EXP 	scale: autoDraw = True
887.7600 	DATA 	Keypress: 2
887.7748 	EXP 	Question: autoDraw = False
887.7748 	EXP 	scale: autoDraw = False
887.7748 	EXP 	Wait3: autoDraw = True
890.7596 	EXP 	New trial (rep=0, index=20): OrderedDict([(u'pic', u'eyes1.png'), (u'sound', u'silence.wav'), (u'c1', u'playful'), (u'c2', u'comforting'), (u'c3', u'irritated'), (u'c4', u'bored'), (u'answerNum', 1.0), (u'answer', u'playful'), (u'marker', u'Silence')])
890.8659 	EXP 	Wait3: autoDraw = False
890.8659 	EXP 	Wait3: autoDraw = False
890.8659 	EXP 	image: image = u'eyes1.png'
890.8659 	EXP 	Choice1: text = u'1.playful'
890.8659 	EXP 	Choice2: text = u'2.comforting'
890.8659 	EXP 	Choice3: text = u'3.irritated'
890.8659 	EXP 	Choice4: text = u'4.bored'
890.8659 	EXP 	image: autoDraw = True
890.8659 	EXP 	Choice1: autoDraw = True
890.8659 	EXP 	Choice2: autoDraw = True
890.8659 	EXP 	Choice3: autoDraw = True
890.8659 	EXP 	Choice4: autoDraw = True
890.8659 	EXP 	Chosen: autoDraw = True
890.8659 	EXP 	YourChoice: autoDraw = True
890.8659 	EXP 	twentysec: autoDraw = True
890.8659 	EXP 	Timer: autoDraw = True
893.1819 	DATA 	Keypress: 1
895.7806 	EXP 	twentysec: autoDraw = False
895.7806 	EXP 	FifteenSec: autoDraw = True
900.7930 	EXP 	FifteenSec: autoDraw = False
900.7930 	EXP 	TenSec: autoDraw = True
905.7784 	EXP 	TenSec: autoDraw = False
905.7970 	EXP 	FiveSec: autoDraw = True
910.7773 	EXP 	image: autoDraw = False
910.7773 	EXP 	Choice1: autoDraw = False
910.7773 	EXP 	Choice2: autoDraw = False
910.7773 	EXP 	Choice3: autoDraw = False
910.7773 	EXP 	Choice4: autoDraw = False
910.7773 	EXP 	Chosen: autoDraw = False
910.7773 	EXP 	YourChoice: autoDraw = False
910.7773 	EXP 	FiveSec: autoDraw = False
910.7773 	EXP 	Timer: autoDraw = False
910.7773 	EXP 	image: autoDraw = False
910.7773 	EXP 	Choice1: autoDraw = False
910.7773 	EXP 	Choice2: autoDraw = False
910.7773 	EXP 	Choice3: autoDraw = False
910.7773 	EXP 	Choice4: autoDraw = False
910.7773 	EXP 	Chosen: autoDraw = False
910.7773 	EXP 	YourChoice: autoDraw = False
910.7773 	EXP 	twentysec: autoDraw = False
910.7773 	EXP 	FifteenSec: autoDraw = False
910.7773 	EXP 	TenSec: autoDraw = False
910.7773 	EXP 	FiveSec: autoDraw = False
910.7773 	EXP 	Timer: autoDraw = False
910.7773 	EXP 	Question: autoDraw = True
910.7773 	EXP 	scale: autoDraw = True
913.3087 	DATA 	Keypress: 3
913.3235 	EXP 	Question: autoDraw = False
913.3235 	EXP 	scale: autoDraw = False
913.3235 	EXP 	Wait3: autoDraw = True
916.3083 	EXP 	New trial (rep=0, index=21): OrderedDict([(u'pic', u'eyes3.png'), (u'sound', u'heart60_2.wav'), (u'c1', u'joking'), (u'c2', u'flustered'), (u'c3', u'desire'), (u'c4', u'convinced'), (u'answerNum', 3.0), (u'answer', u'desire'), (u'marker', u"60'")])
916.4100 	EXP 	Wait3: autoDraw = False
916.4100 	EXP 	Wait3: autoDraw = False
916.4100 	EXP 	image: image = u'eyes3.png'
916.4100 	EXP 	Choice1: text = u'1.joking'
916.4100 	EXP 	Choice2: text = u'2.flustered'
916.4100 	EXP 	Choice3: text = u'3.desire'
916.4100 	EXP 	Choice4: text = u'4.convinced'
916.4100 	EXP 	image: autoDraw = True
916.4100 	EXP 	Choice1: autoDraw = True
916.4100 	EXP 	Choice2: autoDraw = True
916.4100 	EXP 	Choice3: autoDraw = True
916.4100 	EXP 	Choice4: autoDraw = True
916.4100 	EXP 	Chosen: autoDraw = True
916.4100 	EXP 	YourChoice: autoDraw = True
916.4100 	EXP 	twentysec: autoDraw = True
916.4100 	EXP 	Timer: autoDraw = True
921.3226 	EXP 	twentysec: autoDraw = False
921.3391 	EXP 	FifteenSec: autoDraw = True
924.0247 	DATA 	Keypress: 3
926.3247 	EXP 	FifteenSec: autoDraw = False
926.3415 	EXP 	TenSec: autoDraw = True
931.3241 	EXP 	TenSec: autoDraw = False
931.3407 	EXP 	FiveSec: autoDraw = True
936.3244 	EXP 	image: autoDraw = False
936.3244 	EXP 	Choice1: autoDraw = False
936.3244 	EXP 	Choice2: autoDraw = False
936.3244 	EXP 	Choice3: autoDraw = False
936.3244 	EXP 	Choice4: autoDraw = False
936.3244 	EXP 	Chosen: autoDraw = False
936.3244 	EXP 	YourChoice: autoDraw = False
936.3244 	EXP 	FiveSec: autoDraw = False
936.3244 	EXP 	Timer: autoDraw = False
936.3244 	EXP 	image: autoDraw = False
936.3244 	EXP 	Choice1: autoDraw = False
936.3244 	EXP 	Choice2: autoDraw = False
936.3244 	EXP 	Choice3: autoDraw = False
936.3244 	EXP 	Choice4: autoDraw = False
936.3244 	EXP 	Chosen: autoDraw = False
936.3244 	EXP 	YourChoice: autoDraw = False
936.3244 	EXP 	twentysec: autoDraw = False
936.3244 	EXP 	FifteenSec: autoDraw = False
936.3244 	EXP 	TenSec: autoDraw = False
936.3244 	EXP 	FiveSec: autoDraw = False
936.3244 	EXP 	Timer: autoDraw = False
936.3244 	EXP 	Question: autoDraw = True
936.3244 	EXP 	scale: autoDraw = True
937.4754 	DATA 	Keypress: 1
937.4909 	EXP 	Question: autoDraw = False
937.4909 	EXP 	scale: autoDraw = False
937.4909 	EXP 	Wait3: autoDraw = True
940.4742 	EXP 	New trial (rep=0, index=22): OrderedDict([(u'pic', u'eyes5.png'), (u'sound', u'silence.wav'), (u'c1', u'irritated'), (u'c2', u'sarcastic'), (u'c3', u'worried'), (u'c4', u'friendly'), (u'answerNum', 3.0), (u'answer', u'worried'), (u'marker', u'Silence')])
940.5808 	EXP 	Wait3: autoDraw = False
940.5808 	EXP 	Wait3: autoDraw = False
940.5808 	EXP 	image: image = u'eyes5.png'
940.5808 	EXP 	Choice1: text = u'1.irritated'
940.5808 	EXP 	Choice2: text = u'2.sarcastic'
940.5808 	EXP 	Choice3: text = u'3.worried'
940.5808 	EXP 	Choice4: text = u'4.friendly'
940.5808 	EXP 	image: autoDraw = True
940.5808 	EXP 	Choice1: autoDraw = True
940.5808 	EXP 	Choice2: autoDraw = True
940.5808 	EXP 	Choice3: autoDraw = True
940.5808 	EXP 	Choice4: autoDraw = True
940.5808 	EXP 	Chosen: autoDraw = True
940.5808 	EXP 	YourChoice: autoDraw = True
940.5808 	EXP 	twentysec: autoDraw = True
940.5808 	EXP 	Timer: autoDraw = True
942.7137 	DATA 	Keypress: 3
945.4964 	EXP 	twentysec: autoDraw = False
945.4964 	EXP 	FifteenSec: autoDraw = True
950.4928 	EXP 	FifteenSec: autoDraw = False
950.5118 	EXP 	TenSec: autoDraw = True
955.4919 	EXP 	TenSec: autoDraw = False
955.5111 	EXP 	FiveSec: autoDraw = True
960.4921 	EXP 	image: autoDraw = False
960.4921 	EXP 	Choice1: autoDraw = False
960.4921 	EXP 	Choice2: autoDraw = False
960.4921 	EXP 	Choice3: autoDraw = False
960.4921 	EXP 	Choice4: autoDraw = False
960.4921 	EXP 	Chosen: autoDraw = False
960.4921 	EXP 	YourChoice: autoDraw = False
960.4921 	EXP 	FiveSec: autoDraw = False
960.4921 	EXP 	Timer: autoDraw = False
960.4921 	EXP 	image: autoDraw = False
960.4921 	EXP 	Choice1: autoDraw = False
960.4921 	EXP 	Choice2: autoDraw = False
960.4921 	EXP 	Choice3: autoDraw = False
960.4921 	EXP 	Choice4: autoDraw = False
960.4921 	EXP 	Chosen: autoDraw = False
960.4921 	EXP 	YourChoice: autoDraw = False
960.4921 	EXP 	twentysec: autoDraw = False
960.4921 	EXP 	FifteenSec: autoDraw = False
960.4921 	EXP 	TenSec: autoDraw = False
960.4921 	EXP 	FiveSec: autoDraw = False
960.4921 	EXP 	Timer: autoDraw = False
960.4921 	EXP 	Question: autoDraw = True
960.4921 	EXP 	scale: autoDraw = True
962.9097 	DATA 	Keypress: 1
962.9244 	EXP 	Question: autoDraw = False
962.9244 	EXP 	scale: autoDraw = False
962.9244 	EXP 	Wait3: autoDraw = True
965.9083 	EXP 	New trial (rep=0, index=23): OrderedDict([(u'pic', u'eyes6.png'), (u'sound', u'heart120_1.wav'), (u'c1', u'aghast'), (u'c2', u'fantasizing'), (u'c3', u'impatient'), (u'c4', u'alarmed'), (u'answerNum', 2.0), (u'answer', u'fantasizing'), (u'marker', u"120'")])
966.0079 	EXP 	Wait3: autoDraw = False
966.0079 	EXP 	Wait3: autoDraw = False
966.0079 	EXP 	image: image = u'eyes6.png'
966.0079 	EXP 	Choice1: text = u'1.aghast'
966.0079 	EXP 	Choice2: text = u'2.fantasizing'
966.0079 	EXP 	Choice3: text = u'3.impatient'
966.0079 	EXP 	Choice4: text = u'4.alarmed'
966.0079 	EXP 	image: autoDraw = True
966.0079 	EXP 	Choice1: autoDraw = True
966.0079 	EXP 	Choice2: autoDraw = True
966.0079 	EXP 	Choice3: autoDraw = True
966.0079 	EXP 	Choice4: autoDraw = True
966.0079 	EXP 	Chosen: autoDraw = True
966.0079 	EXP 	YourChoice: autoDraw = True
966.0079 	EXP 	twentysec: autoDraw = True
966.0079 	EXP 	Timer: autoDraw = True
970.9229 	EXP 	twentysec: autoDraw = False
970.9388 	EXP 	FifteenSec: autoDraw = True
975.9213 	EXP 	FifteenSec: autoDraw = False
975.9378 	EXP 	TenSec: autoDraw = True
978.5407 	DATA 	Keypress: 2
980.9235 	EXP 	TenSec: autoDraw = False
980.9407 	EXP 	FiveSec: autoDraw = True
985.9227 	EXP 	image: autoDraw = False
985.9227 	EXP 	Choice1: autoDraw = False
985.9227 	EXP 	Choice2: autoDraw = False
985.9227 	EXP 	Choice3: autoDraw = False
985.9227 	EXP 	Choice4: autoDraw = False
985.9227 	EXP 	Chosen: autoDraw = False
985.9227 	EXP 	YourChoice: autoDraw = False
985.9227 	EXP 	FiveSec: autoDraw = False
985.9227 	EXP 	Timer: autoDraw = False
985.9227 	EXP 	image: autoDraw = False
985.9227 	EXP 	Choice1: autoDraw = False
985.9227 	EXP 	Choice2: autoDraw = False
985.9227 	EXP 	Choice3: autoDraw = False
985.9227 	EXP 	Choice4: autoDraw = False
985.9227 	EXP 	Chosen: autoDraw = False
985.9227 	EXP 	YourChoice: autoDraw = False
985.9227 	EXP 	twentysec: autoDraw = False
985.9227 	EXP 	FifteenSec: autoDraw = False
985.9227 	EXP 	TenSec: autoDraw = False
985.9227 	EXP 	FiveSec: autoDraw = False
985.9227 	EXP 	Timer: autoDraw = False
985.9227 	EXP 	Question: autoDraw = True
985.9227 	EXP 	scale: autoDraw = True
994.1250 	DATA 	Keypress: 1
994.1398 	EXP 	Question: autoDraw = False
994.1398 	EXP 	scale: autoDraw = False
994.1398 	EXP 	Wait3: autoDraw = True
997.1236 	EXP 	New trial (rep=0, index=24): OrderedDict([(u'pic', u'eyes7.png'), (u'sound', u'heart120_1.wav'), (u'c1', u'apologetic'), (u'c2', u'friendly'), (u'c3', u'uneasy'), (u'c4', u'dispirited'), (u'answerNum', 3.0), (u'answer', u'uneasy'), (u'marker', u"120'")])
997.2240 	EXP 	Wait3: autoDraw = False
997.2240 	EXP 	Wait3: autoDraw = False
997.2240 	EXP 	image: image = u'eyes7.png'
997.2240 	EXP 	Choice1: text = u'1.apologetic'
997.2240 	EXP 	Choice2: text = u'2.friendly'
997.2240 	EXP 	Choice3: text = u'3.uneasy'
997.2240 	EXP 	Choice4: text = u'4.dispirited'
997.2240 	EXP 	image: autoDraw = True
997.2240 	EXP 	Choice1: autoDraw = True
997.2240 	EXP 	Choice2: autoDraw = True
997.2240 	EXP 	Choice3: autoDraw = True
997.2240 	EXP 	Choice4: autoDraw = True
997.2240 	EXP 	Chosen: autoDraw = True
997.2240 	EXP 	YourChoice: autoDraw = True
997.2240 	EXP 	twentysec: autoDraw = True
997.2240 	EXP 	Timer: autoDraw = True
1002.1374 	EXP 	twentysec: autoDraw = False
1002.1547 	EXP 	FifteenSec: autoDraw = True
1004.9107 	DATA 	Keypress: 3
1007.1387 	EXP 	FifteenSec: autoDraw = False
1007.1548 	EXP 	TenSec: autoDraw = True
1012.1373 	EXP 	TenSec: autoDraw = False
1012.1542 	EXP 	FiveSec: autoDraw = True
1017.1382 	EXP 	image: autoDraw = False
1017.1382 	EXP 	Choice1: autoDraw = False
1017.1382 	EXP 	Choice2: autoDraw = False
1017.1382 	EXP 	Choice3: autoDraw = False
1017.1382 	EXP 	Choice4: autoDraw = False
1017.1382 	EXP 	Chosen: autoDraw = False
1017.1382 	EXP 	YourChoice: autoDraw = False
1017.1382 	EXP 	FiveSec: autoDraw = False
1017.1382 	EXP 	Timer: autoDraw = False
1017.1382 	EXP 	image: autoDraw = False
1017.1382 	EXP 	Choice1: autoDraw = False
1017.1382 	EXP 	Choice2: autoDraw = False
1017.1382 	EXP 	Choice3: autoDraw = False
1017.1382 	EXP 	Choice4: autoDraw = False
1017.1382 	EXP 	Chosen: autoDraw = False
1017.1382 	EXP 	YourChoice: autoDraw = False
1017.1382 	EXP 	twentysec: autoDraw = False
1017.1382 	EXP 	FifteenSec: autoDraw = False
1017.1382 	EXP 	TenSec: autoDraw = False
1017.1382 	EXP 	FiveSec: autoDraw = False
1017.1382 	EXP 	Timer: autoDraw = False
1017.1382 	EXP 	Question: autoDraw = True
1017.1382 	EXP 	scale: autoDraw = True
1022.6726 	DATA 	Keypress: 2
1022.6885 	EXP 	Question: autoDraw = False
1022.6885 	EXP 	scale: autoDraw = False
1022.6885 	EXP 	Wait3: autoDraw = True
1025.6729 	EXP 	New trial (rep=0, index=25): OrderedDict([(u'pic', u'eyes10.png'), (u'sound', u'silence.wav'), (u'c1', u'cautious'), (u'c2', u'insisting'), (u'c3', u'bored'), (u'c4', u'aghast'), (u'answerNum', 1.0), (u'answer', u'cautious'), (u'marker', u'Silence')])
1025.7747 	EXP 	Wait3: autoDraw = False
1025.7747 	EXP 	Wait3: autoDraw = False
1025.7747 	EXP 	image: image = u'eyes10.png'
1025.7747 	EXP 	Choice1: text = u'1.cautious'
1025.7747 	EXP 	Choice2: text = u'2.insisting'
1025.7747 	EXP 	Choice3: text = u'3.bored'
1025.7747 	EXP 	Choice4: text = u'4.aghast'
1025.7747 	EXP 	image: autoDraw = True
1025.7747 	EXP 	Choice1: autoDraw = True
1025.7747 	EXP 	Choice2: autoDraw = True
1025.7747 	EXP 	Choice3: autoDraw = True
1025.7747 	EXP 	Choice4: autoDraw = True
1025.7747 	EXP 	Chosen: autoDraw = True
1025.7747 	EXP 	YourChoice: autoDraw = True
1025.7747 	EXP 	twentysec: autoDraw = True
1025.7747 	EXP 	Timer: autoDraw = True
1030.6882 	EXP 	twentysec: autoDraw = False
1030.7047 	EXP 	FifteenSec: autoDraw = True
1031.5565 	DATA 	Keypress: 1
1035.6894 	EXP 	FifteenSec: autoDraw = False
1035.7064 	EXP 	TenSec: autoDraw = True
1040.6919 	EXP 	TenSec: autoDraw = False
1040.6919 	EXP 	FiveSec: autoDraw = True
1045.6901 	EXP 	image: autoDraw = False
1045.6901 	EXP 	Choice1: autoDraw = False
1045.6901 	EXP 	Choice2: autoDraw = False
1045.6901 	EXP 	Choice3: autoDraw = False
1045.6901 	EXP 	Choice4: autoDraw = False
1045.6901 	EXP 	Chosen: autoDraw = False
1045.6901 	EXP 	YourChoice: autoDraw = False
1045.6901 	EXP 	twentysec: autoDraw = False
1045.6901 	EXP 	FifteenSec: autoDraw = False
1045.6901 	EXP 	TenSec: autoDraw = False
1045.6901 	EXP 	FiveSec: autoDraw = False
1045.6901 	EXP 	Timer: autoDraw = False
1045.6901 	EXP 	Question: autoDraw = True
1045.6901 	EXP 	scale: autoDraw = True
1049.7413 	DATA 	Keypress: 3
1049.7561 	EXP 	Question: autoDraw = False
1049.7561 	EXP 	scale: autoDraw = False
1049.7561 	EXP 	Wait3: autoDraw = True
1052.7405 	EXP 	New trial (rep=0, index=26): OrderedDict([(u'pic', u'eyes15.png'), (u'sound', u'heart120_1.wav'), (u'c1', u'contemplative'), (u'c2', u'flustered'), (u'c3', u'encouraging'), (u'c4', u'amused'), (u'answerNum', 1.0), (u'answer', u'contemplative'), (u'marker', u"120'")])
1052.8398 	EXP 	Wait3: autoDraw = False
1052.8398 	EXP 	Wait3: autoDraw = False
1052.8398 	EXP 	image: image = u'eyes15.png'
1052.8398 	EXP 	Choice1: text = u'1.contemplative'
1052.8398 	EXP 	Choice2: text = u'2.flustered'
1052.8398 	EXP 	Choice3: text = u'3.encouraging'
1052.8398 	EXP 	Choice4: text = u'4.amused'
1052.8398 	EXP 	image: autoDraw = True
1052.8398 	EXP 	Choice1: autoDraw = True
1052.8398 	EXP 	Choice2: autoDraw = True
1052.8398 	EXP 	Choice3: autoDraw = True
1052.8398 	EXP 	Choice4: autoDraw = True
1052.8398 	EXP 	Chosen: autoDraw = True
1052.8398 	EXP 	YourChoice: autoDraw = True
1052.8398 	EXP 	twentysec: autoDraw = True
1052.8398 	EXP 	Timer: autoDraw = True
1057.7755 	EXP 	twentysec: autoDraw = False
1057.7755 	EXP 	FifteenSec: autoDraw = True
1057.8960 	DATA 	Keypress: 1
1062.7729 	EXP 	FifteenSec: autoDraw = False
1062.7729 	EXP 	TenSec: autoDraw = True
1067.7572 	EXP 	TenSec: autoDraw = False
1067.7765 	EXP 	FiveSec: autoDraw = True
1072.7742 	EXP 	image: autoDraw = False
1072.7742 	EXP 	Choice1: autoDraw = False
1072.7742 	EXP 	Choice2: autoDraw = False
1072.7742 	EXP 	Choice3: autoDraw = False
1072.7742 	EXP 	Choice4: autoDraw = False
1072.7742 	EXP 	Chosen: autoDraw = False
1072.7742 	EXP 	YourChoice: autoDraw = False
1072.7742 	EXP 	twentysec: autoDraw = False
1072.7742 	EXP 	FifteenSec: autoDraw = False
1072.7742 	EXP 	TenSec: autoDraw = False
1072.7742 	EXP 	FiveSec: autoDraw = False
1072.7742 	EXP 	Timer: autoDraw = False
1072.7742 	EXP 	Question: autoDraw = True
1072.7742 	EXP 	scale: autoDraw = True
1077.2409 	DATA 	Keypress: 1
1077.2558 	EXP 	Question: autoDraw = False
1077.2558 	EXP 	scale: autoDraw = False
1077.2558 	EXP 	Wait3: autoDraw = True
1080.2399 	EXP 	New trial (rep=0, index=27): OrderedDict([(u'pic', u'eyes17.png'), (u'sound', u'silence.wav'), (u'c1', u'doubtful'), (u'c2', u'affectionate'), (u'c3', u'playful'), (u'c4', u'aghast'), (u'answerNum', 1.0), (u'answer', u'doubtful'), (u'marker', u'Silence')])
1080.3422 	EXP 	Wait3: autoDraw = False
1080.3422 	EXP 	Wait3: autoDraw = False
1080.3422 	EXP 	image: image = u'eyes17.png'
1080.3422 	EXP 	Choice1: text = u'1.doubtful'
1080.3422 	EXP 	Choice2: text = u'2.affectionate'
1080.3422 	EXP 	Choice3: text = u'3.playful'
1080.3422 	EXP 	Choice4: text = u'4.aghast'
1080.3422 	EXP 	image: autoDraw = True
1080.3422 	EXP 	Choice1: autoDraw = True
1080.3422 	EXP 	Choice2: autoDraw = True
1080.3422 	EXP 	Choice3: autoDraw = True
1080.3422 	EXP 	Choice4: autoDraw = True
1080.3422 	EXP 	Chosen: autoDraw = True
1080.3422 	EXP 	YourChoice: autoDraw = True
1080.3422 	EXP 	twentysec: autoDraw = True
1080.3422 	EXP 	Timer: autoDraw = True
1085.2538 	EXP 	twentysec: autoDraw = False
1085.2701 	EXP 	FifteenSec: autoDraw = True
1090.2539 	EXP 	FifteenSec: autoDraw = False
1090.2691 	EXP 	TenSec: autoDraw = True
1092.5063 	DATA 	Keypress: 1
1095.2557 	EXP 	TenSec: autoDraw = False
1095.2723 	EXP 	FiveSec: autoDraw = True
1100.2554 	EXP 	image: autoDraw = False
1100.2554 	EXP 	Choice1: autoDraw = False
1100.2554 	EXP 	Choice2: autoDraw = False
1100.2554 	EXP 	Choice3: autoDraw = False
1100.2554 	EXP 	Choice4: autoDraw = False
1100.2554 	EXP 	Chosen: autoDraw = False
1100.2554 	EXP 	YourChoice: autoDraw = False
1100.2554 	EXP 	FiveSec: autoDraw = False
1100.2554 	EXP 	Timer: autoDraw = False
1100.2554 	EXP 	image: autoDraw = False
1100.2554 	EXP 	Choice1: autoDraw = False
1100.2554 	EXP 	Choice2: autoDraw = False
1100.2554 	EXP 	Choice3: autoDraw = False
1100.2554 	EXP 	Choice4: autoDraw = False
1100.2554 	EXP 	Chosen: autoDraw = False
1100.2554 	EXP 	YourChoice: autoDraw = False
1100.2554 	EXP 	twentysec: autoDraw = False
1100.2554 	EXP 	FifteenSec: autoDraw = False
1100.2554 	EXP 	TenSec: autoDraw = False
1100.2554 	EXP 	FiveSec: autoDraw = False
1100.2554 	EXP 	Timer: autoDraw = False
1100.2554 	EXP 	Question: autoDraw = True
1100.2554 	EXP 	scale: autoDraw = True
1103.9066 	DATA 	Keypress: 3
1103.9223 	EXP 	Question: autoDraw = False
1103.9223 	EXP 	scale: autoDraw = False
1103.9223 	EXP 	Wait3: autoDraw = True
1106.9061 	EXP 	New trial (rep=0, index=28): OrderedDict([(u'pic', u'eyes18.png'), (u'sound', u'silence.wav'), (u'c1', u'amused'), (u'c2', u'decisive'), (u'c3', u'aghast'), (u'c4', u'bored'), (u'answerNum', 2.0), (u'answer', u'decisive'), (u'marker', u'Silence')])
1107.0090 	EXP 	Wait3: autoDraw = False
1107.0090 	EXP 	Wait3: autoDraw = False
1107.0090 	EXP 	image: image = u'eyes18.png'
1107.0090 	EXP 	Choice1: text = u'1.amused'
1107.0090 	EXP 	Choice2: text = u'2.decisive'
1107.0090 	EXP 	Choice3: text = u'3.aghast'
1107.0090 	EXP 	Choice4: text = u'4.bored'
1107.0090 	EXP 	image: autoDraw = True
1107.0090 	EXP 	Choice1: autoDraw = True
1107.0090 	EXP 	Choice2: autoDraw = True
1107.0090 	EXP 	Choice3: autoDraw = True
1107.0090 	EXP 	Choice4: autoDraw = True
1107.0090 	EXP 	Chosen: autoDraw = True
1107.0090 	EXP 	YourChoice: autoDraw = True
1107.0090 	EXP 	twentysec: autoDraw = True
1107.0090 	EXP 	Timer: autoDraw = True
1109.9716 	DATA 	Keypress: 2
1111.9242 	EXP 	twentysec: autoDraw = False
1111.9242 	EXP 	FifteenSec: autoDraw = True
1116.9216 	EXP 	FifteenSec: autoDraw = False
1116.9382 	EXP 	TenSec: autoDraw = True
1121.9219 	EXP 	TenSec: autoDraw = False
1121.9387 	EXP 	FiveSec: autoDraw = True
1126.9214 	EXP 	image: autoDraw = False
1126.9214 	EXP 	Choice1: autoDraw = False
1126.9214 	EXP 	Choice2: autoDraw = False
1126.9214 	EXP 	Choice3: autoDraw = False
1126.9214 	EXP 	Choice4: autoDraw = False
1126.9214 	EXP 	Chosen: autoDraw = False
1126.9214 	EXP 	YourChoice: autoDraw = False
1126.9214 	EXP 	FiveSec: autoDraw = False
1126.9214 	EXP 	Timer: autoDraw = False
1126.9214 	EXP 	image: autoDraw = False
1126.9214 	EXP 	Choice1: autoDraw = False
1126.9214 	EXP 	Choice2: autoDraw = False
1126.9214 	EXP 	Choice3: autoDraw = False
1126.9214 	EXP 	Choice4: autoDraw = False
1126.9214 	EXP 	Chosen: autoDraw = False
1126.9214 	EXP 	YourChoice: autoDraw = False
1126.9214 	EXP 	twentysec: autoDraw = False
1126.9214 	EXP 	FifteenSec: autoDraw = False
1126.9214 	EXP 	TenSec: autoDraw = False
1126.9214 	EXP 	FiveSec: autoDraw = False
1126.9214 	EXP 	Timer: autoDraw = False
1126.9214 	EXP 	Question: autoDraw = True
1126.9214 	EXP 	scale: autoDraw = True
1131.4554 	DATA 	Keypress: 3
1131.4704 	EXP 	Question: autoDraw = False
1131.4704 	EXP 	scale: autoDraw = False
1131.4704 	EXP 	Wait3: autoDraw = True
1134.4544 	EXP 	New trial (rep=0, index=29): OrderedDict([(u'pic', u'eyes20.png'), (u'sound', u'heart120_1.wav'), (u'c1', u'dominant'), (u'c2', u'horrified'), (u'c3', u'guilty'), (u'c4', u'friendly'), (u'answerNum', 4.0), (u'answer', u'friendly'), (u'marker', u"120'")])
1134.5595 	EXP 	Wait3: autoDraw = False
1134.5595 	EXP 	Wait3: autoDraw = False
1134.5595 	EXP 	image: image = u'eyes20.png'
1134.5595 	EXP 	Choice1: text = u'1.dominant'
1134.5595 	EXP 	Choice2: text = u'2.horrified'
1134.5595 	EXP 	Choice3: text = u'3.guilty'
1134.5595 	EXP 	Choice4: text = u'4.friendly'
1134.5595 	EXP 	image: autoDraw = True
1134.5595 	EXP 	Choice1: autoDraw = True
1134.5595 	EXP 	Choice2: autoDraw = True
1134.5595 	EXP 	Choice3: autoDraw = True
1134.5595 	EXP 	Choice4: autoDraw = True
1134.5595 	EXP 	Chosen: autoDraw = True
1134.5595 	EXP 	YourChoice: autoDraw = True
1134.5595 	EXP 	twentysec: autoDraw = True
1134.5595 	EXP 	Timer: autoDraw = True
1138.6412 	DATA 	Keypress: 4
1139.4756 	EXP 	twentysec: autoDraw = False
1139.4756 	EXP 	FifteenSec: autoDraw = True
1144.4750 	EXP 	FifteenSec: autoDraw = False
1144.4750 	EXP 	TenSec: autoDraw = True
1149.4888 	EXP 	TenSec: autoDraw = False
1149.4888 	EXP 	FiveSec: autoDraw = True
1154.4724 	EXP 	image: autoDraw = False
1154.4724 	EXP 	Choice1: autoDraw = False
1154.4724 	EXP 	Choice2: autoDraw = False
1154.4724 	EXP 	Choice3: autoDraw = False
1154.4724 	EXP 	Choice4: autoDraw = False
1154.4724 	EXP 	Chosen: autoDraw = False
1154.4724 	EXP 	YourChoice: autoDraw = False
1154.4724 	EXP 	FiveSec: autoDraw = False
1154.4724 	EXP 	Timer: autoDraw = False
1154.4724 	EXP 	image: autoDraw = False
1154.4724 	EXP 	Choice1: autoDraw = False
1154.4724 	EXP 	Choice2: autoDraw = False
1154.4724 	EXP 	Choice3: autoDraw = False
1154.4724 	EXP 	Choice4: autoDraw = False
1154.4724 	EXP 	Chosen: autoDraw = False
1154.4724 	EXP 	YourChoice: autoDraw = False
1154.4724 	EXP 	twentysec: autoDraw = False
1154.4724 	EXP 	FifteenSec: autoDraw = False
1154.4724 	EXP 	TenSec: autoDraw = False
1154.4724 	EXP 	FiveSec: autoDraw = False
1154.4724 	EXP 	Timer: autoDraw = False
1154.4724 	EXP 	Question: autoDraw = True
1154.4724 	EXP 	scale: autoDraw = True
1159.7238 	DATA 	Keypress: 2
1159.7383 	EXP 	Question: autoDraw = False
1159.7383 	EXP 	scale: autoDraw = False
1159.7383 	EXP 	Wait3: autoDraw = True
1162.7226 	EXP 	New trial (rep=0, index=30): OrderedDict([(u'pic', u'eyes21.png'), (u'sound', u'heart120_1.wav'), (u'c1', u'embarassed '), (u'c2', u'fantasizing'), (u'c3', u'confused'), (u'c4', u'panicked '), (u'answerNum', None), (u'answer', u'fantasizing'), (u'marker', u"120'")])
1162.8063 	EXP 	Wait3: autoDraw = False
1162.8063 	EXP 	Wait3: autoDraw = False
1162.8063 	EXP 	image: image = u'eyes21.png'
1162.8063 	EXP 	Choice1: text = u'1.embarassed '
1162.8063 	EXP 	Choice2: text = u'2.fantasizing'
1162.8063 	EXP 	Choice3: text = u'3.confused'
1162.8063 	EXP 	Choice4: text = u'4.panicked '
1162.8063 	EXP 	image: autoDraw = True
1162.8063 	EXP 	Choice1: autoDraw = True
1162.8063 	EXP 	Choice2: autoDraw = True
1162.8063 	EXP 	Choice3: autoDraw = True
1162.8063 	EXP 	Choice4: autoDraw = True
1162.8063 	EXP 	Chosen: autoDraw = True
1162.8063 	EXP 	YourChoice: autoDraw = True
1162.8063 	EXP 	twentysec: autoDraw = True
1162.8063 	EXP 	Timer: autoDraw = True
1167.7360 	EXP 	twentysec: autoDraw = False
1167.7535 	EXP 	FifteenSec: autoDraw = True
1172.7369 	EXP 	FifteenSec: autoDraw = False
1172.7535 	EXP 	TenSec: autoDraw = True
1177.5725 	DATA 	Keypress: 2
1177.7382 	EXP 	TenSec: autoDraw = False
1177.7551 	EXP 	FiveSec: autoDraw = True
1182.7382 	EXP 	image: autoDraw = False
1182.7382 	EXP 	Choice1: autoDraw = False
1182.7382 	EXP 	Choice2: autoDraw = False
1182.7382 	EXP 	Choice3: autoDraw = False
1182.7382 	EXP 	Choice4: autoDraw = False
1182.7382 	EXP 	Chosen: autoDraw = False
1182.7382 	EXP 	YourChoice: autoDraw = False
1182.7382 	EXP 	FiveSec: autoDraw = False
1182.7382 	EXP 	Timer: autoDraw = False
1182.7382 	EXP 	image: autoDraw = False
1182.7382 	EXP 	Choice1: autoDraw = False
1182.7382 	EXP 	Choice2: autoDraw = False
1182.7382 	EXP 	Choice3: autoDraw = False
1182.7382 	EXP 	Choice4: autoDraw = False
1182.7382 	EXP 	Chosen: autoDraw = False
1182.7382 	EXP 	YourChoice: autoDraw = False
1182.7382 	EXP 	twentysec: autoDraw = False
1182.7382 	EXP 	FifteenSec: autoDraw = False
1182.7382 	EXP 	TenSec: autoDraw = False
1182.7382 	EXP 	FiveSec: autoDraw = False
1182.7382 	EXP 	Timer: autoDraw = False
1182.7382 	EXP 	Question: autoDraw = True
1182.7382 	EXP 	scale: autoDraw = True
1193.0256 	DATA 	Keypress: 3
1193.0545 	EXP 	Question: autoDraw = False
1193.0545 	EXP 	scale: autoDraw = False
1193.0545 	EXP 	Wait3: autoDraw = True
1196.0375 	EXP 	New trial (rep=0, index=31): OrderedDict([(u'pic', u'eyes22.png'), (u'sound', u'heart120_1.wav'), (u'c1', u'preoccupied'), (u'c2', u'grateful'), (u'c3', u'insisting'), (u'c4', u'implorign'), (u'answerNum', None), (u'answer', u'preoccupied'), (u'marker', u"120'")])
1196.1218 	EXP 	Wait3: autoDraw = False
1196.1218 	EXP 	Wait3: autoDraw = False
1196.1218 	EXP 	image: image = u'eyes22.png'
1196.1218 	EXP 	Choice1: text = u'1.preoccupied'
1196.1218 	EXP 	Choice2: text = u'2.grateful'
1196.1218 	EXP 	Choice3: text = u'3.insisting'
1196.1218 	EXP 	Choice4: text = u'4.implorign'
1196.1218 	EXP 	image: autoDraw = True
1196.1218 	EXP 	Choice1: autoDraw = True
1196.1218 	EXP 	Choice2: autoDraw = True
1196.1218 	EXP 	Choice3: autoDraw = True
1196.1218 	EXP 	Choice4: autoDraw = True
1196.1218 	EXP 	Chosen: autoDraw = True
1196.1218 	EXP 	YourChoice: autoDraw = True
1196.1218 	EXP 	twentysec: autoDraw = True
1196.1218 	EXP 	Timer: autoDraw = True
1201.0528 	EXP 	twentysec: autoDraw = False
1201.0698 	EXP 	FifteenSec: autoDraw = True
1202.3219 	DATA 	Keypress: 1
1206.0546 	EXP 	FifteenSec: autoDraw = False
1206.0546 	EXP 	TenSec: autoDraw = True
1211.0547 	EXP 	TenSec: autoDraw = False
1211.0547 	EXP 	FiveSec: autoDraw = True
1216.0543 	EXP 	image: autoDraw = False
1216.0543 	EXP 	Choice1: autoDraw = False
1216.0543 	EXP 	Choice2: autoDraw = False
1216.0543 	EXP 	Choice3: autoDraw = False
1216.0543 	EXP 	Choice4: autoDraw = False
1216.0543 	EXP 	Chosen: autoDraw = False
1216.0543 	EXP 	YourChoice: autoDraw = False
1216.0543 	EXP 	FiveSec: autoDraw = False
1216.0543 	EXP 	Timer: autoDraw = False
1216.0543 	EXP 	image: autoDraw = False
1216.0543 	EXP 	Choice1: autoDraw = False
1216.0543 	EXP 	Choice2: autoDraw = False
1216.0543 	EXP 	Choice3: autoDraw = False
1216.0543 	EXP 	Choice4: autoDraw = False
1216.0543 	EXP 	Chosen: autoDraw = False
1216.0543 	EXP 	YourChoice: autoDraw = False
1216.0543 	EXP 	twentysec: autoDraw = False
1216.0543 	EXP 	FifteenSec: autoDraw = False
1216.0543 	EXP 	TenSec: autoDraw = False
1216.0543 	EXP 	FiveSec: autoDraw = False
1216.0543 	EXP 	Timer: autoDraw = False
1216.0543 	EXP 	Question: autoDraw = True
1216.0543 	EXP 	scale: autoDraw = True
1218.2561 	DATA 	Keypress: 4
1218.2706 	EXP 	Question: autoDraw = False
1218.2706 	EXP 	scale: autoDraw = False
1218.2706 	EXP 	Wait3: autoDraw = True
1221.2548 	EXP 	New trial (rep=0, index=32): OrderedDict([(u'pic', u'eyes23.png'), (u'sound', u'heart60_2.wav'), (u'c1', u'contented'), (u'c2', u'apologetic'), (u'c3', u'defiant'), (u'c4', u'curious'), (u'answerNum', None), (u'answer', u'defiant'), (u'marker', u"60'")])
1221.3383 	EXP 	Wait3: autoDraw = False
1221.3383 	EXP 	Wait3: autoDraw = False
1221.3383 	EXP 	image: image = u'eyes23.png'
1221.3383 	EXP 	Choice1: text = u'1.contented'
1221.3383 	EXP 	Choice2: text = u'2.apologetic'
1221.3383 	EXP 	Choice3: text = u'3.defiant'
1221.3383 	EXP 	Choice4: text = u'4.curious'
1221.3383 	EXP 	image: autoDraw = True
1221.3383 	EXP 	Choice1: autoDraw = True
1221.3383 	EXP 	Choice2: autoDraw = True
1221.3383 	EXP 	Choice3: autoDraw = True
1221.3383 	EXP 	Choice4: autoDraw = True
1221.3383 	EXP 	Chosen: autoDraw = True
1221.3383 	EXP 	YourChoice: autoDraw = True
1221.3383 	EXP 	twentysec: autoDraw = True
1221.3383 	EXP 	Timer: autoDraw = True
1226.2721 	EXP 	twentysec: autoDraw = False
1226.2905 	EXP 	FifteenSec: autoDraw = True
1228.8965 	DATA 	Keypress: 3
1231.2881 	EXP 	FifteenSec: autoDraw = False
1231.2881 	EXP 	TenSec: autoDraw = True
1236.2764 	EXP 	TenSec: autoDraw = False
1236.2764 	EXP 	FiveSec: autoDraw = True
1241.2717 	EXP 	image: autoDraw = False
1241.2717 	EXP 	Choice1: autoDraw = False
1241.2717 	EXP 	Choice2: autoDraw = False
1241.2717 	EXP 	Choice3: autoDraw = False
1241.2717 	EXP 	Choice4: autoDraw = False
1241.2717 	EXP 	Chosen: autoDraw = False
1241.2717 	EXP 	YourChoice: autoDraw = False
1241.2717 	EXP 	FiveSec: autoDraw = False
1241.2717 	EXP 	Timer: autoDraw = False
1241.2717 	EXP 	image: autoDraw = False
1241.2717 	EXP 	Choice1: autoDraw = False
1241.2717 	EXP 	Choice2: autoDraw = False
1241.2717 	EXP 	Choice3: autoDraw = False
1241.2717 	EXP 	Choice4: autoDraw = False
1241.2717 	EXP 	Chosen: autoDraw = False
1241.2717 	EXP 	YourChoice: autoDraw = False
1241.2717 	EXP 	twentysec: autoDraw = False
1241.2717 	EXP 	FifteenSec: autoDraw = False
1241.2717 	EXP 	TenSec: autoDraw = False
1241.2717 	EXP 	FiveSec: autoDraw = False
1241.2717 	EXP 	Timer: autoDraw = False
1241.2717 	EXP 	Question: autoDraw = True
1241.2717 	EXP 	scale: autoDraw = True
1242.7396 	DATA 	Keypress: 3
1242.7542 	EXP 	Question: autoDraw = False
1242.7542 	EXP 	scale: autoDraw = False
1242.7542 	EXP 	Wait3: autoDraw = True
1245.7380 	EXP 	New trial (rep=0, index=33): OrderedDict([(u'pic', u'eyes21.png'), (u'sound', u'silence.wav'), (u'c1', u'embarassed '), (u'c2', u'fantasizing'), (u'c3', u'confused'), (u'c4', u'panicked '), (u'answerNum', None), (u'answer', u'fantasizing'), (u'marker', u"silence'")])
1245.8263 	EXP 	Wait3: autoDraw = False
1245.8263 	EXP 	Wait3: autoDraw = False
1245.8263 	EXP 	image: image = u'eyes21.png'
1245.8263 	EXP 	Choice1: text = u'1.embarassed '
1245.8263 	EXP 	Choice2: text = u'2.fantasizing'
1245.8263 	EXP 	Choice3: text = u'3.confused'
1245.8263 	EXP 	Choice4: text = u'4.panicked '
1245.8263 	EXP 	image: autoDraw = True
1245.8263 	EXP 	Choice1: autoDraw = True
1245.8263 	EXP 	Choice2: autoDraw = True
1245.8263 	EXP 	Choice3: autoDraw = True
1245.8263 	EXP 	Choice4: autoDraw = True
1245.8263 	EXP 	Chosen: autoDraw = True
1245.8263 	EXP 	YourChoice: autoDraw = True
1245.8263 	EXP 	twentysec: autoDraw = True
1245.8263 	EXP 	Timer: autoDraw = True
1250.7549 	EXP 	twentysec: autoDraw = False
1250.7737 	EXP 	FifteenSec: autoDraw = True
1255.7591 	EXP 	FifteenSec: autoDraw = False
1255.7591 	EXP 	TenSec: autoDraw = True
1260.7556 	EXP 	TenSec: autoDraw = False
1260.7742 	EXP 	FiveSec: autoDraw = True
1262.3242 	DATA 	Keypress: 2
1265.7580 	EXP 	image: autoDraw = False
1265.7580 	EXP 	Choice1: autoDraw = False
1265.7580 	EXP 	Choice2: autoDraw = False
1265.7580 	EXP 	Choice3: autoDraw = False
1265.7580 	EXP 	Choice4: autoDraw = False
1265.7580 	EXP 	Chosen: autoDraw = False
1265.7580 	EXP 	YourChoice: autoDraw = False
1265.7580 	EXP 	FiveSec: autoDraw = False
1265.7580 	EXP 	Timer: autoDraw = False
1265.7580 	EXP 	image: autoDraw = False
1265.7580 	EXP 	Choice1: autoDraw = False
1265.7580 	EXP 	Choice2: autoDraw = False
1265.7580 	EXP 	Choice3: autoDraw = False
1265.7580 	EXP 	Choice4: autoDraw = False
1265.7580 	EXP 	Chosen: autoDraw = False
1265.7580 	EXP 	YourChoice: autoDraw = False
1265.7580 	EXP 	twentysec: autoDraw = False
1265.7580 	EXP 	FifteenSec: autoDraw = False
1265.7580 	EXP 	TenSec: autoDraw = False
1265.7580 	EXP 	FiveSec: autoDraw = False
1265.7580 	EXP 	Timer: autoDraw = False
1265.7580 	EXP 	Question: autoDraw = True
1265.7580 	EXP 	scale: autoDraw = True
1272.6699 	DATA 	Keypress: 3
1272.6851 	EXP 	Question: autoDraw = False
1272.6851 	EXP 	scale: autoDraw = False
1272.6851 	EXP 	Wait3: autoDraw = True
1275.6709 	EXP 	New trial (rep=0, index=34): OrderedDict([(u'pic', u'eyes22.png'), (u'sound', u'heart60_2.wav'), (u'c1', u'preoccupied'), (u'c2', u'grateful'), (u'c3', u'insisting'), (u'c4', u'implorign'), (u'answerNum', None), (u'answer', u'preoccupied'), (u'marker', u"60'")])
1275.7542 	EXP 	Wait3: autoDraw = False
1275.7542 	EXP 	Wait3: autoDraw = False
1275.7542 	EXP 	image: image = u'eyes22.png'
1275.7542 	EXP 	Choice1: text = u'1.preoccupied'
1275.7542 	EXP 	Choice2: text = u'2.grateful'
1275.7542 	EXP 	Choice3: text = u'3.insisting'
1275.7542 	EXP 	Choice4: text = u'4.implorign'
1275.7542 	EXP 	image: autoDraw = True
1275.7542 	EXP 	Choice1: autoDraw = True
1275.7542 	EXP 	Choice2: autoDraw = True
1275.7542 	EXP 	Choice3: autoDraw = True
1275.7542 	EXP 	Choice4: autoDraw = True
1275.7542 	EXP 	Chosen: autoDraw = True
1275.7542 	EXP 	YourChoice: autoDraw = True
1275.7542 	EXP 	twentysec: autoDraw = True
1275.7542 	EXP 	Timer: autoDraw = True
1279.2270 	DATA 	Keypress: 1
1280.7067 	EXP 	twentysec: autoDraw = False
1280.7067 	EXP 	FifteenSec: autoDraw = True
1285.7067 	EXP 	FifteenSec: autoDraw = False
1285.7067 	EXP 	TenSec: autoDraw = True
1290.6903 	EXP 	TenSec: autoDraw = False
1290.6903 	EXP 	FiveSec: autoDraw = True
1295.6881 	EXP 	image: autoDraw = False
1295.6881 	EXP 	Choice1: autoDraw = False
1295.6881 	EXP 	Choice2: autoDraw = False
1295.6881 	EXP 	Choice3: autoDraw = False
1295.6881 	EXP 	Choice4: autoDraw = False
1295.6881 	EXP 	Chosen: autoDraw = False
1295.6881 	EXP 	YourChoice: autoDraw = False
1295.6881 	EXP 	FiveSec: autoDraw = False
1295.6881 	EXP 	Timer: autoDraw = False
1295.6881 	EXP 	image: autoDraw = False
1295.6881 	EXP 	Choice1: autoDraw = False
1295.6881 	EXP 	Choice2: autoDraw = False
1295.6881 	EXP 	Choice3: autoDraw = False
1295.6881 	EXP 	Choice4: autoDraw = False
1295.6881 	EXP 	Chosen: autoDraw = False
1295.6881 	EXP 	YourChoice: autoDraw = False
1295.6881 	EXP 	twentysec: autoDraw = False
1295.6881 	EXP 	FifteenSec: autoDraw = False
1295.6881 	EXP 	TenSec: autoDraw = False
1295.6881 	EXP 	FiveSec: autoDraw = False
1295.6881 	EXP 	Timer: autoDraw = False
1295.6881 	EXP 	Question: autoDraw = True
1295.6881 	EXP 	scale: autoDraw = True
1302.2543 	DATA 	Keypress: 4
1302.2694 	EXP 	Question: autoDraw = False
1302.2694 	EXP 	scale: autoDraw = False
1302.2694 	EXP 	Wait3: autoDraw = True
1305.2539 	EXP 	New trial (rep=0, index=35): OrderedDict([(u'pic', u'eyes23.png'), (u'sound', u'silence.wav'), (u'c1', u'contented'), (u'c2', u'apologetic'), (u'c3', u'defiant'), (u'c4', u'curious'), (u'answerNum', None), (u'answer', u'defiant'), (u'marker', u"silence'")])
1305.3434 	EXP 	Wait3: autoDraw = False
1305.3434 	EXP 	Wait3: autoDraw = False
1305.3434 	EXP 	image: image = u'eyes23.png'
1305.3434 	EXP 	Choice1: text = u'1.contented'
1305.3434 	EXP 	Choice2: text = u'2.apologetic'
1305.3434 	EXP 	Choice3: text = u'3.defiant'
1305.3434 	EXP 	Choice4: text = u'4.curious'
1305.3434 	EXP 	image: autoDraw = True
1305.3434 	EXP 	Choice1: autoDraw = True
1305.3434 	EXP 	Choice2: autoDraw = True
1305.3434 	EXP 	Choice3: autoDraw = True
1305.3434 	EXP 	Choice4: autoDraw = True
1305.3434 	EXP 	Chosen: autoDraw = True
1305.3434 	EXP 	YourChoice: autoDraw = True
1305.3434 	EXP 	twentysec: autoDraw = True
1305.3434 	EXP 	Timer: autoDraw = True
1310.2879 	EXP 	twentysec: autoDraw = False
1310.2879 	EXP 	FifteenSec: autoDraw = True
1315.2745 	EXP 	FifteenSec: autoDraw = False
1315.2745 	EXP 	TenSec: autoDraw = True
1320.2728 	EXP 	TenSec: autoDraw = False
1320.2728 	EXP 	FiveSec: autoDraw = True
1325.2866 	EXP 	image: autoDraw = False
1325.2866 	EXP 	Choice1: autoDraw = False
1325.2866 	EXP 	Choice2: autoDraw = False
1325.2866 	EXP 	Choice3: autoDraw = False
1325.2866 	EXP 	Choice4: autoDraw = False
1325.2866 	EXP 	Chosen: autoDraw = False
1325.2866 	EXP 	YourChoice: autoDraw = False
1325.2866 	EXP 	twentysec: autoDraw = False
1325.2866 	EXP 	FifteenSec: autoDraw = False
1325.2866 	EXP 	TenSec: autoDraw = False
1325.2866 	EXP 	FiveSec: autoDraw = False
1325.2866 	EXP 	Timer: autoDraw = False
1325.2866 	EXP 	Question: autoDraw = True
1325.2866 	EXP 	scale: autoDraw = True
1331.7882 	DATA 	Keypress: 2
1331.8029 	EXP 	Question: autoDraw = False
1331.8029 	EXP 	scale: autoDraw = False
1331.8029 	EXP 	Wait3: autoDraw = True
1334.7873 	EXP 	New trial (rep=0, index=36): OrderedDict([(u'pic', u'eyes21.png'), (u'sound', u'heart60_2.wav'), (u'c1', u'embarassed '), (u'c2', u'fantasizing'), (u'c3', u'confused'), (u'c4', u'panicked '), (u'answerNum', None), (u'answer', u'fantasizing'), (u'marker', u"60'")])
1334.8704 	EXP 	Wait3: autoDraw = False
1334.8704 	EXP 	Wait3: autoDraw = False
1334.8704 	EXP 	image: image = u'eyes21.png'
1334.8704 	EXP 	Choice1: text = u'1.embarassed '
1334.8704 	EXP 	Choice2: text = u'2.fantasizing'
1334.8704 	EXP 	Choice3: text = u'3.confused'
1334.8704 	EXP 	Choice4: text = u'4.panicked '
1334.8704 	EXP 	image: autoDraw = True
1334.8704 	EXP 	Choice1: autoDraw = True
1334.8704 	EXP 	Choice2: autoDraw = True
1334.8704 	EXP 	Choice3: autoDraw = True
1334.8704 	EXP 	Choice4: autoDraw = True
1334.8704 	EXP 	Chosen: autoDraw = True
1334.8704 	EXP 	YourChoice: autoDraw = True
1334.8704 	EXP 	twentysec: autoDraw = True
1334.8704 	EXP 	Timer: autoDraw = True
1339.8204 	EXP 	twentysec: autoDraw = False
1339.8204 	EXP 	FifteenSec: autoDraw = True
1344.8203 	EXP 	FifteenSec: autoDraw = False
1344.8203 	EXP 	TenSec: autoDraw = True
1345.4578 	DATA 	Keypress: 2
1349.8203 	EXP 	TenSec: autoDraw = False
1349.8203 	EXP 	FiveSec: autoDraw = True
1354.8038 	EXP 	image: autoDraw = False
1354.8038 	EXP 	Choice1: autoDraw = False
1354.8038 	EXP 	Choice2: autoDraw = False
1354.8038 	EXP 	Choice3: autoDraw = False
1354.8038 	EXP 	Choice4: autoDraw = False
1354.8038 	EXP 	Chosen: autoDraw = False
1354.8038 	EXP 	YourChoice: autoDraw = False
1354.8038 	EXP 	FiveSec: autoDraw = False
1354.8038 	EXP 	Timer: autoDraw = False
1354.8038 	EXP 	image: autoDraw = False
1354.8038 	EXP 	Choice1: autoDraw = False
1354.8038 	EXP 	Choice2: autoDraw = False
1354.8038 	EXP 	Choice3: autoDraw = False
1354.8038 	EXP 	Choice4: autoDraw = False
1354.8038 	EXP 	Chosen: autoDraw = False
1354.8038 	EXP 	YourChoice: autoDraw = False
1354.8038 	EXP 	twentysec: autoDraw = False
1354.8038 	EXP 	FifteenSec: autoDraw = False
1354.8038 	EXP 	TenSec: autoDraw = False
1354.8038 	EXP 	FiveSec: autoDraw = False
1354.8038 	EXP 	Timer: autoDraw = False
1354.8038 	EXP 	Question: autoDraw = True
1354.8038 	EXP 	scale: autoDraw = True
1358.5362 	DATA 	Keypress: 3
1358.5508 	EXP 	Question: autoDraw = False
1358.5508 	EXP 	scale: autoDraw = False
1358.5508 	EXP 	Wait3: autoDraw = True
1361.5355 	EXP 	New trial (rep=0, index=37): OrderedDict([(u'pic', u'eyes22.png'), (u'sound', u'silence.wav'), (u'c1', u'preoccupied'), (u'c2', u'grateful'), (u'c3', u'insisting'), (u'c4', u'implorign'), (u'answerNum', None), (u'answer', u'preoccupied'), (u'marker', u"silence'")])
1361.6230 	EXP 	Wait3: autoDraw = False
1361.6230 	EXP 	Wait3: autoDraw = False
1361.6230 	EXP 	image: image = u'eyes22.png'
1361.6230 	EXP 	Choice1: text = u'1.preoccupied'
1361.6230 	EXP 	Choice2: text = u'2.grateful'
1361.6230 	EXP 	Choice3: text = u'3.insisting'
1361.6230 	EXP 	Choice4: text = u'4.implorign'
1361.6230 	EXP 	image: autoDraw = True
1361.6230 	EXP 	Choice1: autoDraw = True
1361.6230 	EXP 	Choice2: autoDraw = True
1361.6230 	EXP 	Choice3: autoDraw = True
1361.6230 	EXP 	Choice4: autoDraw = True
1361.6230 	EXP 	Chosen: autoDraw = True
1361.6230 	EXP 	YourChoice: autoDraw = True
1361.6230 	EXP 	twentysec: autoDraw = True
1361.6230 	EXP 	Timer: autoDraw = True
1366.5576 	EXP 	twentysec: autoDraw = False
1366.5576 	EXP 	FifteenSec: autoDraw = True
1371.5530 	EXP 	FifteenSec: autoDraw = False
1371.5719 	EXP 	TenSec: autoDraw = True
1376.5548 	EXP 	TenSec: autoDraw = False
1376.5548 	EXP 	FiveSec: autoDraw = True
1378.3047 	DATA 	Keypress: 1
1381.5532 	EXP 	image: autoDraw = False
1381.5532 	EXP 	Choice1: autoDraw = False
1381.5532 	EXP 	Choice2: autoDraw = False
1381.5532 	EXP 	Choice3: autoDraw = False
1381.5532 	EXP 	Choice4: autoDraw = False
1381.5532 	EXP 	Chosen: autoDraw = False
1381.5532 	EXP 	YourChoice: autoDraw = False
1381.5532 	EXP 	FiveSec: autoDraw = False
1381.5532 	EXP 	Timer: autoDraw = False
1381.5532 	EXP 	image: autoDraw = False
1381.5532 	EXP 	Choice1: autoDraw = False
1381.5532 	EXP 	Choice2: autoDraw = False
1381.5532 	EXP 	Choice3: autoDraw = False
1381.5532 	EXP 	Choice4: autoDraw = False
1381.5532 	EXP 	Chosen: autoDraw = False
1381.5532 	EXP 	YourChoice: autoDraw = False
1381.5532 	EXP 	twentysec: autoDraw = False
1381.5532 	EXP 	FifteenSec: autoDraw = False
1381.5532 	EXP 	TenSec: autoDraw = False
1381.5532 	EXP 	FiveSec: autoDraw = False
1381.5532 	EXP 	Timer: autoDraw = False
1381.5532 	EXP 	Question: autoDraw = True
1381.5532 	EXP 	scale: autoDraw = True
1384.0547 	DATA 	Keypress: 3
1384.0844 	EXP 	Question: autoDraw = False
1384.0844 	EXP 	scale: autoDraw = False
1384.0844 	EXP 	Wait3: autoDraw = True
1387.0698 	EXP 	New trial (rep=0, index=38): OrderedDict([(u'pic', u'eyes23.png'), (u'sound', u'heart120_1.wav'), (u'c1', u'contented'), (u'c2', u'apologetic'), (u'c3', u'defiant'), (u'c4', u'curious'), (u'answerNum', None), (u'answer', u'defiant'), (u'marker', u"120'")])
1387.1525 	EXP 	Wait3: autoDraw = False
1387.1525 	EXP 	Wait3: autoDraw = False
1387.1525 	EXP 	image: image = u'eyes23.png'
1387.1525 	EXP 	Choice1: text = u'1.contented'
1387.1525 	EXP 	Choice2: text = u'2.apologetic'
1387.1525 	EXP 	Choice3: text = u'3.defiant'
1387.1525 	EXP 	Choice4: text = u'4.curious'
1387.1525 	EXP 	image: autoDraw = True
1387.1525 	EXP 	Choice1: autoDraw = True
1387.1525 	EXP 	Choice2: autoDraw = True
1387.1525 	EXP 	Choice3: autoDraw = True
1387.1525 	EXP 	Choice4: autoDraw = True
1387.1525 	EXP 	Chosen: autoDraw = True
1387.1525 	EXP 	YourChoice: autoDraw = True
1387.1525 	EXP 	twentysec: autoDraw = True
1387.1525 	EXP 	Timer: autoDraw = True
1392.0837 	EXP 	twentysec: autoDraw = False
1392.1000 	EXP 	FifteenSec: autoDraw = True
1397.0838 	EXP 	FifteenSec: autoDraw = False
1397.0990 	EXP 	TenSec: autoDraw = True
1402.0825 	EXP 	TenSec: autoDraw = False
1402.0994 	EXP 	FiveSec: autoDraw = True
1404.3687 	DATA 	Keypress: 3
1407.0850 	EXP 	image: autoDraw = False
1407.0850 	EXP 	Choice1: autoDraw = False
1407.0850 	EXP 	Choice2: autoDraw = False
1407.0850 	EXP 	Choice3: autoDraw = False
1407.0850 	EXP 	Choice4: autoDraw = False
1407.0850 	EXP 	Chosen: autoDraw = False
1407.0850 	EXP 	YourChoice: autoDraw = False
1407.0850 	EXP 	FiveSec: autoDraw = False
1407.0850 	EXP 	Timer: autoDraw = False
1407.0850 	EXP 	image: autoDraw = False
1407.0850 	EXP 	Choice1: autoDraw = False
1407.0850 	EXP 	Choice2: autoDraw = False
1407.0850 	EXP 	Choice3: autoDraw = False
1407.0850 	EXP 	Choice4: autoDraw = False
1407.0850 	EXP 	Chosen: autoDraw = False
1407.0850 	EXP 	YourChoice: autoDraw = False
1407.0850 	EXP 	twentysec: autoDraw = False
1407.0850 	EXP 	FifteenSec: autoDraw = False
1407.0850 	EXP 	TenSec: autoDraw = False
1407.0850 	EXP 	FiveSec: autoDraw = False
1407.0850 	EXP 	Timer: autoDraw = False
1407.0850 	EXP 	Question: autoDraw = True
1407.0850 	EXP 	scale: autoDraw = True
1411.7538 	DATA 	Keypress: 3
1411.7683 	EXP 	Question: autoDraw = False
1411.7683 	EXP 	scale: autoDraw = False
1411.7683 	EXP 	Wait3: autoDraw = True
1414.8360 	EXP 	Wait3: autoDraw = False
1414.8360 	EXP 	Wait3: autoDraw = False
1414.8360 	EXP 	EndText: autoDraw = True
2641.0316 	DATA 	Keypress: backspace
2644.0525 	DATA 	Keypress: escape
2644.3643 	EXP 	window1: mouseVisible = True
