5.6860 	EXP 	Created window1 = Window(allowGUI=False, allowStencil=False, args=UNKNOWN, autoLog=True, bitsMode=UNKNOWN, blendMode='avg', color=array([0., 0., 0.]), colorSpace='rgb', fullscr=<method-wrapper '__getattribute__' of attributeSetter object at 0x125249da0>, gamma=None, kwargs=UNKNOWN, lms=UNKNOWN, monitor=<psychopy.monitors.calibTools.Monitor object at 0x1245799b0>, multiSample=False, name='window1', numSamples=2, pos=[0.0, 0.0], screen=0, size=array([3360, 2100]), stereo=False, units='norm', useFBO=True, useRetina=True, viewOri=0.0, viewPos=None, viewScale=None, waitBlanking=True, winType='pyglet')
5.6860 	EXP 	window1: recordFrameIntervals = False
5.8498 	EXP 	window1: recordFrameIntervals = True
6.0339 	EXP 	window1: recordFrameIntervals = False
6.1352 	EXP 	Created text = TextStim(__class__=<class 'psychopy.visual.text.TextStim'>, alignHoriz='center', alignVert='center', antialias=True, autoLog=True, bold=False, color='white', colorSpace='named', contrast=1.0, depth=0.0, flipHoriz=False, flipVert=False, font='Arial', fontFiles=[], height=0.1, italic=False, languageStyle='LTR', name='text', opacity=1.0, ori=0, pos=array([0., 0.]), rgb=array([255., 255., 255.]), text=str(...), units='norm', win=Window(...), wrapWidth=1)
6.1972 	EXP 	Set  sound=A
6.1972 	EXP 	Set Sound  volume=1.000
6.1991 	EXP 	Created image = ImageStim(__class__=<class 'psychopy.visual.image.ImageStim'>, autoLog=True, color=array([1., 1., 1.]), colorSpace='rgb', contrast=1.0, depth=-1.0, flipHoriz=False, flipVert=False, image='sin', interpolate=True, mask=None, maskParams=None, name='image', opacity=1.0, ori=0.0, pos=array([0., 0.]), size=array([0.5, 0.5]), texRes=128, units='norm', win=Window(...))
6.2052 	EXP 	Created choice1 = TextStim(__class__=<class 'psychopy.visual.text.TextStim'>, alignHoriz='center', alignVert='center', antialias=True, autoLog=True, bold=False, color='white', colorSpace='named', contrast=1.0, depth=-1.0, flipHoriz=False, flipVert=False, font='Arial', fontFiles=[], height=0.1, italic=False, languageStyle='LTR', name='choice1', opacity=1.0, ori=0, pos=array([-10.,   0.]), rgb=array([255., 255., 255.]), text='default text', units='norm', win=Window(...), wrapWidth=1)
6.2087 	EXP 	Created choice2 = TextStim(__class__=<class 'psychopy.visual.text.TextStim'>, alignHoriz='center', alignVert='center', antialias=True, autoLog=True, bold=False, color='white', colorSpace='named', contrast=1.0, depth=-2.0, flipHoriz=False, flipVert=False, font='Arial', fontFiles=[], height=0.1, italic=False, languageStyle='LTR', name='choice2', opacity=1.0, ori=0, pos=array([-5.,  0.]), rgb=array([255., 255., 255.]), text='default text', units='norm', win=Window(...), wrapWidth=1)
6.2126 	EXP 	Created choice3 = TextStim(__class__=<class 'psychopy.visual.text.TextStim'>, alignHoriz='center', alignVert='center', antialias=True, autoLog=True, bold=False, color='white', colorSpace='named', contrast=1.0, depth=-3.0, flipHoriz=False, flipVert=False, font='Arial', fontFiles=[], height=0.1, italic=False, languageStyle='LTR', name='choice3', opacity=1.0, ori=0, pos=array([5., 0.]), rgb=array([255., 255., 255.]), text='default text', units='norm', win=Window(...), wrapWidth=1)
6.2165 	EXP 	Created choice4 = TextStim(__class__=<class 'psychopy.visual.text.TextStim'>, alignHoriz='center', alignVert='center', antialias=True, autoLog=True, bold=False, color='white', colorSpace='named', contrast=1.0, depth=-4.0, flipHoriz=False, flipVert=False, font='Arial', fontFiles=[], height=0.1, italic=False, languageStyle='LTR', name='choice4', opacity=1.0, ori=0, pos=array([10.,  0.]), rgb=array([255., 255., 255.]), text='default text', units='norm', win=Window(...), wrapWidth=1)
6.2170 	EXP 	Created Wait3 = TextStim(__class__=<class 'psychopy.visual.text.TextStim'>, alignHoriz='center', alignVert='center', antialias=True, autoLog=True, bold=False, color='white', colorSpace='named', contrast=1.0, depth=0.0, flipHoriz=False, flipVert=False, font='Arial', fontFiles=[], height=0.1, italic=False, languageStyle='LTR', name='Wait3', opacity=1.0, ori=0, pos=array([0., 0.]), rgb=array([255., 255., 255.]), text='', units='norm', win=Window(...), wrapWidth=1)
6.2247 	EXP 	Created EndText = TextStim(__class__=<class 'psychopy.visual.text.TextStim'>, alignHoriz='center', alignVert='center', antialias=True, autoLog=True, bold=False, color='white', colorSpace='named', contrast=1.0, depth=0.0, flipHoriz=False, flipVert=False, font='Arial', fontFiles=[], height=0.1, italic=False, languageStyle='LTR', name='EndText', opacity=1.0, ori=0, pos=array([0., 0.]), rgb=array([255., 255., 255.]), text='Thanks for participating!\n', units='norm', win=Window(...), wrapWidth=1)
6.2509 	EXP 	text: autoDraw = True
6.6252 	DATA 	Keypress: space
6.6396 	EXP 	Imported Heart2Cond.xlsx as conditions, 20 conditions, 8 params
6.6399 	EXP 	Created sequence: sequential, trialTypes=20, nReps=1, seed=None
6.6403 	EXP 	New trial (rep=0, index=0): OrderedDict([('pic', 'eyes1.png'), ('sound', 'heart120.wav'), ('c1', 'playful'), ('c2', 'comforting'), ('c3', 'irritated'), ('c4', 'bored'), ('answerNum', 1), ('answer', 'playful')])
6.6420 	EXP 	Set  sound=heart120.wav
6.7797 	EXP 	Sound  started
6.7797 	EXP 	text: autoDraw = False
6.7797 	EXP 	image: image = 'eyes1.png'
6.7797 	EXP 	image: autoDraw = True
26.6345 	EXP 	Sound  stopped
26.6683 	EXP 	image: autoDraw = False
26.6683 	EXP 	choice1: text = 'playful'
26.6683 	EXP 	choice2: text = 'comforting'
26.6683 	EXP 	choice3: text = 'irritated'
26.6683 	EXP 	choice4: text = 'bored'
26.6683 	EXP 	choice1: autoDraw = True
26.6683 	EXP 	choice2: autoDraw = True
26.6683 	EXP 	choice3: autoDraw = True
26.6683 	EXP 	choice4: autoDraw = True
95.2070 	DATA 	Keypress: 3
95.2339 	EXP 	choice1: autoDraw = False
95.2339 	EXP 	choice2: autoDraw = False
95.2339 	EXP 	choice3: autoDraw = False
95.2339 	EXP 	choice4: autoDraw = False
95.2339 	EXP 	Wait3: autoDraw = True
98.2009 	EXP 	New trial (rep=0, index=1): OrderedDict([('pic', 'eyes3.png'), ('sound', 'heart60_1.wav'), ('c1', 'joking'), ('c2', 'flustered'), ('c3', 'desire'), ('c4', 'convinced'), ('answerNum', 3), ('answer', 'desire')])
98.2033 	EXP 	Set  sound=heart60_1.wav
98.3078 	EXP 	Sound  started
98.3077 	EXP 	Wait3: autoDraw = False
98.3077 	EXP 	Wait3: autoDraw = False
98.3077 	EXP 	image: image = 'eyes3.png'
98.3077 	EXP 	image: autoDraw = True
118.1993 	EXP 	Sound  stopped
118.2000 	EXP 	Sound  stopped
118.2339 	EXP 	image: autoDraw = False
118.2339 	EXP 	image: autoDraw = False
118.2339 	EXP 	choice1: text = 'joking'
118.2339 	EXP 	choice2: text = 'flustered'
118.2339 	EXP 	choice3: text = 'desire'
118.2339 	EXP 	choice4: text = 'convinced'
118.2339 	EXP 	choice1: autoDraw = True
118.2339 	EXP 	choice2: autoDraw = True
118.2339 	EXP 	choice3: autoDraw = True
118.2339 	EXP 	choice4: autoDraw = True
126.7039 	DATA 	Keypress: escape
126.9748 	EXP 	window1: mouseVisible = True
