4.7330 	EXP 	Created window1 = Window(allowGUI=False, allowStencil=False, args=UNKNOWN, autoLog=True, bitsMode=UNKNOWN, blendMode='avg', color=array([0., 0., 0.]), colorSpace='rgb', fullscr=<method-wrapper '__getattribute__' of attributeSetter object at 0x125b50dd8>, gamma=None, kwargs=UNKNOWN, lms=UNKNOWN, monitor=<psychopy.monitors.calibTools.Monitor object at 0x124fa5978>, multiSample=False, name='window1', numSamples=2, pos=[0.0, 0.0], screen=0, size=array([3360, 2100]), stereo=False, units='norm', useFBO=True, useRetina=True, viewOri=0.0, viewPos=None, viewScale=None, waitBlanking=True, winType='pyglet')
4.7330 	EXP 	window1: recordFrameIntervals = False
4.8978 	EXP 	window1: recordFrameIntervals = True
5.0816 	EXP 	window1: recordFrameIntervals = False
5.1689 	EXP 	Created text = TextStim(__class__=<class 'psychopy.visual.text.TextStim'>, alignHoriz='center', alignVert='center', antialias=True, autoLog=True, bold=False, color='white', colorSpace='named', contrast=1.0, depth=0.0, flipHoriz=False, flipVert=False, font='Arial', fontFiles=[], height=0.1, italic=False, languageStyle='LTR', name='text', opacity=1.0, ori=0, pos=array([0., 0.]), rgb=array([255., 255., 255.]), text=str(...), units='norm', win=Window(...), wrapWidth=1)
5.2315 	EXP 	Set  sound=A
5.2315 	EXP 	Set Sound  volume=1.000
5.2338 	EXP 	Created image = ImageStim(__class__=<class 'psychopy.visual.image.ImageStim'>, autoLog=True, color=array([1., 1., 1.]), colorSpace='rgb', contrast=1.0, depth=-1.0, flipHoriz=False, flipVert=False, image='sin', interpolate=True, mask=None, maskParams=None, name='image', opacity=1.0, ori=0.0, pos=array([0., 0.]), size=array([0.5, 0.5]), texRes=128, units='norm', win=Window(...))
5.2396 	EXP 	Created choice1 = TextStim(__class__=<class 'psychopy.visual.text.TextStim'>, alignHoriz='center', alignVert='center', antialias=True, autoLog=True, bold=False, color='white', colorSpace='named', contrast=1.0, depth=-1.0, flipHoriz=False, flipVert=False, font='Arial', fontFiles=[], height=0.1, italic=False, languageStyle='LTR', name='choice1', opacity=1.0, ori=0, pos=array([-40.,   0.]), rgb=array([255., 255., 255.]), text='default text', units='norm', win=Window(...), wrapWidth=1)
5.2432 	EXP 	Created choice2 = TextStim(__class__=<class 'psychopy.visual.text.TextStim'>, alignHoriz='center', alignVert='center', antialias=True, autoLog=True, bold=False, color='white', colorSpace='named', contrast=1.0, depth=-2.0, flipHoriz=False, flipVert=False, font='Arial', fontFiles=[], height=0.1, italic=False, languageStyle='LTR', name='choice2', opacity=1.0, ori=0, pos=array([-20.,   0.]), rgb=array([255., 255., 255.]), text='default text', units='norm', win=Window(...), wrapWidth=1)
5.2468 	EXP 	Created choice3 = TextStim(__class__=<class 'psychopy.visual.text.TextStim'>, alignHoriz='center', alignVert='center', antialias=True, autoLog=True, bold=False, color='white', colorSpace='named', contrast=1.0, depth=-3.0, flipHoriz=False, flipVert=False, font='Arial', fontFiles=[], height=0.1, italic=False, languageStyle='LTR', name='choice3', opacity=1.0, ori=0, pos=array([20.,  0.]), rgb=array([255., 255., 255.]), text='default text', units='norm', win=Window(...), wrapWidth=1)
5.2503 	EXP 	Created choice4 = TextStim(__class__=<class 'psychopy.visual.text.TextStim'>, alignHoriz='center', alignVert='center', antialias=True, autoLog=True, bold=False, color='white', colorSpace='named', contrast=1.0, depth=-4.0, flipHoriz=False, flipVert=False, font='Arial', fontFiles=[], height=0.1, italic=False, languageStyle='LTR', name='choice4', opacity=1.0, ori=0, pos=array([40.,  0.]), rgb=array([255., 255., 255.]), text='default text', units='norm', win=Window(...), wrapWidth=1)
5.2508 	EXP 	Created Wait3 = TextStim(__class__=<class 'psychopy.visual.text.TextStim'>, alignHoriz='center', alignVert='center', antialias=True, autoLog=True, bold=False, color='white', colorSpace='named', contrast=1.0, depth=0.0, flipHoriz=False, flipVert=False, font='Arial', fontFiles=[], height=0.1, italic=False, languageStyle='LTR', name='Wait3', opacity=1.0, ori=0, pos=array([0., 0.]), rgb=array([255., 255., 255.]), text='', units='norm', win=Window(...), wrapWidth=1)
5.2577 	EXP 	Created EndText = TextStim(__class__=<class 'psychopy.visual.text.TextStim'>, alignHoriz='center', alignVert='center', antialias=True, autoLog=True, bold=False, color='white', colorSpace='named', contrast=1.0, depth=0.0, flipHoriz=False, flipVert=False, font='Arial', fontFiles=[], height=0.1, italic=False, languageStyle='LTR', name='EndText', opacity=1.0, ori=0, pos=array([0., 0.]), rgb=array([255., 255., 255.]), text='Thanks for participating!\n', units='norm', win=Window(...), wrapWidth=1)
5.2815 	EXP 	text: autoDraw = True
5.7901 	DATA 	Keypress: space
5.8046 	EXP 	Imported Heart2Cond.xlsx as conditions, 20 conditions, 8 params
5.8049 	EXP 	Created sequence: sequential, trialTypes=20, nReps=1, seed=None
5.8053 	EXP 	New trial (rep=0, index=0): OrderedDict([('pic', 'eyes1.png'), ('sound', 'heart120.wav'), ('c1', 'playful'), ('c2', 'comforting'), ('c3', 'irritated'), ('c4', 'bored'), ('answerNum', 1), ('answer', 'playful')])
5.8073 	EXP 	Set  sound=heart120.wav
5.9440 	EXP 	Sound  started
5.9439 	EXP 	text: autoDraw = False
5.9439 	EXP 	image: image = 'eyes1.png'
5.9439 	EXP 	image: autoDraw = True
25.7971 	EXP 	Sound  stopped
25.8328 	EXP 	image: autoDraw = False
25.8328 	EXP 	choice1: text = 'playful'
25.8328 	EXP 	choice2: text = 'comforting'
25.8328 	EXP 	choice3: text = 'irritated'
25.8328 	EXP 	choice4: text = 'bored'
25.8328 	EXP 	choice1: autoDraw = True
25.8328 	EXP 	choice2: autoDraw = True
25.8328 	EXP 	choice3: autoDraw = True
25.8328 	EXP 	choice4: autoDraw = True
36.5918 	DATA 	Keypress: 2
36.6313 	EXP 	choice1: autoDraw = False
36.6313 	EXP 	choice2: autoDraw = False
36.6313 	EXP 	choice3: autoDraw = False
36.6313 	EXP 	choice4: autoDraw = False
36.6313 	EXP 	Wait3: autoDraw = True
39.6171 	EXP 	New trial (rep=0, index=1): OrderedDict([('pic', 'eyes3.png'), ('sound', 'heart60_1.wav'), ('c1', 'joking'), ('c2', 'flustered'), ('c3', 'desire'), ('c4', 'convinced'), ('answerNum', 3), ('answer', 'desire')])
39.6269 	EXP 	Set  sound=heart60_1.wav
39.7257 	EXP 	Sound  started
39.7257 	EXP 	Wait3: autoDraw = False
39.7257 	EXP 	Wait3: autoDraw = False
39.7257 	EXP 	image: image = 'eyes3.png'
39.7257 	EXP 	image: autoDraw = True
42.5655 	DATA 	Keypress: lcommand
43.3254 	DATA 	Keypress: escape
43.5920 	EXP 	window1: mouseVisible = True
