5.2985 	EXP 	Created window1 = Window(allowGUI=False, allowStencil=False, args=UNKNOWN, autoLog=True, bitsMode=UNKNOWN, blendMode='avg', color=array([0., 0., 0.]), colorSpace='rgb', fullscr=<method-wrapper '__getattribute__' of attributeSetter object at 0x12715be10>, gamma=None, kwargs=UNKNOWN, lms=UNKNOWN, monitor=<psychopy.monitors.calibTools.Monitor object at 0x125dbea58>, multiSample=False, name='window1', numSamples=2, pos=[0.0, 0.0], screen=0, size=array([3360, 2100]), stereo=False, units='norm', useFBO=True, useRetina=True, viewOri=0.0, viewPos=None, viewScale=None, waitBlanking=True, winType='pyglet')
5.2986 	EXP 	window1: recordFrameIntervals = False
5.4646 	EXP 	window1: recordFrameIntervals = True
5.6488 	EXP 	window1: recordFrameIntervals = False
5.7336 	EXP 	Created text = TextStim(__class__=<class 'psychopy.visual.text.TextStim'>, alignHoriz='center', alignVert='center', antialias=True, autoLog=True, bold=False, color='white', colorSpace='named', contrast=1.0, depth=0.0, flipHoriz=False, flipVert=False, font='Arial', fontFiles=[], height=0.1, italic=False, languageStyle='LTR', name='text', opacity=1.0, ori=0, pos=array([0., 0.]), rgb=array([255., 255., 255.]), text=str(...), units='norm', win=Window(...), wrapWidth=1)
5.7953 	EXP 	Set  sound=A
5.7953 	EXP 	Set Sound  volume=1.000
5.7971 	EXP 	Created image = ImageStim(__class__=<class 'psychopy.visual.image.ImageStim'>, autoLog=True, color=array([1., 1., 1.]), colorSpace='rgb', contrast=1.0, depth=-1.0, flipHoriz=False, flipVert=False, image='sin', interpolate=True, mask=None, maskParams=None, name='image', opacity=1.0, ori=0.0, pos=array([0., 0.]), size=array([0.5, 0.5]), texRes=128, units='norm', win=Window(...))
5.8048 	EXP 	Created choice1 = TextStim(__class__=<class 'psychopy.visual.text.TextStim'>, alignHoriz='center', alignVert='center', antialias=True, autoLog=True, bold=False, color='white', colorSpace='named', contrast=1.0, depth=-1.0, flipHoriz=False, flipVert=False, font='Arial', fontFiles=[], height=0.1, italic=False, languageStyle='LTR', name='choice1', opacity=1.0, ori=0, pos=array([0., 4.]), rgb=array([255., 255., 255.]), text='default text', units='cm', win=Window(...), wrapWidth=15.0)
5.8089 	EXP 	Created choice2 = TextStim(__class__=<class 'psychopy.visual.text.TextStim'>, alignHoriz='center', alignVert='center', antialias=True, autoLog=True, bold=False, color='white', colorSpace='named', contrast=1.0, depth=-2.0, flipHoriz=False, flipVert=False, font='Arial', fontFiles=[], height=0.1, italic=False, languageStyle='LTR', name='choice2', opacity=1.0, ori=0, pos=array([0., 2.]), rgb=array([255., 255., 255.]), text='default text', units='norm', win=Window(...), wrapWidth=1)
5.8125 	EXP 	Created choice3 = TextStim(__class__=<class 'psychopy.visual.text.TextStim'>, alignHoriz='center', alignVert='center', antialias=True, autoLog=True, bold=False, color='white', colorSpace='named', contrast=1.0, depth=-3.0, flipHoriz=False, flipVert=False, font='Arial', fontFiles=[], height=0.1, italic=False, languageStyle='LTR', name='choice3', opacity=1.0, ori=0, pos=array([ 0., -2.]), rgb=array([255., 255., 255.]), text='default text', units='norm', win=Window(...), wrapWidth=1)
5.8163 	EXP 	Created choice4 = TextStim(__class__=<class 'psychopy.visual.text.TextStim'>, alignHoriz='center', alignVert='center', antialias=True, autoLog=True, bold=False, color='white', colorSpace='named', contrast=1.0, depth=-4.0, flipHoriz=False, flipVert=False, font='Arial', fontFiles=[], height=0.1, italic=False, languageStyle='LTR', name='choice4', opacity=1.0, ori=0, pos=array([ 0., -4.]), rgb=array([255., 255., 255.]), text='default text', units='norm', win=Window(...), wrapWidth=1)
5.8168 	EXP 	Created Wait3 = TextStim(__class__=<class 'psychopy.visual.text.TextStim'>, alignHoriz='center', alignVert='center', antialias=True, autoLog=True, bold=False, color='white', colorSpace='named', contrast=1.0, depth=0.0, flipHoriz=False, flipVert=False, font='Arial', fontFiles=[], height=0.1, italic=False, languageStyle='LTR', name='Wait3', opacity=1.0, ori=0, pos=array([0., 0.]), rgb=array([255., 255., 255.]), text='', units='norm', win=Window(...), wrapWidth=1)
5.8236 	EXP 	Created EndText = TextStim(__class__=<class 'psychopy.visual.text.TextStim'>, alignHoriz='center', alignVert='center', antialias=True, autoLog=True, bold=False, color='white', colorSpace='named', contrast=1.0, depth=0.0, flipHoriz=False, flipVert=False, font='Arial', fontFiles=[], height=0.1, italic=False, languageStyle='LTR', name='EndText', opacity=1.0, ori=0, pos=array([0., 0.]), rgb=array([255., 255., 255.]), text='Thanks for participating!\n', units='norm', win=Window(...), wrapWidth=1)
5.8503 	EXP 	text: autoDraw = True
6.9085 	DATA 	Keypress: space
6.9226 	EXP 	Imported Heart2Cond.xlsx as conditions, 20 conditions, 8 params
6.9229 	EXP 	Created sequence: sequential, trialTypes=20, nReps=1, seed=None
6.9233 	EXP 	New trial (rep=0, index=0): OrderedDict([('pic', 'eyes1.png'), ('sound', 'heart120.wav'), ('c1', 'playful'), ('c2', 'comforting'), ('c3', 'irritated'), ('c4', 'bored'), ('answerNum', 1), ('answer', 'playful')])
6.9252 	EXP 	Set  sound=heart120.wav
7.0656 	EXP 	Sound  started
7.0656 	EXP 	text: autoDraw = False
7.0656 	EXP 	image: image = 'eyes1.png'
7.0656 	EXP 	image: autoDraw = True
26.9173 	EXP 	Sound  stopped
26.9527 	EXP 	image: autoDraw = False
26.9527 	EXP 	choice1: text = '1.playful'
26.9527 	EXP 	choice2: text = '2.comforting'
26.9527 	EXP 	choice3: text = '3.irritated'
26.9527 	EXP 	choice4: text = '4.bored'
26.9527 	EXP 	choice1: autoDraw = True
26.9527 	EXP 	choice2: autoDraw = True
26.9527 	EXP 	choice3: autoDraw = True
26.9527 	EXP 	choice4: autoDraw = True
42.2186 	DATA 	Keypress: escape
42.4912 	EXP 	window1: mouseVisible = True
