6.8103 	EXP 	Created window1 = Window(allowGUI=False, allowStencil=False, args=UNKNOWN, autoLog=True, bitsMode=UNKNOWN, blendMode='avg', color=array([0., 0., 0.]), colorSpace='rgb', fullscr=<method-wrapper '__getattribute__' of attributeSetter object at 0x125cd3d30>, gamma=None, kwargs=UNKNOWN, lms=UNKNOWN, monitor=<psychopy.monitors.calibTools.Monitor object at 0x12bebd630>, multiSample=False, name='window1', numSamples=2, pos=[0.0, 0.0], screen=0, size=array([3360, 2100]), stereo=False, units='norm', useFBO=True, useRetina=True, viewOri=0.0, viewPos=None, viewScale=None, waitBlanking=True, winType='pyglet')
6.8103 	EXP 	window1: recordFrameIntervals = False
6.9756 	EXP 	window1: recordFrameIntervals = True
7.1596 	EXP 	window1: recordFrameIntervals = False
7.2426 	EXP 	Created text = TextStim(__class__=<class 'psychopy.visual.text.TextStim'>, alignHoriz='center', alignVert='center', antialias=True, autoLog=True, bold=False, color='white', colorSpace='named', contrast=1.0, depth=0.0, flipHoriz=False, flipVert=False, font='Arial', fontFiles=[], height=0.1, italic=False, languageStyle='LTR', name='text', opacity=1.0, ori=0, pos=array([0., 0.]), rgb=array([255., 255., 255.]), text=str(...), units='norm', win=Window(...), wrapWidth=1)
7.3056 	EXP 	Set  sound=A
7.3056 	EXP 	Set Sound  volume=1.000
7.3078 	EXP 	Created image = ImageStim(__class__=<class 'psychopy.visual.image.ImageStim'>, autoLog=True, color=array([1., 1., 1.]), colorSpace='rgb', contrast=1.0, depth=-1.0, flipHoriz=False, flipVert=False, image='sin', interpolate=True, mask=None, maskParams=None, name='image', opacity=1.0, ori=0.0, pos=array([0., 2.]), size=array([20., 14.]), texRes=128, units='cm', win=Window(...))
7.3163 	EXP 	Created Choice1 = TextStim(__class__=<class 'psychopy.visual.text.TextStim'>, alignHoriz='center', alignVert='center', antialias=True, autoLog=True, bold=False, color='white', colorSpace='named', contrast=1.0, depth=-3.0, flipHoriz=False, flipVert=False, font='Arial', fontFiles=[], height=1.5, italic=False, languageStyle='LTR', name='Choice1', opacity=1.0, ori=0, pos=array([-12.,  13.]), rgb=array([255., 255., 255.]), text='default text', units='cm', win=Window(...), wrapWidth=15.0)
7.3200 	EXP 	Created Choice2 = TextStim(__class__=<class 'psychopy.visual.text.TextStim'>, alignHoriz='center', alignVert='center', antialias=True, autoLog=True, bold=False, color='white', colorSpace='named', contrast=1.0, depth=-4.0, flipHoriz=False, flipVert=False, font='Arial', fontFiles=[], height=1.5, italic=False, languageStyle='LTR', name='Choice2', opacity=1.0, ori=0, pos=array([12., 13.]), rgb=array([255., 255., 255.]), text='default text', units='cm', win=Window(...), wrapWidth=15.0)
7.3238 	EXP 	Created Choice3 = TextStim(__class__=<class 'psychopy.visual.text.TextStim'>, alignHoriz='center', alignVert='center', antialias=True, autoLog=True, bold=False, color='white', colorSpace='named', contrast=1.0, depth=-5.0, flipHoriz=False, flipVert=False, font='Arial', fontFiles=[], height=1.5, italic=False, languageStyle='LTR', name='Choice3', opacity=1.0, ori=0, pos=array([-12.,  -9.]), rgb=array([255., 255., 255.]), text='default text', units='cm', win=Window(...), wrapWidth=15.0)
7.3276 	EXP 	Created Choice4 = TextStim(__class__=<class 'psychopy.visual.text.TextStim'>, alignHoriz='center', alignVert='center', antialias=True, autoLog=True, bold=False, color='white', colorSpace='named', contrast=1.0, depth=-6.0, flipHoriz=False, flipVert=False, font='Arial', fontFiles=[], height=1.5, italic=False, languageStyle='LTR', name='Choice4', opacity=1.0, ori=0, pos=array([12., -9.]), rgb=array([255., 255., 255.]), text='default text', units='cm', win=Window(...), wrapWidth=15.0)
7.3318 	EXP 	Created Chosen = TextStim(__class__=<class 'psychopy.visual.text.TextStim'>, alignHoriz='center', alignVert='center', antialias=True, autoLog=True, bold=False, color='white', colorSpace='named', contrast=1.0, depth=-7.0, flipHoriz=False, flipVert=False, font='Arial', fontFiles=[], height=1.5, italic=False, languageStyle='LTR', name='Chosen', opacity=1.0, ori=0, pos=array([  0., -11.]), rgb=array([255., 255., 255.]), text='default text', units='cm', win=Window(...), wrapWidth=15.0)
7.3390 	EXP 	Created YourChoice = TextStim(__class__=<class 'psychopy.visual.text.TextStim'>, alignHoriz='center', alignVert='center', antialias=True, autoLog=True, bold=False, color='white', colorSpace='named', contrast=1.0, depth=-8.0, flipHoriz=False, flipVert=False, font='Arial', fontFiles=[], height=1.5, italic=False, languageStyle='LTR', name='YourChoice', opacity=1.0, ori=0, pos=array([ 0., -9.]), rgb=array([255., 255., 255.]), text='Your Choice:', units='cm', win=Window(...), wrapWidth=15.0)
7.3432 	EXP 	Created twentysec = TextStim(__class__=<class 'psychopy.visual.text.TextStim'>, alignHoriz='center', alignVert='center', antialias=True, autoLog=True, bold=False, color='white', colorSpace='named', contrast=1.0, depth=-9.0, flipHoriz=False, flipVert=False, font='Arial', fontFiles=[], height=1.5, italic=False, languageStyle='LTR', name='twentysec', opacity=1.0, ori=0, pos=array([-17.,   1.]), rgb=array([255., 255., 255.]), text='20', units='cm', win=Window(...), wrapWidth=15.0)
7.3492 	EXP 	Created FifteenSec = TextStim(__class__=<class 'psychopy.visual.text.TextStim'>, alignHoriz='center', alignVert='center', antialias=True, autoLog=True, bold=False, color='white', colorSpace='named', contrast=1.0, depth=-10.0, flipHoriz=False, flipVert=False, font='Arial', fontFiles=[], height=1.5, italic=False, languageStyle='LTR', name='FifteenSec', opacity=1.0, ori=0, pos=array([-17.,   1.]), rgb=array([255., 255., 255.]), text='15', units='cm', win=Window(...), wrapWidth=15.0)
7.3514 	EXP 	Created TenSec = TextStim(__class__=<class 'psychopy.visual.text.TextStim'>, alignHoriz='center', alignVert='center', antialias=True, autoLog=True, bold=False, color='white', colorSpace='named', contrast=1.0, depth=-11.0, flipHoriz=False, flipVert=False, font='Arial', fontFiles=[], height=1.5, italic=False, languageStyle='LTR', name='TenSec', opacity=1.0, ori=0, pos=array([-17.,   1.]), rgb=array([255., 255., 255.]), text='10', units='cm', win=Window(...), wrapWidth=15.0)
7.3536 	EXP 	Created FiveSec = TextStim(__class__=<class 'psychopy.visual.text.TextStim'>, alignHoriz='center', alignVert='center', antialias=True, autoLog=True, bold=False, color='white', colorSpace='named', contrast=1.0, depth=-12.0, flipHoriz=False, flipVert=False, font='Arial', fontFiles=[], height=1.5, italic=False, languageStyle='LTR', name='FiveSec', opacity=1.0, ori=0, pos=array([-17.,   1.]), rgb=array([255., 255., 255.]), text='5', units='cm', win=Window(...), wrapWidth=15.0)
7.3584 	EXP 	Created Timer = TextStim(__class__=<class 'psychopy.visual.text.TextStim'>, alignHoriz='center', alignVert='center', antialias=True, autoLog=True, bold=False, color='white', colorSpace='named', contrast=1.0, depth=-13.0, flipHoriz=False, flipVert=False, font='Arial', fontFiles=[], height=1.5, italic=False, languageStyle='LTR', name='Timer', opacity=1.0, ori=0, pos=array([-17.,   3.]), rgb=array([255., 255., 255.]), text='Seconds left:', units='cm', win=Window(...), wrapWidth=15.0)
7.3707 	EXP 	Created Question = TextStim(__class__=<class 'psychopy.visual.text.TextStim'>, alignHoriz='center', alignVert='center', antialias=True, autoLog=True, bold=False, color='white', colorSpace='named', contrast=1.0, depth=0.0, flipHoriz=False, flipVert=False, font='Arial', fontFiles=[], height=0.1, italic=False, languageStyle='LTR', name='Question', opacity=1.0, ori=0, pos=array([0., 0.]), rgb=array([255., 255., 255.]), text=str(...), units='norm', win=Window(...), wrapWidth=1)
7.3712 	EXP 	Created Wait3 = TextStim(__class__=<class 'psychopy.visual.text.TextStim'>, alignHoriz='center', alignVert='center', antialias=True, autoLog=True, bold=False, color='white', colorSpace='named', contrast=1.0, depth=0.0, flipHoriz=False, flipVert=False, font='Arial', fontFiles=[], height=0.1, italic=False, languageStyle='LTR', name='Wait3', opacity=1.0, ori=0, pos=array([0., 0.]), rgb=array([255., 255., 255.]), text='', units='norm', win=Window(...), wrapWidth=1)
7.3772 	EXP 	Created EndText = TextStim(__class__=<class 'psychopy.visual.text.TextStim'>, alignHoriz='center', alignVert='center', antialias=True, autoLog=True, bold=False, color='white', colorSpace='named', contrast=1.0, depth=0.0, flipHoriz=False, flipVert=False, font='Arial', fontFiles=[], height=0.1, italic=False, languageStyle='LTR', name='EndText', opacity=1.0, ori=0, pos=array([0., 0.]), rgb=array([255., 255., 255.]), text='Thanks for participating!\n', units='norm', win=Window(...), wrapWidth=1)
7.4044 	EXP 	text: autoDraw = True
8.2528 	DATA 	Keypress: space
8.2678 	EXP 	Imported Heart2Cond.xlsx as conditions, 30 conditions, 9 params
8.2682 	EXP 	Created sequence: sequential, trialTypes=30, nReps=1, seed=None
8.2686 	EXP 	New trial (rep=0, index=0): OrderedDict([('pic', 'eyes1.png'), ('sound', 'heart120.wav'), ('c1', 'playful'), ('c2', 'comforting'), ('c3', 'irritated'), ('c4', 'bored'), ('answerNum', 1), ('answer', 'playful'), ('marker', 120)])
8.2702 	EXP 	Set  sound=heart120.wav
8.4291 	EXP 	Sound  started
8.4290 	EXP 	text: autoDraw = False
8.4290 	EXP 	image: image = 'eyes1.png'
8.4290 	EXP 	Choice1: text = '1.playful'
8.4290 	EXP 	Choice2: text = '2.comforting'
8.4290 	EXP 	Choice3: text = '3.irritated'
8.4290 	EXP 	Choice4: text = '4.bored'
8.4290 	EXP 	image: autoDraw = True
8.4290 	EXP 	Choice1: autoDraw = True
8.4290 	EXP 	Choice2: autoDraw = True
8.4290 	EXP 	Choice3: autoDraw = True
8.4290 	EXP 	Choice4: autoDraw = True
8.4290 	EXP 	Chosen: autoDraw = True
8.4290 	EXP 	YourChoice: autoDraw = True
8.4290 	EXP 	twentysec: autoDraw = True
8.4290 	EXP 	Timer: autoDraw = True
13.2961 	EXP 	twentysec: autoDraw = False
13.3294 	EXP 	FifteenSec: autoDraw = True
18.2956 	EXP 	FifteenSec: autoDraw = False
18.3293 	EXP 	TenSec: autoDraw = True
23.2972 	EXP 	TenSec: autoDraw = False
23.3294 	EXP 	FiveSec: autoDraw = True
27.0335 	DATA 	Keypress: 3
28.2630 	EXP 	Sound  stopped
28.2792 	EXP 	image: autoDraw = False
28.2792 	EXP 	Choice1: autoDraw = False
28.2792 	EXP 	Choice2: autoDraw = False
28.2792 	EXP 	Choice3: autoDraw = False
28.2792 	EXP 	Choice4: autoDraw = False
28.2792 	EXP 	Chosen: autoDraw = False
28.2792 	EXP 	YourChoice: autoDraw = False
28.2792 	EXP 	twentysec: autoDraw = False
28.2792 	EXP 	FifteenSec: autoDraw = False
28.2792 	EXP 	TenSec: autoDraw = False
28.2792 	EXP 	FiveSec: autoDraw = False
28.2792 	EXP 	Timer: autoDraw = False
28.2792 	EXP 	Question: autoDraw = True
34.8302 	DATA 	Keypress: 1
34.8456 	EXP 	Question: autoDraw = False
34.8456 	EXP 	Wait3: autoDraw = True
37.8293 	EXP 	New trial (rep=0, index=1): OrderedDict([('pic', 'eyes3.png'), ('sound', 'silence.wav'), ('c1', 'joking'), ('c2', 'flustered'), ('c3', 'desire'), ('c4', 'convinced'), ('answerNum', 3), ('answer', 'desire'), ('marker', 0)])
37.8319 	EXP 	Set  sound=silence.wav
37.9525 	EXP 	Sound  started
37.9525 	EXP 	Wait3: autoDraw = False
37.9525 	EXP 	Wait3: autoDraw = False
37.9525 	EXP 	image: image = 'eyes3.png'
37.9525 	EXP 	Choice1: text = '1.joking'
37.9525 	EXP 	Choice2: text = '2.flustered'
37.9525 	EXP 	Choice3: text = '3.desire'
37.9525 	EXP 	Choice4: text = '4.convinced'
37.9525 	EXP 	image: autoDraw = True
37.9525 	EXP 	Choice1: autoDraw = True
37.9525 	EXP 	Choice2: autoDraw = True
37.9525 	EXP 	Choice3: autoDraw = True
37.9525 	EXP 	Choice4: autoDraw = True
37.9525 	EXP 	Chosen: autoDraw = True
37.9525 	EXP 	YourChoice: autoDraw = True
37.9525 	EXP 	twentysec: autoDraw = True
37.9525 	EXP 	Timer: autoDraw = True
42.8791 	EXP 	twentysec: autoDraw = False
42.8791 	EXP 	FifteenSec: autoDraw = True
47.8803 	EXP 	FifteenSec: autoDraw = False
47.8803 	EXP 	TenSec: autoDraw = True
51.0814 	DATA 	Keypress: 3
52.2485 	DATA 	Keypress: 2
52.8797 	EXP 	TenSec: autoDraw = False
52.8797 	EXP 	FiveSec: autoDraw = True
53.1245 	DATA 	Keypress: 1
53.3563 	DATA 	Keypress: 3
53.6495 	DATA 	Keypress: 2
54.5321 	DATA 	Keypress: 1
57.8454 	EXP 	Sound  stopped
57.8617 	EXP 	image: autoDraw = False
57.8617 	EXP 	Choice1: autoDraw = False
57.8617 	EXP 	Choice2: autoDraw = False
57.8617 	EXP 	Choice3: autoDraw = False
57.8617 	EXP 	Choice4: autoDraw = False
57.8617 	EXP 	Chosen: autoDraw = False
57.8617 	EXP 	YourChoice: autoDraw = False
57.8617 	EXP 	twentysec: autoDraw = False
57.8617 	EXP 	FifteenSec: autoDraw = False
57.8617 	EXP 	TenSec: autoDraw = False
57.8617 	EXP 	FiveSec: autoDraw = False
57.8617 	EXP 	Timer: autoDraw = False
57.8617 	EXP 	Question: autoDraw = True
59.7807 	DATA 	Keypress: 2
59.7956 	EXP 	Question: autoDraw = False
59.7956 	EXP 	Wait3: autoDraw = True
60.5293 	DATA 	Keypress: escape
60.8068 	EXP 	window1: mouseVisible = True
