8.5358 	WARNING 	User requested fullscreen with size [1024  768], but screen is actually [1680, 1050]. Using actual size
9.3880 	EXP 	Created window1 = Window(allowGUI=False, allowStencil=False, args=UNKNOWN, autoLog=True, bitsMode=UNKNOWN, blendMode='avg', color=array([0., 0., 0.]), colorSpace='rgb', fullscr=<method-wrapper '__getattribute__' of attributeSetter object at 0x12613bd68>, gamma=None, kwargs=UNKNOWN, lms=UNKNOWN, monitor=<psychopy.monitors.calibTools.Monitor object at 0x12d827208>, multiSample=False, name='window1', numSamples=2, pos=[0.0, 0.0], screen=0, size=array([3360, 2100]), stereo=False, units='norm', useFBO=True, useRetina=True, viewOri=0.0, viewPos=None, viewScale=None, waitBlanking=True, winType='pyglet')
9.3881 	EXP 	window1: recordFrameIntervals = False
9.5534 	EXP 	window1: recordFrameIntervals = True
9.7365 	EXP 	window1: recordFrameIntervals = False
9.8547 	EXP 	Created text = TextStim(__class__=<class 'psychopy.visual.text.TextStim'>, alignHoriz='center', alignVert='center', antialias=True, autoLog=True, bold=False, color='white', colorSpace='named', contrast=1.0, depth=0.0, flipHoriz=False, flipVert=False, font='Arial', fontFiles=[], height=0.1, italic=False, languageStyle='LTR', name='text', opacity=1.0, ori=0, pos=array([0., 0.]), rgb=array([255., 255., 255.]), text=str(...), units='norm', win=Window(...), wrapWidth=1)
10.2001 	DATA 	Mouse: wheel shift=(0,0), pos=(825,817)
10.4078 	EXP 	Set  sound=C
10.4312 	EXP 	Set  sound=A
10.4312 	EXP 	Sound  set volume 1.000
10.4348 	EXP 	Created Wait3 = TextStim(__class__=<class 'psychopy.visual.text.TextStim'>, alignHoriz='center', alignVert='center', antialias=True, autoLog=True, bold=False, color='white', colorSpace='named', contrast=1.0, depth=0.0, flipHoriz=False, flipVert=False, font='Arial', fontFiles=[], height=0.1, italic=False, languageStyle='LTR', name='Wait3', opacity=1.0, ori=0, pos=array([0., 0.]), rgb=array([255., 255., 255.]), text='', units='norm', win=Window(...), wrapWidth=1)
10.4422 	EXP 	Created EndText = TextStim(__class__=<class 'psychopy.visual.text.TextStim'>, alignHoriz='center', alignVert='center', antialias=True, autoLog=True, bold=False, color='white', colorSpace='named', contrast=1.0, depth=0.0, flipHoriz=False, flipVert=False, font='Arial', fontFiles=[], height=0.1, italic=False, languageStyle='LTR', name='EndText', opacity=1.0, ori=0, pos=array([0., 0.]), rgb=array([255., 255., 255.]), text='Thanks for participating!\n', units='norm', win=Window(...), wrapWidth=1)
10.4713 	EXP 	text: autoDraw = True
11.0865 	DATA 	Mouse: wheel shift=(0,0), pos=(825,817)
13.8255 	DATA 	Keypress: n
13.8272 	DATA 	Keypress: space
13.8392 	EXP 	Imported Exp1Conditions.xlsx as conditions, 2 conditions, 1 params
13.8456 	EXP 	Created sequence: fullRandom, trialTypes=2, nReps=40, seed=None
13.8461 	EXP 	New trial (rep=0, index=0): OrderedDict([('Sound', 'heart120.wav')])
13.8857 	EXP 	Set  sound=heart120.wav
13.9047 	EXP 	Sound  started
13.9042 	EXP 	text: autoDraw = False
24.3213 	DATA 	Keypress: x
25.4873 	DATA 	Keypress: escape
4.2939 	WARNING 	User requested fullscreen with size [1024  768], but screen is actually [1680, 1050]. Using actual size
5.0578 	EXP 	Created window1 = Window(allowGUI=False, allowStencil=False, args=UNKNOWN, autoLog=True, bitsMode=UNKNOWN, blendMode='avg', color=array([0., 0., 0.]), colorSpace='rgb', fullscr=<method-wrapper '__getattribute__' of attributeSetter object at 0x125239d68>, gamma=None, kwargs=UNKNOWN, lms=UNKNOWN, monitor=<psychopy.monitors.calibTools.Monitor object at 0x12ce05748>, multiSample=False, name='window1', numSamples=2, pos=[0.0, 0.0], screen=0, size=array([3360, 2100]), stereo=False, units='norm', useFBO=True, useRetina=True, viewOri=0.0, viewPos=None, viewScale=None, waitBlanking=True, winType='pyglet')
5.0578 	EXP 	window1: recordFrameIntervals = False
5.2218 	EXP 	window1: recordFrameIntervals = True
5.4052 	EXP 	window1: recordFrameIntervals = False
5.4883 	EXP 	Created text = TextStim(__class__=<class 'psychopy.visual.text.TextStim'>, alignHoriz='center', alignVert='center', antialias=True, autoLog=True, bold=False, color='white', colorSpace='named', contrast=1.0, depth=0.0, flipHoriz=False, flipVert=False, font='Arial', fontFiles=[], height=0.1, italic=False, languageStyle='LTR', name='text', opacity=1.0, ori=0, pos=array([0., 0.]), rgb=array([255., 255., 255.]), text=str(...), units='norm', win=Window(...), wrapWidth=1)
6.0226 	EXP 	Set  sound=C
