5.5742 	EXP 	Created window1 = Window(allowGUI=False, allowStencil=False, args=UNKNOWN, autoLog=True, bitsMode=UNKNOWN, blendMode='avg', color=array([0., 0., 0.]), colorSpace='rgb', fullscr=<method-wrapper '__getattribute__' of attributeSetter object at 0x125750d68>, gamma=None, kwargs=UNKNOWN, lms=UNKNOWN, monitor=<psychopy.monitors.calibTools.Monitor object at 0x124fb4518>, multiSample=False, name='window1', numSamples=2, pos=[0.0, 0.0], screen=0, size=array([3360, 2100]), stereo=False, units='norm', useFBO=True, useRetina=True, viewOri=0.0, viewPos=None, viewScale=None, waitBlanking=True, winType='pyglet')
5.5743 	EXP 	window1: recordFrameIntervals = False
5.7392 	EXP 	window1: recordFrameIntervals = True
5.9226 	EXP 	window1: recordFrameIntervals = False
6.0232 	EXP 	Created text = TextStim(__class__=<class 'psychopy.visual.text.TextStim'>, alignHoriz='center', alignVert='center', antialias=True, autoLog=True, bold=False, color='white', colorSpace='named', contrast=1.0, depth=0.0, flipHoriz=False, flipVert=False, font='Arial', fontFiles=[], height=0.1, italic=False, languageStyle='LTR', name='text', opacity=1.0, ori=0, pos=array([0., 0.]), rgb=array([255., 255., 255.]), text=str(...), units='norm', win=Window(...), wrapWidth=1)
6.0926 	EXP 	Set  sound=A
6.0926 	EXP 	Set Sound  volume=1.000
6.0946 	EXP 	Created image = ImageStim(__class__=<class 'psychopy.visual.image.ImageStim'>, autoLog=True, color=array([1., 1., 1.]), colorSpace='rgb', contrast=1.0, depth=-1.0, flipHoriz=False, flipVert=False, image='sin', interpolate=True, mask=None, maskParams=None, name='image', opacity=1.0, ori=0.0, pos=array([0., 0.]), size=array([0.5, 0.5]), texRes=128, units='norm', win=Window(...))
6.1398 	EXP 	Created Scale = ImageStim(__class__=<class 'psychopy.visual.image.ImageStim'>, autoLog=True, color=array([1., 1., 1.]), colorSpace='rgb', contrast=1.0, depth=0.0, flipHoriz=False, flipVert=False, image='scale.png', interpolate=True, mask=None, maskParams=None, name='Scale', opacity=1.0, ori=0.0, pos=array([0., 0.]), size=array([0.5, 0.5]), texRes=128, units='norm', win=Window(...))
6.1573 	EXP 	Created Question = TextStim(__class__=<class 'psychopy.visual.text.TextStim'>, alignHoriz='center', alignVert='center', antialias=True, autoLog=True, bold=False, color='white', colorSpace='named', contrast=1.0, depth=-1.0, flipHoriz=False, flipVert=False, font='Arial', fontFiles=[], height=0.1, italic=False, languageStyle='LTR', name='Question', opacity=1.0, ori=0, pos=array([ 0. , -0.5]), rgb=array([255., 255., 255.]), text=str(...), units='norm', win=Window(...), wrapWidth=1)
6.1578 	EXP 	Created Wait3 = TextStim(__class__=<class 'psychopy.visual.text.TextStim'>, alignHoriz='center', alignVert='center', antialias=True, autoLog=True, bold=False, color='white', colorSpace='named', contrast=1.0, depth=0.0, flipHoriz=False, flipVert=False, font='Arial', fontFiles=[], height=0.1, italic=False, languageStyle='LTR', name='Wait3', opacity=1.0, ori=0, pos=array([0., 0.]), rgb=array([255., 255., 255.]), text='', units='norm', win=Window(...), wrapWidth=1)
6.1638 	EXP 	Created EndText = TextStim(__class__=<class 'psychopy.visual.text.TextStim'>, alignHoriz='center', alignVert='center', antialias=True, autoLog=True, bold=False, color='white', colorSpace='named', contrast=1.0, depth=0.0, flipHoriz=False, flipVert=False, font='Arial', fontFiles=[], height=0.1, italic=False, languageStyle='LTR', name='EndText', opacity=1.0, ori=0, pos=array([0., 0.]), rgb=array([255., 255., 255.]), text='Thanks for participating!\n', units='norm', win=Window(...), wrapWidth=1)
6.1893 	EXP 	text: autoDraw = True
7.7991 	DATA 	Keypress: space
7.8097 	EXP 	Imported Exp1Conditions.xlsx as conditions, 6 conditions, 3 params
7.8101 	EXP 	Created sequence: fullRandom, trialTypes=6, nReps=2, seed=None
7.8104 	EXP 	New trial (rep=0, index=0): OrderedDict([('Sound', 'silence.wav'), ('marker', None), ('img', 'eyes1')])
7.8131 	EXP 	Set  sound=silence.wav
7.8132 	WARNING 	Requested image 'eyes1' not found but similar filename 'eyes1.png' exists. This will be used instead but changing the filename is advised.
7.8416 	EXP 	Sound  started
7.8415 	EXP 	text: autoDraw = False
7.8415 	EXP 	image: image = 'eyes1'
7.8415 	EXP 	image: autoDraw = True
27.8061 	EXP 	Sound  stopped
27.8227 	EXP 	image: autoDraw = False
27.8227 	EXP 	Scale: autoDraw = True
27.8227 	EXP 	Question: autoDraw = True
30.3091 	DATA 	Keypress: 3
30.3225 	EXP 	Scale: autoDraw = False
30.3225 	EXP 	Question: autoDraw = False
30.3225 	EXP 	Wait3: autoDraw = True
33.3068 	EXP 	New trial (rep=0, index=1): OrderedDict([('Sound', 'heart120.wav'), ('marker', 120.0), ('img', 'eyes2')])
33.3087 	EXP 	Set  sound=heart120.wav
33.3088 	WARNING 	Requested image 'eyes2' not found but similar filename 'eyes2.png' exists. This will be used instead but changing the filename is advised.
33.3284 	EXP 	Sound  started
33.3284 	EXP 	Wait3: autoDraw = False
33.3284 	EXP 	Wait3: autoDraw = False
33.3284 	EXP 	image: image = 'eyes2'
33.3284 	EXP 	image: autoDraw = True
53.3070 	EXP 	Sound  stopped
53.3077 	EXP 	Sound  stopped
53.3248 	EXP 	image: autoDraw = False
53.3248 	EXP 	image: autoDraw = False
53.3248 	EXP 	Scale: autoDraw = True
53.3248 	EXP 	Question: autoDraw = True
56.2897 	DATA 	Mouse: wheel shift=(0,0), pos=(854,930)
56.3057 	DATA 	Mouse: wheel shift=(2,0), pos=(854,930)
56.3218 	DATA 	Mouse: wheel shift=(2,0), pos=(854,930)
56.3390 	DATA 	Mouse: wheel shift=(1,0), pos=(854,930)
56.3553 	DATA 	Mouse: wheel shift=(0,0), pos=(854,930)
56.3556 	DATA 	Mouse: wheel shift=(3,0), pos=(854,930)
56.3723 	DATA 	Mouse: wheel shift=(3,0), pos=(854,930)
56.3883 	DATA 	Mouse: wheel shift=(3,0), pos=(854,930)
56.4053 	DATA 	Mouse: wheel shift=(3,0), pos=(858,930)
56.4225 	DATA 	Mouse: wheel shift=(2,0), pos=(860,931)
56.4381 	DATA 	Mouse: wheel shift=(0,0), pos=(860,931)
56.5221 	DATA 	Mouse: wheel shift=(0,0), pos=(861,931)
57.6888 	DATA 	Mouse: wheel shift=(0,0), pos=(861,931)
79.4585 	DATA 	Keypress: lcommand
79.5561 	DATA 	Keypress: loption
122.8660 	DATA 	Keypress: right
125.3550 	DATA 	Keypress: loption
125.3580 	DATA 	Keypress: lcommand
125.6037 	DATA 	Keypress: loption
126.1718 	DATA 	Keypress: lcommand
126.1894 	DATA 	Keypress: loption
130.5700 	DATA 	Keypress: lcommand
130.5705 	DATA 	Keypress: loption
133.1363 	DATA 	Keypress: loption
133.1539 	DATA 	Keypress: lctrl
133.6041 	DATA 	Keypress: escape
133.8901 	EXP 	window1: mouseVisible = True
