10.3231 	EXP 	Created window1 = Window(allowGUI=False, allowStencil=False, args=UNKNOWN, autoLog=True, bitsMode=UNKNOWN, blendMode='avg', color=array([0., 0., 0.]), colorSpace='rgb', fullscr=<method-wrapper '__getattribute__' of attributeSetter object at 0x127889c88>, gamma=None, kwargs=UNKNOWN, lms=UNKNOWN, monitor=<psychopy.monitors.calibTools.Monitor object at 0x1257eecc0>, multiSample=False, name='window1', numSamples=2, pos=[0.0, 0.0], screen=0, size=array([3360, 2100]), stereo=False, units='norm', useFBO=True, useRetina=True, viewOri=0.0, viewPos=None, viewScale=None, waitBlanking=True, winType='pyglet')
10.3232 	EXP 	window1: recordFrameIntervals = False
10.4885 	EXP 	window1: recordFrameIntervals = True
10.6716 	EXP 	window1: recordFrameIntervals = False
10.7937 	EXP 	Created text = TextStim(__class__=<class 'psychopy.visual.text.TextStim'>, alignHoriz='center', alignVert='center', antialias=True, autoLog=True, bold=False, color='white', colorSpace='named', contrast=1.0, depth=0.0, flipHoriz=False, flipVert=False, font='Arial', fontFiles=[], height=0.1, italic=False, languageStyle='LTR', name='text', opacity=1.0, ori=0, pos=array([0., 0.]), rgb=array([255., 255., 255.]), text=str(...), units='norm', win=Window(...), wrapWidth=1)
10.9146 	EXP 	Set  sound=A
10.9146 	EXP 	Set Sound  volume=1.000
10.9229 	EXP 	Created image = ImageStim(__class__=<class 'psychopy.visual.image.ImageStim'>, autoLog=True, color=array([1., 1., 1.]), colorSpace='rgb', contrast=1.0, depth=-1.0, flipHoriz=False, flipVert=False, image='sin', interpolate=True, mask=None, maskParams=None, name='image', opacity=1.0, ori=0.0, pos=array([0., 0.]), size=array([0.5, 0.5]), texRes=128, units='norm', win=Window(...))
10.9322 	EXP 	Created choice1 = TextStim(__class__=<class 'psychopy.visual.text.TextStim'>, alignHoriz='center', alignVert='center', antialias=True, autoLog=True, bold=False, color='white', colorSpace='named', contrast=1.0, depth=-1.0, flipHoriz=False, flipVert=False, font='Arial', fontFiles=[], height=1.5, italic=False, languageStyle='LTR', name='choice1', opacity=1.0, ori=0, pos=array([0., 4.]), rgb=array([255., 255., 255.]), text='default text', units='cm', win=Window(...), wrapWidth=15.0)
10.9363 	EXP 	Created choice2 = TextStim(__class__=<class 'psychopy.visual.text.TextStim'>, alignHoriz='center', alignVert='center', antialias=True, autoLog=True, bold=False, color='white', colorSpace='named', contrast=1.0, depth=-2.0, flipHoriz=False, flipVert=False, font='Arial', fontFiles=[], height=1.5, italic=False, languageStyle='LTR', name='choice2', opacity=1.0, ori=0, pos=array([0., 2.]), rgb=array([255., 255., 255.]), text='default text', units='cm', win=Window(...), wrapWidth=15.0)
10.9400 	EXP 	Created choice3 = TextStim(__class__=<class 'psychopy.visual.text.TextStim'>, alignHoriz='center', alignVert='center', antialias=True, autoLog=True, bold=False, color='white', colorSpace='named', contrast=1.0, depth=-3.0, flipHoriz=False, flipVert=False, font='Arial', fontFiles=[], height=1.5, italic=False, languageStyle='LTR', name='choice3', opacity=1.0, ori=0, pos=array([0., 0.]), rgb=array([255., 255., 255.]), text='default text', units='cm', win=Window(...), wrapWidth=15.0)
10.9439 	EXP 	Created choice4 = TextStim(__class__=<class 'psychopy.visual.text.TextStim'>, alignHoriz='center', alignVert='center', antialias=True, autoLog=True, bold=False, color='white', colorSpace='named', contrast=1.0, depth=-4.0, flipHoriz=False, flipVert=False, font='Arial', fontFiles=[], height=1.5, italic=False, languageStyle='LTR', name='choice4', opacity=1.0, ori=0, pos=array([ 0., -2.]), rgb=array([255., 255., 255.]), text='default text', units='cm', win=Window(...), wrapWidth=15.0)
10.9582 	EXP 	Created Question = TextStim(__class__=<class 'psychopy.visual.text.TextStim'>, alignHoriz='center', alignVert='center', antialias=True, autoLog=True, bold=False, color='white', colorSpace='named', contrast=1.0, depth=0.0, flipHoriz=False, flipVert=False, font='Arial', fontFiles=[], height=0.1, italic=False, languageStyle='LTR', name='Question', opacity=1.0, ori=0, pos=array([0., 0.]), rgb=array([255., 255., 255.]), text=str(...), units='norm', win=Window(...), wrapWidth=1)
10.9587 	EXP 	Created Wait3 = TextStim(__class__=<class 'psychopy.visual.text.TextStim'>, alignHoriz='center', alignVert='center', antialias=True, autoLog=True, bold=False, color='white', colorSpace='named', contrast=1.0, depth=0.0, flipHoriz=False, flipVert=False, font='Arial', fontFiles=[], height=0.1, italic=False, languageStyle='LTR', name='Wait3', opacity=1.0, ori=0, pos=array([0., 0.]), rgb=array([255., 255., 255.]), text='', units='norm', win=Window(...), wrapWidth=1)
10.9679 	EXP 	Created EndText = TextStim(__class__=<class 'psychopy.visual.text.TextStim'>, alignHoriz='center', alignVert='center', antialias=True, autoLog=True, bold=False, color='white', colorSpace='named', contrast=1.0, depth=0.0, flipHoriz=False, flipVert=False, font='Arial', fontFiles=[], height=0.1, italic=False, languageStyle='LTR', name='EndText', opacity=1.0, ori=0, pos=array([0., 0.]), rgb=array([255., 255., 255.]), text='Thanks for participating!\n', units='norm', win=Window(...), wrapWidth=1)
10.9913 	EXP 	text: autoDraw = True
11.6494 	DATA 	Keypress: space
11.6847 	EXP 	Imported Heart2Cond.xlsx as conditions, 30 conditions, 9 params
11.6851 	EXP 	Created sequence: sequential, trialTypes=30, nReps=1, seed=None
11.6855 	EXP 	New trial (rep=0, index=0): OrderedDict([('pic', 'eyes1.png'), ('sound', 'heart120.wav'), ('c1', 'playful'), ('c2', 'comforting'), ('c3', 'irritated'), ('c4', 'bored'), ('answerNum', 1), ('answer', 'playful'), ('marker', 120)])
11.6899 	EXP 	Set  sound=heart120.wav
11.8694 	EXP 	Sound  started
11.8694 	EXP 	text: autoDraw = False
11.8694 	EXP 	image: image = 'eyes1.png'
11.8694 	EXP 	image: autoDraw = True
31.6577 	EXP 	Sound  stopped
31.7090 	EXP 	image: autoDraw = False
31.7090 	EXP 	choice1: text = '1.playful'
31.7090 	EXP 	choice2: text = '2.comforting'
31.7090 	EXP 	choice3: text = '3.irritated'
31.7090 	EXP 	choice4: text = '4.bored'
31.7090 	EXP 	choice1: autoDraw = True
31.7090 	EXP 	choice2: autoDraw = True
31.7090 	EXP 	choice3: autoDraw = True
31.7090 	EXP 	choice4: autoDraw = True
34.0639 	DATA 	Keypress: 1
34.0921 	EXP 	choice1: autoDraw = False
34.0921 	EXP 	choice2: autoDraw = False
34.0921 	EXP 	choice3: autoDraw = False
34.0921 	EXP 	choice4: autoDraw = False
34.0921 	EXP 	Question: autoDraw = True
35.2780 	DATA 	Keypress: 1
35.2932 	EXP 	Question: autoDraw = False
35.2932 	EXP 	Wait3: autoDraw = True
35.7105 	DATA 	Keypress: lcommand
36.0364 	DATA 	Keypress: escape
36.3081 	EXP 	window1: mouseVisible = True
