5.2165 	EXP 	Created window1 = Window(allowGUI=False, allowStencil=False, args=UNKNOWN, autoLog=True, bitsMode=UNKNOWN, blendMode='avg', color=array([ 0.,  0.,  0.]), colorSpace='rgb', fullscr=UNKNOWN, gamma=None, kwargs=UNKNOWN, lms=UNKNOWN, monitor=<psychopy.monitors.calibTools.Monitor object at 0x113728c50>, multiSample=False, name='window1', numSamples=2, pos=[0, 0], screen=0, size=array([1680, 1050]), stereo=False, units=u'norm', useFBO=True, useRetina=False, viewOri=0.0, viewPos=None, viewScale=None, waitBlanking=True, winType=u'pyglet')
5.2166 	EXP 	window1: recordFrameIntervals = False
5.3818 	EXP 	window1: recordFrameIntervals = True
5.5659 	EXP 	window1: recordFrameIntervals = False
5.6313 	EXP 	Created text = TextStim(alignHoriz='center', alignVert='center', antialias=True, autoLog=True, bold=False, color='white', colorSpace='named', contrast=1.0, depth=0.0, flipHoriz=False, flipVert=False, font='Arial', fontFiles=[], height=0.1, italic=False, name='text', opacity=1.0, ori=0, pos=array([ 0.,  0.]), rgb=array([ 255.,  255.,  255.]), text=newstr(...), units=u'norm', win=Window(...), wrapWidth=1)
5.6428 	EXP 	Sound  set volume 1.000
5.6442 	EXP 	Created Wait3 = TextStim(alignHoriz='center', alignVert='center', antialias=True, autoLog=True, bold=False, color='white', colorSpace='named', contrast=1.0, depth=0.0, flipHoriz=False, flipVert=False, font='Arial', fontFiles=[], height=0.1, italic=False, name='Wait3', opacity=1.0, ori=0, pos=array([ 0.,  0.]), rgb=array([ 255.,  255.,  255.]), text='', units=u'norm', win=Window(...), wrapWidth=1)
5.6541 	EXP 	Created EndText = TextStim(alignHoriz='center', alignVert='center', antialias=True, autoLog=True, bold=False, color='white', colorSpace='named', contrast=1.0, depth=0.0, flipHoriz=False, flipVert=False, font='Arial', fontFiles=[], height=0.1, italic=False, name='EndText', opacity=1.0, ori=0, pos=array([ 0.,  0.]), rgb=array([ 255.,  255.,  255.]), text='Thanks for participating!\n', units=u'norm', win=Window(...), wrapWidth=1)
5.6676 	EXP 	text: autoDraw = True
7.1047 	DATA 	Keypress: space
7.1179 	EXP 	Imported Exp1Conditions.xlsx as conditions, 2 conditions, 2 params
7.1182 	EXP 	Created sequence: fullRandom, trialTypes=2, nReps=1, seed=None
7.1184 	EXP 	New trial (rep=0, index=0): OrderedDict([(u'Sound', u'heart120.wav'), (u'marker', 120)])
7.1496 	EXP 	text: autoDraw = False
27.1318 	EXP 	Wait3: autoDraw = True
37.1176 	EXP 	New trial (rep=0, index=1): OrderedDict([(u'Sound', u'heart60.wav'), (u'marker', 60)])
37.1496 	EXP 	Wait3: autoDraw = False
55.4668 	EXP 	Wait3: autoDraw = True
65.4841 	EXP 	Wait3: autoDraw = False
65.4841 	EXP 	Wait3: autoDraw = False
65.4841 	EXP 	EndText: autoDraw = True
79.7327 	DATA 	Keypress: space
80.0180 	EXP 	window1: mouseVisible = True
