4.3257 	EXP 	Created window1 = Window(allowGUI=False, allowStencil=False, args=UNKNOWN, autoLog=True, bitsMode=UNKNOWN, blendMode='avg', color=array([0., 0., 0.]), colorSpace='rgb', fullscr=<method-wrapper '__getattribute__' of attributeSetter object at 0x125b92dd8>, gamma=None, kwargs=UNKNOWN, lms=UNKNOWN, monitor=<psychopy.monitors.calibTools.Monitor object at 0x124f89710>, multiSample=False, name='window1', numSamples=2, pos=[0.0, 0.0], screen=0, size=array([3360, 2100]), stereo=False, units='norm', useFBO=True, useRetina=True, viewOri=0.0, viewPos=None, viewScale=None, waitBlanking=True, winType='pyglet')
4.3258 	EXP 	window1: recordFrameIntervals = False
4.4921 	EXP 	window1: recordFrameIntervals = True
4.6770 	EXP 	window1: recordFrameIntervals = False
4.7611 	EXP 	Created text = TextStim(__class__=<class 'psychopy.visual.text.TextStim'>, alignHoriz='center', alignVert='center', antialias=True, autoLog=True, bold=False, color='white', colorSpace='named', contrast=1.0, depth=0.0, flipHoriz=False, flipVert=False, font='Arial', fontFiles=[], height=0.1, italic=False, languageStyle='LTR', name='text', opacity=1.0, ori=0, pos=array([0., 0.]), rgb=array([255., 255., 255.]), text=str(...), units='norm', win=Window(...), wrapWidth=1)
4.8215 	EXP 	Set  sound=A
4.8215 	EXP 	Set Sound  volume=1.000
4.8235 	EXP 	Created image = ImageStim(__class__=<class 'psychopy.visual.image.ImageStim'>, autoLog=True, color=array([1., 1., 1.]), colorSpace='rgb', contrast=1.0, depth=-1.0, flipHoriz=False, flipVert=False, image='sin', interpolate=True, mask=None, maskParams=None, name='image', opacity=1.0, ori=0.0, pos=array([0., 0.]), size=array([0.5, 0.5]), texRes=128, units='norm', win=Window(...))
4.8322 	EXP 	Created Choice1 = TextStim(__class__=<class 'psychopy.visual.text.TextStim'>, alignHoriz='center', alignVert='center', antialias=True, autoLog=True, bold=False, color='white', colorSpace='named', contrast=1.0, depth=-3.0, flipHoriz=False, flipVert=False, font='Arial', fontFiles=[], height=1.5, italic=False, languageStyle='LTR', name='Choice1', opacity=1.0, ori=0, pos=array([0., 0.]), rgb=array([255., 255., 255.]), text='default text', units='cm', win=Window(...), wrapWidth=15.0)
4.8357 	EXP 	Created Choice2 = TextStim(__class__=<class 'psychopy.visual.text.TextStim'>, alignHoriz='center', alignVert='center', antialias=True, autoLog=True, bold=False, color='white', colorSpace='named', contrast=1.0, depth=-4.0, flipHoriz=False, flipVert=False, font='Arial', fontFiles=[], height=1.5, italic=False, languageStyle='LTR', name='Choice2', opacity=1.0, ori=0, pos=array([0., 0.]), rgb=array([255., 255., 255.]), text='default text', units='cm', win=Window(...), wrapWidth=15.0)
4.8391 	EXP 	Created Choice3 = TextStim(__class__=<class 'psychopy.visual.text.TextStim'>, alignHoriz='center', alignVert='center', antialias=True, autoLog=True, bold=False, color='white', colorSpace='named', contrast=1.0, depth=-5.0, flipHoriz=False, flipVert=False, font='Arial', fontFiles=[], height=1.5, italic=False, languageStyle='LTR', name='Choice3', opacity=1.0, ori=0, pos=array([0., 0.]), rgb=array([255., 255., 255.]), text='default text', units='cm', win=Window(...), wrapWidth=15.0)
4.8429 	EXP 	Created Choice4 = TextStim(__class__=<class 'psychopy.visual.text.TextStim'>, alignHoriz='center', alignVert='center', antialias=True, autoLog=True, bold=False, color='white', colorSpace='named', contrast=1.0, depth=-6.0, flipHoriz=False, flipVert=False, font='Arial', fontFiles=[], height=1.5, italic=False, languageStyle='LTR', name='Choice4', opacity=1.0, ori=0, pos=array([0., 0.]), rgb=array([255., 255., 255.]), text='default text', units='cm', win=Window(...), wrapWidth=15.0)
4.9001 	EXP 	Created Chosen = TextStim(__class__=<class 'psychopy.visual.text.TextStim'>, alignHoriz='center', alignVert='center', antialias=True, autoLog=True, bold=False, color='white', colorSpace='named', contrast=1.0, depth=-7.0, flipHoriz=False, flipVert=False, font='Arial', fontFiles=[], height=1.5, italic=False, languageStyle='LTR', name='Chosen', opacity=1.0, ori=0, pos=array([0., 0.]), rgb=array([255., 255., 255.]), text='default text', units='norm', win=Window(...), wrapWidth=1)
4.9037 	EXP 	Created choice1 = TextStim(__class__=<class 'psychopy.visual.text.TextStim'>, alignHoriz='center', alignVert='center', antialias=True, autoLog=True, bold=False, color='white', colorSpace='named', contrast=1.0, depth=-1.0, flipHoriz=False, flipVert=False, font='Arial', fontFiles=[], height=1.5, italic=False, languageStyle='LTR', name='choice1', opacity=1.0, ori=0, pos=array([0., 4.]), rgb=array([255., 255., 255.]), text='default text', units='cm', win=Window(...), wrapWidth=15.0)
4.9073 	EXP 	Created choice2 = TextStim(__class__=<class 'psychopy.visual.text.TextStim'>, alignHoriz='center', alignVert='center', antialias=True, autoLog=True, bold=False, color='white', colorSpace='named', contrast=1.0, depth=-2.0, flipHoriz=False, flipVert=False, font='Arial', fontFiles=[], height=1.5, italic=False, languageStyle='LTR', name='choice2', opacity=1.0, ori=0, pos=array([0., 2.]), rgb=array([255., 255., 255.]), text='default text', units='cm', win=Window(...), wrapWidth=15.0)
4.9109 	EXP 	Created choice3 = TextStim(__class__=<class 'psychopy.visual.text.TextStim'>, alignHoriz='center', alignVert='center', antialias=True, autoLog=True, bold=False, color='white', colorSpace='named', contrast=1.0, depth=-3.0, flipHoriz=False, flipVert=False, font='Arial', fontFiles=[], height=1.5, italic=False, languageStyle='LTR', name='choice3', opacity=1.0, ori=0, pos=array([0., 0.]), rgb=array([255., 255., 255.]), text='default text', units='cm', win=Window(...), wrapWidth=15.0)
4.9159 	EXP 	Created choice4 = TextStim(__class__=<class 'psychopy.visual.text.TextStim'>, alignHoriz='center', alignVert='center', antialias=True, autoLog=True, bold=False, color='white', colorSpace='named', contrast=1.0, depth=-4.0, flipHoriz=False, flipVert=False, font='Arial', fontFiles=[], height=1.5, italic=False, languageStyle='LTR', name='choice4', opacity=1.0, ori=0, pos=array([ 0., -2.]), rgb=array([255., 255., 255.]), text='default text', units='cm', win=Window(...), wrapWidth=15.0)
4.9195 	EXP 	Created chosen = TextStim(__class__=<class 'psychopy.visual.text.TextStim'>, alignHoriz='center', alignVert='center', antialias=True, autoLog=True, bold=False, color='white', colorSpace='named', contrast=1.0, depth=-5.0, flipHoriz=False, flipVert=False, font='Arial', fontFiles=[], height=1.5, italic=False, languageStyle='LTR', name='chosen', opacity=1.0, ori=0, pos=array([ 0., -4.]), rgb=array([255., 255., 255.]), text='default text', units='cm', win=Window(...), wrapWidth=15.0)
4.9325 	EXP 	Created Question = TextStim(__class__=<class 'psychopy.visual.text.TextStim'>, alignHoriz='center', alignVert='center', antialias=True, autoLog=True, bold=False, color='white', colorSpace='named', contrast=1.0, depth=0.0, flipHoriz=False, flipVert=False, font='Arial', fontFiles=[], height=0.1, italic=False, languageStyle='LTR', name='Question', opacity=1.0, ori=0, pos=array([0., 0.]), rgb=array([255., 255., 255.]), text=str(...), units='norm', win=Window(...), wrapWidth=1)
4.9330 	EXP 	Created Wait3 = TextStim(__class__=<class 'psychopy.visual.text.TextStim'>, alignHoriz='center', alignVert='center', antialias=True, autoLog=True, bold=False, color='white', colorSpace='named', contrast=1.0, depth=0.0, flipHoriz=False, flipVert=False, font='Arial', fontFiles=[], height=0.1, italic=False, languageStyle='LTR', name='Wait3', opacity=1.0, ori=0, pos=array([0., 0.]), rgb=array([255., 255., 255.]), text='', units='norm', win=Window(...), wrapWidth=1)
4.9391 	EXP 	Created EndText = TextStim(__class__=<class 'psychopy.visual.text.TextStim'>, alignHoriz='center', alignVert='center', antialias=True, autoLog=True, bold=False, color='white', colorSpace='named', contrast=1.0, depth=0.0, flipHoriz=False, flipVert=False, font='Arial', fontFiles=[], height=0.1, italic=False, languageStyle='LTR', name='EndText', opacity=1.0, ori=0, pos=array([0., 0.]), rgb=array([255., 255., 255.]), text='Thanks for participating!\n', units='norm', win=Window(...), wrapWidth=1)
4.9672 	EXP 	text: autoDraw = True
5.7833 	DATA 	Keypress: space
5.7974 	EXP 	Imported Heart2Cond.xlsx as conditions, 30 conditions, 9 params
5.7977 	EXP 	Created sequence: sequential, trialTypes=30, nReps=1, seed=None
5.7981 	EXP 	New trial (rep=0, index=0): OrderedDict([('pic', 'eyes1.png'), ('sound', 'heart120.wav'), ('c1', 'playful'), ('c2', 'comforting'), ('c3', 'irritated'), ('c4', 'bored'), ('answerNum', 1), ('answer', 'playful'), ('marker', 120)])
5.7993 	EXP 	Set  sound=heart120.wav
5.9699 	EXP 	Sound  started
5.9697 	EXP 	text: autoDraw = False
5.9697 	EXP 	image: image = 'eyes1.png'
5.9697 	EXP 	Choice1: text = '1.playful'
5.9697 	EXP 	Choice2: text = '2.comforting'
5.9697 	EXP 	Choice3: text = '3.irritated'
5.9697 	EXP 	Choice4: text = '4.bored'
5.9697 	EXP 	image: autoDraw = True
5.9697 	EXP 	Choice1: autoDraw = True
5.9697 	EXP 	Choice2: autoDraw = True
5.9697 	EXP 	Choice3: autoDraw = True
5.9697 	EXP 	Choice4: autoDraw = True
5.9697 	EXP 	Chosen: autoDraw = True
18.0332 	DATA 	Keypress: escape
18.3047 	EXP 	window1: mouseVisible = True
