9.5493 	WARNING 	User requested fullscreen with size [1680 1050], but screen is actually [3840, 2160]. Using actual size
10.6801 	EXP 	Created window1 = Window(allowGUI=False, allowStencil=False, args=UNKNOWN, autoLog=True, bitsMode=UNKNOWN, blendMode='avg', color=array([0., 0., 0.]), colorSpace='rgb', fullscr=<method-wrapper '__getattribute__' of attributeSetter object at 0x12603ec50>, gamma=None, kwargs=UNKNOWN, lms=UNKNOWN, monitor=<psychopy.monitors.calibTools.Monitor object at 0x12e0c1828>, multiSample=False, name='window1', numSamples=2, pos=[0.0, 0.0], screen=0, size=array([3840, 2160]), stereo=False, units='norm', useFBO=True, useRetina=False, viewOri=0.0, viewPos=None, viewScale=None, waitBlanking=True, winType='pyglet')
10.6802 	EXP 	window1: recordFrameIntervals = False
11.0066 	EXP 	window1: recordFrameIntervals = True
11.3746 	EXP 	window1: recordFrameIntervals = False
11.5163 	EXP 	Created text = TextStim(__class__=<class 'psychopy.visual.text.TextStim'>, alignHoriz='center', alignVert='center', antialias=True, autoLog=True, bold=False, color='white', colorSpace='named', contrast=1.0, depth=0.0, flipHoriz=False, flipVert=False, font='Arial', fontFiles=[], height=0.1, italic=False, languageStyle='LTR', name='text', opacity=1.0, ori=0, pos=array([0., 0.]), rgb=array([255., 255., 255.]), text=str(...), units='norm', win=Window(...), wrapWidth=1)
12.0669 	EXP 	Set  sound=C
12.0904 	EXP 	Set  sound=A
12.0904 	EXP 	Sound  set volume 1.000
12.0911 	EXP 	Created Wait3 = TextStim(__class__=<class 'psychopy.visual.text.TextStim'>, alignHoriz='center', alignVert='center', antialias=True, autoLog=True, bold=False, color='white', colorSpace='named', contrast=1.0, depth=0.0, flipHoriz=False, flipVert=False, font='Arial', fontFiles=[], height=0.1, italic=False, languageStyle='LTR', name='Wait3', opacity=1.0, ori=0, pos=array([0., 0.]), rgb=array([255., 255., 255.]), text='', units='norm', win=Window(...), wrapWidth=1)
12.1071 	EXP 	Created EndText = TextStim(__class__=<class 'psychopy.visual.text.TextStim'>, alignHoriz='center', alignVert='center', antialias=True, autoLog=True, bold=False, color='white', colorSpace='named', contrast=1.0, depth=0.0, flipHoriz=False, flipVert=False, font='Arial', fontFiles=[], height=0.1, italic=False, languageStyle='LTR', name='EndText', opacity=1.0, ori=0, pos=array([0., 0.]), rgb=array([255., 255., 255.]), text='Thanks for participating!\n', units='norm', win=Window(...), wrapWidth=1)
12.1375 	EXP 	text: autoDraw = True
17.1830 	DATA 	Keypress: space
17.2354 	EXP 	Imported Exp1Conditions.xlsx as conditions, 2 conditions, 1 params
17.2364 	EXP 	Created sequence: fullRandom, trialTypes=2, nReps=2, seed=None
17.2369 	EXP 	New trial (rep=0, index=0): OrderedDict([('Sound', 'heart60.wav')])
17.2804 	EXP 	Set  sound=heart60.wav
17.3038 	EXP 	Sound  started
17.3030 	EXP 	text: autoDraw = False
26.6750 	DATA 	Keypress: escape
