5.9496 	EXP 	Created window1 = Window(allowGUI=True, allowStencil=False, args=UNKNOWN, autoLog=True, bitsMode=UNKNOWN, blendMode='avg', color=array([0., 0., 0.]), colorSpace='rgb', fullscr=<method-wrapper '__getattribute__' of attributeSetter object at 0x129edad30>, gamma=None, kwargs=UNKNOWN, lms=UNKNOWN, monitor=<psychopy.monitors.calibTools.Monitor object at 0x127e0bdd8>, multiSample=False, name='window1', numSamples=2, pos=[0.0, 0.0], screen=0, size=array([3360, 2100]), stereo=False, units='norm', useFBO=True, useRetina=True, viewOri=0.0, viewPos=None, viewScale=None, waitBlanking=True, winType='pyglet')
5.9496 	EXP 	window1: recordFrameIntervals = False
6.1155 	EXP 	window1: recordFrameIntervals = True
6.2376 	WARNING 	t of last frame was 21.72ms (=1/46)
6.4165 	EXP 	window1: recordFrameIntervals = False
6.5028 	EXP 	Created text = TextStim(__class__=<class 'psychopy.visual.text.TextStim'>, alignHoriz='center', alignVert='center', antialias=True, autoLog=True, bold=False, color='white', colorSpace='named', contrast=1.0, depth=0.0, flipHoriz=False, flipVert=False, font='Arial', fontFiles=[], height=0.1, italic=False, languageStyle='LTR', name='text', opacity=1.0, ori=0, pos=array([0., 0.]), rgb=array([255., 255., 255.]), text=str(...), units='norm', win=Window(...), wrapWidth=1)
6.5842 	EXP 	Set  sound=A
6.5842 	EXP 	Set Sound  volume=4.000
6.5877 	EXP 	Created image = ImageStim(__class__=<class 'psychopy.visual.image.ImageStim'>, autoLog=True, color=array([1., 1., 1.]), colorSpace='rgb', contrast=1.0, depth=-1.0, flipHoriz=False, flipVert=False, image='sin', interpolate=True, mask=None, maskParams=None, name='image', opacity=1.0, ori=0.0, pos=array([0., 2.]), size=array([20., 14.]), texRes=128, units='cm', win=Window(...))
6.5965 	EXP 	Created Choice1 = TextStim(__class__=<class 'psychopy.visual.text.TextStim'>, alignHoriz='center', alignVert='center', antialias=True, autoLog=True, bold=False, color='white', colorSpace='named', contrast=1.0, depth=-3.0, flipHoriz=False, flipVert=False, font='Arial', fontFiles=[], height=1.5, italic=False, languageStyle='LTR', name='Choice1', opacity=1.0, ori=0, pos=array([-12.,  13.]), rgb=array([255., 255., 255.]), text='default text', units='cm', win=Window(...), wrapWidth=15.0)
6.6002 	EXP 	Created Choice2 = TextStim(__class__=<class 'psychopy.visual.text.TextStim'>, alignHoriz='center', alignVert='center', antialias=True, autoLog=True, bold=False, color='white', colorSpace='named', contrast=1.0, depth=-4.0, flipHoriz=False, flipVert=False, font='Arial', fontFiles=[], height=1.5, italic=False, languageStyle='LTR', name='Choice2', opacity=1.0, ori=0, pos=array([12., 13.]), rgb=array([255., 255., 255.]), text='default text', units='cm', win=Window(...), wrapWidth=15.0)
6.6039 	EXP 	Created Choice3 = TextStim(__class__=<class 'psychopy.visual.text.TextStim'>, alignHoriz='center', alignVert='center', antialias=True, autoLog=True, bold=False, color='white', colorSpace='named', contrast=1.0, depth=-5.0, flipHoriz=False, flipVert=False, font='Arial', fontFiles=[], height=1.5, italic=False, languageStyle='LTR', name='Choice3', opacity=1.0, ori=0, pos=array([-12.,  -9.]), rgb=array([255., 255., 255.]), text='default text', units='cm', win=Window(...), wrapWidth=15.0)
6.6074 	EXP 	Created Choice4 = TextStim(__class__=<class 'psychopy.visual.text.TextStim'>, alignHoriz='center', alignVert='center', antialias=True, autoLog=True, bold=False, color='white', colorSpace='named', contrast=1.0, depth=-6.0, flipHoriz=False, flipVert=False, font='Arial', fontFiles=[], height=1.5, italic=False, languageStyle='LTR', name='Choice4', opacity=1.0, ori=0, pos=array([12., -9.]), rgb=array([255., 255., 255.]), text='default text', units='cm', win=Window(...), wrapWidth=15.0)
6.6126 	EXP 	Created Chosen = TextStim(__class__=<class 'psychopy.visual.text.TextStim'>, alignHoriz='center', alignVert='center', antialias=True, autoLog=True, bold=False, color='white', colorSpace='named', contrast=1.0, depth=-7.0, flipHoriz=False, flipVert=False, font='Arial', fontFiles=[], height=1.5, italic=False, languageStyle='LTR', name='Chosen', opacity=1.0, ori=0, pos=array([  0., -11.]), rgb=array([255., 255., 255.]), text='default text', units='cm', win=Window(...), wrapWidth=15.0)
6.6196 	EXP 	Created YourChoice = TextStim(__class__=<class 'psychopy.visual.text.TextStim'>, alignHoriz='center', alignVert='center', antialias=True, autoLog=True, bold=False, color='white', colorSpace='named', contrast=1.0, depth=-8.0, flipHoriz=False, flipVert=False, font='Arial', fontFiles=[], height=1.5, italic=False, languageStyle='LTR', name='YourChoice', opacity=1.0, ori=0, pos=array([ 0., -9.]), rgb=array([255., 255., 255.]), text='Your Choice:', units='cm', win=Window(...), wrapWidth=15.0)
6.6234 	EXP 	Created twentysec = TextStim(__class__=<class 'psychopy.visual.text.TextStim'>, alignHoriz='center', alignVert='center', antialias=True, autoLog=True, bold=False, color='white', colorSpace='named', contrast=1.0, depth=-9.0, flipHoriz=False, flipVert=False, font='Arial', fontFiles=[], height=1.5, italic=False, languageStyle='LTR', name='twentysec', opacity=1.0, ori=0, pos=array([-17.,   1.]), rgb=array([255., 255., 255.]), text='20', units='cm', win=Window(...), wrapWidth=15.0)
6.6283 	EXP 	Created FifteenSec = TextStim(__class__=<class 'psychopy.visual.text.TextStim'>, alignHoriz='center', alignVert='center', antialias=True, autoLog=True, bold=False, color='white', colorSpace='named', contrast=1.0, depth=-10.0, flipHoriz=False, flipVert=False, font='Arial', fontFiles=[], height=1.5, italic=False, languageStyle='LTR', name='FifteenSec', opacity=1.0, ori=0, pos=array([-17.,   1.]), rgb=array([255., 255., 255.]), text='15', units='cm', win=Window(...), wrapWidth=15.0)
6.6310 	EXP 	Created TenSec = TextStim(__class__=<class 'psychopy.visual.text.TextStim'>, alignHoriz='center', alignVert='center', antialias=True, autoLog=True, bold=False, color='white', colorSpace='named', contrast=1.0, depth=-11.0, flipHoriz=False, flipVert=False, font='Arial', fontFiles=[], height=1.5, italic=False, languageStyle='LTR', name='TenSec', opacity=1.0, ori=0, pos=array([-17.,   1.]), rgb=array([255., 255., 255.]), text='10', units='cm', win=Window(...), wrapWidth=15.0)
6.6340 	EXP 	Created FiveSec = TextStim(__class__=<class 'psychopy.visual.text.TextStim'>, alignHoriz='center', alignVert='center', antialias=True, autoLog=True, bold=False, color='white', colorSpace='named', contrast=1.0, depth=-12.0, flipHoriz=False, flipVert=False, font='Arial', fontFiles=[], height=1.5, italic=False, languageStyle='LTR', name='FiveSec', opacity=1.0, ori=0, pos=array([-17.,   1.]), rgb=array([255., 255., 255.]), text='5', units='cm', win=Window(...), wrapWidth=15.0)
6.6405 	EXP 	Created Timer = TextStim(__class__=<class 'psychopy.visual.text.TextStim'>, alignHoriz='center', alignVert='center', antialias=True, autoLog=True, bold=False, color='white', colorSpace='named', contrast=1.0, depth=-13.0, flipHoriz=False, flipVert=False, font='Arial', fontFiles=[], height=1.5, italic=False, languageStyle='LTR', name='Timer', opacity=1.0, ori=0, pos=array([-17.,   3.]), rgb=array([255., 255., 255.]), text='Seconds left:', units='cm', win=Window(...), wrapWidth=15.0)
6.6526 	EXP 	Created Question = TextStim(__class__=<class 'psychopy.visual.text.TextStim'>, alignHoriz='center', alignVert='center', antialias=True, autoLog=True, bold=False, color='white', colorSpace='named', contrast=1.0, depth=0.0, flipHoriz=False, flipVert=False, font='Arial', fontFiles=[], height=0.1, italic=False, languageStyle='LTR', name='Question', opacity=1.0, ori=0, pos=array([0., 0.]), rgb=array([255., 255., 255.]), text='Rate how well you felt what they were feeling:', units='norm', win=Window(...), wrapWidth=1)
6.6960 	EXP 	Created rating = RatingScale(__class__=type(...), acceptKeys=['return'], acceptPreText=UNKNOWN, acceptSize=UNKNOWN, acceptText='accept?', autoLog=True, choices=['1', '2', '3', '4', '5'], depth=0, disappear=False, flipVert=False, high=4, kwargs=UNKNOWN, labels=list(...), leftKeys=['left'], lineColor='White', low=0, marker=ShapeStim(...), markerColor='DarkBlue', markerExpansion=UNKNOWN, markerStart=None, maxTime=0.0, minTime=0.4, mouseOnly=False, name='rating', noMouse=False, pos=[0.0, -0.4], precision=1, respKeys=['0', '1', '2', '3', '4'], rightKeys=['right'], scale='<default>', self=UNKNOWN, showAccept=True, showValue=True, singleClick=False, size=0.6, skipKeys=['tab'], stretch=1.0, textColor='LightGray', textFont='Helvetica Bold', textSize=0.12, tickHeight=1.0, tickMarks=4.0, win=Window(...))
6.6966 	EXP 	Created Wait3 = TextStim(__class__=<class 'psychopy.visual.text.TextStim'>, alignHoriz='center', alignVert='center', antialias=True, autoLog=True, bold=False, color='white', colorSpace='named', contrast=1.0, depth=0.0, flipHoriz=False, flipVert=False, font='Arial', fontFiles=[], height=0.1, italic=False, languageStyle='LTR', name='Wait3', opacity=1.0, ori=0, pos=array([0., 0.]), rgb=array([255., 255., 255.]), text='', units='norm', win=Window(...), wrapWidth=1)
6.7033 	EXP 	Created EndText = TextStim(__class__=<class 'psychopy.visual.text.TextStim'>, alignHoriz='center', alignVert='center', antialias=True, autoLog=True, bold=False, color='white', colorSpace='named', contrast=1.0, depth=0.0, flipHoriz=False, flipVert=False, font='Arial', fontFiles=[], height=0.1, italic=False, languageStyle='LTR', name='EndText', opacity=1.0, ori=0, pos=array([0., 0.]), rgb=array([255., 255., 255.]), text='Thanks for participating!\n', units='norm', win=Window(...), wrapWidth=1)
6.7335 	EXP 	rating: flipVert = False
6.7335 	EXP 	rating: autoLog = True
6.7335 	EXP 	text: autoDraw = True
7.2066 	DATA 	Keypress: space
7.2197 	EXP 	Imported Heart2Cond.xlsx as conditions, 39 conditions, 9 params
7.2200 	EXP 	Created sequence: sequential, trialTypes=39, nReps=1, seed=None
7.2204 	EXP 	New trial (rep=0, index=0): OrderedDict([('pic', 'eyes1.png'), ('sound', 'heart120_1.wav'), ('c1', 'playful'), ('c2', 'comforting'), ('c3', 'irritated'), ('c4', 'bored'), ('answerNum', 1.0), ('answer', 'playful'), ('marker', "120'")])
7.2344 	EXP 	Set  sound=heart120_1.wav
7.4174 	EXP 	Sound  started
7.4174 	EXP 	text: autoDraw = False
7.4174 	EXP 	image: image = 'eyes1.png'
7.4174 	EXP 	Choice1: text = '1.playful'
7.4174 	EXP 	Choice2: text = '2.comforting'
7.4174 	EXP 	Choice3: text = '3.irritated'
7.4174 	EXP 	Choice4: text = '4.bored'
7.4174 	EXP 	image: autoDraw = True
7.4174 	EXP 	Choice1: autoDraw = True
7.4174 	EXP 	Choice2: autoDraw = True
7.4174 	EXP 	Choice3: autoDraw = True
7.4174 	EXP 	Choice4: autoDraw = True
7.4174 	EXP 	Chosen: autoDraw = True
7.4174 	EXP 	YourChoice: autoDraw = True
7.4174 	EXP 	twentysec: autoDraw = True
7.4174 	EXP 	Timer: autoDraw = True
12.2512 	EXP 	twentysec: autoDraw = False
12.2846 	EXP 	FifteenSec: autoDraw = True
14.4303 	DATA 	Keypress: 3
17.2513 	EXP 	FifteenSec: autoDraw = False
17.2844 	EXP 	TenSec: autoDraw = True
22.2672 	EXP 	TenSec: autoDraw = False
22.2672 	EXP 	FiveSec: autoDraw = True
27.2209 	EXP 	Sound  stopped
27.2225 	EXP 	RatingScale rating: reset()
27.2671 	EXP 	image: autoDraw = False
27.2671 	EXP 	Choice1: autoDraw = False
27.2671 	EXP 	Choice2: autoDraw = False
27.2671 	EXP 	Choice3: autoDraw = False
27.2671 	EXP 	Choice4: autoDraw = False
27.2671 	EXP 	Chosen: autoDraw = False
27.2671 	EXP 	YourChoice: autoDraw = False
27.2671 	EXP 	twentysec: autoDraw = False
27.2671 	EXP 	FifteenSec: autoDraw = False
27.2671 	EXP 	TenSec: autoDraw = False
27.2671 	EXP 	FiveSec: autoDraw = False
27.2671 	EXP 	Timer: autoDraw = False
27.2671 	EXP 	Question: autoDraw = True
27.2671 	EXP 	rating: autoDraw = True
30.4935 	DATA 	Mouse: Left button down, pos=(828,329)
30.6354 	DATA 	Mouse:  Left button up, pos=(828,329)
31.2557 	DATA 	Mouse: Left button down, pos=(733,320)
31.3273 	DATA 	Mouse:  Left button up, pos=(732,320)
32.2679 	DATA 	Mouse: Left button down, pos=(1086,321)
32.3436 	DATA 	Mouse:  Left button up, pos=(1086,321)
33.0714 	DATA 	Mouse: Left button down, pos=(892,183)
33.0774 	DATA 	RatingScale rating: (mouse response) rating=5
33.0774 	DATA 	RatingScale rating: rating RT=5.854
33.0775 	DATA 	RatingScale rating: history=[(None, 0.0), ('3', 3.27), ('2', 4.033), ('5', 5.05), ('5', 5.854)]
33.1167 	EXP 	Question: autoDraw = False
33.1167 	EXP 	rating: autoDraw = False
33.1167 	EXP 	Wait3: autoDraw = True
33.1511 	DATA 	Mouse:  Left button up, pos=(892,183)
36.1015 	EXP 	New trial (rep=0, index=1): OrderedDict([('pic', 'eyes3.png'), ('sound', 'silence.wav'), ('c1', 'joking'), ('c2', 'flustered'), ('c3', 'desire'), ('c4', 'convinced'), ('answerNum', 3.0), ('answer', 'desire'), ('marker', 'Silence')])
36.1162 	EXP 	Set  sound=silence.wav
36.2503 	EXP 	Sound  started
36.2502 	EXP 	Wait3: autoDraw = False
36.2502 	EXP 	Wait3: autoDraw = False
36.2502 	EXP 	image: image = 'eyes3.png'
36.2502 	EXP 	Choice1: text = '1.joking'
36.2502 	EXP 	Choice2: text = '2.flustered'
36.2502 	EXP 	Choice3: text = '3.desire'
36.2502 	EXP 	Choice4: text = '4.convinced'
36.2502 	EXP 	image: autoDraw = True
36.2502 	EXP 	Choice1: autoDraw = True
36.2502 	EXP 	Choice2: autoDraw = True
36.2502 	EXP 	Choice3: autoDraw = True
36.2502 	EXP 	Choice4: autoDraw = True
36.2502 	EXP 	Chosen: autoDraw = True
36.2502 	EXP 	YourChoice: autoDraw = True
36.2502 	EXP 	twentysec: autoDraw = True
36.2502 	EXP 	Timer: autoDraw = True
37.7893 	DATA 	Keypress: 3
38.3394 	DATA 	Keypress: 4
38.8019 	DATA 	Keypress: 5
39.2022 	DATA 	Keypress: 4
39.3691 	DATA 	Keypress: 3
39.5062 	DATA 	Keypress: 2
39.7419 	DATA 	Keypress: 1
39.9722 	DATA 	Keypress: 2
40.3556 	DATA 	Keypress: 3
40.5185 	DATA 	Keypress: 3
40.7036 	DATA 	Keypress: 4
41.1331 	EXP 	twentysec: autoDraw = False
41.1331 	EXP 	FifteenSec: autoDraw = True
41.1862 	DATA 	Keypress: 3
41.5522 	DATA 	Keypress: 2
41.8030 	DATA 	Keypress: 1
42.3060 	DATA 	Keypress: 3
42.5263 	DATA 	Keypress: 4
42.7756 	DATA 	Keypress: 3
43.1057 	DATA 	Keypress: 3
43.1855 	DATA 	Keypress: 2
43.9540 	DATA 	Keypress: escape
44.2274 	EXP 	window1: mouseVisible = True
