4.9108 	EXP 	Created window1 = Window(allowGUI=False, allowStencil=False, args=UNKNOWN, autoLog=True, bitsMode=UNKNOWN, blendMode='avg', color=array([0., 0., 0.]), colorSpace='rgb', fullscr=<method-wrapper '__getattribute__' of attributeSetter object at 0x125679dd8>, gamma=None, kwargs=UNKNOWN, lms=UNKNOWN, monitor=<psychopy.monitors.calibTools.Monitor object at 0x123f85898>, multiSample=False, name='window1', numSamples=2, pos=[0.0, 0.0], screen=0, size=array([3360, 2100]), stereo=False, units='norm', useFBO=True, useRetina=True, viewOri=0.0, viewPos=None, viewScale=None, waitBlanking=True, winType='pyglet')
4.9108 	EXP 	window1: recordFrameIntervals = False
5.0750 	EXP 	window1: recordFrameIntervals = True
5.3924 	EXP 	window1: recordFrameIntervals = False
5.4742 	EXP 	Created text = TextStim(__class__=<class 'psychopy.visual.text.TextStim'>, alignHoriz='center', alignVert='center', antialias=True, autoLog=True, bold=False, color='white', colorSpace='named', contrast=1.0, depth=0.0, flipHoriz=False, flipVert=False, font='Arial', fontFiles=[], height=0.1, italic=False, languageStyle='LTR', name='text', opacity=1.0, ori=0, pos=array([0., 0.]), rgb=array([255., 255., 255.]), text=str(...), units='norm', win=Window(...), wrapWidth=1)
5.5346 	EXP 	Set  sound=A
5.5347 	EXP 	Set Sound  volume=1.000
5.5365 	EXP 	Created image = ImageStim(__class__=<class 'psychopy.visual.image.ImageStim'>, autoLog=True, color=array([1., 1., 1.]), colorSpace='rgb', contrast=1.0, depth=-1.0, flipHoriz=False, flipVert=False, image='sin', interpolate=True, mask=None, maskParams=None, name='image', opacity=1.0, ori=0.0, pos=array([0., 2.]), size=array([20., 14.]), texRes=128, units='cm', win=Window(...))
5.5446 	EXP 	Created Choice1 = TextStim(__class__=<class 'psychopy.visual.text.TextStim'>, alignHoriz='center', alignVert='center', antialias=True, autoLog=True, bold=False, color='white', colorSpace='named', contrast=1.0, depth=-3.0, flipHoriz=False, flipVert=False, font='Arial', fontFiles=[], height=1.5, italic=False, languageStyle='LTR', name='Choice1', opacity=1.0, ori=0, pos=array([-12.,  13.]), rgb=array([255., 255., 255.]), text='default text', units='cm', win=Window(...), wrapWidth=15.0)
5.5483 	EXP 	Created Choice2 = TextStim(__class__=<class 'psychopy.visual.text.TextStim'>, alignHoriz='center', alignVert='center', antialias=True, autoLog=True, bold=False, color='white', colorSpace='named', contrast=1.0, depth=-4.0, flipHoriz=False, flipVert=False, font='Arial', fontFiles=[], height=1.5, italic=False, languageStyle='LTR', name='Choice2', opacity=1.0, ori=0, pos=array([12., 13.]), rgb=array([255., 255., 255.]), text='default text', units='cm', win=Window(...), wrapWidth=15.0)
5.5519 	EXP 	Created Choice3 = TextStim(__class__=<class 'psychopy.visual.text.TextStim'>, alignHoriz='center', alignVert='center', antialias=True, autoLog=True, bold=False, color='white', colorSpace='named', contrast=1.0, depth=-5.0, flipHoriz=False, flipVert=False, font='Arial', fontFiles=[], height=1.5, italic=False, languageStyle='LTR', name='Choice3', opacity=1.0, ori=0, pos=array([-12.,  -9.]), rgb=array([255., 255., 255.]), text='default text', units='cm', win=Window(...), wrapWidth=15.0)
5.5554 	EXP 	Created Choice4 = TextStim(__class__=<class 'psychopy.visual.text.TextStim'>, alignHoriz='center', alignVert='center', antialias=True, autoLog=True, bold=False, color='white', colorSpace='named', contrast=1.0, depth=-6.0, flipHoriz=False, flipVert=False, font='Arial', fontFiles=[], height=1.5, italic=False, languageStyle='LTR', name='Choice4', opacity=1.0, ori=0, pos=array([12., -9.]), rgb=array([255., 255., 255.]), text='default text', units='cm', win=Window(...), wrapWidth=15.0)
5.5592 	EXP 	Created Chosen = TextStim(__class__=<class 'psychopy.visual.text.TextStim'>, alignHoriz='center', alignVert='center', antialias=True, autoLog=True, bold=False, color='white', colorSpace='named', contrast=1.0, depth=-7.0, flipHoriz=False, flipVert=False, font='Arial', fontFiles=[], height=1.5, italic=False, languageStyle='LTR', name='Chosen', opacity=1.0, ori=0, pos=array([  0., -11.]), rgb=array([255., 255., 255.]), text='default text', units='cm', win=Window(...), wrapWidth=15.0)
5.5666 	EXP 	Created YourChoice = TextStim(__class__=<class 'psychopy.visual.text.TextStim'>, alignHoriz='center', alignVert='center', antialias=True, autoLog=True, bold=False, color='white', colorSpace='named', contrast=1.0, depth=-8.0, flipHoriz=False, flipVert=False, font='Arial', fontFiles=[], height=1.5, italic=False, languageStyle='LTR', name='YourChoice', opacity=1.0, ori=0, pos=array([ 0., -9.]), rgb=array([255., 255., 255.]), text='Your Choice:', units='cm', win=Window(...), wrapWidth=15.0)
5.5702 	EXP 	Created choice1 = TextStim(__class__=<class 'psychopy.visual.text.TextStim'>, alignHoriz='center', alignVert='center', antialias=True, autoLog=True, bold=False, color='white', colorSpace='named', contrast=1.0, depth=-1.0, flipHoriz=False, flipVert=False, font='Arial', fontFiles=[], height=1.5, italic=False, languageStyle='LTR', name='choice1', opacity=1.0, ori=0, pos=array([0., 4.]), rgb=array([255., 255., 255.]), text='default text', units='cm', win=Window(...), wrapWidth=15.0)
5.5757 	EXP 	Created choice2 = TextStim(__class__=<class 'psychopy.visual.text.TextStim'>, alignHoriz='center', alignVert='center', antialias=True, autoLog=True, bold=False, color='white', colorSpace='named', contrast=1.0, depth=-2.0, flipHoriz=False, flipVert=False, font='Arial', fontFiles=[], height=1.5, italic=False, languageStyle='LTR', name='choice2', opacity=1.0, ori=0, pos=array([0., 2.]), rgb=array([255., 255., 255.]), text='default text', units='cm', win=Window(...), wrapWidth=15.0)
5.5792 	EXP 	Created choice3 = TextStim(__class__=<class 'psychopy.visual.text.TextStim'>, alignHoriz='center', alignVert='center', antialias=True, autoLog=True, bold=False, color='white', colorSpace='named', contrast=1.0, depth=-3.0, flipHoriz=False, flipVert=False, font='Arial', fontFiles=[], height=1.5, italic=False, languageStyle='LTR', name='choice3', opacity=1.0, ori=0, pos=array([0., 0.]), rgb=array([255., 255., 255.]), text='default text', units='cm', win=Window(...), wrapWidth=15.0)
5.5828 	EXP 	Created choice4 = TextStim(__class__=<class 'psychopy.visual.text.TextStim'>, alignHoriz='center', alignVert='center', antialias=True, autoLog=True, bold=False, color='white', colorSpace='named', contrast=1.0, depth=-4.0, flipHoriz=False, flipVert=False, font='Arial', fontFiles=[], height=1.5, italic=False, languageStyle='LTR', name='choice4', opacity=1.0, ori=0, pos=array([ 0., -2.]), rgb=array([255., 255., 255.]), text='default text', units='cm', win=Window(...), wrapWidth=15.0)
5.5863 	EXP 	Created chosen = TextStim(__class__=<class 'psychopy.visual.text.TextStim'>, alignHoriz='center', alignVert='center', antialias=True, autoLog=True, bold=False, color='white', colorSpace='named', contrast=1.0, depth=-5.0, flipHoriz=False, flipVert=False, font='Arial', fontFiles=[], height=1.5, italic=False, languageStyle='LTR', name='chosen', opacity=1.0, ori=0, pos=array([ 0., -4.]), rgb=array([255., 255., 255.]), text='default text', units='cm', win=Window(...), wrapWidth=15.0)
5.5989 	EXP 	Created Question = TextStim(__class__=<class 'psychopy.visual.text.TextStim'>, alignHoriz='center', alignVert='center', antialias=True, autoLog=True, bold=False, color='white', colorSpace='named', contrast=1.0, depth=0.0, flipHoriz=False, flipVert=False, font='Arial', fontFiles=[], height=0.1, italic=False, languageStyle='LTR', name='Question', opacity=1.0, ori=0, pos=array([0., 0.]), rgb=array([255., 255., 255.]), text=str(...), units='norm', win=Window(...), wrapWidth=1)
5.5994 	EXP 	Created Wait3 = TextStim(__class__=<class 'psychopy.visual.text.TextStim'>, alignHoriz='center', alignVert='center', antialias=True, autoLog=True, bold=False, color='white', colorSpace='named', contrast=1.0, depth=0.0, flipHoriz=False, flipVert=False, font='Arial', fontFiles=[], height=0.1, italic=False, languageStyle='LTR', name='Wait3', opacity=1.0, ori=0, pos=array([0., 0.]), rgb=array([255., 255., 255.]), text='', units='norm', win=Window(...), wrapWidth=1)
5.6060 	EXP 	Created EndText = TextStim(__class__=<class 'psychopy.visual.text.TextStim'>, alignHoriz='center', alignVert='center', antialias=True, autoLog=True, bold=False, color='white', colorSpace='named', contrast=1.0, depth=0.0, flipHoriz=False, flipVert=False, font='Arial', fontFiles=[], height=0.1, italic=False, languageStyle='LTR', name='EndText', opacity=1.0, ori=0, pos=array([0., 0.]), rgb=array([255., 255., 255.]), text='Thanks for participating!\n', units='norm', win=Window(...), wrapWidth=1)
5.6342 	EXP 	text: autoDraw = True
6.3694 	DATA 	Keypress: space
6.3841 	EXP 	Imported Heart2Cond.xlsx as conditions, 30 conditions, 9 params
6.3844 	EXP 	Created sequence: sequential, trialTypes=30, nReps=1, seed=None
6.3849 	EXP 	New trial (rep=0, index=0): OrderedDict([('pic', 'eyes1.png'), ('sound', 'heart120.wav'), ('c1', 'playful'), ('c2', 'comforting'), ('c3', 'irritated'), ('c4', 'bored'), ('answerNum', 1), ('answer', 'playful'), ('marker', 120)])
6.3864 	EXP 	Set  sound=heart120.wav
6.5436 	EXP 	Sound  started
6.5436 	EXP 	text: autoDraw = False
6.5436 	EXP 	image: image = 'eyes1.png'
6.5436 	EXP 	Choice1: text = '1.playful'
6.5436 	EXP 	Choice2: text = '2.comforting'
6.5436 	EXP 	Choice3: text = '3.irritated'
6.5436 	EXP 	Choice4: text = '4.bored'
6.5436 	EXP 	image: autoDraw = True
6.5436 	EXP 	Choice1: autoDraw = True
6.5436 	EXP 	Choice2: autoDraw = True
6.5436 	EXP 	Choice3: autoDraw = True
6.5436 	EXP 	Choice4: autoDraw = True
6.5436 	EXP 	Chosen: autoDraw = True
6.5436 	EXP 	YourChoice: autoDraw = True
9.8791 	DATA 	Keypress: 1
10.0155 	DATA 	Keypress: 1
10.1801 	DATA 	Keypress: 3
10.6874 	DATA 	Keypress: 3
10.9460 	DATA 	Keypress: 3
11.4472 	DATA 	Keypress: 3
11.7135 	DATA 	Keypress: 4
12.0797 	DATA 	Keypress: 3
12.2889 	DATA 	Keypress: 2
12.5805 	DATA 	Keypress: 1
12.9130 	DATA 	Keypress: 2
13.2208 	DATA 	Keypress: 3
13.5464 	DATA 	Keypress: 4
13.8463 	DATA 	Keypress: 3
14.0804 	DATA 	Keypress: 2
14.7203 	DATA 	Keypress: 4
15.1367 	DATA 	Keypress: 3
15.4299 	DATA 	Keypress: 2
15.7968 	DATA 	Keypress: 2
16.5050 	DATA 	Keypress: 1
16.9985 	DATA 	Keypress: 2
17.3302 	DATA 	Keypress: 3
17.7037 	DATA 	Keypress: 4
18.1300 	DATA 	Keypress: 3
18.5039 	DATA 	Keypress: 2
18.8303 	DATA 	Keypress: 1
19.1964 	DATA 	Keypress: 2
19.4959 	DATA 	Keypress: 3
19.8958 	DATA 	Keypress: 4
19.8976 	DATA 	Keypress: 3
20.2305 	DATA 	Keypress: 4
20.5642 	DATA 	Keypress: 3
20.8303 	DATA 	Keypress: 2
21.1294 	DATA 	Keypress: 1
21.4965 	DATA 	Keypress: 2
21.8701 	DATA 	Keypress: 3
22.2302 	DATA 	Keypress: 4
22.5628 	DATA 	Keypress: 4
22.8962 	DATA 	Keypress: 4
23.2180 	DATA 	Keypress: 3
23.7457 	DATA 	Keypress: 3
24.0132 	DATA 	Keypress: 4
24.4133 	DATA 	Keypress: 4
25.2629 	DATA 	Keypress: 3
25.8128 	DATA 	Keypress: 2
26.3773 	EXP 	Sound  stopped
26.3805 	DATA 	Keypress: 1
26.4102 	EXP 	image: autoDraw = False
27.4042 	DATA 	Keypress: 3
27.6661 	DATA 	Keypress: 3
27.9123 	DATA 	Keypress: 3
28.1977 	DATA 	Keypress: 4
28.4181 	DATA 	Keypress: 4
28.8306 	DATA 	Keypress: 3
29.1613 	DATA 	Keypress: 4
29.4815 	DATA 	Keypress: 3
29.6615 	DATA 	Keypress: 2
29.9967 	DATA 	Keypress: 2
30.1639 	DATA 	Keypress: 3
30.2861 	DATA 	Keypress: 4
30.8160 	DATA 	Keypress: 3
31.0499 	DATA 	Keypress: 2
31.2631 	DATA 	Keypress: 1
31.7961 	DATA 	Keypress: 3
32.2825 	DATA 	Keypress: 4
32.6809 	DATA 	Keypress: 4
32.9328 	DATA 	Keypress: 3
33.1796 	DATA 	Keypress: 3
33.7797 	DATA 	Keypress: 1
34.1655 	DATA 	Keypress: 2
34.4297 	DATA 	Keypress: 3
34.6368 	DATA 	Keypress: 4
34.9791 	DATA 	Keypress: 4
35.7480 	DATA 	Keypress: 4
36.1999 	DATA 	Keypress: escape
36.4883 	EXP 	window1: mouseVisible = True
