15.3490 	EXP 	Created window1 = Window(allowGUI=False, allowStencil=False, args=UNKNOWN, autoLog=True, bitsMode=UNKNOWN, blendMode='avg', color=array([0., 0., 0.]), colorSpace='rgb', fullscr=<method-wrapper '__getattribute__' of attributeSetter object at 0x1257c2d68>, gamma=None, kwargs=UNKNOWN, lms=UNKNOWN, monitor=<psychopy.monitors.calibTools.Monitor object at 0x124e3f4a8>, multiSample=False, name='window1', numSamples=2, pos=[0.0, 0.0], screen=0, size=array([3360, 2100]), stereo=False, units='norm', useFBO=True, useRetina=True, viewOri=0.0, viewPos=None, viewScale=None, waitBlanking=True, winType='pyglet')
15.3490 	EXP 	window1: recordFrameIntervals = False
15.6862 	EXP 	window1: recordFrameIntervals = True
16.0575 	EXP 	window1: recordFrameIntervals = False
16.3130 	EXP 	Created text = TextStim(__class__=<class 'psychopy.visual.text.TextStim'>, alignHoriz='center', alignVert='center', antialias=True, autoLog=True, bold=False, color='white', colorSpace='named', contrast=1.0, depth=0.0, flipHoriz=False, flipVert=False, font='Arial', fontFiles=[], height=0.1, italic=False, languageStyle='LTR', name='text', opacity=1.0, ori=0, pos=array([0., 0.]), rgb=array([255., 255., 255.]), text=str(...), units='norm', win=Window(...), wrapWidth=1)
16.5278 	EXP 	Set  sound=A
16.5279 	EXP 	Set Sound  volume=1.000
16.5349 	EXP 	Created image = ImageStim(__class__=<class 'psychopy.visual.image.ImageStim'>, autoLog=True, color=array([1., 1., 1.]), colorSpace='rgb', contrast=1.0, depth=-1.0, flipHoriz=False, flipVert=False, image='sin', interpolate=True, mask=None, maskParams=None, name='image', opacity=1.0, ori=0.0, pos=array([0., 0.]), size=array([0.5, 0.5]), texRes=128, units='norm', win=Window(...))
16.5661 	EXP 	Created choice1 = TextStim(__class__=<class 'psychopy.visual.text.TextStim'>, alignHoriz='center', alignVert='center', antialias=True, autoLog=True, bold=False, color='white', colorSpace='named', contrast=1.0, depth=-1.0, flipHoriz=False, flipVert=False, font='Arial', fontFiles=[], height=1.5, italic=False, languageStyle='LTR', name='choice1', opacity=1.0, ori=0, pos=array([0., 4.]), rgb=array([255., 255., 255.]), text='default text', units='cm', win=Window(...), wrapWidth=15.0)
16.5802 	EXP 	Created choice2 = TextStim(__class__=<class 'psychopy.visual.text.TextStim'>, alignHoriz='center', alignVert='center', antialias=True, autoLog=True, bold=False, color='white', colorSpace='named', contrast=1.0, depth=-2.0, flipHoriz=False, flipVert=False, font='Arial', fontFiles=[], height=1.5, italic=False, languageStyle='LTR', name='choice2', opacity=1.0, ori=0, pos=array([0., 2.]), rgb=array([255., 255., 255.]), text='default text', units='cm', win=Window(...), wrapWidth=15.0)
16.5926 	EXP 	Created choice3 = TextStim(__class__=<class 'psychopy.visual.text.TextStim'>, alignHoriz='center', alignVert='center', antialias=True, autoLog=True, bold=False, color='white', colorSpace='named', contrast=1.0, depth=-3.0, flipHoriz=False, flipVert=False, font='Arial', fontFiles=[], height=1.5, italic=False, languageStyle='LTR', name='choice3', opacity=1.0, ori=0, pos=array([0., 0.]), rgb=array([255., 255., 255.]), text='default text', units='cm', win=Window(...), wrapWidth=15.0)
16.6049 	EXP 	Created choice4 = TextStim(__class__=<class 'psychopy.visual.text.TextStim'>, alignHoriz='center', alignVert='center', antialias=True, autoLog=True, bold=False, color='white', colorSpace='named', contrast=1.0, depth=-4.0, flipHoriz=False, flipVert=False, font='Arial', fontFiles=[], height=1.5, italic=False, languageStyle='LTR', name='choice4', opacity=1.0, ori=0, pos=array([ 0., -2.]), rgb=array([255., 255., 255.]), text='default text', units='cm', win=Window(...), wrapWidth=15.0)
16.6179 	EXP 	Created chosen1 = TextStim(__class__=<class 'psychopy.visual.text.TextStim'>, alignHoriz='center', alignVert='center', antialias=True, autoLog=True, bold=False, color='white', colorSpace='named', contrast=1.0, depth=-5.0, flipHoriz=False, flipVert=False, font='Arial', fontFiles=[], height=1.5, italic=False, languageStyle='LTR', name='chosen1', opacity=1.0, ori=0, pos=array([0., 4.]), rgb=array([255., 255., 255.]), text='default text', units='cm', win=Window(...), wrapWidth=15.0)
16.6302 	EXP 	Created chosen2 = TextStim(__class__=<class 'psychopy.visual.text.TextStim'>, alignHoriz='center', alignVert='center', antialias=True, autoLog=True, bold=False, color='white', colorSpace='named', contrast=1.0, depth=-6.0, flipHoriz=False, flipVert=False, font='Arial', fontFiles=[], height=1.5, italic=False, languageStyle='LTR', name='chosen2', opacity=1.0, ori=0, pos=array([0., 2.]), rgb=array([255., 255., 255.]), text='default text', units='cm', win=Window(...), wrapWidth=15.0)
16.6426 	EXP 	Created chosen3 = TextStim(__class__=<class 'psychopy.visual.text.TextStim'>, alignHoriz='center', alignVert='center', antialias=True, autoLog=True, bold=False, color='white', colorSpace='named', contrast=1.0, depth=-7.0, flipHoriz=False, flipVert=False, font='Arial', fontFiles=[], height=1.5, italic=False, languageStyle='LTR', name='chosen3', opacity=1.0, ori=0, pos=array([0., 0.]), rgb=array([255., 255., 255.]), text='default text', units='cm', win=Window(...), wrapWidth=15.0)
16.6554 	EXP 	Created chosen4 = TextStim(__class__=<class 'psychopy.visual.text.TextStim'>, alignHoriz='center', alignVert='center', antialias=True, autoLog=True, bold=False, color='white', colorSpace='named', contrast=1.0, depth=-8.0, flipHoriz=False, flipVert=False, font='Arial', fontFiles=[], height=1.5, italic=False, languageStyle='LTR', name='chosen4', opacity=1.0, ori=0, pos=array([ 0., -2.]), rgb=array([255., 255., 255.]), text='default text', units='cm', win=Window(...), wrapWidth=15.0)
16.7042 	EXP 	Created Question = TextStim(__class__=<class 'psychopy.visual.text.TextStim'>, alignHoriz='center', alignVert='center', antialias=True, autoLog=True, bold=False, color='white', colorSpace='named', contrast=1.0, depth=0.0, flipHoriz=False, flipVert=False, font='Arial', fontFiles=[], height=0.1, italic=False, languageStyle='LTR', name='Question', opacity=1.0, ori=0, pos=array([0., 0.]), rgb=array([255., 255., 255.]), text=str(...), units='norm', win=Window(...), wrapWidth=1)
16.7060 	EXP 	Created Wait3 = TextStim(__class__=<class 'psychopy.visual.text.TextStim'>, alignHoriz='center', alignVert='center', antialias=True, autoLog=True, bold=False, color='white', colorSpace='named', contrast=1.0, depth=0.0, flipHoriz=False, flipVert=False, font='Arial', fontFiles=[], height=0.1, italic=False, languageStyle='LTR', name='Wait3', opacity=1.0, ori=0, pos=array([0., 0.]), rgb=array([255., 255., 255.]), text='', units='norm', win=Window(...), wrapWidth=1)
16.7265 	EXP 	Created EndText = TextStim(__class__=<class 'psychopy.visual.text.TextStim'>, alignHoriz='center', alignVert='center', antialias=True, autoLog=True, bold=False, color='white', colorSpace='named', contrast=1.0, depth=0.0, flipHoriz=False, flipVert=False, font='Arial', fontFiles=[], height=0.1, italic=False, languageStyle='LTR', name='EndText', opacity=1.0, ori=0, pos=array([0., 0.]), rgb=array([255., 255., 255.]), text='Thanks for participating!\n', units='norm', win=Window(...), wrapWidth=1)
16.7778 	EXP 	text: autoDraw = True
17.8339 	DATA 	Keypress: space
17.8723 	EXP 	Imported Heart2Cond.xlsx as conditions, 30 conditions, 9 params
17.8732 	EXP 	Created sequence: sequential, trialTypes=30, nReps=1, seed=None
17.8743 	EXP 	New trial (rep=0, index=0): OrderedDict([('pic', 'eyes1.png'), ('sound', 'heart120.wav'), ('c1', 'playful'), ('c2', 'comforting'), ('c3', 'irritated'), ('c4', 'bored'), ('answerNum', 1), ('answer', 'playful'), ('marker', 120)])
17.8781 	EXP 	Set  sound=heart120.wav
18.2791 	EXP 	Sound  started
18.2790 	EXP 	text: autoDraw = False
18.2790 	EXP 	image: image = 'eyes1.png'
18.2790 	EXP 	image: autoDraw = True
37.8624 	EXP 	Sound  stopped
38.0047 	EXP 	image: autoDraw = False
38.0047 	EXP 	choice1: text = '1.playful'
38.0047 	EXP 	choice2: text = '2.comforting'
38.0047 	EXP 	choice3: text = '3.irritated'
38.0047 	EXP 	choice4: text = '4.bored'
38.0047 	EXP 	chosen1: text = '1.*playful*'
38.0047 	EXP 	chosen2: text = '2.*comforting*'
38.0047 	EXP 	chosen3: text = '3.*irritated*'
38.0047 	EXP 	chosen4: text = '4.*bored*'
38.0047 	EXP 	choice1: autoDraw = True
38.0047 	EXP 	choice2: autoDraw = True
38.0047 	EXP 	choice3: autoDraw = True
38.0047 	EXP 	choice4: autoDraw = True
41.1516 	DATA 	Keypress: 1
41.2275 	EXP 	choice1: autoDraw = False
41.2275 	EXP 	chosen1: autoDraw = True
41.2275 	EXP 	chosen1: autoDraw = False
43.3237 	DATA 	Keypress: 2
43.3605 	EXP 	choice2: autoDraw = False
43.3605 	EXP 	chosen2: autoDraw = True
43.3605 	EXP 	chosen2: autoDraw = False
44.8215 	DATA 	Keypress: 3
44.8587 	EXP 	choice3: autoDraw = False
44.8587 	EXP 	chosen3: autoDraw = True
51.6358 	DATA 	Keypress: 4
51.7081 	EXP 	choice4: autoDraw = False
51.7081 	EXP 	chosen3: autoDraw = False
51.7081 	EXP 	chosen4: autoDraw = True
58.2699 	DATA 	Keypress: 4
58.9142 	DATA 	Keypress: 5
59.4889 	DATA 	Keypress: 4
59.7799 	DATA 	Keypress: 3
59.8516 	EXP 	chosen4: autoDraw = False
60.1017 	DATA 	Keypress: 2
60.3516 	DATA 	Keypress: 1
61.0817 	DATA 	Mouse: wheel shift=(0,0), pos=(829,894)
61.1519 	DATA 	Mouse: wheel shift=(0,0), pos=(829,894)
61.1885 	DATA 	Mouse: wheel shift=(0,-6), pos=(829,894)
61.1893 	DATA 	Mouse: wheel shift=(1,-2), pos=(829,894)
61.2249 	DATA 	Mouse: wheel shift=(0,-6), pos=(829,894)
61.2606 	DATA 	Mouse: wheel shift=(2,-5), pos=(829,894)
61.2628 	DATA 	Mouse: wheel shift=(0,-1), pos=(829,894)
61.2973 	DATA 	Mouse: wheel shift=(1,-3), pos=(829,894)
61.3328 	DATA 	Mouse: wheel shift=(1,-3), pos=(829,894)
61.3685 	DATA 	Mouse: wheel shift=(1,-3), pos=(829,894)
61.3693 	DATA 	Mouse: wheel shift=(0,0), pos=(829,894)
61.4052 	DATA 	Mouse: wheel shift=(0,-1), pos=(829,894)
61.4409 	DATA 	Mouse: wheel shift=(0,0), pos=(829,894)
61.4769 	DATA 	Mouse: wheel shift=(0,0), pos=(829,894)
61.5125 	DATA 	Mouse: wheel shift=(0,0), pos=(829,894)
61.5485 	DATA 	Mouse: wheel shift=(0,0), pos=(829,894)
61.5839 	DATA 	Mouse: wheel shift=(0,0), pos=(829,894)
61.5847 	DATA 	Mouse: wheel shift=(0,0), pos=(829,894)
62.3868 	DATA 	Keypress: escape
62.6893 	EXP 	window1: mouseVisible = True
