5.0269 	WARNING 	User requested fullscreen with size [1680 1050], but screen is actually [3840, 2160]. Using actual size
6.3476 	EXP 	Created window1 = Window(allowGUI=False, allowStencil=False, args=UNKNOWN, autoLog=True, bitsMode=UNKNOWN, blendMode='avg', color=array([0., 0., 0.]), colorSpace='rgb', fullscr=<method-wrapper '__getattribute__' of attributeSetter object at 0x12593dc88>, gamma=None, kwargs=UNKNOWN, lms=UNKNOWN, monitor=<psychopy.monitors.calibTools.Monitor object at 0x12c519828>, multiSample=False, name='window1', numSamples=2, pos=[0.0, 0.0], screen=0, size=array([3840, 2160]), stereo=False, units='norm', useFBO=True, useRetina=False, viewOri=0.0, viewPos=None, viewScale=None, waitBlanking=True, winType='pyglet')
6.3477 	EXP 	window1: recordFrameIntervals = False
6.6795 	EXP 	window1: recordFrameIntervals = True
7.1465 	EXP 	window1: recordFrameIntervals = False
7.2438 	EXP 	Created text = TextStim(__class__=<class 'psychopy.visual.text.TextStim'>, alignHoriz='center', alignVert='center', antialias=True, autoLog=True, bold=False, color='white', colorSpace='named', contrast=1.0, depth=0.0, flipHoriz=False, flipVert=False, font='Arial', fontFiles=[], height=0.1, italic=False, languageStyle='LTR', name='text', opacity=1.0, ori=0, pos=array([0., 0.]), rgb=array([255., 255., 255.]), text=str(...), units='norm', win=Window(...), wrapWidth=1)
7.7815 	EXP 	Set  sound=C
7.8052 	EXP 	Set  sound=A
7.8052 	EXP 	Sound  set volume 1.000
7.8059 	EXP 	Created Wait3 = TextStim(__class__=<class 'psychopy.visual.text.TextStim'>, alignHoriz='center', alignVert='center', antialias=True, autoLog=True, bold=False, color='white', colorSpace='named', contrast=1.0, depth=0.0, flipHoriz=False, flipVert=False, font='Arial', fontFiles=[], height=0.1, italic=False, languageStyle='LTR', name='Wait3', opacity=1.0, ori=0, pos=array([0., 0.]), rgb=array([255., 255., 255.]), text='', units='norm', win=Window(...), wrapWidth=1)
7.8224 	EXP 	Created EndText = TextStim(__class__=<class 'psychopy.visual.text.TextStim'>, alignHoriz='center', alignVert='center', antialias=True, autoLog=True, bold=False, color='white', colorSpace='named', contrast=1.0, depth=0.0, flipHoriz=False, flipVert=False, font='Arial', fontFiles=[], height=0.1, italic=False, languageStyle='LTR', name='EndText', opacity=1.0, ori=0, pos=array([0., 0.]), rgb=array([255., 255., 255.]), text='Thanks for participating!\n', units='norm', win=Window(...), wrapWidth=1)
7.8338 	EXP 	text: autoDraw = True
9.3146 	DATA 	Keypress: space
9.3277 	EXP 	Imported Exp1Conditions.xlsx as conditions, 2 conditions, 1 params
9.3280 	EXP 	Created sequence: fullRandom, trialTypes=2, nReps=2, seed=None
9.3282 	EXP 	New trial (rep=0, index=0): OrderedDict([('Sound', 'heart60.wav')])
9.3554 	EXP 	Set  sound=heart60.wav
9.3658 	EXP 	Sound  started
9.3652 	EXP 	text: autoDraw = False
24.3085 	EXP 	Sound  stopped
24.3091 	EXP 	Sound  stopped
24.3422 	EXP 	Wait3: autoDraw = True
27.3086 	EXP 	New trial (rep=0, index=1): OrderedDict([('Sound', 'heart120.wav')])
27.3456 	EXP 	Set  sound=heart120.wav
27.3663 	EXP 	Sound  started
27.3659 	EXP 	Wait3: autoDraw = False
27.3659 	EXP 	Wait3: autoDraw = False
42.3071 	EXP 	Sound  stopped
42.3075 	EXP 	Sound  stopped
42.3412 	EXP 	Wait3: autoDraw = True
45.3078 	EXP 	New trial (rep=1, index=0): OrderedDict([('Sound', 'heart60.wav')])
45.3312 	EXP 	Set  sound=heart60.wav
45.3404 	EXP 	Sound  started
45.3400 	EXP 	Wait3: autoDraw = False
45.3400 	EXP 	Wait3: autoDraw = False
60.3077 	EXP 	Sound  stopped
60.3085 	EXP 	Sound  stopped
60.3415 	EXP 	Wait3: autoDraw = True
63.3085 	EXP 	New trial (rep=1, index=1): OrderedDict([('Sound', 'heart120.wav')])
63.3335 	EXP 	Set  sound=heart120.wav
63.3418 	EXP 	Sound  started
63.3414 	EXP 	Wait3: autoDraw = False
63.3414 	EXP 	Wait3: autoDraw = False
78.3085 	EXP 	Sound  stopped
78.3090 	EXP 	Sound  stopped
78.3406 	EXP 	Wait3: autoDraw = True
81.3807 	EXP 	Wait3: autoDraw = False
81.3807 	EXP 	Wait3: autoDraw = False
81.3807 	EXP 	EndText: autoDraw = True
100.4091 	DATA 	Mouse: wheel shift=(0,0), pos=(1264,1925)
100.4413 	DATA 	Mouse: wheel shift=(0,0), pos=(1264,1925)
100.6765 	DATA 	Keypress: space
100.9570 	EXP 	window1: mouseVisible = True
