5.8184 	EXP 	Created window1 = Window(allowGUI=False, allowStencil=False, args=UNKNOWN, autoLog=True, bitsMode=UNKNOWN, blendMode='avg', color=array([ 0.,  0.,  0.]), colorSpace='rgb', fullscr=UNKNOWN, gamma=None, kwargs=UNKNOWN, lms=UNKNOWN, monitor=<psychopy.monitors.calibTools.Monitor object at 0x11fde7c50>, multiSample=False, name='window1', numSamples=2, pos=[0, 0], screen=0, size=array([1680, 1050]), stereo=False, units=u'norm', useFBO=True, useRetina=False, viewOri=0.0, viewPos=None, viewScale=None, waitBlanking=True, winType=u'pyglet')
5.8185 	EXP 	window1: recordFrameIntervals = False
5.9838 	EXP 	window1: recordFrameIntervals = True
6.0376 	WARNING 	t of last frame was 20.50ms (=1/48)
6.1046 	WARNING 	t of last frame was 21.32ms (=1/46)
6.2048 	WARNING 	t of last frame was 21.11ms (=1/47)
6.3878 	WARNING 	t of last frame was 21.36ms (=1/46)
6.4882 	WARNING 	Multiple dropped frames have occurred - I'll stop bothering you about them!
6.7508 	EXP 	window1: recordFrameIntervals = False
6.8130 	EXP 	Created text = TextStim(alignHoriz='center', alignVert='center', antialias=True, autoLog=True, bold=False, color='white', colorSpace='named', contrast=1.0, depth=0.0, flipHoriz=False, flipVert=False, font='Arial', fontFiles=[], height=0.1, italic=False, name='text', opacity=1.0, ori=0, pos=array([ 0.,  0.]), rgb=array([ 255.,  255.,  255.]), text=newstr(...), units=u'norm', win=Window(...), wrapWidth=1)
6.8267 	EXP 	Sound  set volume 1.000
6.8277 	EXP 	Created Wait3 = TextStim(alignHoriz='center', alignVert='center', antialias=True, autoLog=True, bold=False, color='white', colorSpace='named', contrast=1.0, depth=0.0, flipHoriz=False, flipVert=False, font='Arial', fontFiles=[], height=0.1, italic=False, name='Wait3', opacity=1.0, ori=0, pos=array([ 0.,  0.]), rgb=array([ 255.,  255.,  255.]), text='', units=u'norm', win=Window(...), wrapWidth=1)
6.8364 	EXP 	Created EndText = TextStim(alignHoriz='center', alignVert='center', antialias=True, autoLog=True, bold=False, color='white', colorSpace='named', contrast=1.0, depth=0.0, flipHoriz=False, flipVert=False, font='Arial', fontFiles=[], height=0.1, italic=False, name='EndText', opacity=1.0, ori=0, pos=array([ 0.,  0.]), rgb=array([ 255.,  255.,  255.]), text='Thanks for participating!\n', units=u'norm', win=Window(...), wrapWidth=1)
6.8516 	EXP 	text: autoDraw = True
8.8070 	DATA 	Keypress: space
8.8198 	EXP 	Imported Exp1Conditions.xlsx as conditions, 2 conditions, 2 params
8.8202 	EXP 	Created sequence: fullRandom, trialTypes=2, nReps=2, seed=None
8.8205 	EXP 	New trial (rep=0, index=0): OrderedDict([(u'Sound', u'heart60.wav'), (u'marker', 60)])
8.8501 	EXP 	text: autoDraw = False
23.8338 	EXP 	Wait3: autoDraw = True
26.8180 	EXP 	New trial (rep=0, index=1): OrderedDict([(u'Sound', u'heart120.wav'), (u'marker', 120)])
26.8498 	EXP 	Wait3: autoDraw = False
41.8322 	EXP 	Wait3: autoDraw = True
44.8175 	EXP 	New trial (rep=1, index=0): OrderedDict([(u'Sound', u'heart60.wav'), (u'marker', 60)])
44.8330 	EXP 	Wait3: autoDraw = False
59.8335 	EXP 	Wait3: autoDraw = True
62.8161 	EXP 	New trial (rep=1, index=1): OrderedDict([(u'Sound', u'heart120.wav'), (u'marker', 120)])
62.8333 	EXP 	Wait3: autoDraw = False
77.8331 	EXP 	Wait3: autoDraw = True
80.8489 	EXP 	Wait3: autoDraw = False
80.8489 	EXP 	EndText: autoDraw = True
82.2420 	DATA 	Keypress: space
82.5295 	EXP 	window1: mouseVisible = True
