4.8855 	EXP 	Created window1 = Window(allowGUI=False, allowStencil=False, args=UNKNOWN, autoLog=True, bitsMode=UNKNOWN, blendMode='avg', color=array([0., 0., 0.]), colorSpace='rgb', fullscr=<method-wrapper '__getattribute__' of attributeSetter object at 0x1260dad68>, gamma=None, kwargs=UNKNOWN, lms=UNKNOWN, monitor=<psychopy.monitors.calibTools.Monitor object at 0x124900898>, multiSample=False, name='window1', numSamples=2, pos=[0.0, 0.0], screen=0, size=array([3360, 2100]), stereo=False, units='norm', useFBO=True, useRetina=True, viewOri=0.0, viewPos=None, viewScale=None, waitBlanking=True, winType='pyglet')
4.8855 	EXP 	window1: recordFrameIntervals = False
5.0532 	EXP 	window1: recordFrameIntervals = True
5.2368 	EXP 	window1: recordFrameIntervals = False
5.3206 	EXP 	Created text = TextStim(__class__=<class 'psychopy.visual.text.TextStim'>, alignHoriz='center', alignVert='center', antialias=True, autoLog=True, bold=False, color='white', colorSpace='named', contrast=1.0, depth=0.0, flipHoriz=False, flipVert=False, font='Arial', fontFiles=[], height=0.1, italic=False, languageStyle='LTR', name='text', opacity=1.0, ori=0, pos=array([0., 0.]), rgb=array([255., 255., 255.]), text=str(...), units='norm', win=Window(...), wrapWidth=1)
5.3886 	EXP 	Set  sound=A
5.3887 	EXP 	Set Sound  volume=1.000
5.3908 	EXP 	Created image = ImageStim(__class__=<class 'psychopy.visual.image.ImageStim'>, autoLog=True, color=array([1., 1., 1.]), colorSpace='rgb', contrast=1.0, depth=-1.0, flipHoriz=False, flipVert=False, image='sin', interpolate=True, mask=None, maskParams=None, name='image', opacity=1.0, ori=0.0, pos=array([0., 2.]), size=array([20., 14.]), texRes=128, units='cm', win=Window(...))
5.3986 	EXP 	Created Choice1 = TextStim(__class__=<class 'psychopy.visual.text.TextStim'>, alignHoriz='center', alignVert='center', antialias=True, autoLog=True, bold=False, color='white', colorSpace='named', contrast=1.0, depth=-3.0, flipHoriz=False, flipVert=False, font='Arial', fontFiles=[], height=1.5, italic=False, languageStyle='LTR', name='Choice1', opacity=1.0, ori=0, pos=array([-12.,  13.]), rgb=array([255., 255., 255.]), text='default text', units='cm', win=Window(...), wrapWidth=15.0)
5.4021 	EXP 	Created Choice2 = TextStim(__class__=<class 'psychopy.visual.text.TextStim'>, alignHoriz='center', alignVert='center', antialias=True, autoLog=True, bold=False, color='white', colorSpace='named', contrast=1.0, depth=-4.0, flipHoriz=False, flipVert=False, font='Arial', fontFiles=[], height=1.5, italic=False, languageStyle='LTR', name='Choice2', opacity=1.0, ori=0, pos=array([12., 13.]), rgb=array([255., 255., 255.]), text='default text', units='cm', win=Window(...), wrapWidth=15.0)
5.4057 	EXP 	Created Choice3 = TextStim(__class__=<class 'psychopy.visual.text.TextStim'>, alignHoriz='center', alignVert='center', antialias=True, autoLog=True, bold=False, color='white', colorSpace='named', contrast=1.0, depth=-5.0, flipHoriz=False, flipVert=False, font='Arial', fontFiles=[], height=1.5, italic=False, languageStyle='LTR', name='Choice3', opacity=1.0, ori=0, pos=array([-12.,  -9.]), rgb=array([255., 255., 255.]), text='default text', units='cm', win=Window(...), wrapWidth=15.0)
5.4091 	EXP 	Created Choice4 = TextStim(__class__=<class 'psychopy.visual.text.TextStim'>, alignHoriz='center', alignVert='center', antialias=True, autoLog=True, bold=False, color='white', colorSpace='named', contrast=1.0, depth=-6.0, flipHoriz=False, flipVert=False, font='Arial', fontFiles=[], height=1.5, italic=False, languageStyle='LTR', name='Choice4', opacity=1.0, ori=0, pos=array([12., -9.]), rgb=array([255., 255., 255.]), text='default text', units='cm', win=Window(...), wrapWidth=15.0)
5.4128 	EXP 	Created Chosen = TextStim(__class__=<class 'psychopy.visual.text.TextStim'>, alignHoriz='center', alignVert='center', antialias=True, autoLog=True, bold=False, color='white', colorSpace='named', contrast=1.0, depth=-7.0, flipHoriz=False, flipVert=False, font='Arial', fontFiles=[], height=1.5, italic=False, languageStyle='LTR', name='Chosen', opacity=1.0, ori=0, pos=array([  0., -11.]), rgb=array([255., 255., 255.]), text='default text', units='cm', win=Window(...), wrapWidth=15.0)
5.4192 	EXP 	Created YourChoice = TextStim(__class__=<class 'psychopy.visual.text.TextStim'>, alignHoriz='center', alignVert='center', antialias=True, autoLog=True, bold=False, color='white', colorSpace='named', contrast=1.0, depth=-8.0, flipHoriz=False, flipVert=False, font='Arial', fontFiles=[], height=1.5, italic=False, languageStyle='LTR', name='YourChoice', opacity=1.0, ori=0, pos=array([ 0., -9.]), rgb=array([255., 255., 255.]), text='Your Choice:', units='cm', win=Window(...), wrapWidth=15.0)
5.4227 	EXP 	Created choice1 = TextStim(__class__=<class 'psychopy.visual.text.TextStim'>, alignHoriz='center', alignVert='center', antialias=True, autoLog=True, bold=False, color='white', colorSpace='named', contrast=1.0, depth=-1.0, flipHoriz=False, flipVert=False, font='Arial', fontFiles=[], height=1.5, italic=False, languageStyle='LTR', name='choice1', opacity=1.0, ori=0, pos=array([0., 4.]), rgb=array([255., 255., 255.]), text='default text', units='cm', win=Window(...), wrapWidth=15.0)
5.4279 	EXP 	Created choice2 = TextStim(__class__=<class 'psychopy.visual.text.TextStim'>, alignHoriz='center', alignVert='center', antialias=True, autoLog=True, bold=False, color='white', colorSpace='named', contrast=1.0, depth=-2.0, flipHoriz=False, flipVert=False, font='Arial', fontFiles=[], height=1.5, italic=False, languageStyle='LTR', name='choice2', opacity=1.0, ori=0, pos=array([0., 2.]), rgb=array([255., 255., 255.]), text='default text', units='cm', win=Window(...), wrapWidth=15.0)
5.4313 	EXP 	Created choice3 = TextStim(__class__=<class 'psychopy.visual.text.TextStim'>, alignHoriz='center', alignVert='center', antialias=True, autoLog=True, bold=False, color='white', colorSpace='named', contrast=1.0, depth=-3.0, flipHoriz=False, flipVert=False, font='Arial', fontFiles=[], height=1.5, italic=False, languageStyle='LTR', name='choice3', opacity=1.0, ori=0, pos=array([0., 0.]), rgb=array([255., 255., 255.]), text='default text', units='cm', win=Window(...), wrapWidth=15.0)
5.4352 	EXP 	Created choice4 = TextStim(__class__=<class 'psychopy.visual.text.TextStim'>, alignHoriz='center', alignVert='center', antialias=True, autoLog=True, bold=False, color='white', colorSpace='named', contrast=1.0, depth=-4.0, flipHoriz=False, flipVert=False, font='Arial', fontFiles=[], height=1.5, italic=False, languageStyle='LTR', name='choice4', opacity=1.0, ori=0, pos=array([ 0., -2.]), rgb=array([255., 255., 255.]), text='default text', units='cm', win=Window(...), wrapWidth=15.0)
5.4387 	EXP 	Created chosen = TextStim(__class__=<class 'psychopy.visual.text.TextStim'>, alignHoriz='center', alignVert='center', antialias=True, autoLog=True, bold=False, color='white', colorSpace='named', contrast=1.0, depth=-5.0, flipHoriz=False, flipVert=False, font='Arial', fontFiles=[], height=1.5, italic=False, languageStyle='LTR', name='chosen', opacity=1.0, ori=0, pos=array([ 0., -4.]), rgb=array([255., 255., 255.]), text='default text', units='cm', win=Window(...), wrapWidth=15.0)
5.4523 	EXP 	Created Question = TextStim(__class__=<class 'psychopy.visual.text.TextStim'>, alignHoriz='center', alignVert='center', antialias=True, autoLog=True, bold=False, color='white', colorSpace='named', contrast=1.0, depth=0.0, flipHoriz=False, flipVert=False, font='Arial', fontFiles=[], height=0.1, italic=False, languageStyle='LTR', name='Question', opacity=1.0, ori=0, pos=array([0., 0.]), rgb=array([255., 255., 255.]), text=str(...), units='norm', win=Window(...), wrapWidth=1)
5.4528 	EXP 	Created Wait3 = TextStim(__class__=<class 'psychopy.visual.text.TextStim'>, alignHoriz='center', alignVert='center', antialias=True, autoLog=True, bold=False, color='white', colorSpace='named', contrast=1.0, depth=0.0, flipHoriz=False, flipVert=False, font='Arial', fontFiles=[], height=0.1, italic=False, languageStyle='LTR', name='Wait3', opacity=1.0, ori=0, pos=array([0., 0.]), rgb=array([255., 255., 255.]), text='', units='norm', win=Window(...), wrapWidth=1)
5.4587 	EXP 	Created EndText = TextStim(__class__=<class 'psychopy.visual.text.TextStim'>, alignHoriz='center', alignVert='center', antialias=True, autoLog=True, bold=False, color='white', colorSpace='named', contrast=1.0, depth=0.0, flipHoriz=False, flipVert=False, font='Arial', fontFiles=[], height=0.1, italic=False, languageStyle='LTR', name='EndText', opacity=1.0, ori=0, pos=array([0., 0.]), rgb=array([255., 255., 255.]), text='Thanks for participating!\n', units='norm', win=Window(...), wrapWidth=1)
5.4862 	EXP 	text: autoDraw = True
7.6617 	DATA 	Keypress: space
7.6765 	EXP 	Imported Heart2Cond.xlsx as conditions, 30 conditions, 9 params
7.6768 	EXP 	Created sequence: sequential, trialTypes=30, nReps=1, seed=None
7.6772 	EXP 	New trial (rep=0, index=0): OrderedDict([('pic', 'eyes1.png'), ('sound', 'heart120.wav'), ('c1', 'playful'), ('c2', 'comforting'), ('c3', 'irritated'), ('c4', 'bored'), ('answerNum', 1), ('answer', 'playful'), ('marker', 120)])
7.6787 	EXP 	Set  sound=heart120.wav
7.8374 	EXP 	Sound  started
7.8373 	EXP 	text: autoDraw = False
7.8373 	EXP 	image: image = 'eyes1.png'
7.8373 	EXP 	Choice1: text = '1.playful'
7.8373 	EXP 	Choice2: text = '2.comforting'
7.8373 	EXP 	Choice3: text = '3.irritated'
7.8373 	EXP 	Choice4: text = '4.bored'
7.8373 	EXP 	image: autoDraw = True
7.8373 	EXP 	Choice1: autoDraw = True
7.8373 	EXP 	Choice2: autoDraw = True
7.8373 	EXP 	Choice3: autoDraw = True
7.8373 	EXP 	Choice4: autoDraw = True
7.8373 	EXP 	Chosen: autoDraw = True
7.8373 	EXP 	YourChoice: autoDraw = True
9.9783 	DATA 	Keypress: tab
10.2739 	DATA 	Keypress: 1
10.7242 	DATA 	Keypress: 2
11.0309 	DATA 	Keypress: 3
11.4247 	DATA 	Keypress: 4
11.7785 	DATA 	Keypress: 3
12.1085 	DATA 	Keypress: 2
12.3905 	DATA 	Keypress: 3
12.7576 	DATA 	Keypress: 4
13.0242 	DATA 	Keypress: 3
13.2565 	DATA 	Keypress: 2
13.4978 	DATA 	Keypress: 1
13.7240 	DATA 	Keypress: 2
14.0566 	DATA 	Keypress: 3
14.2564 	DATA 	Keypress: 4
14.5235 	DATA 	Keypress: 3
14.8076 	DATA 	Keypress: 2
15.0735 	DATA 	Keypress: 1
15.3258 	DATA 	Keypress: 2
15.6095 	DATA 	Keypress: 3
15.6397 	DATA 	Keypress: 4
15.8230 	DATA 	Keypress: 4
16.0718 	DATA 	Keypress: 3
16.3797 	DATA 	Keypress: 2
16.6241 	DATA 	Keypress: 2
16.8322 	DATA 	Keypress: 3
17.0905 	DATA 	Keypress: 4
17.4251 	DATA 	Keypress: 3
17.8888 	DATA 	Keypress: 1
18.1094 	DATA 	Keypress: 1
18.3151 	DATA 	Keypress: 3
18.7077 	DATA 	Keypress: 4
19.0069 	DATA 	Keypress: 3
19.2738 	DATA 	Keypress: 2
19.5460 	DATA 	Keypress: 1
19.9390 	DATA 	Keypress: 2
20.1834 	DATA 	Keypress: 3
20.4738 	DATA 	Keypress: 4
20.8403 	DATA 	Keypress: 2
21.1757 	DATA 	Keypress: 1
21.3068 	DATA 	Keypress: 2
21.4412 	DATA 	Keypress: 3
27.6893 	EXP 	Sound  stopped
27.7393 	EXP 	image: autoDraw = False
27.7393 	EXP 	Choice1: autoDraw = False
27.7393 	EXP 	Choice2: autoDraw = False
27.7393 	EXP 	Choice3: autoDraw = False
27.7393 	EXP 	Choice4: autoDraw = False
27.7393 	EXP 	Chosen: autoDraw = False
27.7393 	EXP 	YourChoice: autoDraw = False
27.7393 	EXP 	choice1: text = '1.playful'
27.7393 	EXP 	choice2: text = '2.comforting'
27.7393 	EXP 	choice3: text = '3.irritated'
27.7393 	EXP 	choice4: text = '4.bored'
27.7393 	EXP 	choice1: autoDraw = True
27.7393 	EXP 	choice2: autoDraw = True
27.7393 	EXP 	choice3: autoDraw = True
27.7393 	EXP 	choice4: autoDraw = True
27.7393 	EXP 	chosen: autoDraw = True
30.8578 	DATA 	Keypress: 2
34.2421 	DATA 	Keypress: escape
34.5138 	EXP 	window1: mouseVisible = True
