8.9220 	EXP 	Created window1 = Window(allowGUI=True, allowStencil=False, args=UNKNOWN, autoLog=True, bitsMode=UNKNOWN, blendMode='avg', color=array([0., 0., 0.]), colorSpace='rgb', fullscr=<method-wrapper '__getattribute__' of attributeSetter object at 0x129970eb8>, gamma=None, kwargs=UNKNOWN, lms=UNKNOWN, monitor=<psychopy.monitors.calibTools.Monitor object at 0x12f084a90>, multiSample=False, name='window1', numSamples=2, pos=[0.0, 0.0], screen=0, size=array([3360, 2100]), stereo=False, units='norm', useFBO=True, useRetina=True, viewOri=0.0, viewPos=None, viewScale=None, waitBlanking=True, winType='pyglet')
8.9220 	EXP 	window1: recordFrameIntervals = False
9.0903 	EXP 	window1: recordFrameIntervals = True
9.2747 	EXP 	window1: recordFrameIntervals = False
9.3930 	EXP 	Created text = TextStim(__class__=<class 'psychopy.visual.text.TextStim'>, alignHoriz='center', alignVert='center', antialias=True, autoLog=True, bold=False, color='white', colorSpace='named', contrast=1.0, depth=0.0, flipHoriz=False, flipVert=False, font='Arial', fontFiles=[], height=0.1, italic=False, languageStyle='LTR', name='text', opacity=1.0, ori=0, pos=array([0., 0.]), rgb=array([255., 255., 255.]), text=str(...), units='norm', win=Window(...), wrapWidth=1)
9.4889 	EXP 	Set  sound=A
9.4889 	EXP 	Set Sound  volume=4.000
9.4976 	EXP 	Created image = ImageStim(__class__=<class 'psychopy.visual.image.ImageStim'>, autoLog=True, color=array([1., 1., 1.]), colorSpace='rgb', contrast=1.0, depth=-1.0, flipHoriz=False, flipVert=False, image='sin', interpolate=True, mask=None, maskParams=None, name='image', opacity=1.0, ori=0.0, pos=array([0., 2.]), size=array([20., 14.]), texRes=128, units='cm', win=Window(...))
9.5068 	EXP 	Created Choice1 = TextStim(__class__=<class 'psychopy.visual.text.TextStim'>, alignHoriz='center', alignVert='center', antialias=True, autoLog=True, bold=False, color='white', colorSpace='named', contrast=1.0, depth=-3.0, flipHoriz=False, flipVert=False, font='Arial', fontFiles=[], height=1.5, italic=False, languageStyle='LTR', name='Choice1', opacity=1.0, ori=0, pos=array([-12.,  13.]), rgb=array([255., 255., 255.]), text='default text', units='cm', win=Window(...), wrapWidth=15.0)
9.5107 	EXP 	Created Choice2 = TextStim(__class__=<class 'psychopy.visual.text.TextStim'>, alignHoriz='center', alignVert='center', antialias=True, autoLog=True, bold=False, color='white', colorSpace='named', contrast=1.0, depth=-4.0, flipHoriz=False, flipVert=False, font='Arial', fontFiles=[], height=1.5, italic=False, languageStyle='LTR', name='Choice2', opacity=1.0, ori=0, pos=array([12., 13.]), rgb=array([255., 255., 255.]), text='default text', units='cm', win=Window(...), wrapWidth=15.0)
9.5166 	EXP 	Created Choice3 = TextStim(__class__=<class 'psychopy.visual.text.TextStim'>, alignHoriz='center', alignVert='center', antialias=True, autoLog=True, bold=False, color='white', colorSpace='named', contrast=1.0, depth=-5.0, flipHoriz=False, flipVert=False, font='Arial', fontFiles=[], height=1.5, italic=False, languageStyle='LTR', name='Choice3', opacity=1.0, ori=0, pos=array([-12.,  -9.]), rgb=array([255., 255., 255.]), text='default text', units='cm', win=Window(...), wrapWidth=15.0)
9.5206 	EXP 	Created Choice4 = TextStim(__class__=<class 'psychopy.visual.text.TextStim'>, alignHoriz='center', alignVert='center', antialias=True, autoLog=True, bold=False, color='white', colorSpace='named', contrast=1.0, depth=-6.0, flipHoriz=False, flipVert=False, font='Arial', fontFiles=[], height=1.5, italic=False, languageStyle='LTR', name='Choice4', opacity=1.0, ori=0, pos=array([12., -9.]), rgb=array([255., 255., 255.]), text='default text', units='cm', win=Window(...), wrapWidth=15.0)
9.5242 	EXP 	Created Chosen = TextStim(__class__=<class 'psychopy.visual.text.TextStim'>, alignHoriz='center', alignVert='center', antialias=True, autoLog=True, bold=False, color='white', colorSpace='named', contrast=1.0, depth=-7.0, flipHoriz=False, flipVert=False, font='Arial', fontFiles=[], height=1.5, italic=False, languageStyle='LTR', name='Chosen', opacity=1.0, ori=0, pos=array([  0., -11.]), rgb=array([255., 255., 255.]), text='default text', units='cm', win=Window(...), wrapWidth=15.0)
9.5339 	EXP 	Created YourChoice = TextStim(__class__=<class 'psychopy.visual.text.TextStim'>, alignHoriz='center', alignVert='center', antialias=True, autoLog=True, bold=False, color='white', colorSpace='named', contrast=1.0, depth=-8.0, flipHoriz=False, flipVert=False, font='Arial', fontFiles=[], height=1.5, italic=False, languageStyle='LTR', name='YourChoice', opacity=1.0, ori=0, pos=array([ 0., -9.]), rgb=array([255., 255., 255.]), text='Your Choice:', units='cm', win=Window(...), wrapWidth=15.0)
9.5406 	EXP 	Created twentysec = TextStim(__class__=<class 'psychopy.visual.text.TextStim'>, alignHoriz='center', alignVert='center', antialias=True, autoLog=True, bold=False, color='white', colorSpace='named', contrast=1.0, depth=-9.0, flipHoriz=False, flipVert=False, font='Arial', fontFiles=[], height=1.5, italic=False, languageStyle='LTR', name='twentysec', opacity=1.0, ori=0, pos=array([-17.,   1.]), rgb=array([255., 255., 255.]), text='20', units='cm', win=Window(...), wrapWidth=15.0)
9.5455 	EXP 	Created FifteenSec = TextStim(__class__=<class 'psychopy.visual.text.TextStim'>, alignHoriz='center', alignVert='center', antialias=True, autoLog=True, bold=False, color='white', colorSpace='named', contrast=1.0, depth=-10.0, flipHoriz=False, flipVert=False, font='Arial', fontFiles=[], height=1.5, italic=False, languageStyle='LTR', name='FifteenSec', opacity=1.0, ori=0, pos=array([-17.,   1.]), rgb=array([255., 255., 255.]), text='15', units='cm', win=Window(...), wrapWidth=15.0)
9.5492 	EXP 	Created TenSec = TextStim(__class__=<class 'psychopy.visual.text.TextStim'>, alignHoriz='center', alignVert='center', antialias=True, autoLog=True, bold=False, color='white', colorSpace='named', contrast=1.0, depth=-11.0, flipHoriz=False, flipVert=False, font='Arial', fontFiles=[], height=1.5, italic=False, languageStyle='LTR', name='TenSec', opacity=1.0, ori=0, pos=array([-17.,   1.]), rgb=array([255., 255., 255.]), text='10', units='cm', win=Window(...), wrapWidth=15.0)
9.5517 	EXP 	Created FiveSec = TextStim(__class__=<class 'psychopy.visual.text.TextStim'>, alignHoriz='center', alignVert='center', antialias=True, autoLog=True, bold=False, color='white', colorSpace='named', contrast=1.0, depth=-12.0, flipHoriz=False, flipVert=False, font='Arial', fontFiles=[], height=1.5, italic=False, languageStyle='LTR', name='FiveSec', opacity=1.0, ori=0, pos=array([-17.,   1.]), rgb=array([255., 255., 255.]), text='5', units='cm', win=Window(...), wrapWidth=15.0)
9.5572 	EXP 	Created Timer = TextStim(__class__=<class 'psychopy.visual.text.TextStim'>, alignHoriz='center', alignVert='center', antialias=True, autoLog=True, bold=False, color='white', colorSpace='named', contrast=1.0, depth=-13.0, flipHoriz=False, flipVert=False, font='Arial', fontFiles=[], height=1.5, italic=False, languageStyle='LTR', name='Timer', opacity=1.0, ori=0, pos=array([-17.,   3.]), rgb=array([255., 255., 255.]), text='Seconds left:', units='cm', win=Window(...), wrapWidth=15.0)
9.5678 	EXP 	Created Question = TextStim(__class__=<class 'psychopy.visual.text.TextStim'>, alignHoriz='center', alignVert='center', antialias=True, autoLog=True, bold=False, color='white', colorSpace='named', contrast=1.0, depth=0.0, flipHoriz=False, flipVert=False, font='Arial', fontFiles=[], height=0.1, italic=False, languageStyle='LTR', name='Question', opacity=1.0, ori=0, pos=array([0., 0.]), rgb=array([255., 255., 255.]), text='Rate how well you felt what they were feeling:', units='norm', win=Window(...), wrapWidth=1)
9.6126 	EXP 	Created rating = RatingScale(__class__=type(...), acceptKeys=['return'], acceptPreText=UNKNOWN, acceptSize=UNKNOWN, acceptText='accept?', autoLog=True, choices=['1', '2', '3', '4', '5'], depth=0, disappear=False, flipVert=False, high=4, kwargs=UNKNOWN, labels=list(...), leftKeys=['left'], lineColor='White', low=0, marker=ShapeStim(...), markerColor='DarkBlue', markerExpansion=UNKNOWN, markerStart=None, maxTime=0.0, minTime=0.4, mouseOnly=False, name='rating', noMouse=False, pos=[0.0, -0.4], precision=1, respKeys=['0', '1', '2', '3', '4'], rightKeys=['right'], scale='<default>', self=UNKNOWN, showAccept=True, showValue=True, singleClick=False, size=0.6, skipKeys=['tab'], stretch=1.0, textColor='LightGray', textFont='Helvetica Bold', textSize=0.12, tickHeight=1.0, tickMarks=4.0, win=Window(...))
9.6133 	EXP 	Created Wait3 = TextStim(__class__=<class 'psychopy.visual.text.TextStim'>, alignHoriz='center', alignVert='center', antialias=True, autoLog=True, bold=False, color='white', colorSpace='named', contrast=1.0, depth=0.0, flipHoriz=False, flipVert=False, font='Arial', fontFiles=[], height=0.1, italic=False, languageStyle='LTR', name='Wait3', opacity=1.0, ori=0, pos=array([0., 0.]), rgb=array([255., 255., 255.]), text='', units='norm', win=Window(...), wrapWidth=1)
9.6217 	EXP 	Created BreakText = TextStim(__class__=<class 'psychopy.visual.text.TextStim'>, alignHoriz='center', alignVert='center', antialias=True, autoLog=True, bold=False, color='white', colorSpace='named', contrast=1.0, depth=0.0, flipHoriz=False, flipVert=False, font='Arial', fontFiles=[], height=0.1, italic=False, languageStyle='LTR', name='BreakText', opacity=1.0, ori=0, pos=array([0., 0.]), rgb=array([255., 255., 255.]), text='Take a five minute break', units='norm', win=Window(...), wrapWidth=1)
9.6284 	EXP 	Created EndText = TextStim(__class__=<class 'psychopy.visual.text.TextStim'>, alignHoriz='center', alignVert='center', antialias=True, autoLog=True, bold=False, color='white', colorSpace='named', contrast=1.0, depth=0.0, flipHoriz=False, flipVert=False, font='Arial', fontFiles=[], height=0.1, italic=False, languageStyle='LTR', name='EndText', opacity=1.0, ori=0, pos=array([0., 0.]), rgb=array([255., 255., 255.]), text='Thanks for participating!\n', units='norm', win=Window(...), wrapWidth=1)
9.6579 	EXP 	rating: flipVert = False
9.6579 	EXP 	rating: autoLog = True
9.6579 	EXP 	text: autoDraw = True
10.7660 	DATA 	Keypress: space
10.7790 	EXP 	Imported Heart2Cond.xlsx as conditions, 39 conditions, 9 params
10.7793 	EXP 	Created sequence: sequential, trialTypes=39, nReps=1, seed=None
10.7796 	EXP 	New trial (rep=0, index=0): OrderedDict([('pic', 'eyes1.png'), ('sound', 'heart120_1.wav'), ('c1', 'playful'), ('c2', 'comforting'), ('c3', 'irritated'), ('c4', 'bored'), ('answerNum', 1.0), ('answer', 'playful'), ('marker', "120'")])
10.7886 	EXP 	Set  sound=heart120_1.wav
10.9586 	EXP 	Sound  started
10.9585 	EXP 	text: autoDraw = False
10.9585 	EXP 	image: image = 'eyes1.png'
10.9585 	EXP 	Choice1: text = '1.playful'
10.9585 	EXP 	Choice2: text = '2.comforting'
10.9585 	EXP 	Choice3: text = '3.irritated'
10.9585 	EXP 	Choice4: text = '4.bored'
10.9585 	EXP 	image: autoDraw = True
10.9585 	EXP 	Choice1: autoDraw = True
10.9585 	EXP 	Choice2: autoDraw = True
10.9585 	EXP 	Choice3: autoDraw = True
10.9585 	EXP 	Choice4: autoDraw = True
10.9585 	EXP 	Chosen: autoDraw = True
10.9585 	EXP 	YourChoice: autoDraw = True
10.9585 	EXP 	twentysec: autoDraw = True
10.9585 	EXP 	Timer: autoDraw = True
11.7931 	EXP 	Sound  stopped
11.7945 	EXP 	RatingScale rating: reset()
11.8279 	EXP 	image: autoDraw = False
11.8279 	EXP 	Choice1: autoDraw = False
11.8279 	EXP 	Choice2: autoDraw = False
11.8279 	EXP 	Choice3: autoDraw = False
11.8279 	EXP 	Choice4: autoDraw = False
11.8279 	EXP 	Chosen: autoDraw = False
11.8279 	EXP 	YourChoice: autoDraw = False
11.8279 	EXP 	twentysec: autoDraw = False
11.8279 	EXP 	FifteenSec: autoDraw = False
11.8279 	EXP 	TenSec: autoDraw = False
11.8279 	EXP 	FiveSec: autoDraw = False
11.8279 	EXP 	Timer: autoDraw = False
11.8279 	EXP 	Question: autoDraw = True
11.8279 	EXP 	rating: autoDraw = True
13.9596 	DATA 	Mouse: Left button down, pos=(840,313)
14.0636 	DATA 	Mouse:  Left button up, pos=(840,313)
15.1969 	DATA 	Mouse: Left button down, pos=(871,189)
15.1974 	DATA 	RatingScale rating: (mouse response) rating=3
15.1974 	DATA 	RatingScale rating: rating RT=3.402
15.1974 	DATA 	RatingScale rating: history=[(None, 0.0), ('3', 2.172), ('3', 3.402)]
15.2258 	EXP 	Question: autoDraw = False
15.2258 	EXP 	rating: autoDraw = False
15.2258 	EXP 	Wait3: autoDraw = True
15.3075 	DATA 	Mouse:  Left button up, pos=(871,189)
18.2257 	EXP 	Wait3: autoDraw = False
18.2257 	EXP 	Wait3: autoDraw = False
18.2257 	EXP 	BreakText: autoDraw = True
24.4592 	DATA 	Mouse: wheel shift=(0,0), pos=(871,189)
24.5084 	DATA 	Mouse: wheel shift=(0,0), pos=(871,189)
24.5250 	DATA 	Mouse: wheel shift=(0,1), pos=(871,189)
24.5413 	DATA 	Mouse: wheel shift=(0,1), pos=(871,189)
24.5577 	DATA 	Mouse: wheel shift=(0,3), pos=(871,189)
24.5742 	DATA 	Mouse: wheel shift=(0,4), pos=(871,189)
24.5919 	DATA 	Mouse: wheel shift=(0,6), pos=(871,189)
24.6080 	DATA 	Mouse: wheel shift=(0,6), pos=(871,189)
24.6245 	DATA 	Mouse: wheel shift=(0,5), pos=(871,189)
24.6417 	DATA 	Mouse: wheel shift=(0,3), pos=(871,189)
24.6585 	DATA 	Mouse: wheel shift=(0,2), pos=(871,189)
24.6743 	DATA 	Mouse: wheel shift=(1,2), pos=(871,189)
24.6919 	DATA 	Mouse: wheel shift=(0,1), pos=(871,189)
24.7087 	DATA 	Mouse: wheel shift=(0,0), pos=(871,189)
24.7246 	DATA 	Mouse: wheel shift=(0,0), pos=(871,189)
24.7583 	DATA 	Mouse: wheel shift=(0,0), pos=(871,189)
24.7746 	DATA 	Mouse: wheel shift=(0,0), pos=(871,189)
24.7752 	DATA 	Mouse: wheel shift=(0,0), pos=(871,189)
24.7919 	DATA 	Mouse: wheel shift=(0,-2), pos=(871,189)
24.8082 	DATA 	Mouse: wheel shift=(0,-3), pos=(871,189)
24.8248 	DATA 	Mouse: wheel shift=(0,-4), pos=(871,189)
24.8415 	DATA 	Mouse: wheel shift=(-1,-4), pos=(871,189)
24.8426 	DATA 	Mouse: wheel shift=(0,-1), pos=(871,189)
24.8586 	DATA 	Mouse: wheel shift=(0,-2), pos=(871,189)
24.8594 	DATA 	Mouse: wheel shift=(0,-1), pos=(871,189)
24.8746 	DATA 	Mouse: wheel shift=(0,-1), pos=(871,189)
24.8756 	DATA 	Mouse: wheel shift=(0,-1), pos=(871,189)
24.8914 	DATA 	Mouse: wheel shift=(0,0), pos=(871,189)
24.8917 	DATA 	Mouse: wheel shift=(0,0), pos=(871,189)
24.9075 	DATA 	Mouse: wheel shift=(0,0), pos=(871,189)
24.9078 	DATA 	Mouse: wheel shift=(0,0), pos=(871,189)
24.9253 	DATA 	Mouse: wheel shift=(0,1), pos=(871,189)
24.9414 	DATA 	Mouse: wheel shift=(0,2), pos=(871,189)
24.9576 	DATA 	Mouse: wheel shift=(0,1), pos=(871,189)
24.9578 	DATA 	Mouse: wheel shift=(0,0), pos=(871,189)
24.9749 	DATA 	Mouse: wheel shift=(0,1), pos=(871,189)
24.9911 	DATA 	Mouse: wheel shift=(0,0), pos=(871,189)
25.0076 	DATA 	Mouse: wheel shift=(0,0), pos=(871,189)
25.0247 	DATA 	Mouse: wheel shift=(0,-3), pos=(871,189)
25.0418 	DATA 	Mouse: wheel shift=(0,-3), pos=(871,189)
25.0579 	DATA 	Mouse: wheel shift=(0,-2), pos=(871,189)
25.0747 	DATA 	Mouse: wheel shift=(0,-2), pos=(871,189)
25.0920 	DATA 	Mouse: wheel shift=(0,-1), pos=(871,189)
25.1081 	DATA 	Mouse: wheel shift=(0,0), pos=(871,189)
25.1246 	DATA 	Mouse: wheel shift=(0,0), pos=(871,189)
25.1421 	DATA 	Mouse: wheel shift=(0,1), pos=(871,189)
25.1579 	DATA 	Mouse: wheel shift=(0,2), pos=(871,189)
25.1755 	DATA 	Mouse: wheel shift=(0,1), pos=(871,189)
25.1914 	DATA 	Mouse: wheel shift=(0,1), pos=(871,189)
25.2080 	DATA 	Mouse: wheel shift=(0,0), pos=(871,189)
25.2255 	DATA 	Mouse: wheel shift=(0,0), pos=(871,189)
25.2417 	DATA 	Mouse: wheel shift=(0,-1), pos=(871,189)
25.2589 	DATA 	Mouse: wheel shift=(0,-1), pos=(871,189)
25.2599 	DATA 	Mouse: wheel shift=(0,-1), pos=(871,189)
25.2749 	DATA 	Mouse: wheel shift=(0,0), pos=(871,189)
25.2757 	DATA 	Mouse: wheel shift=(0,-1), pos=(871,189)
25.2916 	DATA 	Mouse: wheel shift=(0,0), pos=(871,189)
25.3104 	DATA 	Mouse: wheel shift=(0,0), pos=(871,189)
25.3252 	DATA 	Mouse: wheel shift=(0,0), pos=(871,189)
25.3256 	DATA 	Mouse: wheel shift=(0,0), pos=(871,189)
25.3426 	DATA 	Mouse: wheel shift=(0,1), pos=(871,189)
25.3583 	DATA 	Mouse: wheel shift=(0,1), pos=(871,189)
25.3586 	DATA 	Mouse: wheel shift=(0,1), pos=(871,189)
25.3745 	DATA 	Mouse: wheel shift=(0,0), pos=(871,189)
25.3748 	DATA 	Mouse: wheel shift=(0,0), pos=(871,189)
25.3919 	DATA 	Mouse: wheel shift=(0,0), pos=(871,189)
25.4086 	DATA 	Mouse: wheel shift=(0,0), pos=(871,189)
25.4411 	DATA 	Mouse: wheel shift=(0,0), pos=(871,189)
25.4586 	DATA 	Mouse: wheel shift=(0,0), pos=(871,189)
25.4744 	DATA 	Mouse: wheel shift=(0,-1), pos=(871,189)
25.4919 	DATA 	Mouse: wheel shift=(0,0), pos=(871,189)
25.5080 	DATA 	Mouse: wheel shift=(0,0), pos=(871,189)
25.5410 	DATA 	Mouse: wheel shift=(0,0), pos=(871,189)
25.5603 	DATA 	Mouse: wheel shift=(0,1), pos=(871,189)
25.5750 	DATA 	Mouse: wheel shift=(0,0), pos=(871,189)
25.5900 	DATA 	Mouse: wheel shift=(0,1), pos=(871,189)
25.6063 	DATA 	Mouse: wheel shift=(0,0), pos=(871,189)
25.6236 	DATA 	Mouse: wheel shift=(0,0), pos=(871,189)
25.6395 	DATA 	Mouse: wheel shift=(0,0), pos=(871,189)
25.6732 	DATA 	Mouse: wheel shift=(0,0), pos=(871,189)
25.6894 	DATA 	Mouse: wheel shift=(0,0), pos=(871,189)
25.7065 	DATA 	Mouse: wheel shift=(0,0), pos=(871,189)
25.7246 	DATA 	Mouse: wheel shift=(0,0), pos=(871,189)
25.7412 	DATA 	Mouse: wheel shift=(0,0), pos=(871,189)
25.7748 	DATA 	Mouse: wheel shift=(0,0), pos=(871,189)
25.8249 	DATA 	Mouse: wheel shift=(0,0), pos=(871,189)
30.5247 	DATA 	Keypress: escape
30.8043 	EXP 	window1: mouseVisible = True
