4.9407 	EXP 	Created window1 = Window(allowGUI=False, allowStencil=False, args=UNKNOWN, autoLog=True, bitsMode=UNKNOWN, blendMode='avg', color=array([0., 0., 0.]), colorSpace='rgb', fullscr=<method-wrapper '__getattribute__' of attributeSetter object at 0x125528d30>, gamma=None, kwargs=UNKNOWN, lms=UNKNOWN, monitor=<psychopy.monitors.calibTools.Monitor object at 0x124f94e10>, multiSample=False, name='window1', numSamples=2, pos=[0.0, 0.0], screen=0, size=array([3360, 2100]), stereo=False, units='norm', useFBO=True, useRetina=True, viewOri=0.0, viewPos=None, viewScale=None, waitBlanking=True, winType='pyglet')
4.9408 	EXP 	window1: recordFrameIntervals = False
5.1055 	EXP 	window1: recordFrameIntervals = True
5.2887 	EXP 	window1: recordFrameIntervals = False
5.3704 	EXP 	Created text = TextStim(__class__=<class 'psychopy.visual.text.TextStim'>, alignHoriz='center', alignVert='center', antialias=True, autoLog=True, bold=False, color='white', colorSpace='named', contrast=1.0, depth=0.0, flipHoriz=False, flipVert=False, font='Arial', fontFiles=[], height=0.1, italic=False, languageStyle='LTR', name='text', opacity=1.0, ori=0, pos=array([0., 0.]), rgb=array([255., 255., 255.]), text=str(...), units='norm', win=Window(...), wrapWidth=1)
5.4321 	EXP 	Set  sound=A
5.4322 	EXP 	Set Sound  volume=1.000
5.4345 	EXP 	Created image = ImageStim(__class__=<class 'psychopy.visual.image.ImageStim'>, autoLog=True, color=array([1., 1., 1.]), colorSpace='rgb', contrast=1.0, depth=-1.0, flipHoriz=False, flipVert=False, image='sin', interpolate=True, mask=None, maskParams=None, name='image', opacity=1.0, ori=0.0, pos=array([0., 0.]), size=array([0.5, 0.5]), texRes=128, units='norm', win=Window(...))
5.4425 	EXP 	Created choice1 = TextStim(__class__=<class 'psychopy.visual.text.TextStim'>, alignHoriz='center', alignVert='center', antialias=True, autoLog=True, bold=False, color='white', colorSpace='named', contrast=1.0, depth=-1.0, flipHoriz=False, flipVert=False, font='Arial', fontFiles=[], height=1.5, italic=False, languageStyle='LTR', name='choice1', opacity=1.0, ori=0, pos=array([0., 4.]), rgb=array([255., 255., 255.]), text='default text', units='cm', win=Window(...), wrapWidth=15.0)
5.4461 	EXP 	Created choice2 = TextStim(__class__=<class 'psychopy.visual.text.TextStim'>, alignHoriz='center', alignVert='center', antialias=True, autoLog=True, bold=False, color='white', colorSpace='named', contrast=1.0, depth=-2.0, flipHoriz=False, flipVert=False, font='Arial', fontFiles=[], height=1.5, italic=False, languageStyle='LTR', name='choice2', opacity=1.0, ori=0, pos=array([0., 2.]), rgb=array([255., 255., 255.]), text='default text', units='cm', win=Window(...), wrapWidth=15.0)
5.4495 	EXP 	Created choice3 = TextStim(__class__=<class 'psychopy.visual.text.TextStim'>, alignHoriz='center', alignVert='center', antialias=True, autoLog=True, bold=False, color='white', colorSpace='named', contrast=1.0, depth=-3.0, flipHoriz=False, flipVert=False, font='Arial', fontFiles=[], height=1.5, italic=False, languageStyle='LTR', name='choice3', opacity=1.0, ori=0, pos=array([0., 0.]), rgb=array([255., 255., 255.]), text='default text', units='cm', win=Window(...), wrapWidth=15.0)
5.4530 	EXP 	Created choice4 = TextStim(__class__=<class 'psychopy.visual.text.TextStim'>, alignHoriz='center', alignVert='center', antialias=True, autoLog=True, bold=False, color='white', colorSpace='named', contrast=1.0, depth=-4.0, flipHoriz=False, flipVert=False, font='Arial', fontFiles=[], height=1.5, italic=False, languageStyle='LTR', name='choice4', opacity=1.0, ori=0, pos=array([ 0., -2.]), rgb=array([255., 255., 255.]), text='default text', units='cm', win=Window(...), wrapWidth=15.0)
5.4567 	EXP 	Created chosen = TextStim(__class__=<class 'psychopy.visual.text.TextStim'>, alignHoriz='center', alignVert='center', antialias=True, autoLog=True, bold=False, color='white', colorSpace='named', contrast=1.0, depth=-5.0, flipHoriz=False, flipVert=False, font='Arial', fontFiles=[], height=1.5, italic=False, languageStyle='LTR', name='chosen', opacity=1.0, ori=0, pos=array([ 0., -4.]), rgb=array([255., 255., 255.]), text='default text', units='cm', win=Window(...), wrapWidth=15.0)
5.4692 	EXP 	Created Question = TextStim(__class__=<class 'psychopy.visual.text.TextStim'>, alignHoriz='center', alignVert='center', antialias=True, autoLog=True, bold=False, color='white', colorSpace='named', contrast=1.0, depth=0.0, flipHoriz=False, flipVert=False, font='Arial', fontFiles=[], height=0.1, italic=False, languageStyle='LTR', name='Question', opacity=1.0, ori=0, pos=array([0., 0.]), rgb=array([255., 255., 255.]), text=str(...), units='norm', win=Window(...), wrapWidth=1)
5.4697 	EXP 	Created Wait3 = TextStim(__class__=<class 'psychopy.visual.text.TextStim'>, alignHoriz='center', alignVert='center', antialias=True, autoLog=True, bold=False, color='white', colorSpace='named', contrast=1.0, depth=0.0, flipHoriz=False, flipVert=False, font='Arial', fontFiles=[], height=0.1, italic=False, languageStyle='LTR', name='Wait3', opacity=1.0, ori=0, pos=array([0., 0.]), rgb=array([255., 255., 255.]), text='', units='norm', win=Window(...), wrapWidth=1)
5.4782 	EXP 	Created EndText = TextStim(__class__=<class 'psychopy.visual.text.TextStim'>, alignHoriz='center', alignVert='center', antialias=True, autoLog=True, bold=False, color='white', colorSpace='named', contrast=1.0, depth=0.0, flipHoriz=False, flipVert=False, font='Arial', fontFiles=[], height=0.1, italic=False, languageStyle='LTR', name='EndText', opacity=1.0, ori=0, pos=array([0., 0.]), rgb=array([255., 255., 255.]), text='Thanks for participating!\n', units='norm', win=Window(...), wrapWidth=1)
5.5055 	EXP 	text: autoDraw = True
6.6972 	DATA 	Keypress: space
6.7112 	EXP 	Imported Heart2Cond.xlsx as conditions, 30 conditions, 9 params
6.7115 	EXP 	Created sequence: sequential, trialTypes=30, nReps=1, seed=None
6.7119 	EXP 	New trial (rep=0, index=0): OrderedDict([('pic', 'eyes1.png'), ('sound', 'heart120.wav'), ('c1', 'playful'), ('c2', 'comforting'), ('c3', 'irritated'), ('c4', 'bored'), ('answerNum', 1), ('answer', 'playful'), ('marker', 120)])
6.7131 	EXP 	Set  sound=heart120.wav
6.8507 	EXP 	Sound  started
6.8507 	EXP 	text: autoDraw = False
6.8507 	EXP 	image: image = 'eyes1.png'
6.8507 	EXP 	image: autoDraw = True
26.7050 	EXP 	Sound  stopped
26.7563 	EXP 	image: autoDraw = False
26.7563 	EXP 	choice1: text = '1.playful'
26.7563 	EXP 	choice2: text = '2.comforting'
26.7563 	EXP 	choice3: text = '3.irritated'
26.7563 	EXP 	choice4: text = '4.bored'
26.7563 	EXP 	choice1: autoDraw = True
26.7563 	EXP 	choice2: autoDraw = True
26.7563 	EXP 	choice3: autoDraw = True
26.7563 	EXP 	choice4: autoDraw = True
26.7563 	EXP 	chosen: autoDraw = True
30.5602 	DATA 	Keypress: 1
31.5277 	DATA 	Keypress: 2
31.9095 	DATA 	Keypress: 3
32.4119 	DATA 	Keypress: 4
33.3944 	DATA 	Keypress: 2
33.6921 	DATA 	Keypress: 3
33.9459 	DATA 	Keypress: 4
34.4816 	DATA 	Keypress: 4
34.7444 	DATA 	Keypress: 2
35.1258 	DATA 	Keypress: 1
35.8425 	DATA 	Keypress: 1
36.0787 	DATA 	Keypress: 2
36.5424 	DATA 	Keypress: 3
36.9085 	DATA 	Keypress: 4
37.0838 	DATA 	Keypress: 4
37.2292 	DATA 	Keypress: 4
38.1607 	DATA 	Keypress: 5
38.6985 	DATA 	Keypress: 3
38.7004 	DATA 	Keypress: 4
38.9247 	DATA 	Keypress: 2
39.4623 	DATA 	Keypress: 1
39.7598 	DATA 	Keypress: 2
40.0767 	DATA 	Keypress: 3
40.3416 	DATA 	Keypress: 4
40.6923 	DATA 	Keypress: 4
223.7894 	DATA 	Keypress: 2
224.1099 	DATA 	Keypress: 3
224.3720 	DATA 	Keypress: 4
224.7081 	DATA 	Keypress: 2
227.5096 	DATA 	Keypress: escape
227.7815 	EXP 	window1: mouseVisible = True
