4.6600 	EXP 	Created window1 = Window(allowGUI=False, allowStencil=False, args=UNKNOWN, autoLog=True, bitsMode=UNKNOWN, blendMode='avg', color=array([ 0.,  0.,  0.]), colorSpace='rgb', fullscr=UNKNOWN, gamma=None, kwargs=UNKNOWN, lms=UNKNOWN, monitor=<psychopy.monitors.calibTools.Monitor object at 0x1197f5c50>, multiSample=False, name='window1', numSamples=2, pos=[0, 0], screen=0, size=array([1680, 1050]), stereo=False, units=u'norm', useFBO=True, useRetina=False, viewOri=0.0, viewPos=None, viewScale=None, waitBlanking=True, winType=u'pyglet')
4.6601 	EXP 	window1: recordFrameIntervals = False
4.8255 	EXP 	window1: recordFrameIntervals = True
5.0090 	EXP 	window1: recordFrameIntervals = False
5.0735 	EXP 	Created text = TextStim(alignHoriz='center', alignVert='center', antialias=True, autoLog=True, bold=False, color='white', colorSpace='named', contrast=1.0, depth=0.0, flipHoriz=False, flipVert=False, font='Arial', fontFiles=[], height=0.1, italic=False, name='text', opacity=1.0, ori=0, pos=array([ 0.,  0.]), rgb=array([ 255.,  255.,  255.]), text=newstr(...), units=u'norm', win=Window(...), wrapWidth=1)
5.0843 	EXP 	Sound  set volume 1.000
5.0855 	EXP 	Created Wait3 = TextStim(alignHoriz='center', alignVert='center', antialias=True, autoLog=True, bold=False, color='white', colorSpace='named', contrast=1.0, depth=0.0, flipHoriz=False, flipVert=False, font='Arial', fontFiles=[], height=0.1, italic=False, name='Wait3', opacity=1.0, ori=0, pos=array([ 0.,  0.]), rgb=array([ 255.,  255.,  255.]), text='', units=u'norm', win=Window(...), wrapWidth=1)
5.0971 	EXP 	Created EndText = TextStim(alignHoriz='center', alignVert='center', antialias=True, autoLog=True, bold=False, color='white', colorSpace='named', contrast=1.0, depth=0.0, flipHoriz=False, flipVert=False, font='Arial', fontFiles=[], height=0.1, italic=False, name='EndText', opacity=1.0, ori=0, pos=array([ 0.,  0.]), rgb=array([ 255.,  255.,  255.]), text='Thanks for participating!\n', units=u'norm', win=Window(...), wrapWidth=1)
5.1111 	EXP 	text: autoDraw = True
6.6161 	DATA 	Keypress: space
6.6287 	EXP 	Imported Exp1Conditions.xlsx as conditions, 2 conditions, 2 params
6.6291 	EXP 	Created sequence: fullRandom, trialTypes=2, nReps=1, seed=None
6.6294 	EXP 	New trial (rep=0, index=0): OrderedDict([(u'Sound', u'heart60.wav'), (u'marker', 60)])
6.6589 	EXP 	text: autoDraw = False
21.6435 	EXP 	Wait3: autoDraw = True
24.6270 	EXP 	New trial (rep=0, index=1): OrderedDict([(u'Sound', u'heart120.wav'), (u'marker', 120)])
24.6596 	EXP 	Wait3: autoDraw = False
24.6596 	EXP 	Wait3: autoDraw = False
39.6433 	EXP 	Wait3: autoDraw = True
42.6593 	EXP 	Wait3: autoDraw = False
42.6593 	EXP 	Wait3: autoDraw = False
42.6593 	EXP 	EndText: autoDraw = True
44.6615 	DATA 	Keypress: space
44.9431 	EXP 	window1: mouseVisible = True
