4.4306 	DATA 	Keypress: space
4.5223 	EXP 	Created window1 = Window(allowGUI=False, allowStencil=False, args=UNKNOWN, autoLog=True, bitsMode=UNKNOWN, blendMode='avg', color=array([ 0.,  0.,  0.]), colorSpace='rgb', fullscr=UNKNOWN, gamma=None, kwargs=UNKNOWN, lms=UNKNOWN, monitor=<psychopy.monitors.calibTools.Monitor object at 0x11282ec50>, multiSample=False, name='window1', numSamples=2, pos=[0, 0], screen=0, size=array([1680, 1050]), stereo=False, units=u'norm', useFBO=True, useRetina=False, viewOri=0.0, viewPos=None, viewScale=None, waitBlanking=True, winType=u'pyglet')
4.5224 	EXP 	window1: recordFrameIntervals = False
4.6885 	EXP 	window1: recordFrameIntervals = True
4.8719 	EXP 	window1: recordFrameIntervals = False
4.9345 	EXP 	Created text = TextStim(alignHoriz='center', alignVert='center', antialias=True, autoLog=True, bold=False, color='white', colorSpace='named', contrast=1.0, depth=0.0, flipHoriz=False, flipVert=False, font='Arial', fontFiles=[], height=0.1, italic=False, name='text', opacity=1.0, ori=0, pos=array([ 0.,  0.]), rgb=array([ 255.,  255.,  255.]), text=newstr(...), units=u'norm', win=Window(...), wrapWidth=1)
4.9542 	EXP 	Sound  set volume 1.000
4.9553 	EXP 	Created Wait3 = TextStim(alignHoriz='center', alignVert='center', antialias=True, autoLog=True, bold=False, color='white', colorSpace='named', contrast=1.0, depth=0.0, flipHoriz=False, flipVert=False, font='Arial', fontFiles=[], height=0.1, italic=False, name='Wait3', opacity=1.0, ori=0, pos=array([ 0.,  0.]), rgb=array([ 255.,  255.,  255.]), text='', units=u'norm', win=Window(...), wrapWidth=1)
4.9649 	EXP 	Created EndText = TextStim(alignHoriz='center', alignVert='center', antialias=True, autoLog=True, bold=False, color='white', colorSpace='named', contrast=1.0, depth=0.0, flipHoriz=False, flipVert=False, font='Arial', fontFiles=[], height=0.1, italic=False, name='EndText', opacity=1.0, ori=0, pos=array([ 0.,  0.]), rgb=array([ 255.,  255.,  255.]), text='Thanks for participating!\n', units=u'norm', win=Window(...), wrapWidth=1)
4.9896 	EXP 	text: autoDraw = True
6.0733 	DATA 	Keypress: space
6.0878 	EXP 	Imported Exp1Conditions.xlsx as conditions, 2 conditions, 2 params
6.0885 	EXP 	Created sequence: fullRandom, trialTypes=2, nReps=1, seed=None
6.0889 	EXP 	New trial (rep=0, index=0): OrderedDict([(u'Sound', u'heart60.wav'), (u'marker', 60)])
6.1206 	EXP 	text: autoDraw = False
21.1054 	EXP 	Wait3: autoDraw = True
24.0892 	EXP 	New trial (rep=0, index=1): OrderedDict([(u'Sound', u'heart120.wav'), (u'marker', 120)])
24.1222 	EXP 	Wait3: autoDraw = False
24.1222 	EXP 	Wait3: autoDraw = False
39.1047 	EXP 	Wait3: autoDraw = True
42.1224 	EXP 	Wait3: autoDraw = False
42.1224 	EXP 	Wait3: autoDraw = False
42.1224 	EXP 	EndText: autoDraw = True
46.7577 	DATA 	Keypress: space
47.0379 	EXP 	window1: mouseVisible = True
