5.4102 	EXP 	Created window1 = Window(allowGUI=False, allowStencil=False, args=UNKNOWN, autoLog=True, bitsMode=UNKNOWN, blendMode='avg', color=array([0., 0., 0.]), colorSpace='rgb', fullscr=<method-wrapper '__getattribute__' of attributeSetter object at 0x125d50d68>, gamma=None, kwargs=UNKNOWN, lms=UNKNOWN, monitor=<psychopy.monitors.calibTools.Monitor object at 0x124f8bb00>, multiSample=False, name='window1', numSamples=2, pos=[0.0, 0.0], screen=0, size=array([3360, 2100]), stereo=False, units='norm', useFBO=True, useRetina=True, viewOri=0.0, viewPos=None, viewScale=None, waitBlanking=True, winType='pyglet')
5.4102 	EXP 	window1: recordFrameIntervals = False
5.5765 	EXP 	window1: recordFrameIntervals = True
5.9285 	EXP 	window1: recordFrameIntervals = False
6.0133 	EXP 	Created text = TextStim(__class__=<class 'psychopy.visual.text.TextStim'>, alignHoriz='center', alignVert='center', antialias=True, autoLog=True, bold=False, color='white', colorSpace='named', contrast=1.0, depth=0.0, flipHoriz=False, flipVert=False, font='Arial', fontFiles=[], height=0.1, italic=False, languageStyle='LTR', name='text', opacity=1.0, ori=0, pos=array([0., 0.]), rgb=array([255., 255., 255.]), text=str(...), units='norm', win=Window(...), wrapWidth=1)
6.0754 	EXP 	Set  sound=A
6.0754 	EXP 	Set Sound  volume=1.000
6.0774 	EXP 	Created image = ImageStim(__class__=<class 'psychopy.visual.image.ImageStim'>, autoLog=True, color=array([1., 1., 1.]), colorSpace='rgb', contrast=1.0, depth=-1.0, flipHoriz=False, flipVert=False, image='sin', interpolate=True, mask=None, maskParams=None, name='image', opacity=1.0, ori=0.0, pos=array([0., 0.]), size=array([0.5, 0.5]), texRes=128, units='norm', win=Window(...))
6.0849 	EXP 	Created choice1 = TextStim(__class__=<class 'psychopy.visual.text.TextStim'>, alignHoriz='center', alignVert='center', antialias=True, autoLog=True, bold=False, color='white', colorSpace='named', contrast=1.0, depth=-1.0, flipHoriz=False, flipVert=False, font='Arial', fontFiles=[], height=1.5, italic=False, languageStyle='LTR', name='choice1', opacity=1.0, ori=0, pos=array([0., 4.]), rgb=array([255., 255., 255.]), text='default text', units='cm', win=Window(...), wrapWidth=15.0)
6.0884 	EXP 	Created choice2 = TextStim(__class__=<class 'psychopy.visual.text.TextStim'>, alignHoriz='center', alignVert='center', antialias=True, autoLog=True, bold=False, color='white', colorSpace='named', contrast=1.0, depth=-2.0, flipHoriz=False, flipVert=False, font='Arial', fontFiles=[], height=1.5, italic=False, languageStyle='LTR', name='choice2', opacity=1.0, ori=0, pos=array([0., 2.]), rgb=array([255., 255., 255.]), text='default text', units='cm', win=Window(...), wrapWidth=15.0)
6.0919 	EXP 	Created choice3 = TextStim(__class__=<class 'psychopy.visual.text.TextStim'>, alignHoriz='center', alignVert='center', antialias=True, autoLog=True, bold=False, color='white', colorSpace='named', contrast=1.0, depth=-3.0, flipHoriz=False, flipVert=False, font='Arial', fontFiles=[], height=1.5, italic=False, languageStyle='LTR', name='choice3', opacity=1.0, ori=0, pos=array([0., 0.]), rgb=array([255., 255., 255.]), text='default text', units='cm', win=Window(...), wrapWidth=15.0)
6.0955 	EXP 	Created choice4 = TextStim(__class__=<class 'psychopy.visual.text.TextStim'>, alignHoriz='center', alignVert='center', antialias=True, autoLog=True, bold=False, color='white', colorSpace='named', contrast=1.0, depth=-4.0, flipHoriz=False, flipVert=False, font='Arial', fontFiles=[], height=1.5, italic=False, languageStyle='LTR', name='choice4', opacity=1.0, ori=0, pos=array([ 0., -2.]), rgb=array([255., 255., 255.]), text='default text', units='cm', win=Window(...), wrapWidth=15.0)
6.0962 	EXP 	Created Wait3 = TextStim(__class__=<class 'psychopy.visual.text.TextStim'>, alignHoriz='center', alignVert='center', antialias=True, autoLog=True, bold=False, color='white', colorSpace='named', contrast=1.0, depth=0.0, flipHoriz=False, flipVert=False, font='Arial', fontFiles=[], height=0.1, italic=False, languageStyle='LTR', name='Wait3', opacity=1.0, ori=0, pos=array([0., 0.]), rgb=array([255., 255., 255.]), text='', units='norm', win=Window(...), wrapWidth=1)
6.1032 	EXP 	Created EndText = TextStim(__class__=<class 'psychopy.visual.text.TextStim'>, alignHoriz='center', alignVert='center', antialias=True, autoLog=True, bold=False, color='white', colorSpace='named', contrast=1.0, depth=0.0, flipHoriz=False, flipVert=False, font='Arial', fontFiles=[], height=0.1, italic=False, languageStyle='LTR', name='EndText', opacity=1.0, ori=0, pos=array([0., 0.]), rgb=array([255., 255., 255.]), text='Thanks for participating!\n', units='norm', win=Window(...), wrapWidth=1)
6.1299 	EXP 	text: autoDraw = True
7.4507 	DATA 	Keypress: space
7.4658 	EXP 	Imported Heart2Cond.xlsx as conditions, 20 conditions, 8 params
7.4661 	EXP 	Created sequence: sequential, trialTypes=20, nReps=1, seed=None
7.4665 	EXP 	New trial (rep=0, index=0): OrderedDict([('pic', 'eyes1.png'), ('sound', 'heart120.wav'), ('c1', 'playful'), ('c2', 'comforting'), ('c3', 'irritated'), ('c4', 'bored'), ('answerNum', 1), ('answer', 'playful')])
7.4684 	EXP 	Set  sound=heart120.wav
7.6207 	EXP 	Sound  started
7.6206 	EXP 	text: autoDraw = False
7.6206 	EXP 	image: image = 'eyes1.png'
7.6206 	EXP 	image: autoDraw = True
27.4619 	EXP 	Sound  stopped
27.5121 	EXP 	image: autoDraw = False
27.5121 	EXP 	choice1: text = '1.playful'
27.5121 	EXP 	choice2: text = '2.comforting'
27.5121 	EXP 	choice3: text = '3.irritated'
27.5121 	EXP 	choice4: text = '4.bored'
27.5121 	EXP 	choice1: autoDraw = True
27.5121 	EXP 	choice2: autoDraw = True
27.5121 	EXP 	choice3: autoDraw = True
27.5121 	EXP 	choice4: autoDraw = True
41.1518 	DATA 	Keypress: 1
41.1784 	EXP 	choice1: autoDraw = False
41.1784 	EXP 	choice2: autoDraw = False
41.1784 	EXP 	choice3: autoDraw = False
41.1784 	EXP 	choice4: autoDraw = False
41.1784 	EXP 	Wait3: autoDraw = True
44.1450 	EXP 	New trial (rep=0, index=1): OrderedDict([('pic', 'eyes3.png'), ('sound', 'heart60_1.wav'), ('c1', 'joking'), ('c2', 'flustered'), ('c3', 'desire'), ('c4', 'convinced'), ('answerNum', 3), ('answer', 'desire')])
44.1462 	EXP 	Set  sound=heart60_1.wav
44.2543 	EXP 	Sound  started
44.2543 	EXP 	Wait3: autoDraw = False
44.2543 	EXP 	Wait3: autoDraw = False
44.2543 	EXP 	image: image = 'eyes3.png'
44.2543 	EXP 	image: autoDraw = True
64.1430 	EXP 	Sound  stopped
64.1434 	EXP 	Sound  stopped
64.1779 	EXP 	image: autoDraw = False
64.1779 	EXP 	image: autoDraw = False
64.1779 	EXP 	choice1: text = '1.joking'
64.1779 	EXP 	choice2: text = '2.flustered'
64.1779 	EXP 	choice3: text = '3.desire'
64.1779 	EXP 	choice4: text = '4.convinced'
64.1779 	EXP 	choice1: autoDraw = True
64.1779 	EXP 	choice2: autoDraw = True
64.1779 	EXP 	choice3: autoDraw = True
64.1779 	EXP 	choice4: autoDraw = True
66.8484 	DATA 	Keypress: 3
66.8638 	EXP 	choice1: autoDraw = False
66.8638 	EXP 	choice2: autoDraw = False
66.8638 	EXP 	choice3: autoDraw = False
66.8638 	EXP 	choice4: autoDraw = False
66.8638 	EXP 	Wait3: autoDraw = True
69.8447 	EXP 	New trial (rep=0, index=2): OrderedDict([('pic', 'eyes5.png'), ('sound', 'heart120.wav'), ('c1', 'irritated'), ('c2', 'sarcastic'), ('c3', 'worried'), ('c4', 'friendly'), ('answerNum', 3), ('answer', 'worried')])
69.8476 	EXP 	Set  sound=heart120.wav
69.9543 	EXP 	Sound  started
69.9542 	EXP 	Wait3: autoDraw = False
69.9542 	EXP 	Wait3: autoDraw = False
69.9542 	EXP 	image: image = 'eyes5.png'
69.9542 	EXP 	image: autoDraw = True
72.3941 	DATA 	Keypress: lcommand
72.9289 	DATA 	Keypress: escape
73.2000 	EXP 	window1: mouseVisible = True
