4.6325 	EXP 	Created window1 = Window(allowGUI=False, allowStencil=False, args=UNKNOWN, autoLog=True, bitsMode=UNKNOWN, blendMode='avg', color=array([0., 0., 0.]), colorSpace='rgb', fullscr=<method-wrapper '__getattribute__' of attributeSetter object at 0x125d50da0>, gamma=None, kwargs=UNKNOWN, lms=UNKNOWN, monitor=<psychopy.monitors.calibTools.Monitor object at 0x125094978>, multiSample=False, name='window1', numSamples=2, pos=[0.0, 0.0], screen=0, size=array([3360, 2100]), stereo=False, units='norm', useFBO=True, useRetina=True, viewOri=0.0, viewPos=None, viewScale=None, waitBlanking=True, winType='pyglet')
4.6325 	EXP 	window1: recordFrameIntervals = False
4.7979 	EXP 	window1: recordFrameIntervals = True
4.9806 	EXP 	window1: recordFrameIntervals = False
5.0755 	EXP 	Created text = TextStim(__class__=<class 'psychopy.visual.text.TextStim'>, alignHoriz='center', alignVert='center', antialias=True, autoLog=True, bold=False, color='white', colorSpace='named', contrast=1.0, depth=0.0, flipHoriz=False, flipVert=False, font='Arial', fontFiles=[], height=0.1, italic=False, languageStyle='LTR', name='text', opacity=1.0, ori=0, pos=array([0., 0.]), rgb=array([255., 255., 255.]), text=str(...), units='norm', win=Window(...), wrapWidth=1)
5.1449 	EXP 	Set  sound=A
5.1449 	EXP 	Set Sound  volume=1.000
5.1471 	EXP 	Created image = ImageStim(__class__=<class 'psychopy.visual.image.ImageStim'>, autoLog=True, color=array([1., 1., 1.]), colorSpace='rgb', contrast=1.0, depth=-1.0, flipHoriz=False, flipVert=False, image='sin', interpolate=True, mask=None, maskParams=None, name='image', opacity=1.0, ori=0.0, pos=array([0., 0.]), size=array([0.5, 0.5]), texRes=128, units='norm', win=Window(...))
5.1543 	EXP 	Created choice1 = TextStim(__class__=<class 'psychopy.visual.text.TextStim'>, alignHoriz='center', alignVert='center', antialias=True, autoLog=True, bold=False, color='white', colorSpace='named', contrast=1.0, depth=-1.0, flipHoriz=False, flipVert=False, font='Arial', fontFiles=[], height=0.1, italic=False, languageStyle='LTR', name='choice1', opacity=1.0, ori=0, pos=array([0., 0.]), rgb=array([255., 255., 255.]), text='default text', units='norm', win=Window(...), wrapWidth=1)
5.1590 	EXP 	Created choice2 = TextStim(__class__=<class 'psychopy.visual.text.TextStim'>, alignHoriz='center', alignVert='center', antialias=True, autoLog=True, bold=False, color='white', colorSpace='named', contrast=1.0, depth=-2.0, flipHoriz=False, flipVert=False, font='Arial', fontFiles=[], height=0.1, italic=False, languageStyle='LTR', name='choice2', opacity=1.0, ori=0, pos=array([-5.,  0.]), rgb=array([255., 255., 255.]), text='default text', units='norm', win=Window(...), wrapWidth=1)
5.1636 	EXP 	Created choice3 = TextStim(__class__=<class 'psychopy.visual.text.TextStim'>, alignHoriz='center', alignVert='center', antialias=True, autoLog=True, bold=False, color='white', colorSpace='named', contrast=1.0, depth=-3.0, flipHoriz=False, flipVert=False, font='Arial', fontFiles=[], height=0.1, italic=False, languageStyle='LTR', name='choice3', opacity=1.0, ori=0, pos=array([5., 0.]), rgb=array([255., 255., 255.]), text='default text', units='norm', win=Window(...), wrapWidth=1)
5.1679 	EXP 	Created choice4 = TextStim(__class__=<class 'psychopy.visual.text.TextStim'>, alignHoriz='center', alignVert='center', antialias=True, autoLog=True, bold=False, color='white', colorSpace='named', contrast=1.0, depth=-4.0, flipHoriz=False, flipVert=False, font='Arial', fontFiles=[], height=0.1, italic=False, languageStyle='LTR', name='choice4', opacity=1.0, ori=0, pos=array([10.,  0.]), rgb=array([255., 255., 255.]), text='default text', units='norm', win=Window(...), wrapWidth=1)
5.1686 	EXP 	Created Wait3 = TextStim(__class__=<class 'psychopy.visual.text.TextStim'>, alignHoriz='center', alignVert='center', antialias=True, autoLog=True, bold=False, color='white', colorSpace='named', contrast=1.0, depth=0.0, flipHoriz=False, flipVert=False, font='Arial', fontFiles=[], height=0.1, italic=False, languageStyle='LTR', name='Wait3', opacity=1.0, ori=0, pos=array([0., 0.]), rgb=array([255., 255., 255.]), text='', units='norm', win=Window(...), wrapWidth=1)
5.1774 	EXP 	Created EndText = TextStim(__class__=<class 'psychopy.visual.text.TextStim'>, alignHoriz='center', alignVert='center', antialias=True, autoLog=True, bold=False, color='white', colorSpace='named', contrast=1.0, depth=0.0, flipHoriz=False, flipVert=False, font='Arial', fontFiles=[], height=0.1, italic=False, languageStyle='LTR', name='EndText', opacity=1.0, ori=0, pos=array([0., 0.]), rgb=array([255., 255., 255.]), text='Thanks for participating!\n', units='norm', win=Window(...), wrapWidth=1)
5.2059 	EXP 	text: autoDraw = True
5.2714 	DATA 	Keypress: space
5.2847 	EXP 	Imported Heart2Cond.xlsx as conditions, 20 conditions, 8 params
5.2850 	EXP 	Created sequence: sequential, trialTypes=20, nReps=1, seed=None
5.2853 	EXP 	New trial (rep=0, index=0): OrderedDict([('pic', 'eyes1.png'), ('sound', 'heart120.wav'), ('c1', 'playful'), ('c2', 'comforting'), ('c3', 'irritated'), ('c4', 'bored'), ('answerNum', 1), ('answer', 'playful')])
5.2870 	EXP 	Set  sound=heart120.wav
5.4415 	EXP 	Sound  started
5.4414 	EXP 	text: autoDraw = False
5.4414 	EXP 	image: image = 'eyes1.png'
5.4414 	EXP 	image: autoDraw = True
6.2182 	DATA 	Keypress: space
20.3492 	DATA 	Mouse: wheel shift=(0,0), pos=(767,569)
20.7321 	DATA 	Mouse: wheel shift=(0,0), pos=(767,569)
23.0316 	DATA 	Mouse: wheel shift=(0,0), pos=(767,569)
23.3645 	DATA 	Mouse: wheel shift=(0,0), pos=(767,569)
25.2811 	EXP 	Sound  stopped
25.3155 	EXP 	image: autoDraw = False
25.3155 	EXP 	choice1: text = 'playful'
25.3155 	EXP 	choice2: text = 'comforting'
25.3155 	EXP 	choice3: text = 'irritated'
25.3155 	EXP 	choice4: text = 'bored'
25.3155 	EXP 	choice1: autoDraw = True
25.3155 	EXP 	choice2: autoDraw = True
25.3155 	EXP 	choice3: autoDraw = True
25.3155 	EXP 	choice4: autoDraw = True
26.4860 	DATA 	Mouse: wheel shift=(0,0), pos=(767,569)
26.8206 	DATA 	Mouse: wheel shift=(0,0), pos=(767,569)
27.8341 	DATA 	Mouse: wheel shift=(0,0), pos=(767,569)
29.7206 	DATA 	Mouse: wheel shift=(0,0), pos=(767,569)
31.4398 	DATA 	Keypress: 1
31.4816 	EXP 	choice1: autoDraw = False
31.4816 	EXP 	choice2: autoDraw = False
31.4816 	EXP 	choice3: autoDraw = False
31.4816 	EXP 	choice4: autoDraw = False
31.4816 	EXP 	Wait3: autoDraw = True
34.4644 	EXP 	New trial (rep=0, index=1): OrderedDict([('pic', 'eyes3.png'), ('sound', 'heart60_1.wav'), ('c1', 'joking'), ('c2', 'flustered'), ('c3', 'desire'), ('c4', 'convinced'), ('answerNum', 3), ('answer', 'desire')])
34.4670 	EXP 	Set  sound=heart60_1.wav
34.5648 	EXP 	Sound  started
34.5647 	EXP 	Wait3: autoDraw = False
34.5647 	EXP 	Wait3: autoDraw = False
34.5647 	EXP 	image: image = 'eyes3.png'
34.5647 	EXP 	image: autoDraw = True
35.3149 	DATA 	Keypress: lcommand
35.5575 	DATA 	Keypress: escape
35.8258 	EXP 	window1: mouseVisible = True
