3.6811 	EXP 	Created window1 = Window(allowGUI=False, allowStencil=False, args=UNKNOWN, autoLog=True, bitsMode=UNKNOWN, blendMode='avg', color=array([ 0.,  0.,  0.]), colorSpace='rgb', fullscr=UNKNOWN, gamma=None, kwargs=UNKNOWN, lms=UNKNOWN, monitor=<psychopy.monitors.calibTools.Monitor object at 0x113e22c90>, multiSample=False, name='window1', numSamples=2, pos=[0, 0], screen=0, size=array([1680, 1050]), stereo=False, units=u'norm', useFBO=True, useRetina=False, viewOri=0.0, viewPos=None, viewScale=None, waitBlanking=True, winType=u'pyglet')
3.6811 	EXP 	window1: recordFrameIntervals = False
3.8457 	EXP 	window1: recordFrameIntervals = True
4.0958 	EXP 	window1: recordFrameIntervals = False
4.1623 	EXP 	Created text = TextStim(alignHoriz='center', alignVert='center', antialias=True, autoLog=True, bold=False, color='white', colorSpace='named', contrast=1.0, depth=0.0, flipHoriz=False, flipVert=False, font='Arial', fontFiles=[], height=0.1, italic=False, name='text', opacity=1.0, ori=0, pos=array([ 0.,  0.]), rgb=array([ 255.,  255.,  255.]), text=newstr(...), units=u'norm', win=Window(...), wrapWidth=1)
4.1734 	EXP 	Sound  set volume 1.000
4.1758 	EXP 	Created image = ImageStim(autoLog=True, color=array([ 1.,  1.,  1.]), colorSpace='rgb', contrast=1.0, depth=-1.0, flipHoriz=False, flipVert=False, image='sin', interpolate=True, mask=None, maskParams=None, name='image', opacity=1.0, ori=0.0, pos=array([ 0.,  2.]), size=array([ 20.,  14.]), texRes=128, units='cm', win=Window(...))
4.1841 	EXP 	Created Choice1 = TextStim(alignHoriz='center', alignVert='center', antialias=True, autoLog=True, bold=False, color='white', colorSpace='named', contrast=1.0, depth=-3.0, flipHoriz=False, flipVert=False, font='Arial', fontFiles=[], height=1.5, italic=False, name='Choice1', opacity=1.0, ori=0, pos=array([-12.,  13.]), rgb=array([ 255.,  255.,  255.]), text='default text', units='cm', win=Window(...), wrapWidth=15.0)
4.1887 	EXP 	Created Choice2 = TextStim(alignHoriz='center', alignVert='center', antialias=True, autoLog=True, bold=False, color='white', colorSpace='named', contrast=1.0, depth=-4.0, flipHoriz=False, flipVert=False, font='Arial', fontFiles=[], height=1.5, italic=False, name='Choice2', opacity=1.0, ori=0, pos=array([ 12.,  13.]), rgb=array([ 255.,  255.,  255.]), text='default text', units='cm', win=Window(...), wrapWidth=15.0)
4.1931 	EXP 	Created Choice3 = TextStim(alignHoriz='center', alignVert='center', antialias=True, autoLog=True, bold=False, color='white', colorSpace='named', contrast=1.0, depth=-5.0, flipHoriz=False, flipVert=False, font='Arial', fontFiles=[], height=1.5, italic=False, name='Choice3', opacity=1.0, ori=0, pos=array([-12.,  -9.]), rgb=array([ 255.,  255.,  255.]), text='default text', units='cm', win=Window(...), wrapWidth=15.0)
4.1976 	EXP 	Created Choice4 = TextStim(alignHoriz='center', alignVert='center', antialias=True, autoLog=True, bold=False, color='white', colorSpace='named', contrast=1.0, depth=-6.0, flipHoriz=False, flipVert=False, font='Arial', fontFiles=[], height=1.5, italic=False, name='Choice4', opacity=1.0, ori=0, pos=array([ 12.,  -9.]), rgb=array([ 255.,  255.,  255.]), text='default text', units='cm', win=Window(...), wrapWidth=15.0)
4.2023 	EXP 	Created Chosen = TextStim(alignHoriz='center', alignVert='center', antialias=True, autoLog=True, bold=False, color='white', colorSpace='named', contrast=1.0, depth=-7.0, flipHoriz=False, flipVert=False, font='Arial', fontFiles=[], height=1.5, italic=False, name='Chosen', opacity=1.0, ori=0, pos=array([  0., -11.]), rgb=array([ 255.,  255.,  255.]), text='default text', units='cm', win=Window(...), wrapWidth=15.0)
4.2098 	EXP 	Created YourChoice = TextStim(alignHoriz='center', alignVert='center', antialias=True, autoLog=True, bold=False, color='white', colorSpace='named', contrast=1.0, depth=-8.0, flipHoriz=False, flipVert=False, font='Arial', fontFiles=[], height=1.5, italic=False, name='YourChoice', opacity=1.0, ori=0, pos=array([ 0., -9.]), rgb=array([ 255.,  255.,  255.]), text='Your Choice:', units='cm', win=Window(...), wrapWidth=15.0)
4.2136 	EXP 	Created twentysec = TextStim(alignHoriz='center', alignVert='center', antialias=True, autoLog=True, bold=False, color='white', colorSpace='named', contrast=1.0, depth=-9.0, flipHoriz=False, flipVert=False, font='Arial', fontFiles=[], height=1.5, italic=False, name='twentysec', opacity=1.0, ori=0, pos=array([-17.,   1.]), rgb=array([ 255.,  255.,  255.]), text='20', units='cm', win=Window(...), wrapWidth=15.0)
4.2173 	EXP 	Created FifteenSec = TextStim(alignHoriz='center', alignVert='center', antialias=True, autoLog=True, bold=False, color='white', colorSpace='named', contrast=1.0, depth=-10.0, flipHoriz=False, flipVert=False, font='Arial', fontFiles=[], height=1.5, italic=False, name='FifteenSec', opacity=1.0, ori=0, pos=array([-17.,   1.]), rgb=array([ 255.,  255.,  255.]), text='15', units='cm', win=Window(...), wrapWidth=15.0)
4.2216 	EXP 	Created TenSec = TextStim(alignHoriz='center', alignVert='center', antialias=True, autoLog=True, bold=False, color='white', colorSpace='named', contrast=1.0, depth=-11.0, flipHoriz=False, flipVert=False, font='Arial', fontFiles=[], height=1.5, italic=False, name='TenSec', opacity=1.0, ori=0, pos=array([-17.,   1.]), rgb=array([ 255.,  255.,  255.]), text='10', units='cm', win=Window(...), wrapWidth=15.0)
4.2250 	EXP 	Created FiveSec = TextStim(alignHoriz='center', alignVert='center', antialias=True, autoLog=True, bold=False, color='white', colorSpace='named', contrast=1.0, depth=-12.0, flipHoriz=False, flipVert=False, font='Arial', fontFiles=[], height=1.5, italic=False, name='FiveSec', opacity=1.0, ori=0, pos=array([-17.,   1.]), rgb=array([ 255.,  255.,  255.]), text='5', units='cm', win=Window(...), wrapWidth=15.0)
4.2310 	EXP 	Created Timer = TextStim(alignHoriz='center', alignVert='center', antialias=True, autoLog=True, bold=False, color='white', colorSpace='named', contrast=1.0, depth=-13.0, flipHoriz=False, flipVert=False, font='Arial', fontFiles=[], height=1.5, italic=False, name='Timer', opacity=1.0, ori=0, pos=array([-17.,   3.]), rgb=array([ 255.,  255.,  255.]), text='Seconds left:', units='cm', win=Window(...), wrapWidth=15.0)
4.2509 	EXP 	Created Question = TextStim(alignHoriz='center', alignVert='center', antialias=True, autoLog=True, bold=False, color='white', colorSpace='named', contrast=1.0, depth=0.0, flipHoriz=False, flipVert=False, font='Arial', fontFiles=[], height=0.1, italic=False, name='Question', opacity=1.0, ori=0, pos=array([ 0. ,  0.2]), rgb=array([ 255.,  255.,  255.]), text=newstr(...), units=u'norm', win=Window(...), wrapWidth=1)
4.2659 	EXP 	Created scale = ImageStim(autoLog=True, color=array([ 1.,  1.,  1.]), colorSpace='rgb', contrast=1.0, depth=-2.0, flipHoriz=False, flipVert=False, image='scale2.png', interpolate=True, mask=None, maskParams=None, name='scale', opacity=1.0, ori=0.0, pos=array([   0., -200.]), size=array([ 1162.,   158.]), texRes=128, units='pix', win=Window(...))
4.2668 	EXP 	Created Wait3 = TextStim(alignHoriz='center', alignVert='center', antialias=True, autoLog=True, bold=False, color='white', colorSpace='named', contrast=1.0, depth=0.0, flipHoriz=False, flipVert=False, font='Arial', fontFiles=[], height=0.1, italic=False, name='Wait3', opacity=1.0, ori=0, pos=array([ 0.,  0.]), rgb=array([ 255.,  255.,  255.]), text='', units=u'norm', win=Window(...), wrapWidth=1)
4.2759 	EXP 	Created EndText = TextStim(alignHoriz='center', alignVert='center', antialias=True, autoLog=True, bold=False, color='white', colorSpace='named', contrast=1.0, depth=0.0, flipHoriz=False, flipVert=False, font='Arial', fontFiles=[], height=0.1, italic=False, name='EndText', opacity=1.0, ori=0, pos=array([ 0.,  0.]), rgb=array([ 255.,  255.,  255.]), text='Thanks for participating!\n', units=u'norm', win=Window(...), wrapWidth=1)
4.2964 	EXP 	text: autoDraw = True
5.4362 	DATA 	Keypress: space
5.4573 	EXP 	Imported Heart2Cond.xlsx as conditions, 30 conditions, 9 params
5.4576 	EXP 	Created sequence: sequential, trialTypes=30, nReps=1, seed=None
5.4580 	EXP 	New trial (rep=0, index=0): OrderedDict([(u'pic', u'eyes1.png'), (u'sound', u'heart120_1.wav'), (u'c1', u'playful'), (u'c2', u'comforting'), (u'c3', u'irritated'), (u'c4', u'bored'), (u'answerNum', 1), (u'answer', u'playful'), (u'marker', u"120'")])
5.5637 	EXP 	text: autoDraw = False
5.5637 	EXP 	image: image = u'eyes1.png'
5.5637 	EXP 	Choice1: text = u'1.playful'
5.5637 	EXP 	Choice2: text = u'2.comforting'
5.5637 	EXP 	Choice3: text = u'3.irritated'
5.5637 	EXP 	Choice4: text = u'4.bored'
5.5637 	EXP 	image: autoDraw = True
5.5637 	EXP 	Choice1: autoDraw = True
5.5637 	EXP 	Choice2: autoDraw = True
5.5637 	EXP 	Choice3: autoDraw = True
5.5637 	EXP 	Choice4: autoDraw = True
5.5637 	EXP 	Chosen: autoDraw = True
5.5637 	EXP 	YourChoice: autoDraw = True
5.5637 	EXP 	twentysec: autoDraw = True
5.5637 	EXP 	Timer: autoDraw = True
7.3134 	DATA 	Keypress: 2
10.4774 	EXP 	twentysec: autoDraw = False
10.4774 	EXP 	FifteenSec: autoDraw = True
15.4774 	EXP 	FifteenSec: autoDraw = False
15.4774 	EXP 	TenSec: autoDraw = True
20.4786 	EXP 	TenSec: autoDraw = False
20.4786 	EXP 	FiveSec: autoDraw = True
25.4604 	EXP 	image: autoDraw = False
25.4604 	EXP 	Choice1: autoDraw = False
25.4604 	EXP 	Choice2: autoDraw = False
25.4604 	EXP 	Choice3: autoDraw = False
25.4604 	EXP 	Choice4: autoDraw = False
25.4604 	EXP 	Chosen: autoDraw = False
25.4604 	EXP 	YourChoice: autoDraw = False
25.4604 	EXP 	twentysec: autoDraw = False
25.4604 	EXP 	FifteenSec: autoDraw = False
25.4604 	EXP 	TenSec: autoDraw = False
25.4604 	EXP 	FiveSec: autoDraw = False
25.4604 	EXP 	Timer: autoDraw = False
25.4604 	EXP 	Question: autoDraw = True
25.4604 	EXP 	scale: autoDraw = True
26.8289 	DATA 	Keypress: 2
26.8451 	EXP 	Question: autoDraw = False
26.8451 	EXP 	scale: autoDraw = False
26.8451 	EXP 	Wait3: autoDraw = True
29.8284 	EXP 	New trial (rep=0, index=1): OrderedDict([(u'pic', u'eyes3.png'), (u'sound', u'silence.wav'), (u'c1', u'joking'), (u'c2', u'flustered'), (u'c3', u'desire'), (u'c4', u'convinced'), (u'answerNum', 3), (u'answer', u'desire'), (u'marker', u'Silence')])
29.9290 	EXP 	Wait3: autoDraw = False
29.9290 	EXP 	Wait3: autoDraw = False
29.9290 	EXP 	image: image = u'eyes3.png'
29.9290 	EXP 	Choice1: text = u'1.joking'
29.9290 	EXP 	Choice2: text = u'2.flustered'
29.9290 	EXP 	Choice3: text = u'3.desire'
29.9290 	EXP 	Choice4: text = u'4.convinced'
29.9290 	EXP 	image: autoDraw = True
29.9290 	EXP 	Choice1: autoDraw = True
29.9290 	EXP 	Choice2: autoDraw = True
29.9290 	EXP 	Choice3: autoDraw = True
29.9290 	EXP 	Choice4: autoDraw = True
29.9290 	EXP 	Chosen: autoDraw = True
29.9290 	EXP 	YourChoice: autoDraw = True
29.9290 	EXP 	twentysec: autoDraw = True
29.9290 	EXP 	Timer: autoDraw = True
30.9971 	DATA 	Keypress: 2
34.8450 	EXP 	twentysec: autoDraw = False
34.8609 	EXP 	FifteenSec: autoDraw = True
39.8443 	EXP 	FifteenSec: autoDraw = False
39.8605 	EXP 	TenSec: autoDraw = True
44.8453 	EXP 	TenSec: autoDraw = False
44.8616 	EXP 	FiveSec: autoDraw = True
49.8442 	EXP 	image: autoDraw = False
49.8442 	EXP 	Choice1: autoDraw = False
49.8442 	EXP 	Choice2: autoDraw = False
49.8442 	EXP 	Choice3: autoDraw = False
49.8442 	EXP 	Choice4: autoDraw = False
49.8442 	EXP 	Chosen: autoDraw = False
49.8442 	EXP 	YourChoice: autoDraw = False
49.8442 	EXP 	FiveSec: autoDraw = False
49.8442 	EXP 	Timer: autoDraw = False
49.8442 	EXP 	image: autoDraw = False
49.8442 	EXP 	Choice1: autoDraw = False
49.8442 	EXP 	Choice2: autoDraw = False
49.8442 	EXP 	Choice3: autoDraw = False
49.8442 	EXP 	Choice4: autoDraw = False
49.8442 	EXP 	Chosen: autoDraw = False
49.8442 	EXP 	YourChoice: autoDraw = False
49.8442 	EXP 	twentysec: autoDraw = False
49.8442 	EXP 	FifteenSec: autoDraw = False
49.8442 	EXP 	TenSec: autoDraw = False
49.8442 	EXP 	FiveSec: autoDraw = False
49.8442 	EXP 	Timer: autoDraw = False
49.8442 	EXP 	Question: autoDraw = True
49.8442 	EXP 	scale: autoDraw = True
83.3284 	DATA 	Keypress: 2
83.3446 	EXP 	Question: autoDraw = False
83.3446 	EXP 	scale: autoDraw = False
83.3446 	EXP 	Wait3: autoDraw = True
86.3269 	EXP 	New trial (rep=0, index=2): OrderedDict([(u'pic', u'eyes5.png'), (u'sound', u'heart120_1.wav'), (u'c1', u'irritated'), (u'c2', u'sarcastic'), (u'c3', u'worried'), (u'c4', u'friendly'), (u'answerNum', 3), (u'answer', u'worried'), (u'marker', u"120'")])
86.4282 	EXP 	Wait3: autoDraw = False
86.4282 	EXP 	Wait3: autoDraw = False
86.4282 	EXP 	image: image = u'eyes5.png'
86.4282 	EXP 	Choice1: text = u'1.irritated'
86.4282 	EXP 	Choice2: text = u'2.sarcastic'
86.4282 	EXP 	Choice3: text = u'3.worried'
86.4282 	EXP 	Choice4: text = u'4.friendly'
86.4282 	EXP 	image: autoDraw = True
86.4282 	EXP 	Choice1: autoDraw = True
86.4282 	EXP 	Choice2: autoDraw = True
86.4282 	EXP 	Choice3: autoDraw = True
86.4282 	EXP 	Choice4: autoDraw = True
86.4282 	EXP 	Chosen: autoDraw = True
86.4282 	EXP 	YourChoice: autoDraw = True
86.4282 	EXP 	twentysec: autoDraw = True
86.4282 	EXP 	Timer: autoDraw = True
89.5795 	DATA 	Keypress: 2
91.3445 	EXP 	twentysec: autoDraw = False
91.3610 	EXP 	FifteenSec: autoDraw = True
96.3447 	EXP 	FifteenSec: autoDraw = False
96.3606 	EXP 	TenSec: autoDraw = True
101.3440 	EXP 	TenSec: autoDraw = False
101.3608 	EXP 	FiveSec: autoDraw = True
106.3439 	EXP 	image: autoDraw = False
106.3439 	EXP 	Choice1: autoDraw = False
106.3439 	EXP 	Choice2: autoDraw = False
106.3439 	EXP 	Choice3: autoDraw = False
106.3439 	EXP 	Choice4: autoDraw = False
106.3439 	EXP 	Chosen: autoDraw = False
106.3439 	EXP 	YourChoice: autoDraw = False
106.3439 	EXP 	FiveSec: autoDraw = False
106.3439 	EXP 	Timer: autoDraw = False
106.3439 	EXP 	image: autoDraw = False
106.3439 	EXP 	Choice1: autoDraw = False
106.3439 	EXP 	Choice2: autoDraw = False
106.3439 	EXP 	Choice3: autoDraw = False
106.3439 	EXP 	Choice4: autoDraw = False
106.3439 	EXP 	Chosen: autoDraw = False
106.3439 	EXP 	YourChoice: autoDraw = False
106.3439 	EXP 	twentysec: autoDraw = False
106.3439 	EXP 	FifteenSec: autoDraw = False
106.3439 	EXP 	TenSec: autoDraw = False
106.3439 	EXP 	FiveSec: autoDraw = False
106.3439 	EXP 	Timer: autoDraw = False
106.3439 	EXP 	Question: autoDraw = True
106.3439 	EXP 	scale: autoDraw = True
108.1944 	DATA 	Keypress: 2
108.2098 	EXP 	Question: autoDraw = False
108.2098 	EXP 	scale: autoDraw = False
108.2098 	EXP 	Wait3: autoDraw = True
111.1939 	EXP 	New trial (rep=0, index=3): OrderedDict([(u'pic', u'eyes6.png'), (u'sound', u'heart60_2.wav'), (u'c1', u'aghast'), (u'c2', u'fantasizing'), (u'c3', u'impatient'), (u'c4', u'alarmed'), (u'answerNum', 2), (u'answer', u'fantasizing'), (u'marker', u"60'")])
111.2784 	EXP 	Wait3: autoDraw = False
111.2784 	EXP 	Wait3: autoDraw = False
111.2784 	EXP 	image: image = u'eyes6.png'
111.2784 	EXP 	Choice1: text = u'1.aghast'
111.2784 	EXP 	Choice2: text = u'2.fantasizing'
111.2784 	EXP 	Choice3: text = u'3.impatient'
111.2784 	EXP 	Choice4: text = u'4.alarmed'
111.2784 	EXP 	image: autoDraw = True
111.2784 	EXP 	Choice1: autoDraw = True
111.2784 	EXP 	Choice2: autoDraw = True
111.2784 	EXP 	Choice3: autoDraw = True
111.2784 	EXP 	Choice4: autoDraw = True
111.2784 	EXP 	Chosen: autoDraw = True
111.2784 	EXP 	YourChoice: autoDraw = True
111.2784 	EXP 	twentysec: autoDraw = True
111.2784 	EXP 	Timer: autoDraw = True
112.1794 	DATA 	Keypress: 2
116.2105 	EXP 	twentysec: autoDraw = False
116.2259 	EXP 	FifteenSec: autoDraw = True
121.2100 	EXP 	FifteenSec: autoDraw = False
121.2257 	EXP 	TenSec: autoDraw = True
126.2094 	EXP 	TenSec: autoDraw = False
126.2258 	EXP 	FiveSec: autoDraw = True
131.2102 	EXP 	image: autoDraw = False
131.2102 	EXP 	Choice1: autoDraw = False
131.2102 	EXP 	Choice2: autoDraw = False
131.2102 	EXP 	Choice3: autoDraw = False
131.2102 	EXP 	Choice4: autoDraw = False
131.2102 	EXP 	Chosen: autoDraw = False
131.2102 	EXP 	YourChoice: autoDraw = False
131.2102 	EXP 	FiveSec: autoDraw = False
131.2102 	EXP 	Timer: autoDraw = False
131.2102 	EXP 	image: autoDraw = False
131.2102 	EXP 	Choice1: autoDraw = False
131.2102 	EXP 	Choice2: autoDraw = False
131.2102 	EXP 	Choice3: autoDraw = False
131.2102 	EXP 	Choice4: autoDraw = False
131.2102 	EXP 	Chosen: autoDraw = False
131.2102 	EXP 	YourChoice: autoDraw = False
131.2102 	EXP 	twentysec: autoDraw = False
131.2102 	EXP 	FifteenSec: autoDraw = False
131.2102 	EXP 	TenSec: autoDraw = False
131.2102 	EXP 	FiveSec: autoDraw = False
131.2102 	EXP 	Timer: autoDraw = False
131.2102 	EXP 	Question: autoDraw = True
131.2102 	EXP 	scale: autoDraw = True
132.0459 	DATA 	Keypress: 2
132.0596 	EXP 	Question: autoDraw = False
132.0596 	EXP 	scale: autoDraw = False
132.0596 	EXP 	Wait3: autoDraw = True
135.0447 	EXP 	New trial (rep=0, index=4): OrderedDict([(u'pic', u'eyes7.png'), (u'sound', u'silence.wav'), (u'c1', u'apologetic'), (u'c2', u'friendly'), (u'c3', u'uneasy'), (u'c4', u'dispirited'), (u'answerNum', 3), (u'answer', u'uneasy'), (u'marker', u'Silence')])
135.1451 	EXP 	Wait3: autoDraw = False
135.1451 	EXP 	Wait3: autoDraw = False
135.1451 	EXP 	image: image = u'eyes7.png'
135.1451 	EXP 	Choice1: text = u'1.apologetic'
135.1451 	EXP 	Choice2: text = u'2.friendly'
135.1451 	EXP 	Choice3: text = u'3.uneasy'
135.1451 	EXP 	Choice4: text = u'4.dispirited'
135.1451 	EXP 	image: autoDraw = True
135.1451 	EXP 	Choice1: autoDraw = True
135.1451 	EXP 	Choice2: autoDraw = True
135.1451 	EXP 	Choice3: autoDraw = True
135.1451 	EXP 	Choice4: autoDraw = True
135.1451 	EXP 	Chosen: autoDraw = True
135.1451 	EXP 	YourChoice: autoDraw = True
135.1451 	EXP 	twentysec: autoDraw = True
135.1451 	EXP 	Timer: autoDraw = True
136.0115 	DATA 	Keypress: 2
140.0604 	EXP 	twentysec: autoDraw = False
140.0765 	EXP 	FifteenSec: autoDraw = True
145.0601 	EXP 	FifteenSec: autoDraw = False
145.0761 	EXP 	TenSec: autoDraw = True
150.0594 	EXP 	TenSec: autoDraw = False
150.0770 	EXP 	FiveSec: autoDraw = True
155.0603 	EXP 	image: autoDraw = False
155.0603 	EXP 	Choice1: autoDraw = False
155.0603 	EXP 	Choice2: autoDraw = False
155.0603 	EXP 	Choice3: autoDraw = False
155.0603 	EXP 	Choice4: autoDraw = False
155.0603 	EXP 	Chosen: autoDraw = False
155.0603 	EXP 	YourChoice: autoDraw = False
155.0603 	EXP 	FiveSec: autoDraw = False
155.0603 	EXP 	Timer: autoDraw = False
155.0603 	EXP 	image: autoDraw = False
155.0603 	EXP 	Choice1: autoDraw = False
155.0603 	EXP 	Choice2: autoDraw = False
155.0603 	EXP 	Choice3: autoDraw = False
155.0603 	EXP 	Choice4: autoDraw = False
155.0603 	EXP 	Chosen: autoDraw = False
155.0603 	EXP 	YourChoice: autoDraw = False
155.0603 	EXP 	twentysec: autoDraw = False
155.0603 	EXP 	FifteenSec: autoDraw = False
155.0603 	EXP 	TenSec: autoDraw = False
155.0603 	EXP 	FiveSec: autoDraw = False
155.0603 	EXP 	Timer: autoDraw = False
155.0603 	EXP 	Question: autoDraw = True
155.0603 	EXP 	scale: autoDraw = True
155.4795 	DATA 	Keypress: 2
155.5103 	EXP 	Question: autoDraw = False
155.5103 	EXP 	scale: autoDraw = False
155.5103 	EXP 	Wait3: autoDraw = True
158.4938 	EXP 	New trial (rep=0, index=5): OrderedDict([(u'pic', u'eyes10.png'), (u'sound', u'heart120_1.wav'), (u'c1', u'cautious'), (u'c2', u'insisting'), (u'c3', u'bored'), (u'c4', u'aghast'), (u'answerNum', 1), (u'answer', u'cautious'), (u'marker', u"120'")])
158.5784 	EXP 	Wait3: autoDraw = False
158.5784 	EXP 	Wait3: autoDraw = False
158.5784 	EXP 	image: image = u'eyes10.png'
158.5784 	EXP 	Choice1: text = u'1.cautious'
158.5784 	EXP 	Choice2: text = u'2.insisting'
158.5784 	EXP 	Choice3: text = u'3.bored'
158.5784 	EXP 	Choice4: text = u'4.aghast'
158.5784 	EXP 	image: autoDraw = True
158.5784 	EXP 	Choice1: autoDraw = True
158.5784 	EXP 	Choice2: autoDraw = True
158.5784 	EXP 	Choice3: autoDraw = True
158.5784 	EXP 	Choice4: autoDraw = True
158.5784 	EXP 	Chosen: autoDraw = True
158.5784 	EXP 	YourChoice: autoDraw = True
158.5784 	EXP 	twentysec: autoDraw = True
158.5784 	EXP 	Timer: autoDraw = True
159.5296 	DATA 	Keypress: 2
163.5099 	EXP 	twentysec: autoDraw = False
163.5251 	EXP 	FifteenSec: autoDraw = True
168.5096 	EXP 	FifteenSec: autoDraw = False
168.5253 	EXP 	TenSec: autoDraw = True
173.5097 	EXP 	TenSec: autoDraw = False
173.5254 	EXP 	FiveSec: autoDraw = True
178.5103 	EXP 	image: autoDraw = False
178.5103 	EXP 	Choice1: autoDraw = False
178.5103 	EXP 	Choice2: autoDraw = False
178.5103 	EXP 	Choice3: autoDraw = False
178.5103 	EXP 	Choice4: autoDraw = False
178.5103 	EXP 	Chosen: autoDraw = False
178.5103 	EXP 	YourChoice: autoDraw = False
178.5103 	EXP 	FiveSec: autoDraw = False
178.5103 	EXP 	Timer: autoDraw = False
178.5103 	EXP 	image: autoDraw = False
178.5103 	EXP 	Choice1: autoDraw = False
178.5103 	EXP 	Choice2: autoDraw = False
178.5103 	EXP 	Choice3: autoDraw = False
178.5103 	EXP 	Choice4: autoDraw = False
178.5103 	EXP 	Chosen: autoDraw = False
178.5103 	EXP 	YourChoice: autoDraw = False
178.5103 	EXP 	twentysec: autoDraw = False
178.5103 	EXP 	FifteenSec: autoDraw = False
178.5103 	EXP 	TenSec: autoDraw = False
178.5103 	EXP 	FiveSec: autoDraw = False
178.5103 	EXP 	Timer: autoDraw = False
178.5103 	EXP 	Question: autoDraw = True
178.5103 	EXP 	scale: autoDraw = True
179.3275 	DATA 	Keypress: 2
179.3421 	EXP 	Question: autoDraw = False
179.3421 	EXP 	scale: autoDraw = False
179.3421 	EXP 	Wait3: autoDraw = True
182.3256 	EXP 	New trial (rep=0, index=6): OrderedDict([(u'pic', u'eyes15.png'), (u'sound', u'heart120_1.wav'), (u'c1', u'contemplative'), (u'c2', u'flustered'), (u'c3', u'encouraging'), (u'c4', u'amused'), (u'answerNum', 1), (u'answer', u'contemplative'), (u'marker', u"120'")])
182.4119 	EXP 	Wait3: autoDraw = False
182.4119 	EXP 	Wait3: autoDraw = False
182.4119 	EXP 	image: image = u'eyes15.png'
182.4119 	EXP 	Choice1: text = u'1.contemplative'
182.4119 	EXP 	Choice2: text = u'2.flustered'
182.4119 	EXP 	Choice3: text = u'3.encouraging'
182.4119 	EXP 	Choice4: text = u'4.amused'
182.4119 	EXP 	image: autoDraw = True
182.4119 	EXP 	Choice1: autoDraw = True
182.4119 	EXP 	Choice2: autoDraw = True
182.4119 	EXP 	Choice3: autoDraw = True
182.4119 	EXP 	Choice4: autoDraw = True
182.4119 	EXP 	Chosen: autoDraw = True
182.4119 	EXP 	YourChoice: autoDraw = True
182.4119 	EXP 	twentysec: autoDraw = True
182.4119 	EXP 	Timer: autoDraw = True
184.5266 	DATA 	Keypress: 2
187.3417 	EXP 	twentysec: autoDraw = False
187.3588 	EXP 	FifteenSec: autoDraw = True
192.3417 	EXP 	FifteenSec: autoDraw = False
192.3597 	EXP 	TenSec: autoDraw = True
197.3428 	EXP 	TenSec: autoDraw = False
197.3597 	EXP 	FiveSec: autoDraw = True
202.3421 	EXP 	image: autoDraw = False
202.3421 	EXP 	Choice1: autoDraw = False
202.3421 	EXP 	Choice2: autoDraw = False
202.3421 	EXP 	Choice3: autoDraw = False
202.3421 	EXP 	Choice4: autoDraw = False
202.3421 	EXP 	Chosen: autoDraw = False
202.3421 	EXP 	YourChoice: autoDraw = False
202.3421 	EXP 	FiveSec: autoDraw = False
202.3421 	EXP 	Timer: autoDraw = False
202.3421 	EXP 	image: autoDraw = False
202.3421 	EXP 	Choice1: autoDraw = False
202.3421 	EXP 	Choice2: autoDraw = False
202.3421 	EXP 	Choice3: autoDraw = False
202.3421 	EXP 	Choice4: autoDraw = False
202.3421 	EXP 	Chosen: autoDraw = False
202.3421 	EXP 	YourChoice: autoDraw = False
202.3421 	EXP 	twentysec: autoDraw = False
202.3421 	EXP 	FifteenSec: autoDraw = False
202.3421 	EXP 	TenSec: autoDraw = False
202.3421 	EXP 	FiveSec: autoDraw = False
202.3421 	EXP 	Timer: autoDraw = False
202.3421 	EXP 	Question: autoDraw = True
202.3421 	EXP 	scale: autoDraw = True
225.6097 	DATA 	Keypress: 2
225.6242 	EXP 	Question: autoDraw = False
225.6242 	EXP 	scale: autoDraw = False
225.6242 	EXP 	Wait3: autoDraw = True
228.6097 	EXP 	New trial (rep=0, index=7): OrderedDict([(u'pic', u'eyes17.png'), (u'sound', u'heart60_2.wav'), (u'c1', u'doubtful'), (u'c2', u'affectionate'), (u'c3', u'playful'), (u'c4', u'aghast'), (u'answerNum', 1), (u'answer', u'doubtful'), (u'marker', u"60'")])
228.6964 	EXP 	Wait3: autoDraw = False
228.6964 	EXP 	Wait3: autoDraw = False
228.6964 	EXP 	image: image = u'eyes17.png'
228.6964 	EXP 	Choice1: text = u'1.doubtful'
228.6964 	EXP 	Choice2: text = u'2.affectionate'
228.6964 	EXP 	Choice3: text = u'3.playful'
228.6964 	EXP 	Choice4: text = u'4.aghast'
228.6964 	EXP 	image: autoDraw = True
228.6964 	EXP 	Choice1: autoDraw = True
228.6964 	EXP 	Choice2: autoDraw = True
228.6964 	EXP 	Choice3: autoDraw = True
228.6964 	EXP 	Choice4: autoDraw = True
228.6964 	EXP 	Chosen: autoDraw = True
228.6964 	EXP 	YourChoice: autoDraw = True
228.6964 	EXP 	twentysec: autoDraw = True
228.6964 	EXP 	Timer: autoDraw = True
233.6243 	EXP 	twentysec: autoDraw = False
233.6413 	EXP 	FifteenSec: autoDraw = True
238.6248 	EXP 	FifteenSec: autoDraw = False
238.6423 	EXP 	TenSec: autoDraw = True
243.6244 	EXP 	TenSec: autoDraw = False
243.6424 	EXP 	FiveSec: autoDraw = True
246.7452 	DATA 	Keypress: 2
248.6246 	EXP 	image: autoDraw = False
248.6246 	EXP 	Choice1: autoDraw = False
248.6246 	EXP 	Choice2: autoDraw = False
248.6246 	EXP 	Choice3: autoDraw = False
248.6246 	EXP 	Choice4: autoDraw = False
248.6246 	EXP 	Chosen: autoDraw = False
248.6246 	EXP 	YourChoice: autoDraw = False
248.6246 	EXP 	FiveSec: autoDraw = False
248.6246 	EXP 	Timer: autoDraw = False
248.6246 	EXP 	image: autoDraw = False
248.6246 	EXP 	Choice1: autoDraw = False
248.6246 	EXP 	Choice2: autoDraw = False
248.6246 	EXP 	Choice3: autoDraw = False
248.6246 	EXP 	Choice4: autoDraw = False
248.6246 	EXP 	Chosen: autoDraw = False
248.6246 	EXP 	YourChoice: autoDraw = False
248.6246 	EXP 	twentysec: autoDraw = False
248.6246 	EXP 	FifteenSec: autoDraw = False
248.6246 	EXP 	TenSec: autoDraw = False
248.6246 	EXP 	FiveSec: autoDraw = False
248.6246 	EXP 	Timer: autoDraw = False
248.6246 	EXP 	Question: autoDraw = True
248.6246 	EXP 	scale: autoDraw = True
257.2110 	DATA 	Keypress: 2
257.2243 	EXP 	Question: autoDraw = False
257.2243 	EXP 	scale: autoDraw = False
257.2243 	EXP 	Wait3: autoDraw = True
260.2087 	EXP 	New trial (rep=0, index=8): OrderedDict([(u'pic', u'eyes18.png'), (u'sound', u'heart60_2.wav'), (u'c1', u'amused'), (u'c2', u'decisive'), (u'c3', u'aghast'), (u'c4', u'bored'), (u'answerNum', 2), (u'answer', u'decisive'), (u'marker', u"60'")])
260.2948 	EXP 	Wait3: autoDraw = False
260.2948 	EXP 	Wait3: autoDraw = False
260.2948 	EXP 	image: image = u'eyes18.png'
260.2948 	EXP 	Choice1: text = u'1.amused'
260.2948 	EXP 	Choice2: text = u'2.decisive'
260.2948 	EXP 	Choice3: text = u'3.aghast'
260.2948 	EXP 	Choice4: text = u'4.bored'
260.2948 	EXP 	image: autoDraw = True
260.2948 	EXP 	Choice1: autoDraw = True
260.2948 	EXP 	Choice2: autoDraw = True
260.2948 	EXP 	Choice3: autoDraw = True
260.2948 	EXP 	Choice4: autoDraw = True
260.2948 	EXP 	Chosen: autoDraw = True
260.2948 	EXP 	YourChoice: autoDraw = True
260.2948 	EXP 	twentysec: autoDraw = True
260.2948 	EXP 	Timer: autoDraw = True
265.2245 	EXP 	twentysec: autoDraw = False
265.2414 	EXP 	FifteenSec: autoDraw = True
270.2238 	EXP 	FifteenSec: autoDraw = False
270.2419 	EXP 	TenSec: autoDraw = True
271.0606 	DATA 	Keypress: 2
275.2240 	EXP 	TenSec: autoDraw = False
275.2418 	EXP 	FiveSec: autoDraw = True
280.2243 	EXP 	image: autoDraw = False
280.2243 	EXP 	Choice1: autoDraw = False
280.2243 	EXP 	Choice2: autoDraw = False
280.2243 	EXP 	Choice3: autoDraw = False
280.2243 	EXP 	Choice4: autoDraw = False
280.2243 	EXP 	Chosen: autoDraw = False
280.2243 	EXP 	YourChoice: autoDraw = False
280.2243 	EXP 	FiveSec: autoDraw = False
280.2243 	EXP 	Timer: autoDraw = False
280.2243 	EXP 	image: autoDraw = False
280.2243 	EXP 	Choice1: autoDraw = False
280.2243 	EXP 	Choice2: autoDraw = False
280.2243 	EXP 	Choice3: autoDraw = False
280.2243 	EXP 	Choice4: autoDraw = False
280.2243 	EXP 	Chosen: autoDraw = False
280.2243 	EXP 	YourChoice: autoDraw = False
280.2243 	EXP 	twentysec: autoDraw = False
280.2243 	EXP 	FifteenSec: autoDraw = False
280.2243 	EXP 	TenSec: autoDraw = False
280.2243 	EXP 	FiveSec: autoDraw = False
280.2243 	EXP 	Timer: autoDraw = False
280.2243 	EXP 	Question: autoDraw = True
280.2243 	EXP 	scale: autoDraw = True
282.9594 	DATA 	Keypress: 2
282.9739 	EXP 	Question: autoDraw = False
282.9739 	EXP 	scale: autoDraw = False
282.9739 	EXP 	Wait3: autoDraw = True
285.9595 	EXP 	New trial (rep=0, index=9): OrderedDict([(u'pic', u'eyes20.png'), (u'sound', u'silence.wav'), (u'c1', u'dominant'), (u'c2', u'horrified'), (u'c3', u'guilty'), (u'c4', u'friendly'), (u'answerNum', 4), (u'answer', u'friendly'), (u'marker', u'Silence')])
286.0604 	EXP 	Wait3: autoDraw = False
286.0604 	EXP 	Wait3: autoDraw = False
286.0604 	EXP 	image: image = u'eyes20.png'
286.0604 	EXP 	Choice1: text = u'1.dominant'
286.0604 	EXP 	Choice2: text = u'2.horrified'
286.0604 	EXP 	Choice3: text = u'3.guilty'
286.0604 	EXP 	Choice4: text = u'4.friendly'
286.0604 	EXP 	image: autoDraw = True
286.0604 	EXP 	Choice1: autoDraw = True
286.0604 	EXP 	Choice2: autoDraw = True
286.0604 	EXP 	Choice3: autoDraw = True
286.0604 	EXP 	Choice4: autoDraw = True
286.0604 	EXP 	Chosen: autoDraw = True
286.0604 	EXP 	YourChoice: autoDraw = True
286.0604 	EXP 	twentysec: autoDraw = True
286.0604 	EXP 	Timer: autoDraw = True
290.9747 	EXP 	twentysec: autoDraw = False
290.9918 	EXP 	FifteenSec: autoDraw = True
292.8103 	DATA 	Keypress: 2
295.9748 	EXP 	FifteenSec: autoDraw = False
295.9911 	EXP 	TenSec: autoDraw = True
300.9741 	EXP 	TenSec: autoDraw = False
300.9904 	EXP 	FiveSec: autoDraw = True
305.9736 	EXP 	image: autoDraw = False
305.9736 	EXP 	Choice1: autoDraw = False
305.9736 	EXP 	Choice2: autoDraw = False
305.9736 	EXP 	Choice3: autoDraw = False
305.9736 	EXP 	Choice4: autoDraw = False
305.9736 	EXP 	Chosen: autoDraw = False
305.9736 	EXP 	YourChoice: autoDraw = False
305.9736 	EXP 	FiveSec: autoDraw = False
305.9736 	EXP 	Timer: autoDraw = False
305.9736 	EXP 	image: autoDraw = False
305.9736 	EXP 	Choice1: autoDraw = False
305.9736 	EXP 	Choice2: autoDraw = False
305.9736 	EXP 	Choice3: autoDraw = False
305.9736 	EXP 	Choice4: autoDraw = False
305.9736 	EXP 	Chosen: autoDraw = False
305.9736 	EXP 	YourChoice: autoDraw = False
305.9736 	EXP 	twentysec: autoDraw = False
305.9736 	EXP 	FifteenSec: autoDraw = False
305.9736 	EXP 	TenSec: autoDraw = False
305.9736 	EXP 	FiveSec: autoDraw = False
305.9736 	EXP 	Timer: autoDraw = False
305.9736 	EXP 	Question: autoDraw = True
305.9736 	EXP 	scale: autoDraw = True
331.5605 	DATA 	Keypress: 2
331.5732 	EXP 	Question: autoDraw = False
331.5732 	EXP 	scale: autoDraw = False
331.5732 	EXP 	Wait3: autoDraw = True
334.5586 	EXP 	New trial (rep=0, index=10): OrderedDict([(u'pic', u'eyes7.png'), (u'sound', u'heart60_2.wav'), (u'c1', u'apologetic'), (u'c2', u'friendly'), (u'c3', u'uneasy'), (u'c4', u'dispirited'), (u'answerNum', 3), (u'answer', u'uneasy'), (u'marker', u"60'")])
334.6493 	EXP 	Wait3: autoDraw = False
334.6493 	EXP 	Wait3: autoDraw = False
334.6493 	EXP 	image: image = u'eyes7.png'
334.6493 	EXP 	Choice1: text = u'1.apologetic'
334.6493 	EXP 	Choice2: text = u'2.friendly'
334.6493 	EXP 	Choice3: text = u'3.uneasy'
334.6493 	EXP 	Choice4: text = u'4.dispirited'
334.6493 	EXP 	image: autoDraw = True
334.6493 	EXP 	Choice1: autoDraw = True
334.6493 	EXP 	Choice2: autoDraw = True
334.6493 	EXP 	Choice3: autoDraw = True
334.6493 	EXP 	Choice4: autoDraw = True
334.6493 	EXP 	Chosen: autoDraw = True
334.6493 	EXP 	YourChoice: autoDraw = True
334.6493 	EXP 	twentysec: autoDraw = True
334.6493 	EXP 	Timer: autoDraw = True
336.4595 	DATA 	Keypress: 2
339.5731 	EXP 	twentysec: autoDraw = False
339.5914 	EXP 	FifteenSec: autoDraw = True
344.5744 	EXP 	FifteenSec: autoDraw = False
344.5898 	EXP 	TenSec: autoDraw = True
349.5738 	EXP 	TenSec: autoDraw = False
349.5907 	EXP 	FiveSec: autoDraw = True
354.5744 	EXP 	image: autoDraw = False
354.5744 	EXP 	Choice1: autoDraw = False
354.5744 	EXP 	Choice2: autoDraw = False
354.5744 	EXP 	Choice3: autoDraw = False
354.5744 	EXP 	Choice4: autoDraw = False
354.5744 	EXP 	Chosen: autoDraw = False
354.5744 	EXP 	YourChoice: autoDraw = False
354.5744 	EXP 	FiveSec: autoDraw = False
354.5744 	EXP 	Timer: autoDraw = False
354.5744 	EXP 	image: autoDraw = False
354.5744 	EXP 	Choice1: autoDraw = False
354.5744 	EXP 	Choice2: autoDraw = False
354.5744 	EXP 	Choice3: autoDraw = False
354.5744 	EXP 	Choice4: autoDraw = False
354.5744 	EXP 	Chosen: autoDraw = False
354.5744 	EXP 	YourChoice: autoDraw = False
354.5744 	EXP 	twentysec: autoDraw = False
354.5744 	EXP 	FifteenSec: autoDraw = False
354.5744 	EXP 	TenSec: autoDraw = False
354.5744 	EXP 	FiveSec: autoDraw = False
354.5744 	EXP 	Timer: autoDraw = False
354.5744 	EXP 	Question: autoDraw = True
354.5744 	EXP 	scale: autoDraw = True
377.5082 	DATA 	Keypress: 2
377.5239 	EXP 	Question: autoDraw = False
377.5239 	EXP 	scale: autoDraw = False
377.5239 	EXP 	Wait3: autoDraw = True
380.5081 	EXP 	New trial (rep=0, index=11): OrderedDict([(u'pic', u'eyes17.png'), (u'sound', u'heart120_1.wav'), (u'c1', u'doubtful'), (u'c2', u'affectionate'), (u'c3', u'playful'), (u'c4', u'aghast'), (u'answerNum', 1), (u'answer', u'doubtful'), (u'marker', u"120'")])
380.5928 	EXP 	Wait3: autoDraw = False
380.5928 	EXP 	Wait3: autoDraw = False
380.5928 	EXP 	image: image = u'eyes17.png'
380.5928 	EXP 	Choice1: text = u'1.doubtful'
380.5928 	EXP 	Choice2: text = u'2.affectionate'
380.5928 	EXP 	Choice3: text = u'3.playful'
380.5928 	EXP 	Choice4: text = u'4.aghast'
380.5928 	EXP 	image: autoDraw = True
380.5928 	EXP 	Choice1: autoDraw = True
380.5928 	EXP 	Choice2: autoDraw = True
380.5928 	EXP 	Choice3: autoDraw = True
380.5928 	EXP 	Choice4: autoDraw = True
380.5928 	EXP 	Chosen: autoDraw = True
380.5928 	EXP 	YourChoice: autoDraw = True
380.5928 	EXP 	twentysec: autoDraw = True
380.5928 	EXP 	Timer: autoDraw = True
381.2784 	DATA 	Keypress: 2
385.5234 	EXP 	twentysec: autoDraw = False
385.5403 	EXP 	FifteenSec: autoDraw = True
390.5227 	EXP 	FifteenSec: autoDraw = False
390.5397 	EXP 	TenSec: autoDraw = True
395.5234 	EXP 	TenSec: autoDraw = False
395.5407 	EXP 	FiveSec: autoDraw = True
400.5236 	EXP 	image: autoDraw = False
400.5236 	EXP 	Choice1: autoDraw = False
400.5236 	EXP 	Choice2: autoDraw = False
400.5236 	EXP 	Choice3: autoDraw = False
400.5236 	EXP 	Choice4: autoDraw = False
400.5236 	EXP 	Chosen: autoDraw = False
400.5236 	EXP 	YourChoice: autoDraw = False
400.5236 	EXP 	FiveSec: autoDraw = False
400.5236 	EXP 	Timer: autoDraw = False
400.5236 	EXP 	image: autoDraw = False
400.5236 	EXP 	Choice1: autoDraw = False
400.5236 	EXP 	Choice2: autoDraw = False
400.5236 	EXP 	Choice3: autoDraw = False
400.5236 	EXP 	Choice4: autoDraw = False
400.5236 	EXP 	Chosen: autoDraw = False
400.5236 	EXP 	YourChoice: autoDraw = False
400.5236 	EXP 	twentysec: autoDraw = False
400.5236 	EXP 	FifteenSec: autoDraw = False
400.5236 	EXP 	TenSec: autoDraw = False
400.5236 	EXP 	FiveSec: autoDraw = False
400.5236 	EXP 	Timer: autoDraw = False
400.5236 	EXP 	Question: autoDraw = True
400.5236 	EXP 	scale: autoDraw = True
409.7908 	DATA 	Keypress: 2
409.8059 	EXP 	Question: autoDraw = False
409.8059 	EXP 	scale: autoDraw = False
409.8059 	EXP 	Wait3: autoDraw = True
412.7906 	EXP 	New trial (rep=0, index=12): OrderedDict([(u'pic', u'eyes5.png'), (u'sound', u'heart60_2.wav'), (u'c1', u'irritated'), (u'c2', u'sarcastic'), (u'c3', u'worried'), (u'c4', u'friendly'), (u'answerNum', 3), (u'answer', u'worried'), (u'marker', u"60'")])
412.8830 	EXP 	Wait3: autoDraw = False
412.8830 	EXP 	Wait3: autoDraw = False
412.8830 	EXP 	image: image = u'eyes5.png'
412.8830 	EXP 	Choice1: text = u'1.irritated'
412.8830 	EXP 	Choice2: text = u'2.sarcastic'
412.8830 	EXP 	Choice3: text = u'3.worried'
412.8830 	EXP 	Choice4: text = u'4.friendly'
412.8830 	EXP 	image: autoDraw = True
412.8830 	EXP 	Choice1: autoDraw = True
412.8830 	EXP 	Choice2: autoDraw = True
412.8830 	EXP 	Choice3: autoDraw = True
412.8830 	EXP 	Choice4: autoDraw = True
412.8830 	EXP 	Chosen: autoDraw = True
412.8830 	EXP 	YourChoice: autoDraw = True
412.8830 	EXP 	twentysec: autoDraw = True
412.8830 	EXP 	Timer: autoDraw = True
417.8062 	EXP 	twentysec: autoDraw = False
417.8236 	EXP 	FifteenSec: autoDraw = True
420.6084 	DATA 	Keypress: 2
422.8067 	EXP 	FifteenSec: autoDraw = False
422.8222 	EXP 	TenSec: autoDraw = True
427.8053 	EXP 	TenSec: autoDraw = False
427.8226 	EXP 	FiveSec: autoDraw = True
432.8059 	EXP 	image: autoDraw = False
432.8059 	EXP 	Choice1: autoDraw = False
432.8059 	EXP 	Choice2: autoDraw = False
432.8059 	EXP 	Choice3: autoDraw = False
432.8059 	EXP 	Choice4: autoDraw = False
432.8059 	EXP 	Chosen: autoDraw = False
432.8059 	EXP 	YourChoice: autoDraw = False
432.8059 	EXP 	FiveSec: autoDraw = False
432.8059 	EXP 	Timer: autoDraw = False
432.8059 	EXP 	image: autoDraw = False
432.8059 	EXP 	Choice1: autoDraw = False
432.8059 	EXP 	Choice2: autoDraw = False
432.8059 	EXP 	Choice3: autoDraw = False
432.8059 	EXP 	Choice4: autoDraw = False
432.8059 	EXP 	Chosen: autoDraw = False
432.8059 	EXP 	YourChoice: autoDraw = False
432.8059 	EXP 	twentysec: autoDraw = False
432.8059 	EXP 	FifteenSec: autoDraw = False
432.8059 	EXP 	TenSec: autoDraw = False
432.8059 	EXP 	FiveSec: autoDraw = False
432.8059 	EXP 	Timer: autoDraw = False
432.8059 	EXP 	Question: autoDraw = True
432.8059 	EXP 	scale: autoDraw = True
436.3758 	DATA 	Keypress: 2
436.3900 	EXP 	Question: autoDraw = False
436.3900 	EXP 	scale: autoDraw = False
436.3900 	EXP 	Wait3: autoDraw = True
439.3726 	EXP 	New trial (rep=0, index=13): OrderedDict([(u'pic', u'eyes10.png'), (u'sound', u'heart60_2.wav'), (u'c1', u'cautious'), (u'c2', u'insisting'), (u'c3', u'bored'), (u'c4', u'aghast'), (u'answerNum', 1), (u'answer', u'cautious'), (u'marker', u"60'")])
439.4580 	EXP 	Wait3: autoDraw = False
439.4580 	EXP 	Wait3: autoDraw = False
439.4580 	EXP 	image: image = u'eyes10.png'
439.4580 	EXP 	Choice1: text = u'1.cautious'
439.4580 	EXP 	Choice2: text = u'2.insisting'
439.4580 	EXP 	Choice3: text = u'3.bored'
439.4580 	EXP 	Choice4: text = u'4.aghast'
439.4580 	EXP 	image: autoDraw = True
439.4580 	EXP 	Choice1: autoDraw = True
439.4580 	EXP 	Choice2: autoDraw = True
439.4580 	EXP 	Choice3: autoDraw = True
439.4580 	EXP 	Choice4: autoDraw = True
439.4580 	EXP 	Chosen: autoDraw = True
439.4580 	EXP 	YourChoice: autoDraw = True
439.4580 	EXP 	twentysec: autoDraw = True
439.4580 	EXP 	Timer: autoDraw = True
440.1753 	DATA 	Keypress: 2
444.3893 	EXP 	twentysec: autoDraw = False
444.4059 	EXP 	FifteenSec: autoDraw = True
449.3884 	EXP 	FifteenSec: autoDraw = False
449.3884 	EXP 	TenSec: autoDraw = True
454.3892 	EXP 	TenSec: autoDraw = False
454.3892 	EXP 	FiveSec: autoDraw = True
459.3885 	EXP 	image: autoDraw = False
459.3885 	EXP 	Choice1: autoDraw = False
459.3885 	EXP 	Choice2: autoDraw = False
459.3885 	EXP 	Choice3: autoDraw = False
459.3885 	EXP 	Choice4: autoDraw = False
459.3885 	EXP 	Chosen: autoDraw = False
459.3885 	EXP 	YourChoice: autoDraw = False
459.3885 	EXP 	FiveSec: autoDraw = False
459.3885 	EXP 	Timer: autoDraw = False
459.3885 	EXP 	image: autoDraw = False
459.3885 	EXP 	Choice1: autoDraw = False
459.3885 	EXP 	Choice2: autoDraw = False
459.3885 	EXP 	Choice3: autoDraw = False
459.3885 	EXP 	Choice4: autoDraw = False
459.3885 	EXP 	Chosen: autoDraw = False
459.3885 	EXP 	YourChoice: autoDraw = False
459.3885 	EXP 	twentysec: autoDraw = False
459.3885 	EXP 	FifteenSec: autoDraw = False
459.3885 	EXP 	TenSec: autoDraw = False
459.3885 	EXP 	FiveSec: autoDraw = False
459.3885 	EXP 	Timer: autoDraw = False
459.3885 	EXP 	Question: autoDraw = True
459.3885 	EXP 	scale: autoDraw = True
461.4903 	DATA 	Keypress: 2
461.5058 	EXP 	Question: autoDraw = False
461.5058 	EXP 	scale: autoDraw = False
461.5058 	EXP 	Wait3: autoDraw = True
464.4901 	EXP 	New trial (rep=0, index=14): OrderedDict([(u'pic', u'eyes20.png'), (u'sound', u'heart60_2.wav'), (u'c1', u'dominant'), (u'c2', u'horrified'), (u'c3', u'guilty'), (u'c4', u'friendly'), (u'answerNum', 4), (u'answer', u'friendly'), (u'marker', u"60'")])
464.5747 	EXP 	Wait3: autoDraw = False
464.5747 	EXP 	Wait3: autoDraw = False
464.5747 	EXP 	image: image = u'eyes20.png'
464.5747 	EXP 	Choice1: text = u'1.dominant'
464.5747 	EXP 	Choice2: text = u'2.horrified'
464.5747 	EXP 	Choice3: text = u'3.guilty'
464.5747 	EXP 	Choice4: text = u'4.friendly'
464.5747 	EXP 	image: autoDraw = True
464.5747 	EXP 	Choice1: autoDraw = True
464.5747 	EXP 	Choice2: autoDraw = True
464.5747 	EXP 	Choice3: autoDraw = True
464.5747 	EXP 	Choice4: autoDraw = True
464.5747 	EXP 	Chosen: autoDraw = True
464.5747 	EXP 	YourChoice: autoDraw = True
464.5747 	EXP 	twentysec: autoDraw = True
464.5747 	EXP 	Timer: autoDraw = True
465.7928 	DATA 	Keypress: 2
469.5054 	EXP 	twentysec: autoDraw = False
469.5218 	EXP 	FifteenSec: autoDraw = True
474.5058 	EXP 	FifteenSec: autoDraw = False
474.5217 	EXP 	TenSec: autoDraw = True
479.5060 	EXP 	TenSec: autoDraw = False
479.5226 	EXP 	FiveSec: autoDraw = True
480.0414 	DATA 	Keypress: 2
484.5060 	EXP 	image: autoDraw = False
484.5060 	EXP 	Choice1: autoDraw = False
484.5060 	EXP 	Choice2: autoDraw = False
484.5060 	EXP 	Choice3: autoDraw = False
484.5060 	EXP 	Choice4: autoDraw = False
484.5060 	EXP 	Chosen: autoDraw = False
484.5060 	EXP 	YourChoice: autoDraw = False
484.5060 	EXP 	FiveSec: autoDraw = False
484.5060 	EXP 	Timer: autoDraw = False
484.5060 	EXP 	image: autoDraw = False
484.5060 	EXP 	Choice1: autoDraw = False
484.5060 	EXP 	Choice2: autoDraw = False
484.5060 	EXP 	Choice3: autoDraw = False
484.5060 	EXP 	Choice4: autoDraw = False
484.5060 	EXP 	Chosen: autoDraw = False
484.5060 	EXP 	YourChoice: autoDraw = False
484.5060 	EXP 	twentysec: autoDraw = False
484.5060 	EXP 	FifteenSec: autoDraw = False
484.5060 	EXP 	TenSec: autoDraw = False
484.5060 	EXP 	FiveSec: autoDraw = False
484.5060 	EXP 	Timer: autoDraw = False
484.5060 	EXP 	Question: autoDraw = True
484.5060 	EXP 	scale: autoDraw = True
484.5567 	DATA 	Keypress: e
485.2076 	DATA 	Keypress: 2
485.2217 	EXP 	Question: autoDraw = False
485.2217 	EXP 	scale: autoDraw = False
485.2217 	EXP 	Wait3: autoDraw = True
488.2066 	EXP 	New trial (rep=0, index=15): OrderedDict([(u'pic', u'eyes6.png'), (u'sound', u'silence.wav'), (u'c1', u'aghast'), (u'c2', u'fantasizing'), (u'c3', u'impatient'), (u'c4', u'alarmed'), (u'answerNum', 2), (u'answer', u'fantasizing'), (u'marker', u'Silence')])
488.3078 	EXP 	Wait3: autoDraw = False
488.3078 	EXP 	Wait3: autoDraw = False
488.3078 	EXP 	image: image = u'eyes6.png'
488.3078 	EXP 	Choice1: text = u'1.aghast'
488.3078 	EXP 	Choice2: text = u'2.fantasizing'
488.3078 	EXP 	Choice3: text = u'3.impatient'
488.3078 	EXP 	Choice4: text = u'4.alarmed'
488.3078 	EXP 	image: autoDraw = True
488.3078 	EXP 	Choice1: autoDraw = True
488.3078 	EXP 	Choice2: autoDraw = True
488.3078 	EXP 	Choice3: autoDraw = True
488.3078 	EXP 	Choice4: autoDraw = True
488.3078 	EXP 	Chosen: autoDraw = True
488.3078 	EXP 	YourChoice: autoDraw = True
488.3078 	EXP 	twentysec: autoDraw = True
488.3078 	EXP 	Timer: autoDraw = True
488.8575 	DATA 	Keypress: 2
493.2218 	EXP 	twentysec: autoDraw = False
493.2390 	EXP 	FifteenSec: autoDraw = True
498.2222 	EXP 	FifteenSec: autoDraw = False
498.2387 	EXP 	TenSec: autoDraw = True
503.2221 	EXP 	TenSec: autoDraw = False
503.2386 	EXP 	FiveSec: autoDraw = True
508.2222 	EXP 	image: autoDraw = False
508.2222 	EXP 	Choice1: autoDraw = False
508.2222 	EXP 	Choice2: autoDraw = False
508.2222 	EXP 	Choice3: autoDraw = False
508.2222 	EXP 	Choice4: autoDraw = False
508.2222 	EXP 	Chosen: autoDraw = False
508.2222 	EXP 	YourChoice: autoDraw = False
508.2222 	EXP 	FiveSec: autoDraw = False
508.2222 	EXP 	Timer: autoDraw = False
508.2222 	EXP 	image: autoDraw = False
508.2222 	EXP 	Choice1: autoDraw = False
508.2222 	EXP 	Choice2: autoDraw = False
508.2222 	EXP 	Choice3: autoDraw = False
508.2222 	EXP 	Choice4: autoDraw = False
508.2222 	EXP 	Chosen: autoDraw = False
508.2222 	EXP 	YourChoice: autoDraw = False
508.2222 	EXP 	twentysec: autoDraw = False
508.2222 	EXP 	FifteenSec: autoDraw = False
508.2222 	EXP 	TenSec: autoDraw = False
508.2222 	EXP 	FiveSec: autoDraw = False
508.2222 	EXP 	Timer: autoDraw = False
508.2222 	EXP 	Question: autoDraw = True
508.2222 	EXP 	scale: autoDraw = True
509.2228 	DATA 	Keypress: 2
509.2380 	EXP 	Question: autoDraw = False
509.2380 	EXP 	scale: autoDraw = False
509.2380 	EXP 	Wait3: autoDraw = True
512.2220 	EXP 	New trial (rep=0, index=16): OrderedDict([(u'pic', u'eyes18.png'), (u'sound', u'heart120_1.wav'), (u'c1', u'amused'), (u'c2', u'decisive'), (u'c3', u'aghast'), (u'c4', u'bored'), (u'answerNum', 2), (u'answer', u'decisive'), (u'marker', u"120'")])
512.3075 	EXP 	Wait3: autoDraw = False
512.3075 	EXP 	Wait3: autoDraw = False
512.3075 	EXP 	image: image = u'eyes18.png'
512.3075 	EXP 	Choice1: text = u'1.amused'
512.3075 	EXP 	Choice2: text = u'2.decisive'
512.3075 	EXP 	Choice3: text = u'3.aghast'
512.3075 	EXP 	Choice4: text = u'4.bored'
512.3075 	EXP 	image: autoDraw = True
512.3075 	EXP 	Choice1: autoDraw = True
512.3075 	EXP 	Choice2: autoDraw = True
512.3075 	EXP 	Choice3: autoDraw = True
512.3075 	EXP 	Choice4: autoDraw = True
512.3075 	EXP 	Chosen: autoDraw = True
512.3075 	EXP 	YourChoice: autoDraw = True
512.3075 	EXP 	twentysec: autoDraw = True
512.3075 	EXP 	Timer: autoDraw = True
514.7399 	DATA 	Keypress: 2
517.2384 	EXP 	twentysec: autoDraw = False
517.2549 	EXP 	FifteenSec: autoDraw = True
522.2383 	EXP 	FifteenSec: autoDraw = False
522.2543 	EXP 	TenSec: autoDraw = True
527.2370 	EXP 	TenSec: autoDraw = False
527.2545 	EXP 	FiveSec: autoDraw = True
532.2376 	EXP 	image: autoDraw = False
532.2376 	EXP 	Choice1: autoDraw = False
532.2376 	EXP 	Choice2: autoDraw = False
532.2376 	EXP 	Choice3: autoDraw = False
532.2376 	EXP 	Choice4: autoDraw = False
532.2376 	EXP 	Chosen: autoDraw = False
532.2376 	EXP 	YourChoice: autoDraw = False
532.2376 	EXP 	FiveSec: autoDraw = False
532.2376 	EXP 	Timer: autoDraw = False
532.2376 	EXP 	image: autoDraw = False
532.2376 	EXP 	Choice1: autoDraw = False
532.2376 	EXP 	Choice2: autoDraw = False
532.2376 	EXP 	Choice3: autoDraw = False
532.2376 	EXP 	Choice4: autoDraw = False
532.2376 	EXP 	Chosen: autoDraw = False
532.2376 	EXP 	YourChoice: autoDraw = False
532.2376 	EXP 	twentysec: autoDraw = False
532.2376 	EXP 	FifteenSec: autoDraw = False
532.2376 	EXP 	TenSec: autoDraw = False
532.2376 	EXP 	FiveSec: autoDraw = False
532.2376 	EXP 	Timer: autoDraw = False
532.2376 	EXP 	Question: autoDraw = True
532.2376 	EXP 	scale: autoDraw = True
533.4070 	DATA 	Keypress: 2
533.4204 	EXP 	Question: autoDraw = False
533.4204 	EXP 	scale: autoDraw = False
533.4204 	EXP 	Wait3: autoDraw = True
536.4059 	EXP 	New trial (rep=0, index=17): OrderedDict([(u'pic', u'eyes1.png'), (u'sound', u'heart60_2.wav'), (u'c1', u'playful'), (u'c2', u'comforting'), (u'c3', u'irritated'), (u'c4', u'bored'), (u'answerNum', 1), (u'answer', u'playful'), (u'marker', u"60'")])
536.4907 	EXP 	Wait3: autoDraw = False
536.4907 	EXP 	Wait3: autoDraw = False
536.4907 	EXP 	image: image = u'eyes1.png'
536.4907 	EXP 	Choice1: text = u'1.playful'
536.4907 	EXP 	Choice2: text = u'2.comforting'
536.4907 	EXP 	Choice3: text = u'3.irritated'
536.4907 	EXP 	Choice4: text = u'4.bored'
536.4907 	EXP 	image: autoDraw = True
536.4907 	EXP 	Choice1: autoDraw = True
536.4907 	EXP 	Choice2: autoDraw = True
536.4907 	EXP 	Choice3: autoDraw = True
536.4907 	EXP 	Choice4: autoDraw = True
536.4907 	EXP 	Chosen: autoDraw = True
536.4907 	EXP 	YourChoice: autoDraw = True
536.4907 	EXP 	twentysec: autoDraw = True
536.4907 	EXP 	Timer: autoDraw = True
538.2393 	DATA 	Keypress: 2
541.4211 	EXP 	twentysec: autoDraw = False
541.4374 	EXP 	FifteenSec: autoDraw = True
546.4205 	EXP 	FifteenSec: autoDraw = False
546.4378 	EXP 	TenSec: autoDraw = True
551.4217 	EXP 	TenSec: autoDraw = False
551.4380 	EXP 	FiveSec: autoDraw = True
556.4204 	EXP 	image: autoDraw = False
556.4204 	EXP 	Choice1: autoDraw = False
556.4204 	EXP 	Choice2: autoDraw = False
556.4204 	EXP 	Choice3: autoDraw = False
556.4204 	EXP 	Choice4: autoDraw = False
556.4204 	EXP 	Chosen: autoDraw = False
556.4204 	EXP 	YourChoice: autoDraw = False
556.4204 	EXP 	FiveSec: autoDraw = False
556.4204 	EXP 	Timer: autoDraw = False
556.4204 	EXP 	image: autoDraw = False
556.4204 	EXP 	Choice1: autoDraw = False
556.4204 	EXP 	Choice2: autoDraw = False
556.4204 	EXP 	Choice3: autoDraw = False
556.4204 	EXP 	Choice4: autoDraw = False
556.4204 	EXP 	Chosen: autoDraw = False
556.4204 	EXP 	YourChoice: autoDraw = False
556.4204 	EXP 	twentysec: autoDraw = False
556.4204 	EXP 	FifteenSec: autoDraw = False
556.4204 	EXP 	TenSec: autoDraw = False
556.4204 	EXP 	FiveSec: autoDraw = False
556.4204 	EXP 	Timer: autoDraw = False
556.4204 	EXP 	Question: autoDraw = True
556.4204 	EXP 	scale: autoDraw = True
557.4564 	DATA 	Keypress: 2
557.4713 	EXP 	Question: autoDraw = False
557.4713 	EXP 	scale: autoDraw = False
557.4713 	EXP 	Wait3: autoDraw = True
560.4552 	EXP 	New trial (rep=0, index=18): OrderedDict([(u'pic', u'eyes3.png'), (u'sound', u'heart120_1.wav'), (u'c1', u'joking'), (u'c2', u'flustered'), (u'c3', u'desire'), (u'c4', u'convinced'), (u'answerNum', 3), (u'answer', u'desire'), (u'marker', u"120'")])
560.5447 	EXP 	Wait3: autoDraw = False
560.5447 	EXP 	Wait3: autoDraw = False
560.5447 	EXP 	image: image = u'eyes3.png'
560.5447 	EXP 	Choice1: text = u'1.joking'
560.5447 	EXP 	Choice2: text = u'2.flustered'
560.5447 	EXP 	Choice3: text = u'3.desire'
560.5447 	EXP 	Choice4: text = u'4.convinced'
560.5447 	EXP 	image: autoDraw = True
560.5447 	EXP 	Choice1: autoDraw = True
560.5447 	EXP 	Choice2: autoDraw = True
560.5447 	EXP 	Choice3: autoDraw = True
560.5447 	EXP 	Choice4: autoDraw = True
560.5447 	EXP 	Chosen: autoDraw = True
560.5447 	EXP 	YourChoice: autoDraw = True
560.5447 	EXP 	twentysec: autoDraw = True
560.5447 	EXP 	Timer: autoDraw = True
565.4704 	EXP 	twentysec: autoDraw = False
565.4879 	EXP 	FifteenSec: autoDraw = True
566.1063 	DATA 	Keypress: 2
570.4705 	EXP 	FifteenSec: autoDraw = False
570.4879 	EXP 	TenSec: autoDraw = True
575.4709 	EXP 	TenSec: autoDraw = False
575.4881 	EXP 	FiveSec: autoDraw = True
580.4708 	EXP 	image: autoDraw = False
580.4708 	EXP 	Choice1: autoDraw = False
580.4708 	EXP 	Choice2: autoDraw = False
580.4708 	EXP 	Choice3: autoDraw = False
580.4708 	EXP 	Choice4: autoDraw = False
580.4708 	EXP 	Chosen: autoDraw = False
580.4708 	EXP 	YourChoice: autoDraw = False
580.4708 	EXP 	FiveSec: autoDraw = False
580.4708 	EXP 	Timer: autoDraw = False
580.4708 	EXP 	image: autoDraw = False
580.4708 	EXP 	Choice1: autoDraw = False
580.4708 	EXP 	Choice2: autoDraw = False
580.4708 	EXP 	Choice3: autoDraw = False
580.4708 	EXP 	Choice4: autoDraw = False
580.4708 	EXP 	Chosen: autoDraw = False
580.4708 	EXP 	YourChoice: autoDraw = False
580.4708 	EXP 	twentysec: autoDraw = False
580.4708 	EXP 	FifteenSec: autoDraw = False
580.4708 	EXP 	TenSec: autoDraw = False
580.4708 	EXP 	FiveSec: autoDraw = False
580.4708 	EXP 	Timer: autoDraw = False
580.4708 	EXP 	Question: autoDraw = True
580.4708 	EXP 	scale: autoDraw = True
581.3571 	DATA 	Keypress: 2
581.3716 	EXP 	Question: autoDraw = False
581.3716 	EXP 	scale: autoDraw = False
581.3716 	EXP 	Wait3: autoDraw = True
584.3553 	EXP 	New trial (rep=0, index=19): OrderedDict([(u'pic', u'eyes15.png'), (u'sound', u'silence.wav'), (u'c1', u'contemplative'), (u'c2', u'flustered'), (u'c3', u'encouraging'), (u'c4', u'amused'), (u'answerNum', 1), (u'answer', u'contemplative'), (u'marker', u'Silence')])
584.4426 	EXP 	Wait3: autoDraw = False
584.4426 	EXP 	Wait3: autoDraw = False
584.4426 	EXP 	image: image = u'eyes15.png'
584.4426 	EXP 	Choice1: text = u'1.contemplative'
584.4426 	EXP 	Choice2: text = u'2.flustered'
584.4426 	EXP 	Choice3: text = u'3.encouraging'
584.4426 	EXP 	Choice4: text = u'4.amused'
584.4426 	EXP 	image: autoDraw = True
584.4426 	EXP 	Choice1: autoDraw = True
584.4426 	EXP 	Choice2: autoDraw = True
584.4426 	EXP 	Choice3: autoDraw = True
584.4426 	EXP 	Choice4: autoDraw = True
584.4426 	EXP 	Chosen: autoDraw = True
584.4426 	EXP 	YourChoice: autoDraw = True
584.4426 	EXP 	twentysec: autoDraw = True
584.4426 	EXP 	Timer: autoDraw = True
585.3056 	DATA 	Keypress: 2
589.3701 	EXP 	twentysec: autoDraw = False
589.3866 	EXP 	FifteenSec: autoDraw = True
594.3702 	EXP 	FifteenSec: autoDraw = False
594.3876 	EXP 	TenSec: autoDraw = True
599.3695 	EXP 	TenSec: autoDraw = False
599.3865 	EXP 	FiveSec: autoDraw = True
604.3701 	EXP 	image: autoDraw = False
604.3701 	EXP 	Choice1: autoDraw = False
604.3701 	EXP 	Choice2: autoDraw = False
604.3701 	EXP 	Choice3: autoDraw = False
604.3701 	EXP 	Choice4: autoDraw = False
604.3701 	EXP 	Chosen: autoDraw = False
604.3701 	EXP 	YourChoice: autoDraw = False
604.3701 	EXP 	FiveSec: autoDraw = False
604.3701 	EXP 	Timer: autoDraw = False
604.3701 	EXP 	image: autoDraw = False
604.3701 	EXP 	Choice1: autoDraw = False
604.3701 	EXP 	Choice2: autoDraw = False
604.3701 	EXP 	Choice3: autoDraw = False
604.3701 	EXP 	Choice4: autoDraw = False
604.3701 	EXP 	Chosen: autoDraw = False
604.3701 	EXP 	YourChoice: autoDraw = False
604.3701 	EXP 	twentysec: autoDraw = False
604.3701 	EXP 	FifteenSec: autoDraw = False
604.3701 	EXP 	TenSec: autoDraw = False
604.3701 	EXP 	FiveSec: autoDraw = False
604.3701 	EXP 	Timer: autoDraw = False
604.3701 	EXP 	Question: autoDraw = True
604.3701 	EXP 	scale: autoDraw = True
605.0883 	DATA 	Keypress: 2
605.1043 	EXP 	Question: autoDraw = False
605.1043 	EXP 	scale: autoDraw = False
605.1043 	EXP 	Wait3: autoDraw = True
608.0884 	EXP 	New trial (rep=0, index=20): OrderedDict([(u'pic', u'eyes1.png'), (u'sound', u'silence.wav'), (u'c1', u'playful'), (u'c2', u'comforting'), (u'c3', u'irritated'), (u'c4', u'bored'), (u'answerNum', 1), (u'answer', u'playful'), (u'marker', u'Silence')])
608.1888 	EXP 	Wait3: autoDraw = False
608.1888 	EXP 	Wait3: autoDraw = False
608.1888 	EXP 	image: image = u'eyes1.png'
608.1888 	EXP 	Choice1: text = u'1.playful'
608.1888 	EXP 	Choice2: text = u'2.comforting'
608.1888 	EXP 	Choice3: text = u'3.irritated'
608.1888 	EXP 	Choice4: text = u'4.bored'
608.1888 	EXP 	image: autoDraw = True
608.1888 	EXP 	Choice1: autoDraw = True
608.1888 	EXP 	Choice2: autoDraw = True
608.1888 	EXP 	Choice3: autoDraw = True
608.1888 	EXP 	Choice4: autoDraw = True
608.1888 	EXP 	Chosen: autoDraw = True
608.1888 	EXP 	YourChoice: autoDraw = True
608.1888 	EXP 	twentysec: autoDraw = True
608.1888 	EXP 	Timer: autoDraw = True
608.8728 	DATA 	Keypress: 2
613.1037 	EXP 	twentysec: autoDraw = False
613.1199 	EXP 	FifteenSec: autoDraw = True
618.1028 	EXP 	FifteenSec: autoDraw = False
618.1204 	EXP 	TenSec: autoDraw = True
623.1042 	EXP 	TenSec: autoDraw = False
623.1198 	EXP 	FiveSec: autoDraw = True
628.1033 	EXP 	image: autoDraw = False
628.1033 	EXP 	Choice1: autoDraw = False
628.1033 	EXP 	Choice2: autoDraw = False
628.1033 	EXP 	Choice3: autoDraw = False
628.1033 	EXP 	Choice4: autoDraw = False
628.1033 	EXP 	Chosen: autoDraw = False
628.1033 	EXP 	YourChoice: autoDraw = False
628.1033 	EXP 	FiveSec: autoDraw = False
628.1033 	EXP 	Timer: autoDraw = False
628.1033 	EXP 	image: autoDraw = False
628.1033 	EXP 	Choice1: autoDraw = False
628.1033 	EXP 	Choice2: autoDraw = False
628.1033 	EXP 	Choice3: autoDraw = False
628.1033 	EXP 	Choice4: autoDraw = False
628.1033 	EXP 	Chosen: autoDraw = False
628.1033 	EXP 	YourChoice: autoDraw = False
628.1033 	EXP 	twentysec: autoDraw = False
628.1033 	EXP 	FifteenSec: autoDraw = False
628.1033 	EXP 	TenSec: autoDraw = False
628.1033 	EXP 	FiveSec: autoDraw = False
628.1033 	EXP 	Timer: autoDraw = False
628.1033 	EXP 	Question: autoDraw = True
628.1033 	EXP 	scale: autoDraw = True
628.7879 	DATA 	Keypress: 2
628.8030 	EXP 	Question: autoDraw = False
628.8030 	EXP 	scale: autoDraw = False
628.8030 	EXP 	Wait3: autoDraw = True
631.7880 	EXP 	New trial (rep=0, index=21): OrderedDict([(u'pic', u'eyes3.png'), (u'sound', u'heart60_2.wav'), (u'c1', u'joking'), (u'c2', u'flustered'), (u'c3', u'desire'), (u'c4', u'convinced'), (u'answerNum', 3), (u'answer', u'desire'), (u'marker', u"60'")])
631.8749 	EXP 	Wait3: autoDraw = False
631.8749 	EXP 	Wait3: autoDraw = False
631.8749 	EXP 	image: image = u'eyes3.png'
631.8749 	EXP 	Choice1: text = u'1.joking'
631.8749 	EXP 	Choice2: text = u'2.flustered'
631.8749 	EXP 	Choice3: text = u'3.desire'
631.8749 	EXP 	Choice4: text = u'4.convinced'
631.8749 	EXP 	image: autoDraw = True
631.8749 	EXP 	Choice1: autoDraw = True
631.8749 	EXP 	Choice2: autoDraw = True
631.8749 	EXP 	Choice3: autoDraw = True
631.8749 	EXP 	Choice4: autoDraw = True
631.8749 	EXP 	Chosen: autoDraw = True
631.8749 	EXP 	YourChoice: autoDraw = True
631.8749 	EXP 	twentysec: autoDraw = True
631.8749 	EXP 	Timer: autoDraw = True
633.3884 	DATA 	Keypress: 2
636.8027 	EXP 	twentysec: autoDraw = False
636.8204 	EXP 	FifteenSec: autoDraw = True
641.8040 	EXP 	FifteenSec: autoDraw = False
641.8203 	EXP 	TenSec: autoDraw = True
646.8026 	EXP 	TenSec: autoDraw = False
646.8200 	EXP 	FiveSec: autoDraw = True
651.8039 	EXP 	image: autoDraw = False
651.8039 	EXP 	Choice1: autoDraw = False
651.8039 	EXP 	Choice2: autoDraw = False
651.8039 	EXP 	Choice3: autoDraw = False
651.8039 	EXP 	Choice4: autoDraw = False
651.8039 	EXP 	Chosen: autoDraw = False
651.8039 	EXP 	YourChoice: autoDraw = False
651.8039 	EXP 	FiveSec: autoDraw = False
651.8039 	EXP 	Timer: autoDraw = False
651.8039 	EXP 	image: autoDraw = False
651.8039 	EXP 	Choice1: autoDraw = False
651.8039 	EXP 	Choice2: autoDraw = False
651.8039 	EXP 	Choice3: autoDraw = False
651.8039 	EXP 	Choice4: autoDraw = False
651.8039 	EXP 	Chosen: autoDraw = False
651.8039 	EXP 	YourChoice: autoDraw = False
651.8039 	EXP 	twentysec: autoDraw = False
651.8039 	EXP 	FifteenSec: autoDraw = False
651.8039 	EXP 	TenSec: autoDraw = False
651.8039 	EXP 	FiveSec: autoDraw = False
651.8039 	EXP 	Timer: autoDraw = False
651.8039 	EXP 	Question: autoDraw = True
651.8039 	EXP 	scale: autoDraw = True
652.5225 	DATA 	Keypress: 2
652.5365 	EXP 	Question: autoDraw = False
652.5365 	EXP 	scale: autoDraw = False
652.5365 	EXP 	Wait3: autoDraw = True
655.5210 	EXP 	New trial (rep=0, index=22): OrderedDict([(u'pic', u'eyes5.png'), (u'sound', u'silence.wav'), (u'c1', u'irritated'), (u'c2', u'sarcastic'), (u'c3', u'worried'), (u'c4', u'friendly'), (u'answerNum', 3), (u'answer', u'worried'), (u'marker', u'Silence')])
655.6878 	EXP 	Wait3: autoDraw = False
655.6878 	EXP 	Wait3: autoDraw = False
655.6878 	EXP 	image: image = u'eyes5.png'
655.6878 	EXP 	Choice1: text = u'1.irritated'
655.6878 	EXP 	Choice2: text = u'2.sarcastic'
655.6878 	EXP 	Choice3: text = u'3.worried'
655.6878 	EXP 	Choice4: text = u'4.friendly'
655.6878 	EXP 	image: autoDraw = True
655.6878 	EXP 	Choice1: autoDraw = True
655.6878 	EXP 	Choice2: autoDraw = True
655.6878 	EXP 	Choice3: autoDraw = True
655.6878 	EXP 	Choice4: autoDraw = True
655.6878 	EXP 	Chosen: autoDraw = True
655.6878 	EXP 	YourChoice: autoDraw = True
655.6878 	EXP 	twentysec: autoDraw = True
655.6878 	EXP 	Timer: autoDraw = True
656.4056 	DATA 	Keypress: 2
660.5360 	EXP 	twentysec: autoDraw = False
660.5533 	EXP 	FifteenSec: autoDraw = True
665.5366 	EXP 	FifteenSec: autoDraw = False
665.5525 	EXP 	TenSec: autoDraw = True
670.5356 	EXP 	TenSec: autoDraw = False
670.5530 	EXP 	FiveSec: autoDraw = True
675.5364 	EXP 	image: autoDraw = False
675.5364 	EXP 	Choice1: autoDraw = False
675.5364 	EXP 	Choice2: autoDraw = False
675.5364 	EXP 	Choice3: autoDraw = False
675.5364 	EXP 	Choice4: autoDraw = False
675.5364 	EXP 	Chosen: autoDraw = False
675.5364 	EXP 	YourChoice: autoDraw = False
675.5364 	EXP 	FiveSec: autoDraw = False
675.5364 	EXP 	Timer: autoDraw = False
675.5364 	EXP 	image: autoDraw = False
675.5364 	EXP 	Choice1: autoDraw = False
675.5364 	EXP 	Choice2: autoDraw = False
675.5364 	EXP 	Choice3: autoDraw = False
675.5364 	EXP 	Choice4: autoDraw = False
675.5364 	EXP 	Chosen: autoDraw = False
675.5364 	EXP 	YourChoice: autoDraw = False
675.5364 	EXP 	twentysec: autoDraw = False
675.5364 	EXP 	FifteenSec: autoDraw = False
675.5364 	EXP 	TenSec: autoDraw = False
675.5364 	EXP 	FiveSec: autoDraw = False
675.5364 	EXP 	Timer: autoDraw = False
675.5364 	EXP 	Question: autoDraw = True
675.5364 	EXP 	scale: autoDraw = True
677.7717 	DATA 	Keypress: 2
677.7855 	EXP 	Question: autoDraw = False
677.7855 	EXP 	scale: autoDraw = False
677.7855 	EXP 	Wait3: autoDraw = True
680.7704 	EXP 	New trial (rep=0, index=23): OrderedDict([(u'pic', u'eyes6.png'), (u'sound', u'heart120_1.wav'), (u'c1', u'aghast'), (u'c2', u'fantasizing'), (u'c3', u'impatient'), (u'c4', u'alarmed'), (u'answerNum', 2), (u'answer', u'fantasizing'), (u'marker', u"120'")])
680.8578 	EXP 	Wait3: autoDraw = False
680.8578 	EXP 	Wait3: autoDraw = False
680.8578 	EXP 	image: image = u'eyes6.png'
680.8578 	EXP 	Choice1: text = u'1.aghast'
680.8578 	EXP 	Choice2: text = u'2.fantasizing'
680.8578 	EXP 	Choice3: text = u'3.impatient'
680.8578 	EXP 	Choice4: text = u'4.alarmed'
680.8578 	EXP 	image: autoDraw = True
680.8578 	EXP 	Choice1: autoDraw = True
680.8578 	EXP 	Choice2: autoDraw = True
680.8578 	EXP 	Choice3: autoDraw = True
680.8578 	EXP 	Choice4: autoDraw = True
680.8578 	EXP 	Chosen: autoDraw = True
680.8578 	EXP 	YourChoice: autoDraw = True
680.8578 	EXP 	twentysec: autoDraw = True
680.8578 	EXP 	Timer: autoDraw = True
683.1262 	DATA 	Keypress: 2
685.7862 	EXP 	twentysec: autoDraw = False
685.8034 	EXP 	FifteenSec: autoDraw = True
690.7856 	EXP 	FifteenSec: autoDraw = False
690.8032 	EXP 	TenSec: autoDraw = True
695.7850 	EXP 	TenSec: autoDraw = False
695.8034 	EXP 	FiveSec: autoDraw = True
700.7866 	EXP 	image: autoDraw = False
700.7866 	EXP 	Choice1: autoDraw = False
700.7866 	EXP 	Choice2: autoDraw = False
700.7866 	EXP 	Choice3: autoDraw = False
700.7866 	EXP 	Choice4: autoDraw = False
700.7866 	EXP 	Chosen: autoDraw = False
700.7866 	EXP 	YourChoice: autoDraw = False
700.7866 	EXP 	FiveSec: autoDraw = False
700.7866 	EXP 	Timer: autoDraw = False
700.7866 	EXP 	image: autoDraw = False
700.7866 	EXP 	Choice1: autoDraw = False
700.7866 	EXP 	Choice2: autoDraw = False
700.7866 	EXP 	Choice3: autoDraw = False
700.7866 	EXP 	Choice4: autoDraw = False
700.7866 	EXP 	Chosen: autoDraw = False
700.7866 	EXP 	YourChoice: autoDraw = False
700.7866 	EXP 	twentysec: autoDraw = False
700.7866 	EXP 	FifteenSec: autoDraw = False
700.7866 	EXP 	TenSec: autoDraw = False
700.7866 	EXP 	FiveSec: autoDraw = False
700.7866 	EXP 	Timer: autoDraw = False
700.7866 	EXP 	Question: autoDraw = True
700.7866 	EXP 	scale: autoDraw = True
701.4215 	DATA 	Keypress: 2
701.4364 	EXP 	Question: autoDraw = False
701.4364 	EXP 	scale: autoDraw = False
701.4364 	EXP 	Wait3: autoDraw = True
704.4199 	EXP 	New trial (rep=0, index=24): OrderedDict([(u'pic', u'eyes7.png'), (u'sound', u'heart120_1.wav'), (u'c1', u'apologetic'), (u'c2', u'friendly'), (u'c3', u'uneasy'), (u'c4', u'dispirited'), (u'answerNum', 3), (u'answer', u'uneasy'), (u'marker', u"120'")])
704.5091 	EXP 	Wait3: autoDraw = False
704.5091 	EXP 	Wait3: autoDraw = False
704.5091 	EXP 	image: image = u'eyes7.png'
704.5091 	EXP 	Choice1: text = u'1.apologetic'
704.5091 	EXP 	Choice2: text = u'2.friendly'
704.5091 	EXP 	Choice3: text = u'3.uneasy'
704.5091 	EXP 	Choice4: text = u'4.dispirited'
704.5091 	EXP 	image: autoDraw = True
704.5091 	EXP 	Choice1: autoDraw = True
704.5091 	EXP 	Choice2: autoDraw = True
704.5091 	EXP 	Choice3: autoDraw = True
704.5091 	EXP 	Choice4: autoDraw = True
704.5091 	EXP 	Chosen: autoDraw = True
704.5091 	EXP 	YourChoice: autoDraw = True
704.5091 	EXP 	twentysec: autoDraw = True
704.5091 	EXP 	Timer: autoDraw = True
705.1567 	DATA 	Keypress: 2
709.4357 	EXP 	twentysec: autoDraw = False
709.4519 	EXP 	FifteenSec: autoDraw = True
714.4363 	EXP 	FifteenSec: autoDraw = False
714.4529 	EXP 	TenSec: autoDraw = True
719.4358 	EXP 	TenSec: autoDraw = False
719.4523 	EXP 	FiveSec: autoDraw = True
724.4355 	EXP 	image: autoDraw = False
724.4355 	EXP 	Choice1: autoDraw = False
724.4355 	EXP 	Choice2: autoDraw = False
724.4355 	EXP 	Choice3: autoDraw = False
724.4355 	EXP 	Choice4: autoDraw = False
724.4355 	EXP 	Chosen: autoDraw = False
724.4355 	EXP 	YourChoice: autoDraw = False
724.4355 	EXP 	FiveSec: autoDraw = False
724.4355 	EXP 	Timer: autoDraw = False
724.4355 	EXP 	image: autoDraw = False
724.4355 	EXP 	Choice1: autoDraw = False
724.4355 	EXP 	Choice2: autoDraw = False
724.4355 	EXP 	Choice3: autoDraw = False
724.4355 	EXP 	Choice4: autoDraw = False
724.4355 	EXP 	Chosen: autoDraw = False
724.4355 	EXP 	YourChoice: autoDraw = False
724.4355 	EXP 	twentysec: autoDraw = False
724.4355 	EXP 	FifteenSec: autoDraw = False
724.4355 	EXP 	TenSec: autoDraw = False
724.4355 	EXP 	FiveSec: autoDraw = False
724.4355 	EXP 	Timer: autoDraw = False
724.4355 	EXP 	Question: autoDraw = True
724.4355 	EXP 	scale: autoDraw = True
725.2542 	DATA 	Keypress: 2
725.2698 	EXP 	Question: autoDraw = False
725.2698 	EXP 	scale: autoDraw = False
725.2698 	EXP 	Wait3: autoDraw = True
728.2519 	EXP 	New trial (rep=0, index=25): OrderedDict([(u'pic', u'eyes10.png'), (u'sound', u'silence.wav'), (u'c1', u'cautious'), (u'c2', u'insisting'), (u'c3', u'bored'), (u'c4', u'aghast'), (u'answerNum', 1), (u'answer', u'cautious'), (u'marker', u'Silence')])
728.3399 	EXP 	Wait3: autoDraw = False
728.3399 	EXP 	Wait3: autoDraw = False
728.3399 	EXP 	image: image = u'eyes10.png'
728.3399 	EXP 	Choice1: text = u'1.cautious'
728.3399 	EXP 	Choice2: text = u'2.insisting'
728.3399 	EXP 	Choice3: text = u'3.bored'
728.3399 	EXP 	Choice4: text = u'4.aghast'
728.3399 	EXP 	image: autoDraw = True
728.3399 	EXP 	Choice1: autoDraw = True
728.3399 	EXP 	Choice2: autoDraw = True
728.3399 	EXP 	Choice3: autoDraw = True
728.3399 	EXP 	Choice4: autoDraw = True
728.3399 	EXP 	Chosen: autoDraw = True
728.3399 	EXP 	YourChoice: autoDraw = True
728.3399 	EXP 	twentysec: autoDraw = True
728.3399 	EXP 	Timer: autoDraw = True
728.9372 	DATA 	Keypress: 2
732.8550 	DATA 	Keypress: 2
733.2689 	EXP 	twentysec: autoDraw = False
733.2689 	EXP 	FifteenSec: autoDraw = True
738.2688 	EXP 	FifteenSec: autoDraw = False
738.2688 	EXP 	TenSec: autoDraw = True
743.2686 	EXP 	TenSec: autoDraw = False
743.2686 	EXP 	FiveSec: autoDraw = True
744.1054 	DATA 	Keypress: 2
748.2682 	EXP 	image: autoDraw = False
748.2682 	EXP 	Choice1: autoDraw = False
748.2682 	EXP 	Choice2: autoDraw = False
748.2682 	EXP 	Choice3: autoDraw = False
748.2682 	EXP 	Choice4: autoDraw = False
748.2682 	EXP 	Chosen: autoDraw = False
748.2682 	EXP 	YourChoice: autoDraw = False
748.2682 	EXP 	FiveSec: autoDraw = False
748.2682 	EXP 	Timer: autoDraw = False
748.2682 	EXP 	image: autoDraw = False
748.2682 	EXP 	Choice1: autoDraw = False
748.2682 	EXP 	Choice2: autoDraw = False
748.2682 	EXP 	Choice3: autoDraw = False
748.2682 	EXP 	Choice4: autoDraw = False
748.2682 	EXP 	Chosen: autoDraw = False
748.2682 	EXP 	YourChoice: autoDraw = False
748.2682 	EXP 	twentysec: autoDraw = False
748.2682 	EXP 	FifteenSec: autoDraw = False
748.2682 	EXP 	TenSec: autoDraw = False
748.2682 	EXP 	FiveSec: autoDraw = False
748.2682 	EXP 	Timer: autoDraw = False
748.2682 	EXP 	Question: autoDraw = True
748.2682 	EXP 	scale: autoDraw = True
748.9032 	DATA 	Keypress: 2
748.9179 	EXP 	Question: autoDraw = False
748.9179 	EXP 	scale: autoDraw = False
748.9179 	EXP 	Wait3: autoDraw = True
751.9023 	EXP 	New trial (rep=0, index=26): OrderedDict([(u'pic', u'eyes15.png'), (u'sound', u'heart120_1.wav'), (u'c1', u'contemplative'), (u'c2', u'flustered'), (u'c3', u'encouraging'), (u'c4', u'amused'), (u'answerNum', 1), (u'answer', u'contemplative'), (u'marker', u"120'")])
751.9885 	EXP 	Wait3: autoDraw = False
751.9885 	EXP 	Wait3: autoDraw = False
751.9885 	EXP 	image: image = u'eyes15.png'
751.9885 	EXP 	Choice1: text = u'1.contemplative'
751.9885 	EXP 	Choice2: text = u'2.flustered'
751.9885 	EXP 	Choice3: text = u'3.encouraging'
751.9885 	EXP 	Choice4: text = u'4.amused'
751.9885 	EXP 	image: autoDraw = True
751.9885 	EXP 	Choice1: autoDraw = True
751.9885 	EXP 	Choice2: autoDraw = True
751.9885 	EXP 	Choice3: autoDraw = True
751.9885 	EXP 	Choice4: autoDraw = True
751.9885 	EXP 	Chosen: autoDraw = True
751.9885 	EXP 	YourChoice: autoDraw = True
751.9885 	EXP 	twentysec: autoDraw = True
751.9885 	EXP 	Timer: autoDraw = True
752.4710 	DATA 	Keypress: 2
756.9188 	EXP 	twentysec: autoDraw = False
756.9359 	EXP 	FifteenSec: autoDraw = True
761.9186 	EXP 	FifteenSec: autoDraw = False
761.9354 	EXP 	TenSec: autoDraw = True
766.9179 	EXP 	TenSec: autoDraw = False
766.9345 	EXP 	FiveSec: autoDraw = True
771.9174 	EXP 	image: autoDraw = False
771.9174 	EXP 	Choice1: autoDraw = False
771.9174 	EXP 	Choice2: autoDraw = False
771.9174 	EXP 	Choice3: autoDraw = False
771.9174 	EXP 	Choice4: autoDraw = False
771.9174 	EXP 	Chosen: autoDraw = False
771.9174 	EXP 	YourChoice: autoDraw = False
771.9174 	EXP 	FiveSec: autoDraw = False
771.9174 	EXP 	Timer: autoDraw = False
771.9174 	EXP 	image: autoDraw = False
771.9174 	EXP 	Choice1: autoDraw = False
771.9174 	EXP 	Choice2: autoDraw = False
771.9174 	EXP 	Choice3: autoDraw = False
771.9174 	EXP 	Choice4: autoDraw = False
771.9174 	EXP 	Chosen: autoDraw = False
771.9174 	EXP 	YourChoice: autoDraw = False
771.9174 	EXP 	twentysec: autoDraw = False
771.9174 	EXP 	FifteenSec: autoDraw = False
771.9174 	EXP 	TenSec: autoDraw = False
771.9174 	EXP 	FiveSec: autoDraw = False
771.9174 	EXP 	Timer: autoDraw = False
771.9174 	EXP 	Question: autoDraw = True
771.9174 	EXP 	scale: autoDraw = True
772.6386 	DATA 	Keypress: 2
772.6672 	EXP 	Question: autoDraw = False
772.6672 	EXP 	scale: autoDraw = False
772.6672 	EXP 	Wait3: autoDraw = True
775.6521 	EXP 	New trial (rep=0, index=27): OrderedDict([(u'pic', u'eyes17.png'), (u'sound', u'silence.wav'), (u'c1', u'doubtful'), (u'c2', u'affectionate'), (u'c3', u'playful'), (u'c4', u'aghast'), (u'answerNum', 1), (u'answer', u'doubtful'), (u'marker', u'Silence')])
775.7528 	EXP 	Wait3: autoDraw = False
775.7528 	EXP 	Wait3: autoDraw = False
775.7528 	EXP 	image: image = u'eyes17.png'
775.7528 	EXP 	Choice1: text = u'1.doubtful'
775.7528 	EXP 	Choice2: text = u'2.affectionate'
775.7528 	EXP 	Choice3: text = u'3.playful'
775.7528 	EXP 	Choice4: text = u'4.aghast'
775.7528 	EXP 	image: autoDraw = True
775.7528 	EXP 	Choice1: autoDraw = True
775.7528 	EXP 	Choice2: autoDraw = True
775.7528 	EXP 	Choice3: autoDraw = True
775.7528 	EXP 	Choice4: autoDraw = True
775.7528 	EXP 	Chosen: autoDraw = True
775.7528 	EXP 	YourChoice: autoDraw = True
775.7528 	EXP 	twentysec: autoDraw = True
775.7528 	EXP 	Timer: autoDraw = True
777.8037 	DATA 	Keypress: 2
780.6684 	EXP 	twentysec: autoDraw = False
780.6847 	EXP 	FifteenSec: autoDraw = True
785.6667 	EXP 	FifteenSec: autoDraw = False
785.6845 	EXP 	TenSec: autoDraw = True
790.6677 	EXP 	TenSec: autoDraw = False
790.6840 	EXP 	FiveSec: autoDraw = True
795.6668 	EXP 	image: autoDraw = False
795.6668 	EXP 	Choice1: autoDraw = False
795.6668 	EXP 	Choice2: autoDraw = False
795.6668 	EXP 	Choice3: autoDraw = False
795.6668 	EXP 	Choice4: autoDraw = False
795.6668 	EXP 	Chosen: autoDraw = False
795.6668 	EXP 	YourChoice: autoDraw = False
795.6668 	EXP 	FiveSec: autoDraw = False
795.6668 	EXP 	Timer: autoDraw = False
795.6668 	EXP 	image: autoDraw = False
795.6668 	EXP 	Choice1: autoDraw = False
795.6668 	EXP 	Choice2: autoDraw = False
795.6668 	EXP 	Choice3: autoDraw = False
795.6668 	EXP 	Choice4: autoDraw = False
795.6668 	EXP 	Chosen: autoDraw = False
795.6668 	EXP 	YourChoice: autoDraw = False
795.6668 	EXP 	twentysec: autoDraw = False
795.6668 	EXP 	FifteenSec: autoDraw = False
795.6668 	EXP 	TenSec: autoDraw = False
795.6668 	EXP 	FiveSec: autoDraw = False
795.6668 	EXP 	Timer: autoDraw = False
795.6668 	EXP 	Question: autoDraw = True
795.6668 	EXP 	scale: autoDraw = True
796.5187 	DATA 	Keypress: 2
796.5345 	EXP 	Question: autoDraw = False
796.5345 	EXP 	scale: autoDraw = False
796.5345 	EXP 	Wait3: autoDraw = True
799.5194 	EXP 	New trial (rep=0, index=28): OrderedDict([(u'pic', u'eyes18.png'), (u'sound', u'silence.wav'), (u'c1', u'amused'), (u'c2', u'decisive'), (u'c3', u'aghast'), (u'c4', u'bored'), (u'answerNum', 2), (u'answer', u'decisive'), (u'marker', u'Silence')])
799.6201 	EXP 	Wait3: autoDraw = False
799.6201 	EXP 	Wait3: autoDraw = False
799.6201 	EXP 	image: image = u'eyes18.png'
799.6201 	EXP 	Choice1: text = u'1.amused'
799.6201 	EXP 	Choice2: text = u'2.decisive'
799.6201 	EXP 	Choice3: text = u'3.aghast'
799.6201 	EXP 	Choice4: text = u'4.bored'
799.6201 	EXP 	image: autoDraw = True
799.6201 	EXP 	Choice1: autoDraw = True
799.6201 	EXP 	Choice2: autoDraw = True
799.6201 	EXP 	Choice3: autoDraw = True
799.6201 	EXP 	Choice4: autoDraw = True
799.6201 	EXP 	Chosen: autoDraw = True
799.6201 	EXP 	YourChoice: autoDraw = True
799.6201 	EXP 	twentysec: autoDraw = True
799.6201 	EXP 	Timer: autoDraw = True
800.5738 	DATA 	Keypress: 2
804.5345 	EXP 	twentysec: autoDraw = False
804.5511 	EXP 	FifteenSec: autoDraw = True
809.5346 	EXP 	FifteenSec: autoDraw = False
809.5506 	EXP 	TenSec: autoDraw = True
814.5346 	EXP 	TenSec: autoDraw = False
814.5503 	EXP 	FiveSec: autoDraw = True
819.5343 	EXP 	image: autoDraw = False
819.5343 	EXP 	Choice1: autoDraw = False
819.5343 	EXP 	Choice2: autoDraw = False
819.5343 	EXP 	Choice3: autoDraw = False
819.5343 	EXP 	Choice4: autoDraw = False
819.5343 	EXP 	Chosen: autoDraw = False
819.5343 	EXP 	YourChoice: autoDraw = False
819.5343 	EXP 	FiveSec: autoDraw = False
819.5343 	EXP 	Timer: autoDraw = False
819.5343 	EXP 	image: autoDraw = False
819.5343 	EXP 	Choice1: autoDraw = False
819.5343 	EXP 	Choice2: autoDraw = False
819.5343 	EXP 	Choice3: autoDraw = False
819.5343 	EXP 	Choice4: autoDraw = False
819.5343 	EXP 	Chosen: autoDraw = False
819.5343 	EXP 	YourChoice: autoDraw = False
819.5343 	EXP 	twentysec: autoDraw = False
819.5343 	EXP 	FifteenSec: autoDraw = False
819.5343 	EXP 	TenSec: autoDraw = False
819.5343 	EXP 	FiveSec: autoDraw = False
819.5343 	EXP 	Timer: autoDraw = False
819.5343 	EXP 	Question: autoDraw = True
819.5343 	EXP 	scale: autoDraw = True
820.3029 	DATA 	Keypress: 2
820.3180 	EXP 	Question: autoDraw = False
820.3180 	EXP 	scale: autoDraw = False
820.3180 	EXP 	Wait3: autoDraw = True
823.3014 	EXP 	New trial (rep=0, index=29): OrderedDict([(u'pic', u'eyes20.png'), (u'sound', u'heart120_1.wav'), (u'c1', u'dominant'), (u'c2', u'horrified'), (u'c3', u'guilty'), (u'c4', u'friendly'), (u'answerNum', 4), (u'answer', u'friendly'), (u'marker', u"120'")])
823.4033 	EXP 	Wait3: autoDraw = False
823.4033 	EXP 	Wait3: autoDraw = False
823.4033 	EXP 	image: image = u'eyes20.png'
823.4033 	EXP 	Choice1: text = u'1.dominant'
823.4033 	EXP 	Choice2: text = u'2.horrified'
823.4033 	EXP 	Choice3: text = u'3.guilty'
823.4033 	EXP 	Choice4: text = u'4.friendly'
823.4033 	EXP 	image: autoDraw = True
823.4033 	EXP 	Choice1: autoDraw = True
823.4033 	EXP 	Choice2: autoDraw = True
823.4033 	EXP 	Choice3: autoDraw = True
823.4033 	EXP 	Choice4: autoDraw = True
823.4033 	EXP 	Chosen: autoDraw = True
823.4033 	EXP 	YourChoice: autoDraw = True
823.4033 	EXP 	twentysec: autoDraw = True
823.4033 	EXP 	Timer: autoDraw = True
825.4037 	DATA 	Keypress: 2
828.3173 	EXP 	twentysec: autoDraw = False
828.3340 	EXP 	FifteenSec: autoDraw = True
833.3170 	EXP 	FifteenSec: autoDraw = False
833.3331 	EXP 	TenSec: autoDraw = True
838.3164 	EXP 	TenSec: autoDraw = False
838.3340 	EXP 	FiveSec: autoDraw = True
843.3165 	EXP 	image: autoDraw = False
843.3165 	EXP 	Choice1: autoDraw = False
843.3165 	EXP 	Choice2: autoDraw = False
843.3165 	EXP 	Choice3: autoDraw = False
843.3165 	EXP 	Choice4: autoDraw = False
843.3165 	EXP 	Chosen: autoDraw = False
843.3165 	EXP 	YourChoice: autoDraw = False
843.3165 	EXP 	FiveSec: autoDraw = False
843.3165 	EXP 	Timer: autoDraw = False
843.3165 	EXP 	image: autoDraw = False
843.3165 	EXP 	Choice1: autoDraw = False
843.3165 	EXP 	Choice2: autoDraw = False
843.3165 	EXP 	Choice3: autoDraw = False
843.3165 	EXP 	Choice4: autoDraw = False
843.3165 	EXP 	Chosen: autoDraw = False
843.3165 	EXP 	YourChoice: autoDraw = False
843.3165 	EXP 	twentysec: autoDraw = False
843.3165 	EXP 	FifteenSec: autoDraw = False
843.3165 	EXP 	TenSec: autoDraw = False
843.3165 	EXP 	FiveSec: autoDraw = False
843.3165 	EXP 	Timer: autoDraw = False
843.3165 	EXP 	Question: autoDraw = True
843.3165 	EXP 	scale: autoDraw = True
844.0684 	DATA 	Keypress: 2
844.0843 	EXP 	Question: autoDraw = False
844.0843 	EXP 	scale: autoDraw = False
844.0843 	EXP 	Wait3: autoDraw = True
847.1357 	EXP 	Wait3: autoDraw = False
847.1357 	EXP 	Wait3: autoDraw = False
847.1357 	EXP 	EndText: autoDraw = True
847.7183 	DATA 	Keypress: 2
854.3864 	DATA 	Keypress: space
854.7944 	EXP 	window1: mouseVisible = True
