8.7973 	EXP 	Created window1 = Window(allowGUI=True, allowStencil=False, args=UNKNOWN, autoLog=True, bitsMode=UNKNOWN, blendMode='avg', color=array([0., 0., 0.]), colorSpace='rgb', fullscr=<method-wrapper '__getattribute__' of attributeSetter object at 0x1295dfdd8>, gamma=None, kwargs=UNKNOWN, lms=UNKNOWN, monitor=<psychopy.monitors.calibTools.Monitor object at 0x128151748>, multiSample=False, name='window1', numSamples=2, pos=[0.0, 0.0], screen=0, size=array([3360, 2100]), stereo=False, units='norm', useFBO=True, useRetina=True, viewOri=0.0, viewPos=None, viewScale=None, waitBlanking=True, winType='pyglet')
8.7973 	EXP 	window1: recordFrameIntervals = False
8.9649 	EXP 	window1: recordFrameIntervals = True
9.1650 	EXP 	window1: recordFrameIntervals = False
9.2434 	EXP 	Created text = TextStim(__class__=<class 'psychopy.visual.text.TextStim'>, alignHoriz='center', alignVert='center', antialias=True, autoLog=True, bold=False, color='white', colorSpace='named', contrast=1.0, depth=0.0, flipHoriz=False, flipVert=False, font='Arial', fontFiles=[], height=0.1, italic=False, languageStyle='LTR', name='text', opacity=1.0, ori=0, pos=array([0., 0.]), rgb=array([255., 255., 255.]), text='Intro text\n\nPress Spacebar to begin\n', units='norm', win=Window(...), wrapWidth=1)
9.3095 	EXP 	Set  sound=A
9.3095 	EXP 	Set Sound  volume=4.000
9.3120 	EXP 	Created image = ImageStim(__class__=<class 'psychopy.visual.image.ImageStim'>, autoLog=True, color=array([1., 1., 1.]), colorSpace='rgb', contrast=1.0, depth=-1.0, flipHoriz=False, flipVert=False, image='sin', interpolate=True, mask=None, maskParams=None, name='image', opacity=1.0, ori=0.0, pos=array([0., 2.]), size=array([20., 14.]), texRes=128, units='cm', win=Window(...))
9.3215 	EXP 	Created Choice1 = TextStim(__class__=<class 'psychopy.visual.text.TextStim'>, alignHoriz='center', alignVert='center', antialias=True, autoLog=True, bold=False, color='white', colorSpace='named', contrast=1.0, depth=-3.0, flipHoriz=False, flipVert=False, font='Arial', fontFiles=[], height=1.5, italic=False, languageStyle='LTR', name='Choice1', opacity=1.0, ori=0, pos=array([-12.,  13.]), rgb=array([255., 255., 255.]), text='default text', units='cm', win=Window(...), wrapWidth=15.0)
9.3251 	EXP 	Created Choice2 = TextStim(__class__=<class 'psychopy.visual.text.TextStim'>, alignHoriz='center', alignVert='center', antialias=True, autoLog=True, bold=False, color='white', colorSpace='named', contrast=1.0, depth=-4.0, flipHoriz=False, flipVert=False, font='Arial', fontFiles=[], height=1.5, italic=False, languageStyle='LTR', name='Choice2', opacity=1.0, ori=0, pos=array([12., 13.]), rgb=array([255., 255., 255.]), text='default text', units='cm', win=Window(...), wrapWidth=15.0)
9.3293 	EXP 	Created Choice3 = TextStim(__class__=<class 'psychopy.visual.text.TextStim'>, alignHoriz='center', alignVert='center', antialias=True, autoLog=True, bold=False, color='white', colorSpace='named', contrast=1.0, depth=-5.0, flipHoriz=False, flipVert=False, font='Arial', fontFiles=[], height=1.5, italic=False, languageStyle='LTR', name='Choice3', opacity=1.0, ori=0, pos=array([-12.,  -9.]), rgb=array([255., 255., 255.]), text='default text', units='cm', win=Window(...), wrapWidth=15.0)
9.3330 	EXP 	Created Choice4 = TextStim(__class__=<class 'psychopy.visual.text.TextStim'>, alignHoriz='center', alignVert='center', antialias=True, autoLog=True, bold=False, color='white', colorSpace='named', contrast=1.0, depth=-6.0, flipHoriz=False, flipVert=False, font='Arial', fontFiles=[], height=1.5, italic=False, languageStyle='LTR', name='Choice4', opacity=1.0, ori=0, pos=array([12., -9.]), rgb=array([255., 255., 255.]), text='default text', units='cm', win=Window(...), wrapWidth=15.0)
9.3390 	EXP 	Created Chosen = TextStim(__class__=<class 'psychopy.visual.text.TextStim'>, alignHoriz='center', alignVert='center', antialias=True, autoLog=True, bold=False, color='white', colorSpace='named', contrast=1.0, depth=-7.0, flipHoriz=False, flipVert=False, font='Arial', fontFiles=[], height=1.5, italic=False, languageStyle='LTR', name='Chosen', opacity=1.0, ori=0, pos=array([  0., -11.]), rgb=array([255., 255., 255.]), text='default text', units='cm', win=Window(...), wrapWidth=15.0)
9.3475 	EXP 	Created YourChoice = TextStim(__class__=<class 'psychopy.visual.text.TextStim'>, alignHoriz='center', alignVert='center', antialias=True, autoLog=True, bold=False, color='white', colorSpace='named', contrast=1.0, depth=-8.0, flipHoriz=False, flipVert=False, font='Arial', fontFiles=[], height=1.5, italic=False, languageStyle='LTR', name='YourChoice', opacity=1.0, ori=0, pos=array([ 0., -9.]), rgb=array([255., 255., 255.]), text='Your Choice:', units='cm', win=Window(...), wrapWidth=15.0)
9.3514 	EXP 	Created twentysec = TextStim(__class__=<class 'psychopy.visual.text.TextStim'>, alignHoriz='center', alignVert='center', antialias=True, autoLog=True, bold=False, color='white', colorSpace='named', contrast=1.0, depth=-9.0, flipHoriz=False, flipVert=False, font='Arial', fontFiles=[], height=1.5, italic=False, languageStyle='LTR', name='twentysec', opacity=1.0, ori=0, pos=array([-17.,   1.]), rgb=array([255., 255., 255.]), text='20', units='cm', win=Window(...), wrapWidth=15.0)
9.3549 	EXP 	Created FifteenSec = TextStim(__class__=<class 'psychopy.visual.text.TextStim'>, alignHoriz='center', alignVert='center', antialias=True, autoLog=True, bold=False, color='white', colorSpace='named', contrast=1.0, depth=-10.0, flipHoriz=False, flipVert=False, font='Arial', fontFiles=[], height=1.5, italic=False, languageStyle='LTR', name='FifteenSec', opacity=1.0, ori=0, pos=array([-17.,   1.]), rgb=array([255., 255., 255.]), text='15', units='cm', win=Window(...), wrapWidth=15.0)
9.3572 	EXP 	Created TenSec = TextStim(__class__=<class 'psychopy.visual.text.TextStim'>, alignHoriz='center', alignVert='center', antialias=True, autoLog=True, bold=False, color='white', colorSpace='named', contrast=1.0, depth=-11.0, flipHoriz=False, flipVert=False, font='Arial', fontFiles=[], height=1.5, italic=False, languageStyle='LTR', name='TenSec', opacity=1.0, ori=0, pos=array([-17.,   1.]), rgb=array([255., 255., 255.]), text='10', units='cm', win=Window(...), wrapWidth=15.0)
9.3595 	EXP 	Created FiveSec = TextStim(__class__=<class 'psychopy.visual.text.TextStim'>, alignHoriz='center', alignVert='center', antialias=True, autoLog=True, bold=False, color='white', colorSpace='named', contrast=1.0, depth=-12.0, flipHoriz=False, flipVert=False, font='Arial', fontFiles=[], height=1.5, italic=False, languageStyle='LTR', name='FiveSec', opacity=1.0, ori=0, pos=array([-17.,   1.]), rgb=array([255., 255., 255.]), text='5', units='cm', win=Window(...), wrapWidth=15.0)
9.3645 	EXP 	Created Timer = TextStim(__class__=<class 'psychopy.visual.text.TextStim'>, alignHoriz='center', alignVert='center', antialias=True, autoLog=True, bold=False, color='white', colorSpace='named', contrast=1.0, depth=-13.0, flipHoriz=False, flipVert=False, font='Arial', fontFiles=[], height=1.5, italic=False, languageStyle='LTR', name='Timer', opacity=1.0, ori=0, pos=array([-17.,   3.]), rgb=array([255., 255., 255.]), text='Seconds left:', units='cm', win=Window(...), wrapWidth=15.0)
9.3752 	EXP 	Created Question = TextStim(__class__=<class 'psychopy.visual.text.TextStim'>, alignHoriz='center', alignVert='center', antialias=True, autoLog=True, bold=False, color='white', colorSpace='named', contrast=1.0, depth=0.0, flipHoriz=False, flipVert=False, font='Arial', fontFiles=[], height=0.1, italic=False, languageStyle='LTR', name='Question', opacity=1.0, ori=0, pos=array([0., 0.]), rgb=array([255., 255., 255.]), text='Rate how well you felt what they were feeling:', units='norm', win=Window(...), wrapWidth=1)
9.4335 	EXP 	Created rating = RatingScale(__class__=type(...), acceptKeys=['return'], acceptPreText=UNKNOWN, acceptSize=UNKNOWN, acceptText='accept?', autoLog=True, choices=['1', '2', '3', '4', '5'], depth=0, disappear=False, flipVert=False, high=4, kwargs=UNKNOWN, labels=list(...), leftKeys=['left'], lineColor='White', low=0, marker=ShapeStim(...), markerColor='DarkBlue', markerExpansion=UNKNOWN, markerStart=None, maxTime=0.0, minTime=0.4, mouseOnly=False, name='rating', noMouse=False, pos=[0.0, -0.4], precision=1, respKeys=['0', '1', '2', '3', '4'], rightKeys=['right'], scale='<default>', self=UNKNOWN, showAccept=True, showValue=True, singleClick=False, size=0.6, skipKeys=['tab'], stretch=1.0, textColor='LightGray', textFont='Helvetica Bold', textSize=0.12, tickHeight=1.0, tickMarks=4.0, win=Window(...))
9.4341 	EXP 	Created Wait3 = TextStim(__class__=<class 'psychopy.visual.text.TextStim'>, alignHoriz='center', alignVert='center', antialias=True, autoLog=True, bold=False, color='white', colorSpace='named', contrast=1.0, depth=0.0, flipHoriz=False, flipVert=False, font='Arial', fontFiles=[], height=0.1, italic=False, languageStyle='LTR', name='Wait3', opacity=1.0, ori=0, pos=array([0., 0.]), rgb=array([255., 255., 255.]), text='', units='norm', win=Window(...), wrapWidth=1)
9.4418 	EXP 	Created BreakText = TextStim(__class__=<class 'psychopy.visual.text.TextStim'>, alignHoriz='center', alignVert='center', antialias=True, autoLog=True, bold=False, color='white', colorSpace='named', contrast=1.0, depth=0.0, flipHoriz=False, flipVert=False, font='Arial', fontFiles=[], height=0.1, italic=False, languageStyle='LTR', name='BreakText', opacity=1.0, ori=0, pos=array([0., 0.]), rgb=array([255., 255., 255.]), text='Take a five minute break', units='norm', win=Window(...), wrapWidth=1)
9.4539 	EXP 	Set  sound=A
9.4539 	EXP 	Set Sound  volume=4.000
9.4558 	EXP 	Created image = ImageStim(__class__=<class 'psychopy.visual.image.ImageStim'>, autoLog=True, color=array([1., 1., 1.]), colorSpace='rgb', contrast=1.0, depth=-1.0, flipHoriz=False, flipVert=False, image='sin', interpolate=True, mask=None, maskParams=None, name='image', opacity=1.0, ori=0.0, pos=array([0., 2.]), size=array([20., 14.]), texRes=128, units='cm', win=Window(...))
9.4618 	EXP 	Created Choice1 = TextStim(__class__=<class 'psychopy.visual.text.TextStim'>, alignHoriz='center', alignVert='center', antialias=True, autoLog=True, bold=False, color='white', colorSpace='named', contrast=1.0, depth=-3.0, flipHoriz=False, flipVert=False, font='Arial', fontFiles=[], height=1.5, italic=False, languageStyle='LTR', name='Choice1', opacity=1.0, ori=0, pos=array([-12.,  13.]), rgb=array([255., 255., 255.]), text='default text', units='cm', win=Window(...), wrapWidth=15.0)
9.4665 	EXP 	Created Choice2 = TextStim(__class__=<class 'psychopy.visual.text.TextStim'>, alignHoriz='center', alignVert='center', antialias=True, autoLog=True, bold=False, color='white', colorSpace='named', contrast=1.0, depth=-4.0, flipHoriz=False, flipVert=False, font='Arial', fontFiles=[], height=1.5, italic=False, languageStyle='LTR', name='Choice2', opacity=1.0, ori=0, pos=array([12., 13.]), rgb=array([255., 255., 255.]), text='default text', units='cm', win=Window(...), wrapWidth=15.0)
9.4702 	EXP 	Created Choice3 = TextStim(__class__=<class 'psychopy.visual.text.TextStim'>, alignHoriz='center', alignVert='center', antialias=True, autoLog=True, bold=False, color='white', colorSpace='named', contrast=1.0, depth=-5.0, flipHoriz=False, flipVert=False, font='Arial', fontFiles=[], height=1.5, italic=False, languageStyle='LTR', name='Choice3', opacity=1.0, ori=0, pos=array([-12.,  -9.]), rgb=array([255., 255., 255.]), text='default text', units='cm', win=Window(...), wrapWidth=15.0)
9.4744 	EXP 	Created Choice4 = TextStim(__class__=<class 'psychopy.visual.text.TextStim'>, alignHoriz='center', alignVert='center', antialias=True, autoLog=True, bold=False, color='white', colorSpace='named', contrast=1.0, depth=-6.0, flipHoriz=False, flipVert=False, font='Arial', fontFiles=[], height=1.5, italic=False, languageStyle='LTR', name='Choice4', opacity=1.0, ori=0, pos=array([12., -9.]), rgb=array([255., 255., 255.]), text='default text', units='cm', win=Window(...), wrapWidth=15.0)
9.4784 	EXP 	Created Chosen = TextStim(__class__=<class 'psychopy.visual.text.TextStim'>, alignHoriz='center', alignVert='center', antialias=True, autoLog=True, bold=False, color='white', colorSpace='named', contrast=1.0, depth=-7.0, flipHoriz=False, flipVert=False, font='Arial', fontFiles=[], height=1.5, italic=False, languageStyle='LTR', name='Chosen', opacity=1.0, ori=0, pos=array([  0., -11.]), rgb=array([255., 255., 255.]), text='default text', units='cm', win=Window(...), wrapWidth=15.0)
9.4823 	EXP 	Created YourChoice = TextStim(__class__=<class 'psychopy.visual.text.TextStim'>, alignHoriz='center', alignVert='center', antialias=True, autoLog=True, bold=False, color='white', colorSpace='named', contrast=1.0, depth=-8.0, flipHoriz=False, flipVert=False, font='Arial', fontFiles=[], height=1.5, italic=False, languageStyle='LTR', name='YourChoice', opacity=1.0, ori=0, pos=array([ 0., -9.]), rgb=array([255., 255., 255.]), text='Your Choice:', units='cm', win=Window(...), wrapWidth=15.0)
9.4846 	EXP 	Created twentysec = TextStim(__class__=<class 'psychopy.visual.text.TextStim'>, alignHoriz='center', alignVert='center', antialias=True, autoLog=True, bold=False, color='white', colorSpace='named', contrast=1.0, depth=-9.0, flipHoriz=False, flipVert=False, font='Arial', fontFiles=[], height=1.5, italic=False, languageStyle='LTR', name='twentysec', opacity=1.0, ori=0, pos=array([-17.,   1.]), rgb=array([255., 255., 255.]), text='20', units='cm', win=Window(...), wrapWidth=15.0)
9.4868 	EXP 	Created FifteenSec = TextStim(__class__=<class 'psychopy.visual.text.TextStim'>, alignHoriz='center', alignVert='center', antialias=True, autoLog=True, bold=False, color='white', colorSpace='named', contrast=1.0, depth=-10.0, flipHoriz=False, flipVert=False, font='Arial', fontFiles=[], height=1.5, italic=False, languageStyle='LTR', name='FifteenSec', opacity=1.0, ori=0, pos=array([-17.,   1.]), rgb=array([255., 255., 255.]), text='15', units='cm', win=Window(...), wrapWidth=15.0)
9.4891 	EXP 	Created TenSec = TextStim(__class__=<class 'psychopy.visual.text.TextStim'>, alignHoriz='center', alignVert='center', antialias=True, autoLog=True, bold=False, color='white', colorSpace='named', contrast=1.0, depth=-11.0, flipHoriz=False, flipVert=False, font='Arial', fontFiles=[], height=1.5, italic=False, languageStyle='LTR', name='TenSec', opacity=1.0, ori=0, pos=array([-17.,   1.]), rgb=array([255., 255., 255.]), text='10', units='cm', win=Window(...), wrapWidth=15.0)
9.4912 	EXP 	Created FiveSec = TextStim(__class__=<class 'psychopy.visual.text.TextStim'>, alignHoriz='center', alignVert='center', antialias=True, autoLog=True, bold=False, color='white', colorSpace='named', contrast=1.0, depth=-12.0, flipHoriz=False, flipVert=False, font='Arial', fontFiles=[], height=1.5, italic=False, languageStyle='LTR', name='FiveSec', opacity=1.0, ori=0, pos=array([-17.,   1.]), rgb=array([255., 255., 255.]), text='5', units='cm', win=Window(...), wrapWidth=15.0)
9.4957 	EXP 	Created Timer = TextStim(__class__=<class 'psychopy.visual.text.TextStim'>, alignHoriz='center', alignVert='center', antialias=True, autoLog=True, bold=False, color='white', colorSpace='named', contrast=1.0, depth=-13.0, flipHoriz=False, flipVert=False, font='Arial', fontFiles=[], height=1.5, italic=False, languageStyle='LTR', name='Timer', opacity=1.0, ori=0, pos=array([-17.,   3.]), rgb=array([255., 255., 255.]), text='Seconds left:', units='cm', win=Window(...), wrapWidth=15.0)
9.5025 	EXP 	Created Question = TextStim(__class__=<class 'psychopy.visual.text.TextStim'>, alignHoriz='center', alignVert='center', antialias=True, autoLog=True, bold=False, color='white', colorSpace='named', contrast=1.0, depth=0.0, flipHoriz=False, flipVert=False, font='Arial', fontFiles=[], height=0.1, italic=False, languageStyle='LTR', name='Question', opacity=1.0, ori=0, pos=array([0., 0.]), rgb=array([255., 255., 255.]), text='Rate how well you felt what they were feeling:', units='norm', win=Window(...), wrapWidth=1)
9.5208 	EXP 	Created rating = RatingScale(__class__=type(...), acceptKeys=['return'], acceptPreText=UNKNOWN, acceptSize=UNKNOWN, acceptText='accept?', autoLog=True, choices=['1', '2', '3', '4', '5'], depth=0, disappear=False, flipVert=False, high=4, kwargs=UNKNOWN, labels=list(...), leftKeys=['left'], lineColor='White', low=0, marker=ShapeStim(...), markerColor='DarkBlue', markerExpansion=UNKNOWN, markerStart=None, maxTime=0.0, minTime=0.4, mouseOnly=False, name='rating', noMouse=False, pos=[0.0, -0.4], precision=1, respKeys=['0', '1', '2', '3', '4'], rightKeys=['right'], scale='<default>', self=UNKNOWN, showAccept=True, showValue=True, singleClick=False, size=0.6, skipKeys=['tab'], stretch=1.0, textColor='LightGray', textFont='Helvetica Bold', textSize=0.12, tickHeight=1.0, tickMarks=4.0, win=Window(...))
9.5213 	EXP 	Created Wait3 = TextStim(__class__=<class 'psychopy.visual.text.TextStim'>, alignHoriz='center', alignVert='center', antialias=True, autoLog=True, bold=False, color='white', colorSpace='named', contrast=1.0, depth=0.0, flipHoriz=False, flipVert=False, font='Arial', fontFiles=[], height=0.1, italic=False, languageStyle='LTR', name='Wait3', opacity=1.0, ori=0, pos=array([0., 0.]), rgb=array([255., 255., 255.]), text='', units='norm', win=Window(...), wrapWidth=1)
9.5263 	EXP 	Created BreakText = TextStim(__class__=<class 'psychopy.visual.text.TextStim'>, alignHoriz='center', alignVert='center', antialias=True, autoLog=True, bold=False, color='white', colorSpace='named', contrast=1.0, depth=0.0, flipHoriz=False, flipVert=False, font='Arial', fontFiles=[], height=0.1, italic=False, languageStyle='LTR', name='BreakText', opacity=1.0, ori=0, pos=array([0., 0.]), rgb=array([255., 255., 255.]), text='Take a five minute break', units='norm', win=Window(...), wrapWidth=1)
9.5340 	EXP 	Created EndText = TextStim(__class__=<class 'psychopy.visual.text.TextStim'>, alignHoriz='center', alignVert='center', antialias=True, autoLog=True, bold=False, color='white', colorSpace='named', contrast=1.0, depth=0.0, flipHoriz=False, flipVert=False, font='Arial', fontFiles=[], height=0.1, italic=False, languageStyle='LTR', name='EndText', opacity=1.0, ori=0, pos=array([0., 0.]), rgb=array([255., 255., 255.]), text='Thanks for participating!\n', units='norm', win=Window(...), wrapWidth=1)
9.5622 	EXP 	rating: flipVert = False
9.5622 	EXP 	rating: autoLog = True
9.5622 	EXP 	rating: flipVert = False
9.5622 	EXP 	rating: autoLog = True
9.5622 	EXP 	text: autoDraw = True
9.8914 	DATA 	Keypress: space
9.9047 	EXP 	Imported ExpListenCond.xlsx as conditions, 36 conditions, 8 params
9.9050 	EXP 	Created sequence: fullRandom, trialTypes=36, nReps=1, seed=None
9.9054 	EXP 	New trial (rep=0, index=0): OrderedDict([('pic', 'blank.png'), ('sound', 'heart120_1.wav'), ('c1', 'terrified'), ('c2', 'amused'), ('c3', 'regretful'), ('c4', 'flirtatious'), ('answerNum', 3), ('answer', 'regretful')])
9.9063 	EXP 	Set  sound=120bpm_2.wav
10.0353 	EXP 	Sound  started
10.0352 	EXP 	text: autoDraw = False
10.0352 	EXP 	image: image = 'blank.png'
10.0352 	EXP 	Choice1: text = '1.terrified'
10.0352 	EXP 	Choice2: text = '2.amused'
10.0352 	EXP 	Choice3: text = '3.regretful'
10.0352 	EXP 	Choice4: text = '4.flirtatious'
10.0352 	EXP 	image: autoDraw = True
10.0352 	EXP 	Choice1: autoDraw = True
10.0352 	EXP 	Choice2: autoDraw = True
10.0352 	EXP 	Choice3: autoDraw = True
10.0352 	EXP 	Choice4: autoDraw = True
10.0352 	EXP 	Chosen: autoDraw = True
10.0352 	EXP 	YourChoice: autoDraw = True
10.0352 	EXP 	twentysec: autoDraw = True
10.0352 	EXP 	Timer: autoDraw = True
14.9516 	EXP 	twentysec: autoDraw = False
14.9516 	EXP 	FifteenSec: autoDraw = True
19.9516 	EXP 	FifteenSec: autoDraw = False
19.9516 	EXP 	TenSec: autoDraw = True
24.9518 	EXP 	TenSec: autoDraw = False
24.9518 	EXP 	FiveSec: autoDraw = True
29.9190 	EXP 	Sound  stopped
29.9360 	EXP 	image: autoDraw = False
29.9360 	EXP 	Choice1: autoDraw = False
29.9360 	EXP 	Choice2: autoDraw = False
29.9360 	EXP 	Choice3: autoDraw = False
29.9360 	EXP 	Choice4: autoDraw = False
29.9360 	EXP 	Chosen: autoDraw = False
29.9360 	EXP 	YourChoice: autoDraw = False
29.9360 	EXP 	FiveSec: autoDraw = False
29.9360 	EXP 	Timer: autoDraw = False
41.9528 	DATA 	Keypress: 2
41.9681 	EXP 	Sound  stopped
41.9703 	EXP 	RatingScale rating: reset()
42.0187 	EXP 	image: autoDraw = False
42.0187 	EXP 	Choice1: autoDraw = False
42.0187 	EXP 	Choice2: autoDraw = False
42.0187 	EXP 	Choice3: autoDraw = False
42.0187 	EXP 	Choice4: autoDraw = False
42.0187 	EXP 	Chosen: autoDraw = False
42.0187 	EXP 	YourChoice: autoDraw = False
42.0187 	EXP 	twentysec: autoDraw = False
42.0187 	EXP 	FifteenSec: autoDraw = False
42.0187 	EXP 	TenSec: autoDraw = False
42.0187 	EXP 	FiveSec: autoDraw = False
42.0187 	EXP 	Timer: autoDraw = False
42.0187 	EXP 	Question: autoDraw = True
42.0187 	EXP 	rating: autoDraw = True
44.5026 	DATA 	Keypress: escape
44.7785 	EXP 	window1: mouseVisible = True
