4.4504 	EXP 	Created window1 = Window(allowGUI=False, allowStencil=False, args=UNKNOWN, autoLog=True, bitsMode=UNKNOWN, blendMode='avg', color=array([0., 0., 0.]), colorSpace='rgb', fullscr=<method-wrapper '__getattribute__' of attributeSetter object at 0x126400d68>, gamma=None, kwargs=UNKNOWN, lms=UNKNOWN, monitor=<psychopy.monitors.calibTools.Monitor object at 0x1248753c8>, multiSample=False, name='window1', numSamples=2, pos=[0.0, 0.0], screen=0, size=array([3360, 2100]), stereo=False, units='norm', useFBO=True, useRetina=True, viewOri=0.0, viewPos=None, viewScale=None, waitBlanking=True, winType='pyglet')
4.4504 	EXP 	window1: recordFrameIntervals = False
4.6165 	EXP 	window1: recordFrameIntervals = True
4.8000 	EXP 	window1: recordFrameIntervals = False
4.8836 	EXP 	Created text = TextStim(__class__=<class 'psychopy.visual.text.TextStim'>, alignHoriz='center', alignVert='center', antialias=True, autoLog=True, bold=False, color='white', colorSpace='named', contrast=1.0, depth=0.0, flipHoriz=False, flipVert=False, font='Arial', fontFiles=[], height=0.1, italic=False, languageStyle='LTR', name='text', opacity=1.0, ori=0, pos=array([0., 0.]), rgb=array([255., 255., 255.]), text=str(...), units='norm', win=Window(...), wrapWidth=1)
4.9469 	EXP 	Set  sound=A
4.9469 	EXP 	Set Sound  volume=1.000
4.9488 	EXP 	Created image = ImageStim(__class__=<class 'psychopy.visual.image.ImageStim'>, autoLog=True, color=array([1., 1., 1.]), colorSpace='rgb', contrast=1.0, depth=-1.0, flipHoriz=False, flipVert=False, image='sin', interpolate=True, mask=None, maskParams=None, name='image', opacity=1.0, ori=0.0, pos=array([0., 0.]), size=array([0.5, 0.5]), texRes=128, units='norm', win=Window(...))
4.9570 	EXP 	Created choice1 = TextStim(__class__=<class 'psychopy.visual.text.TextStim'>, alignHoriz='center', alignVert='center', antialias=True, autoLog=True, bold=False, color='white', colorSpace='named', contrast=1.0, depth=-1.0, flipHoriz=False, flipVert=False, font='Arial', fontFiles=[], height=1.5, italic=False, languageStyle='LTR', name='choice1', opacity=1.0, ori=0, pos=array([0., 4.]), rgb=array([255., 255., 255.]), text='default text', units='cm', win=Window(...), wrapWidth=15.0)
4.9606 	EXP 	Created choice2 = TextStim(__class__=<class 'psychopy.visual.text.TextStim'>, alignHoriz='center', alignVert='center', antialias=True, autoLog=True, bold=False, color='white', colorSpace='named', contrast=1.0, depth=-2.0, flipHoriz=False, flipVert=False, font='Arial', fontFiles=[], height=1.5, italic=False, languageStyle='LTR', name='choice2', opacity=1.0, ori=0, pos=array([0., 2.]), rgb=array([255., 255., 255.]), text='default text', units='cm', win=Window(...), wrapWidth=15.0)
4.9641 	EXP 	Created choice3 = TextStim(__class__=<class 'psychopy.visual.text.TextStim'>, alignHoriz='center', alignVert='center', antialias=True, autoLog=True, bold=False, color='white', colorSpace='named', contrast=1.0, depth=-3.0, flipHoriz=False, flipVert=False, font='Arial', fontFiles=[], height=1.5, italic=False, languageStyle='LTR', name='choice3', opacity=1.0, ori=0, pos=array([0., 0.]), rgb=array([255., 255., 255.]), text='default text', units='cm', win=Window(...), wrapWidth=15.0)
4.9677 	EXP 	Created choice4 = TextStim(__class__=<class 'psychopy.visual.text.TextStim'>, alignHoriz='center', alignVert='center', antialias=True, autoLog=True, bold=False, color='white', colorSpace='named', contrast=1.0, depth=-4.0, flipHoriz=False, flipVert=False, font='Arial', fontFiles=[], height=1.5, italic=False, languageStyle='LTR', name='choice4', opacity=1.0, ori=0, pos=array([ 0., -2.]), rgb=array([255., 255., 255.]), text='default text', units='cm', win=Window(...), wrapWidth=15.0)
5.0256 	EXP 	Created chosen1 = TextStim(__class__=<class 'psychopy.visual.text.TextStim'>, alignHoriz='center', alignVert='center', antialias=True, autoLog=True, bold=False, color='white', colorSpace='named', contrast=1.0, depth=-5.0, flipHoriz=False, flipVert=False, font='Arial', fontFiles=[], height=1.5, italic=False, languageStyle='LTR', name='chosen1', opacity=1.0, ori=0, pos=array([0., 4.]), rgb=array([255., 255., 255.]), text='default text', units='norm', win=Window(...), wrapWidth=1)
5.2969 	EXP 	window1: mouseVisible = True
5.1177 	EXP 	Created window1 = Window(allowGUI=False, allowStencil=False, args=UNKNOWN, autoLog=True, bitsMode=UNKNOWN, blendMode='avg', color=array([0., 0., 0.]), colorSpace='rgb', fullscr=<method-wrapper '__getattribute__' of attributeSetter object at 0x126e00d30>, gamma=None, kwargs=UNKNOWN, lms=UNKNOWN, monitor=<psychopy.monitors.calibTools.Monitor object at 0x1250033c8>, multiSample=False, name='window1', numSamples=2, pos=[0.0, 0.0], screen=0, size=array([3360, 2100]), stereo=False, units='norm', useFBO=True, useRetina=True, viewOri=0.0, viewPos=None, viewScale=None, waitBlanking=True, winType='pyglet')
5.1178 	EXP 	window1: recordFrameIntervals = False
5.2830 	EXP 	window1: recordFrameIntervals = True
5.4667 	EXP 	window1: recordFrameIntervals = False
5.5494 	EXP 	Created text = TextStim(__class__=<class 'psychopy.visual.text.TextStim'>, alignHoriz='center', alignVert='center', antialias=True, autoLog=True, bold=False, color='white', colorSpace='named', contrast=1.0, depth=0.0, flipHoriz=False, flipVert=False, font='Arial', fontFiles=[], height=0.1, italic=False, languageStyle='LTR', name='text', opacity=1.0, ori=0, pos=array([0., 0.]), rgb=array([255., 255., 255.]), text=str(...), units='norm', win=Window(...), wrapWidth=1)
5.6088 	EXP 	Set  sound=A
5.6088 	EXP 	Set Sound  volume=1.000
5.6107 	EXP 	Created image = ImageStim(__class__=<class 'psychopy.visual.image.ImageStim'>, autoLog=True, color=array([1., 1., 1.]), colorSpace='rgb', contrast=1.0, depth=-1.0, flipHoriz=False, flipVert=False, image='sin', interpolate=True, mask=None, maskParams=None, name='image', opacity=1.0, ori=0.0, pos=array([0., 0.]), size=array([0.5, 0.5]), texRes=128, units='norm', win=Window(...))
5.6200 	EXP 	Created choice1 = TextStim(__class__=<class 'psychopy.visual.text.TextStim'>, alignHoriz='center', alignVert='center', antialias=True, autoLog=True, bold=False, color='white', colorSpace='named', contrast=1.0, depth=-1.0, flipHoriz=False, flipVert=False, font='Arial', fontFiles=[], height=1.5, italic=False, languageStyle='LTR', name='choice1', opacity=1.0, ori=0, pos=array([0., 4.]), rgb=array([255., 255., 255.]), text='default text', units='cm', win=Window(...), wrapWidth=15.0)
5.6240 	EXP 	Created choice2 = TextStim(__class__=<class 'psychopy.visual.text.TextStim'>, alignHoriz='center', alignVert='center', antialias=True, autoLog=True, bold=False, color='white', colorSpace='named', contrast=1.0, depth=-2.0, flipHoriz=False, flipVert=False, font='Arial', fontFiles=[], height=1.5, italic=False, languageStyle='LTR', name='choice2', opacity=1.0, ori=0, pos=array([0., 2.]), rgb=array([255., 255., 255.]), text='default text', units='cm', win=Window(...), wrapWidth=15.0)
5.6280 	EXP 	Created choice3 = TextStim(__class__=<class 'psychopy.visual.text.TextStim'>, alignHoriz='center', alignVert='center', antialias=True, autoLog=True, bold=False, color='white', colorSpace='named', contrast=1.0, depth=-3.0, flipHoriz=False, flipVert=False, font='Arial', fontFiles=[], height=1.5, italic=False, languageStyle='LTR', name='choice3', opacity=1.0, ori=0, pos=array([0., 0.]), rgb=array([255., 255., 255.]), text='default text', units='cm', win=Window(...), wrapWidth=15.0)
5.6320 	EXP 	Created choice4 = TextStim(__class__=<class 'psychopy.visual.text.TextStim'>, alignHoriz='center', alignVert='center', antialias=True, autoLog=True, bold=False, color='white', colorSpace='named', contrast=1.0, depth=-4.0, flipHoriz=False, flipVert=False, font='Arial', fontFiles=[], height=1.5, italic=False, languageStyle='LTR', name='choice4', opacity=1.0, ori=0, pos=array([ 0., -2.]), rgb=array([255., 255., 255.]), text='default text', units='cm', win=Window(...), wrapWidth=15.0)
5.6926 	EXP 	Created chosen1 = TextStim(__class__=<class 'psychopy.visual.text.TextStim'>, alignHoriz='center', alignVert='center', antialias=True, autoLog=True, bold=False, color='white', colorSpace='named', contrast=1.0, depth=-5.0, flipHoriz=False, flipVert=False, font='Arial', fontFiles=[], height=1.5, italic=False, languageStyle='LTR', name='chosen1', opacity=1.0, ori=0, pos=array([0., 4.]), rgb=array([255., 255., 255.]), text='default text', units='norm', win=Window(...), wrapWidth=1)
5.6963 	EXP 	Created chosen2 = TextStim(__class__=<class 'psychopy.visual.text.TextStim'>, alignHoriz='center', alignVert='center', antialias=True, autoLog=True, bold=False, color='white', colorSpace='named', contrast=1.0, depth=-6.0, flipHoriz=False, flipVert=False, font='Arial', fontFiles=[], height=1.5, italic=False, languageStyle='LTR', name='chosen2', opacity=1.0, ori=0, pos=array([0., 3.]), rgb=array([255., 255., 255.]), text='default text', units='norm', win=Window(...), wrapWidth=1)
5.7000 	EXP 	Created chosen3 = TextStim(__class__=<class 'psychopy.visual.text.TextStim'>, alignHoriz='center', alignVert='center', antialias=True, autoLog=True, bold=False, color='white', colorSpace='named', contrast=1.0, depth=-7.0, flipHoriz=False, flipVert=False, font='Arial', fontFiles=[], height=1.5, italic=False, languageStyle='LTR', name='chosen3', opacity=1.0, ori=0, pos=array([0., 2.]), rgb=array([255., 255., 255.]), text='default text', units='norm', win=Window(...), wrapWidth=1)
5.7037 	EXP 	Created chosen4 = TextStim(__class__=<class 'psychopy.visual.text.TextStim'>, alignHoriz='center', alignVert='center', antialias=True, autoLog=True, bold=False, color='white', colorSpace='named', contrast=1.0, depth=-8.0, flipHoriz=False, flipVert=False, font='Arial', fontFiles=[], height=1.5, italic=False, languageStyle='LTR', name='chosen4', opacity=1.0, ori=0, pos=array([0., 1.]), rgb=array([255., 255., 255.]), text='default text', units='norm', win=Window(...), wrapWidth=1)
5.7189 	EXP 	Created Question = TextStim(__class__=<class 'psychopy.visual.text.TextStim'>, alignHoriz='center', alignVert='center', antialias=True, autoLog=True, bold=False, color='white', colorSpace='named', contrast=1.0, depth=0.0, flipHoriz=False, flipVert=False, font='Arial', fontFiles=[], height=0.1, italic=False, languageStyle='LTR', name='Question', opacity=1.0, ori=0, pos=array([0., 0.]), rgb=array([255., 255., 255.]), text=str(...), units='norm', win=Window(...), wrapWidth=1)
5.7197 	EXP 	Created Wait3 = TextStim(__class__=<class 'psychopy.visual.text.TextStim'>, alignHoriz='center', alignVert='center', antialias=True, autoLog=True, bold=False, color='white', colorSpace='named', contrast=1.0, depth=0.0, flipHoriz=False, flipVert=False, font='Arial', fontFiles=[], height=0.1, italic=False, languageStyle='LTR', name='Wait3', opacity=1.0, ori=0, pos=array([0., 0.]), rgb=array([255., 255., 255.]), text='', units='norm', win=Window(...), wrapWidth=1)
5.7261 	EXP 	Created EndText = TextStim(__class__=<class 'psychopy.visual.text.TextStim'>, alignHoriz='center', alignVert='center', antialias=True, autoLog=True, bold=False, color='white', colorSpace='named', contrast=1.0, depth=0.0, flipHoriz=False, flipVert=False, font='Arial', fontFiles=[], height=0.1, italic=False, languageStyle='LTR', name='EndText', opacity=1.0, ori=0, pos=array([0., 0.]), rgb=array([255., 255., 255.]), text='Thanks for participating!\n', units='norm', win=Window(...), wrapWidth=1)
5.7501 	EXP 	text: autoDraw = True
7.0242 	DATA 	Keypress: space
7.0385 	EXP 	Imported Heart2Cond.xlsx as conditions, 30 conditions, 9 params
7.0388 	EXP 	Created sequence: sequential, trialTypes=30, nReps=1, seed=None
7.0392 	EXP 	New trial (rep=0, index=0): OrderedDict([('pic', 'eyes1.png'), ('sound', 'heart120.wav'), ('c1', 'playful'), ('c2', 'comforting'), ('c3', 'irritated'), ('c4', 'bored'), ('answerNum', 1), ('answer', 'playful'), ('marker', 120)])
7.0407 	EXP 	Set  sound=heart120.wav
7.1770 	EXP 	Sound  started
7.1770 	EXP 	text: autoDraw = False
7.1770 	EXP 	image: image = 'eyes1.png'
7.1770 	EXP 	image: autoDraw = True
27.0341 	EXP 	Sound  stopped
27.1168 	EXP 	image: autoDraw = False
27.1168 	EXP 	choice1: text = '1.playful'
27.1168 	EXP 	choice2: text = '2.comforting'
27.1168 	EXP 	choice3: text = '3.irritated'
27.1168 	EXP 	choice4: text = '4.bored'
27.1168 	EXP 	chosen1: text = '1.*playful*'
27.1168 	EXP 	chosen2: text = '2.*comforting*'
27.1168 	EXP 	chosen3: text = '3.*irritated*'
27.1168 	EXP 	chosen4: text = '4.*bored*'
27.1168 	EXP 	choice1: autoDraw = True
27.1168 	EXP 	choice2: autoDraw = True
27.1168 	EXP 	choice3: autoDraw = True
27.1168 	EXP 	choice4: autoDraw = True
29.0899 	DATA 	Keypress: 1
29.1174 	EXP 	choice1: autoDraw = False
29.1174 	EXP 	chosen1: autoDraw = True
29.1174 	EXP 	chosen1: autoDraw = False
30.7724 	DATA 	Keypress: 2
30.8009 	EXP 	choice2: autoDraw = False
30.8009 	EXP 	chosen2: autoDraw = True
30.8009 	EXP 	chosen2: autoDraw = False
31.5696 	DATA 	Keypress: 3
31.5993 	EXP 	choice3: autoDraw = False
31.5993 	EXP 	chosen3: autoDraw = True
31.9846 	DATA 	Keypress: 4
31.9992 	EXP 	choice4: autoDraw = False
31.9992 	EXP 	chosen3: autoDraw = False
31.9992 	EXP 	chosen4: autoDraw = True
35.1514 	DATA 	Keypress: 3
35.1656 	EXP 	chosen4: autoDraw = False
36.2025 	DATA 	Keypress: 4
36.8683 	DATA 	Keypress: 3
37.1024 	DATA 	Keypress: 2
37.3194 	DATA 	Keypress: 1
37.5354 	DATA 	Keypress: 2
37.7519 	DATA 	Keypress: 3
37.9352 	DATA 	Keypress: 4
38.2026 	DATA 	Keypress: 1
38.4027 	DATA 	Keypress: 1
38.5358 	DATA 	Keypress: 3
38.7191 	DATA 	Keypress: 4
38.9352 	DATA 	Keypress: 1
39.1019 	DATA 	Keypress: 1
39.2521 	DATA 	Keypress: 3
39.4185 	DATA 	Keypress: 3
39.6186 	DATA 	Keypress: 2
39.6524 	DATA 	Keypress: 1
39.8187 	DATA 	Keypress: 2
39.8519 	DATA 	Keypress: 3
40.0525 	DATA 	Keypress: 4
40.2689 	DATA 	Keypress: 2
40.3012 	DATA 	Keypress: 1
40.5690 	DATA 	Keypress: 4
40.7681 	DATA 	Keypress: 3
40.8022 	DATA 	Keypress: 2
40.8354 	DATA 	Keypress: 1
41.0359 	DATA 	Keypress: 2
41.0859 	DATA 	Keypress: 3
41.1174 	DATA 	Keypress: 4
41.3183 	DATA 	Keypress: 3
41.3688 	DATA 	Keypress: 2
41.4019 	DATA 	Keypress: 1
41.5865 	DATA 	Keypress: 2
41.6355 	DATA 	Keypress: 3
41.6693 	DATA 	Keypress: 4
42.0691 	DATA 	Keypress: 4
42.2016 	DATA 	Keypress: 4
42.3855 	DATA 	Keypress: 3
42.5520 	DATA 	Keypress: 3
42.7352 	DATA 	Keypress: 2
42.9022 	DATA 	Keypress: 1
43.0517 	DATA 	Keypress: 1
43.2012 	DATA 	Keypress: 3
45.1506 	DATA 	Keypress: escape
45.4226 	EXP 	window1: mouseVisible = True
