3.4921 	EXP 	Created window1 = Window(allowGUI=True, allowStencil=False, args=UNKNOWN, autoLog=True, bitsMode=UNKNOWN, blendMode='avg', color=array([ 0.,  0.,  0.]), colorSpace='rgb', fullscr=UNKNOWN, gamma=None, kwargs=UNKNOWN, lms=UNKNOWN, monitor=<psychopy.monitors.calibTools.Monitor object at 0x11b91fe50>, multiSample=False, name='window1', numSamples=2, pos=[0, 0], screen=0, size=array([1680, 1050]), stereo=False, units=u'norm', useFBO=True, useRetina=False, viewOri=0.0, viewPos=None, viewScale=None, waitBlanking=True, winType=u'pyglet')
3.4921 	EXP 	window1: recordFrameIntervals = False
3.6569 	EXP 	window1: recordFrameIntervals = True
3.8407 	EXP 	window1: recordFrameIntervals = False
3.9044 	EXP 	Created text = TextStim(alignHoriz='center', alignVert='center', antialias=True, autoLog=True, bold=False, color='white', colorSpace='named', contrast=1.0, depth=0.0, flipHoriz=False, flipVert=False, font='Arial', fontFiles=[], height=0.1, italic=False, name='text', opacity=1.0, ori=0, pos=array([ 0.,  0.]), rgb=array([ 255.,  255.,  255.]), text='Intro text\n\nPress Spacebar to begin\n', units=u'norm', win=Window(...), wrapWidth=1)
3.9157 	EXP 	Sound  set volume 1.000
3.9179 	EXP 	Created image = ImageStim(autoLog=True, color=array([ 1.,  1.,  1.]), colorSpace='rgb', contrast=1.0, depth=-1.0, flipHoriz=False, flipVert=False, image='sin', interpolate=True, mask=None, maskParams=None, name='image', opacity=1.0, ori=0.0, pos=array([ 0.,  2.]), size=array([ 20.,  14.]), texRes=128, units='cm', win=Window(...))
3.9281 	EXP 	Created Choice1 = TextStim(alignHoriz='center', alignVert='center', antialias=True, autoLog=True, bold=False, color='white', colorSpace='named', contrast=1.0, depth=-3.0, flipHoriz=False, flipVert=False, font='Arial', fontFiles=[], height=1.5, italic=False, name='Choice1', opacity=1.0, ori=0, pos=array([-12.,  13.]), rgb=array([ 255.,  255.,  255.]), text='default text', units='cm', win=Window(...), wrapWidth=15.0)
3.9327 	EXP 	Created Choice2 = TextStim(alignHoriz='center', alignVert='center', antialias=True, autoLog=True, bold=False, color='white', colorSpace='named', contrast=1.0, depth=-4.0, flipHoriz=False, flipVert=False, font='Arial', fontFiles=[], height=1.5, italic=False, name='Choice2', opacity=1.0, ori=0, pos=array([ 12.,  13.]), rgb=array([ 255.,  255.,  255.]), text='default text', units='cm', win=Window(...), wrapWidth=15.0)
3.9379 	EXP 	Created Choice3 = TextStim(alignHoriz='center', alignVert='center', antialias=True, autoLog=True, bold=False, color='white', colorSpace='named', contrast=1.0, depth=-5.0, flipHoriz=False, flipVert=False, font='Arial', fontFiles=[], height=1.5, italic=False, name='Choice3', opacity=1.0, ori=0, pos=array([-12.,  -9.]), rgb=array([ 255.,  255.,  255.]), text='default text', units='cm', win=Window(...), wrapWidth=15.0)
3.9439 	EXP 	Created Choice4 = TextStim(alignHoriz='center', alignVert='center', antialias=True, autoLog=True, bold=False, color='white', colorSpace='named', contrast=1.0, depth=-6.0, flipHoriz=False, flipVert=False, font='Arial', fontFiles=[], height=1.5, italic=False, name='Choice4', opacity=1.0, ori=0, pos=array([ 12.,  -9.]), rgb=array([ 255.,  255.,  255.]), text='default text', units='cm', win=Window(...), wrapWidth=15.0)
3.9495 	EXP 	Created Chosen = TextStim(alignHoriz='center', alignVert='center', antialias=True, autoLog=True, bold=False, color='white', colorSpace='named', contrast=1.0, depth=-7.0, flipHoriz=False, flipVert=False, font='Arial', fontFiles=[], height=1.5, italic=False, name='Chosen', opacity=1.0, ori=0, pos=array([  0., -11.]), rgb=array([ 255.,  255.,  255.]), text='default text', units='cm', win=Window(...), wrapWidth=15.0)
3.9584 	EXP 	Created YourChoice = TextStim(alignHoriz='center', alignVert='center', antialias=True, autoLog=True, bold=False, color='white', colorSpace='named', contrast=1.0, depth=-8.0, flipHoriz=False, flipVert=False, font='Arial', fontFiles=[], height=1.5, italic=False, name='YourChoice', opacity=1.0, ori=0, pos=array([ 0., -9.]), rgb=array([ 255.,  255.,  255.]), text='Your Choice:', units='cm', win=Window(...), wrapWidth=15.0)
3.9630 	EXP 	Created twentysec = TextStim(alignHoriz='center', alignVert='center', antialias=True, autoLog=True, bold=False, color='white', colorSpace='named', contrast=1.0, depth=-9.0, flipHoriz=False, flipVert=False, font='Arial', fontFiles=[], height=1.5, italic=False, name='twentysec', opacity=1.0, ori=0, pos=array([-17.,   1.]), rgb=array([ 255.,  255.,  255.]), text='20', units='cm', win=Window(...), wrapWidth=15.0)
3.9676 	EXP 	Created FifteenSec = TextStim(alignHoriz='center', alignVert='center', antialias=True, autoLog=True, bold=False, color='white', colorSpace='named', contrast=1.0, depth=-10.0, flipHoriz=False, flipVert=False, font='Arial', fontFiles=[], height=1.5, italic=False, name='FifteenSec', opacity=1.0, ori=0, pos=array([-17.,   1.]), rgb=array([ 255.,  255.,  255.]), text='15', units='cm', win=Window(...), wrapWidth=15.0)
3.9707 	EXP 	Created TenSec = TextStim(alignHoriz='center', alignVert='center', antialias=True, autoLog=True, bold=False, color='white', colorSpace='named', contrast=1.0, depth=-11.0, flipHoriz=False, flipVert=False, font='Arial', fontFiles=[], height=1.5, italic=False, name='TenSec', opacity=1.0, ori=0, pos=array([-17.,   1.]), rgb=array([ 255.,  255.,  255.]), text='10', units='cm', win=Window(...), wrapWidth=15.0)
3.9734 	EXP 	Created FiveSec = TextStim(alignHoriz='center', alignVert='center', antialias=True, autoLog=True, bold=False, color='white', colorSpace='named', contrast=1.0, depth=-12.0, flipHoriz=False, flipVert=False, font='Arial', fontFiles=[], height=1.5, italic=False, name='FiveSec', opacity=1.0, ori=0, pos=array([-17.,   1.]), rgb=array([ 255.,  255.,  255.]), text='5', units='cm', win=Window(...), wrapWidth=15.0)
3.9797 	EXP 	Created Timer = TextStim(alignHoriz='center', alignVert='center', antialias=True, autoLog=True, bold=False, color='white', colorSpace='named', contrast=1.0, depth=-13.0, flipHoriz=False, flipVert=False, font='Arial', fontFiles=[], height=1.5, italic=False, name='Timer', opacity=1.0, ori=0, pos=array([-17.,   3.]), rgb=array([ 255.,  255.,  255.]), text='Seconds left:', units='cm', win=Window(...), wrapWidth=15.0)
3.9829 	EXP 	Created ZeroSec = TextStim(alignHoriz='center', alignVert='center', antialias=True, autoLog=True, bold=False, color='white', colorSpace='named', contrast=1.0, depth=-14.0, flipHoriz=False, flipVert=False, font='Arial', fontFiles=[], height=1.5, italic=False, name='ZeroSec', opacity=1.0, ori=0, pos=array([-17.,   1.]), rgb=array([ 255.,  255.,  255.]), text='0', units='cm', win=Window(...), wrapWidth=15.0)
3.9967 	EXP 	Created Question = TextStim(alignHoriz='center', alignVert='center', antialias=True, autoLog=True, bold=False, color='white', colorSpace='named', contrast=1.0, depth=0.0, flipHoriz=False, flipVert=False, font='Arial', fontFiles=[], height=0.1, italic=False, name='Question', opacity=1.0, ori=0, pos=array([ 0.,  0.]), rgb=array([ 255.,  255.,  255.]), text='Rate how well you felt what they were feeling:', units=u'norm', win=Window(...), wrapWidth=1)
4.0326 	EXP 	Created rating = RatingScale(acceptKeys=['return'], acceptPreText=UNKNOWN, acceptSize=UNKNOWN, acceptText='accept?', autoLog=True, choices=['1', '2', '3', '4', '5'], depth=0, disappear=False, flipVert=False, high=4, kwargs=UNKNOWN, labels=list(...), leftKeys=['left'], lineColor='White', low=0, marker=ShapeStim(...), markerColor='DarkBlue', markerExpansion=UNKNOWN, markerStart=None, maxTime=0.0, minTime=0.4, mouseOnly=False, name='rating', noMouse=False, pos=[0.0, -0.4], precision=1, respKeys=['0', '1', '2', '3', '4'], rightKeys=['right'], scale='<default>', self=UNKNOWN, showAccept=True, showValue=True, singleClick=False, size=0.6, skipKeys=['tab'], stretch=1.0, textColor='LightGray', textFont='Helvetica Bold', textSize=0.12, tickHeight=1.0, tickMarks=4.0, win=Window(...))
4.0337 	EXP 	Created Wait3 = TextStim(alignHoriz='center', alignVert='center', antialias=True, autoLog=True, bold=False, color='white', colorSpace='named', contrast=1.0, depth=0.0, flipHoriz=False, flipVert=False, font='Arial', fontFiles=[], height=0.1, italic=False, name='Wait3', opacity=1.0, ori=0, pos=array([ 0.,  0.]), rgb=array([ 255.,  255.,  255.]), text='', units=u'norm', win=Window(...), wrapWidth=1)
4.0451 	EXP 	Created BreakText = TextStim(alignHoriz='center', alignVert='center', antialias=True, autoLog=True, bold=False, color='white', colorSpace='named', contrast=1.0, depth=0.0, flipHoriz=False, flipVert=False, font='Arial', fontFiles=[], height=0.1, italic=False, name='BreakText', opacity=1.0, ori=0, pos=array([ 0.,  0.]), rgb=array([ 255.,  255.,  255.]), text='Take a five minute break', units=u'norm', win=Window(...), wrapWidth=1)
4.0452 	EXP 	Sound  set volume 1.000
4.0474 	EXP 	Created image = ImageStim(autoLog=True, color=array([ 1.,  1.,  1.]), colorSpace='rgb', contrast=1.0, depth=-1.0, flipHoriz=False, flipVert=False, image='sin', interpolate=True, mask=None, maskParams=None, name='image', opacity=1.0, ori=0.0, pos=array([ 0.,  2.]), size=array([ 20.,  14.]), texRes=128, units='cm', win=Window(...))
4.0523 	EXP 	Created Choice1 = TextStim(alignHoriz='center', alignVert='center', antialias=True, autoLog=True, bold=False, color='white', colorSpace='named', contrast=1.0, depth=-3.0, flipHoriz=False, flipVert=False, font='Arial', fontFiles=[], height=1.5, italic=False, name='Choice1', opacity=1.0, ori=0, pos=array([-12.,  13.]), rgb=array([ 255.,  255.,  255.]), text='default text', units='cm', win=Window(...), wrapWidth=15.0)
4.0577 	EXP 	Created Choice2 = TextStim(alignHoriz='center', alignVert='center', antialias=True, autoLog=True, bold=False, color='white', colorSpace='named', contrast=1.0, depth=-4.0, flipHoriz=False, flipVert=False, font='Arial', fontFiles=[], height=1.5, italic=False, name='Choice2', opacity=1.0, ori=0, pos=array([ 12.,  13.]), rgb=array([ 255.,  255.,  255.]), text='default text', units='cm', win=Window(...), wrapWidth=15.0)
4.0627 	EXP 	Created Choice3 = TextStim(alignHoriz='center', alignVert='center', antialias=True, autoLog=True, bold=False, color='white', colorSpace='named', contrast=1.0, depth=-5.0, flipHoriz=False, flipVert=False, font='Arial', fontFiles=[], height=1.5, italic=False, name='Choice3', opacity=1.0, ori=0, pos=array([-12.,  -9.]), rgb=array([ 255.,  255.,  255.]), text='default text', units='cm', win=Window(...), wrapWidth=15.0)
4.0677 	EXP 	Created Choice4 = TextStim(alignHoriz='center', alignVert='center', antialias=True, autoLog=True, bold=False, color='white', colorSpace='named', contrast=1.0, depth=-6.0, flipHoriz=False, flipVert=False, font='Arial', fontFiles=[], height=1.5, italic=False, name='Choice4', opacity=1.0, ori=0, pos=array([ 12.,  -9.]), rgb=array([ 255.,  255.,  255.]), text='default text', units='cm', win=Window(...), wrapWidth=15.0)
4.0735 	EXP 	Created Chosen = TextStim(alignHoriz='center', alignVert='center', antialias=True, autoLog=True, bold=False, color='white', colorSpace='named', contrast=1.0, depth=-7.0, flipHoriz=False, flipVert=False, font='Arial', fontFiles=[], height=1.5, italic=False, name='Chosen', opacity=1.0, ori=0, pos=array([  0., -11.]), rgb=array([ 255.,  255.,  255.]), text='default text', units='cm', win=Window(...), wrapWidth=15.0)
4.0788 	EXP 	Created YourChoice = TextStim(alignHoriz='center', alignVert='center', antialias=True, autoLog=True, bold=False, color='white', colorSpace='named', contrast=1.0, depth=-8.0, flipHoriz=False, flipVert=False, font='Arial', fontFiles=[], height=1.5, italic=False, name='YourChoice', opacity=1.0, ori=0, pos=array([ 0., -9.]), rgb=array([ 255.,  255.,  255.]), text='Your Choice:', units='cm', win=Window(...), wrapWidth=15.0)
4.0826 	EXP 	Created twentysec = TextStim(alignHoriz='center', alignVert='center', antialias=True, autoLog=True, bold=False, color='white', colorSpace='named', contrast=1.0, depth=-9.0, flipHoriz=False, flipVert=False, font='Arial', fontFiles=[], height=1.5, italic=False, name='twentysec', opacity=1.0, ori=0, pos=array([-17.,   1.]), rgb=array([ 255.,  255.,  255.]), text='20', units='cm', win=Window(...), wrapWidth=15.0)
4.0860 	EXP 	Created FifteenSec = TextStim(alignHoriz='center', alignVert='center', antialias=True, autoLog=True, bold=False, color='white', colorSpace='named', contrast=1.0, depth=-10.0, flipHoriz=False, flipVert=False, font='Arial', fontFiles=[], height=1.5, italic=False, name='FifteenSec', opacity=1.0, ori=0, pos=array([-17.,   1.]), rgb=array([ 255.,  255.,  255.]), text='15', units='cm', win=Window(...), wrapWidth=15.0)
4.0889 	EXP 	Created TenSec = TextStim(alignHoriz='center', alignVert='center', antialias=True, autoLog=True, bold=False, color='white', colorSpace='named', contrast=1.0, depth=-11.0, flipHoriz=False, flipVert=False, font='Arial', fontFiles=[], height=1.5, italic=False, name='TenSec', opacity=1.0, ori=0, pos=array([-17.,   1.]), rgb=array([ 255.,  255.,  255.]), text='10', units='cm', win=Window(...), wrapWidth=15.0)
4.0917 	EXP 	Created FiveSec = TextStim(alignHoriz='center', alignVert='center', antialias=True, autoLog=True, bold=False, color='white', colorSpace='named', contrast=1.0, depth=-12.0, flipHoriz=False, flipVert=False, font='Arial', fontFiles=[], height=1.5, italic=False, name='FiveSec', opacity=1.0, ori=0, pos=array([-17.,   1.]), rgb=array([ 255.,  255.,  255.]), text='5', units='cm', win=Window(...), wrapWidth=15.0)
4.0971 	EXP 	Created Timer = TextStim(alignHoriz='center', alignVert='center', antialias=True, autoLog=True, bold=False, color='white', colorSpace='named', contrast=1.0, depth=-13.0, flipHoriz=False, flipVert=False, font='Arial', fontFiles=[], height=1.5, italic=False, name='Timer', opacity=1.0, ori=0, pos=array([-17.,   3.]), rgb=array([ 255.,  255.,  255.]), text='Seconds left:', units='cm', win=Window(...), wrapWidth=15.0)
4.1003 	EXP 	Created ZeroSec = TextStim(alignHoriz='center', alignVert='center', antialias=True, autoLog=True, bold=False, color='white', colorSpace='named', contrast=1.0, depth=-14.0, flipHoriz=False, flipVert=False, font='Arial', fontFiles=[], height=1.5, italic=False, name='ZeroSec', opacity=1.0, ori=0, pos=array([-17.,   1.]), rgb=array([ 255.,  255.,  255.]), text='0', units='cm', win=Window(...), wrapWidth=15.0)
4.1101 	EXP 	Created Question = TextStim(alignHoriz='center', alignVert='center', antialias=True, autoLog=True, bold=False, color='white', colorSpace='named', contrast=1.0, depth=0.0, flipHoriz=False, flipVert=False, font='Arial', fontFiles=[], height=0.1, italic=False, name='Question', opacity=1.0, ori=0, pos=array([ 0.,  0.]), rgb=array([ 255.,  255.,  255.]), text='Rate how well you felt what they were feeling:', units=u'norm', win=Window(...), wrapWidth=1)
4.1348 	EXP 	Created rating = RatingScale(acceptKeys=['return'], acceptPreText=UNKNOWN, acceptSize=UNKNOWN, acceptText='accept?', autoLog=True, choices=['1', '2', '3', '4', '5'], depth=0, disappear=False, flipVert=False, high=4, kwargs=UNKNOWN, labels=list(...), leftKeys=['left'], lineColor='White', low=0, marker=ShapeStim(...), markerColor='DarkBlue', markerExpansion=UNKNOWN, markerStart=None, maxTime=0.0, minTime=0.4, mouseOnly=False, name='rating', noMouse=False, pos=[0.0, -0.4], precision=1, respKeys=['0', '1', '2', '3', '4'], rightKeys=['right'], scale='<default>', self=UNKNOWN, showAccept=True, showValue=True, singleClick=False, size=0.6, skipKeys=['tab'], stretch=1.0, textColor='LightGray', textFont='Helvetica Bold', textSize=0.12, tickHeight=1.0, tickMarks=4.0, win=Window(...))
4.1357 	EXP 	Created Wait3 = TextStim(alignHoriz='center', alignVert='center', antialias=True, autoLog=True, bold=False, color='white', colorSpace='named', contrast=1.0, depth=0.0, flipHoriz=False, flipVert=False, font='Arial', fontFiles=[], height=0.1, italic=False, name='Wait3', opacity=1.0, ori=0, pos=array([ 0.,  0.]), rgb=array([ 255.,  255.,  255.]), text='', units=u'norm', win=Window(...), wrapWidth=1)
4.1426 	EXP 	Created BreakText = TextStim(alignHoriz='center', alignVert='center', antialias=True, autoLog=True, bold=False, color='white', colorSpace='named', contrast=1.0, depth=0.0, flipHoriz=False, flipVert=False, font='Arial', fontFiles=[], height=0.1, italic=False, name='BreakText', opacity=1.0, ori=0, pos=array([ 0.,  0.]), rgb=array([ 255.,  255.,  255.]), text='Take a five minute break', units=u'norm', win=Window(...), wrapWidth=1)
4.1506 	EXP 	Created EndText = TextStim(alignHoriz='center', alignVert='center', antialias=True, autoLog=True, bold=False, color='white', colorSpace='named', contrast=1.0, depth=0.0, flipHoriz=False, flipVert=False, font='Arial', fontFiles=[], height=0.1, italic=False, name='EndText', opacity=1.0, ori=0, pos=array([ 0.,  0.]), rgb=array([ 255.,  255.,  255.]), text='Thanks for participating!\n', units=u'norm', win=Window(...), wrapWidth=1)
4.1744 	EXP 	rating: flipVert = False
4.1744 	EXP 	rating: autoLog = True
4.1744 	EXP 	rating: flipVert = False
4.1744 	EXP 	rating: autoLog = True
4.1744 	EXP 	text: autoDraw = True
5.2478 	DATA 	Keypress: space
5.2726 	EXP 	Imported ExpListenCond.xlsx as conditions, 36 conditions, 8 params
5.2731 	EXP 	Created sequence: random, trialTypes=36, nReps=1, seed=None
5.2735 	EXP 	New trial (rep=0, index=0): OrderedDict([(u'pic', u'blank.png'), (u'sound', u'heart120_1.wav'), (u'c1', u'apologetic'), (u'c2', u'friendly'), (u'c3', u'uneasy'), (u'c4', u'dispirited'), (u'answerNum', 3), (u'answer', u'uneasy')])
5.3755 	EXP 	text: autoDraw = False
5.3755 	EXP 	image: image = u'blank.png'
5.3755 	EXP 	Choice1: text = u'1.uneasy'
5.3755 	EXP 	Choice2: text = u'2.apologetic'
5.3755 	EXP 	Choice3: text = u'3.dispirited'
5.3755 	EXP 	Choice4: text = u'4.friendly'
5.3755 	EXP 	image: autoDraw = True
5.3755 	EXP 	Choice1: autoDraw = True
5.3755 	EXP 	Choice2: autoDraw = True
5.3755 	EXP 	Choice3: autoDraw = True
5.3755 	EXP 	Choice4: autoDraw = True
5.3755 	EXP 	Chosen: autoDraw = True
5.3755 	EXP 	YourChoice: autoDraw = True
5.3755 	EXP 	twentysec: autoDraw = True
5.3755 	EXP 	Timer: autoDraw = True
5.8618 	DATA 	Keypress: 3
10.2897 	EXP 	twentysec: autoDraw = False
10.2930 	EXP 	RatingScale rating: reset()
10.3234 	EXP 	FifteenSec: autoDraw = True
10.3234 	EXP 	image: autoDraw = False
10.3234 	EXP 	Choice1: autoDraw = False
10.3234 	EXP 	Choice2: autoDraw = False
10.3234 	EXP 	Choice3: autoDraw = False
10.3234 	EXP 	Choice4: autoDraw = False
10.3234 	EXP 	Chosen: autoDraw = False
10.3234 	EXP 	YourChoice: autoDraw = False
10.3234 	EXP 	twentysec: autoDraw = False
10.3234 	EXP 	FifteenSec: autoDraw = False
10.3234 	EXP 	TenSec: autoDraw = False
10.3234 	EXP 	FiveSec: autoDraw = False
10.3234 	EXP 	Timer: autoDraw = False
10.3234 	EXP 	ZeroSec: autoDraw = False
10.3234 	EXP 	Question: autoDraw = True
10.3234 	EXP 	rating: autoDraw = True
13.6241 	DATA 	Mouse: Left button down, pos=(791,291)
13.7242 	DATA 	Mouse:  Left button up, pos=(791,291)
14.1901 	DATA 	Mouse: Left button down, pos=(827,191)
14.1945 	DATA 	RatingScale rating: (mouse response) rating=3
14.1945 	DATA 	RatingScale rating: rating RT=3.901
14.1945 	DATA 	RatingScale rating: history=[(None, 0.0), ('3', 3.333), ('3', 3.901)]
14.2228 	EXP 	Question: autoDraw = False
14.2228 	EXP 	rating: autoDraw = False
14.2228 	EXP 	Wait3: autoDraw = True
14.2734 	DATA 	Mouse:  Left button up, pos=(827,191)
15.2234 	EXP 	New trial (rep=0, index=1): OrderedDict([(u'pic', u'blank.png'), (u'sound', u'heart120_1.wav'), (u'c1', u'doubtful'), (u'c2', u'affectionate'), (u'c3', u'playful'), (u'c4', u'aghast'), (u'answerNum', 1), (u'answer', u'doubtful')])
15.3085 	EXP 	Wait3: autoDraw = False
15.3085 	EXP 	image: image = u'blank.png'
15.3085 	EXP 	Choice1: text = u'1.doubtful'
15.3085 	EXP 	Choice2: text = u'2.playful'
15.3085 	EXP 	Choice3: text = u'3.affectionate'
15.3085 	EXP 	Choice4: text = u'4.aghast'
15.3085 	EXP 	image: autoDraw = True
15.3085 	EXP 	Choice1: autoDraw = True
15.3085 	EXP 	Choice2: autoDraw = True
15.3085 	EXP 	Choice3: autoDraw = True
15.3085 	EXP 	Choice4: autoDraw = True
15.3085 	EXP 	Chosen: autoDraw = True
15.3085 	EXP 	YourChoice: autoDraw = True
15.3085 	EXP 	twentysec: autoDraw = True
15.3085 	EXP 	Timer: autoDraw = True
20.2396 	EXP 	twentysec: autoDraw = False
20.2564 	EXP 	FifteenSec: autoDraw = True
20.6461 	DATA 	Keypress: 3
20.6672 	EXP 	RatingScale rating: reset()
20.6899 	EXP 	image: autoDraw = False
20.6899 	EXP 	Choice1: autoDraw = False
20.6899 	EXP 	Choice2: autoDraw = False
20.6899 	EXP 	Choice3: autoDraw = False
20.6899 	EXP 	Choice4: autoDraw = False
20.6899 	EXP 	Chosen: autoDraw = False
20.6899 	EXP 	YourChoice: autoDraw = False
20.6899 	EXP 	twentysec: autoDraw = False
20.6899 	EXP 	FifteenSec: autoDraw = False
20.6899 	EXP 	TenSec: autoDraw = False
20.6899 	EXP 	FiveSec: autoDraw = False
20.6899 	EXP 	Timer: autoDraw = False
20.6899 	EXP 	ZeroSec: autoDraw = False
20.6899 	EXP 	Question: autoDraw = True
20.6899 	EXP 	rating: autoDraw = True
22.3396 	DATA 	Mouse: Left button down, pos=(965,314)
22.4236 	DATA 	Mouse:  Left button up, pos=(965,315)
23.2062 	DATA 	Mouse: Left button down, pos=(852,116)
23.2607 	DATA 	Mouse:  Left button up, pos=(852,116)
23.6072 	DATA 	Mouse: Left button down, pos=(855,179)
23.6108 	DATA 	RatingScale rating: (mouse response) rating=4
23.6108 	DATA 	RatingScale rating: rating RT=2.943
23.6108 	DATA 	RatingScale rating: history=[(None, 0.0), ('4', 1.674), ('4', 2.943)]
23.6394 	EXP 	Question: autoDraw = False
23.6394 	EXP 	rating: autoDraw = False
23.6394 	EXP 	Wait3: autoDraw = True
23.6905 	DATA 	Mouse:  Left button up, pos=(855,180)
24.6404 	EXP 	New trial (rep=0, index=2): OrderedDict([(u'pic', u'blank.png'), (u'sound', u'heart120_1.wav'), (u'c1', u'cautious'), (u'c2', u'insisting'), (u'c3', u'bored'), (u'c4', u'aghast'), (u'answerNum', 1), (u'answer', u'cautious')])
24.6895 	EXP 	Wait3: autoDraw = False
24.6895 	EXP 	image: image = u'blank.png'
24.6895 	EXP 	Choice1: text = u'1.insisting'
24.6895 	EXP 	Choice2: text = u'2.aghast'
24.6895 	EXP 	Choice3: text = u'3.cautious'
24.6895 	EXP 	Choice4: text = u'4.bored'
24.6895 	EXP 	image: autoDraw = True
24.6895 	EXP 	Choice1: autoDraw = True
24.6895 	EXP 	Choice2: autoDraw = True
24.6895 	EXP 	Choice3: autoDraw = True
24.6895 	EXP 	Choice4: autoDraw = True
24.6895 	EXP 	Chosen: autoDraw = True
24.6895 	EXP 	YourChoice: autoDraw = True
24.6895 	EXP 	twentysec: autoDraw = True
24.6895 	EXP 	Timer: autoDraw = True
29.6560 	EXP 	twentysec: autoDraw = False
29.6729 	EXP 	FifteenSec: autoDraw = True
34.4916 	DATA 	Keypress: 3
34.5015 	EXP 	RatingScale rating: reset()
34.5233 	EXP 	image: autoDraw = False
34.5233 	EXP 	Choice1: autoDraw = False
34.5233 	EXP 	Choice2: autoDraw = False
34.5233 	EXP 	Choice3: autoDraw = False
34.5233 	EXP 	Choice4: autoDraw = False
34.5233 	EXP 	Chosen: autoDraw = False
34.5233 	EXP 	YourChoice: autoDraw = False
34.5233 	EXP 	twentysec: autoDraw = False
34.5233 	EXP 	FifteenSec: autoDraw = False
34.5233 	EXP 	TenSec: autoDraw = False
34.5233 	EXP 	FiveSec: autoDraw = False
34.5233 	EXP 	Timer: autoDraw = False
34.5233 	EXP 	ZeroSec: autoDraw = False
34.5233 	EXP 	Question: autoDraw = True
34.5233 	EXP 	rating: autoDraw = True
36.1063 	DATA 	Mouse: Left button down, pos=(850,330)
36.2069 	DATA 	Mouse:  Left button up, pos=(850,330)
38.5896 	DATA 	Mouse: Left button down, pos=(898,211)
38.5927 	DATA 	RatingScale rating: (mouse response) rating=3
38.5927 	DATA 	RatingScale rating: rating RT=4.091
38.5927 	DATA 	RatingScale rating: history=[(None, 0.0), ('3', 1.607), ('3', 4.09)]
38.6217 	EXP 	Question: autoDraw = False
38.6217 	EXP 	rating: autoDraw = False
38.6217 	EXP 	Wait3: autoDraw = True
38.7898 	DATA 	Mouse:  Left button up, pos=(898,211)
39.6068 	EXP 	New trial (rep=0, index=3): OrderedDict([(u'pic', u'blank.png'), (u'sound', u'heart120_1.wav'), (u'c1', u'aghast'), (u'c2', u'baffled'), (u'c3', u'distrustful'), (u'c4', u'terrified'), (u'answerNum', 3), (u'answer', u'distrustful')])
39.6566 	EXP 	Wait3: autoDraw = False
39.6566 	EXP 	image: image = u'blank.png'
39.6566 	EXP 	Choice1: text = u'1.distrustful'
39.6566 	EXP 	Choice2: text = u'2.aghast'
39.6566 	EXP 	Choice3: text = u'3.terrified'
39.6566 	EXP 	Choice4: text = u'4.baffled'
39.6566 	EXP 	image: autoDraw = True
39.6566 	EXP 	Choice1: autoDraw = True
39.6566 	EXP 	Choice2: autoDraw = True
39.6566 	EXP 	Choice3: autoDraw = True
39.6566 	EXP 	Choice4: autoDraw = True
39.6566 	EXP 	Chosen: autoDraw = True
39.6566 	EXP 	YourChoice: autoDraw = True
39.6566 	EXP 	twentysec: autoDraw = True
39.6566 	EXP 	Timer: autoDraw = True
41.3582 	DATA 	Keypress: 4
41.8582 	DATA 	Keypress: escape
42.1438 	EXP 	window1: mouseVisible = True
