4.7189 	EXP 	Created window1 = Window(allowGUI=True, allowStencil=False, args=UNKNOWN, autoLog=True, bitsMode=UNKNOWN, blendMode='avg', color=array([ 0.,  0.,  0.]), colorSpace='rgb', fullscr=UNKNOWN, gamma=None, kwargs=UNKNOWN, lms=UNKNOWN, monitor=<psychopy.monitors.calibTools.Monitor object at 0x119514e50>, multiSample=False, name='window1', numSamples=2, pos=[0, 0], screen=0, size=array([1680, 1050]), stereo=False, units=u'norm', useFBO=True, useRetina=False, viewOri=0.0, viewPos=None, viewScale=None, waitBlanking=True, winType=u'pyglet')
4.7190 	EXP 	window1: recordFrameIntervals = False
4.9018 	EXP 	window1: recordFrameIntervals = True
5.0850 	EXP 	window1: recordFrameIntervals = False
5.1469 	EXP 	Created text = TextStim(alignHoriz='center', alignVert='center', antialias=True, autoLog=True, bold=False, color='white', colorSpace='named', contrast=1.0, depth=0.0, flipHoriz=False, flipVert=False, font='Arial', fontFiles=[], height=0.1, italic=False, name='text', opacity=1.0, ori=0, pos=array([ 0.,  0.]), rgb=array([ 255.,  255.,  255.]), text='Intro text\n\nPress Spacebar to begin\n', units=u'norm', win=Window(...), wrapWidth=1)
5.1582 	EXP 	Sound  set volume 1.000
5.1605 	EXP 	Created image = ImageStim(autoLog=True, color=array([ 1.,  1.,  1.]), colorSpace='rgb', contrast=1.0, depth=-1.0, flipHoriz=False, flipVert=False, image='sin', interpolate=True, mask=None, maskParams=None, name='image', opacity=1.0, ori=0.0, pos=array([ 0.,  2.]), size=array([ 20.,  14.]), texRes=128, units='cm', win=Window(...))
5.1704 	EXP 	Created Choice1 = TextStim(alignHoriz='center', alignVert='center', antialias=True, autoLog=True, bold=False, color='white', colorSpace='named', contrast=1.0, depth=-3.0, flipHoriz=False, flipVert=False, font='Arial', fontFiles=[], height=1.5, italic=False, name='Choice1', opacity=1.0, ori=0, pos=array([-12.,  13.]), rgb=array([ 255.,  255.,  255.]), text='default text', units='cm', win=Window(...), wrapWidth=15.0)
5.1752 	EXP 	Created Choice2 = TextStim(alignHoriz='center', alignVert='center', antialias=True, autoLog=True, bold=False, color='white', colorSpace='named', contrast=1.0, depth=-4.0, flipHoriz=False, flipVert=False, font='Arial', fontFiles=[], height=1.5, italic=False, name='Choice2', opacity=1.0, ori=0, pos=array([ 12.,  13.]), rgb=array([ 255.,  255.,  255.]), text='default text', units='cm', win=Window(...), wrapWidth=15.0)
5.1799 	EXP 	Created Choice3 = TextStim(alignHoriz='center', alignVert='center', antialias=True, autoLog=True, bold=False, color='white', colorSpace='named', contrast=1.0, depth=-5.0, flipHoriz=False, flipVert=False, font='Arial', fontFiles=[], height=1.5, italic=False, name='Choice3', opacity=1.0, ori=0, pos=array([-12.,  -9.]), rgb=array([ 255.,  255.,  255.]), text='default text', units='cm', win=Window(...), wrapWidth=15.0)
5.1850 	EXP 	Created Choice4 = TextStim(alignHoriz='center', alignVert='center', antialias=True, autoLog=True, bold=False, color='white', colorSpace='named', contrast=1.0, depth=-6.0, flipHoriz=False, flipVert=False, font='Arial', fontFiles=[], height=1.5, italic=False, name='Choice4', opacity=1.0, ori=0, pos=array([ 12.,  -9.]), rgb=array([ 255.,  255.,  255.]), text='default text', units='cm', win=Window(...), wrapWidth=15.0)
5.1904 	EXP 	Created Chosen = TextStim(alignHoriz='center', alignVert='center', antialias=True, autoLog=True, bold=False, color='white', colorSpace='named', contrast=1.0, depth=-7.0, flipHoriz=False, flipVert=False, font='Arial', fontFiles=[], height=1.5, italic=False, name='Chosen', opacity=1.0, ori=0, pos=array([  0., -11.]), rgb=array([ 255.,  255.,  255.]), text='default text', units='cm', win=Window(...), wrapWidth=15.0)
5.1987 	EXP 	Created YourChoice = TextStim(alignHoriz='center', alignVert='center', antialias=True, autoLog=True, bold=False, color='white', colorSpace='named', contrast=1.0, depth=-8.0, flipHoriz=False, flipVert=False, font='Arial', fontFiles=[], height=1.5, italic=False, name='YourChoice', opacity=1.0, ori=0, pos=array([ 0., -9.]), rgb=array([ 255.,  255.,  255.]), text='Your Choice:', units='cm', win=Window(...), wrapWidth=15.0)
5.2032 	EXP 	Created twentysec = TextStim(alignHoriz='center', alignVert='center', antialias=True, autoLog=True, bold=False, color='white', colorSpace='named', contrast=1.0, depth=-9.0, flipHoriz=False, flipVert=False, font='Arial', fontFiles=[], height=1.5, italic=False, name='twentysec', opacity=1.0, ori=0, pos=array([-17.,   1.]), rgb=array([ 255.,  255.,  255.]), text='20', units='cm', win=Window(...), wrapWidth=15.0)
5.2077 	EXP 	Created FifteenSec = TextStim(alignHoriz='center', alignVert='center', antialias=True, autoLog=True, bold=False, color='white', colorSpace='named', contrast=1.0, depth=-10.0, flipHoriz=False, flipVert=False, font='Arial', fontFiles=[], height=1.5, italic=False, name='FifteenSec', opacity=1.0, ori=0, pos=array([-17.,   1.]), rgb=array([ 255.,  255.,  255.]), text='15', units='cm', win=Window(...), wrapWidth=15.0)
5.2113 	EXP 	Created TenSec = TextStim(alignHoriz='center', alignVert='center', antialias=True, autoLog=True, bold=False, color='white', colorSpace='named', contrast=1.0, depth=-11.0, flipHoriz=False, flipVert=False, font='Arial', fontFiles=[], height=1.5, italic=False, name='TenSec', opacity=1.0, ori=0, pos=array([-17.,   1.]), rgb=array([ 255.,  255.,  255.]), text='10', units='cm', win=Window(...), wrapWidth=15.0)
5.2143 	EXP 	Created FiveSec = TextStim(alignHoriz='center', alignVert='center', antialias=True, autoLog=True, bold=False, color='white', colorSpace='named', contrast=1.0, depth=-12.0, flipHoriz=False, flipVert=False, font='Arial', fontFiles=[], height=1.5, italic=False, name='FiveSec', opacity=1.0, ori=0, pos=array([-17.,   1.]), rgb=array([ 255.,  255.,  255.]), text='5', units='cm', win=Window(...), wrapWidth=15.0)
5.2207 	EXP 	Created Timer = TextStim(alignHoriz='center', alignVert='center', antialias=True, autoLog=True, bold=False, color='white', colorSpace='named', contrast=1.0, depth=-13.0, flipHoriz=False, flipVert=False, font='Arial', fontFiles=[], height=1.5, italic=False, name='Timer', opacity=1.0, ori=0, pos=array([-17.,   3.]), rgb=array([ 255.,  255.,  255.]), text='Seconds left:', units='cm', win=Window(...), wrapWidth=15.0)
5.2234 	EXP 	Created ZeroSec = TextStim(alignHoriz='center', alignVert='center', antialias=True, autoLog=True, bold=False, color='white', colorSpace='named', contrast=1.0, depth=-14.0, flipHoriz=False, flipVert=False, font='Arial', fontFiles=[], height=1.5, italic=False, name='ZeroSec', opacity=1.0, ori=0, pos=array([-17.,   1.]), rgb=array([ 255.,  255.,  255.]), text='0', units='cm', win=Window(...), wrapWidth=15.0)
5.2355 	EXP 	Created Question = TextStim(alignHoriz='center', alignVert='center', antialias=True, autoLog=True, bold=False, color='white', colorSpace='named', contrast=1.0, depth=0.0, flipHoriz=False, flipVert=False, font='Arial', fontFiles=[], height=0.1, italic=False, name='Question', opacity=1.0, ori=0, pos=array([ 0.,  0.]), rgb=array([ 255.,  255.,  255.]), text='Rate how well you felt what they were feeling:', units=u'norm', win=Window(...), wrapWidth=1)
5.2701 	EXP 	Created rating = RatingScale(acceptKeys=['return'], acceptPreText=UNKNOWN, acceptSize=UNKNOWN, acceptText='accept?', autoLog=True, choices=['1', '2', '3', '4', '5'], depth=0, disappear=False, flipVert=False, high=4, kwargs=UNKNOWN, labels=list(...), leftKeys=['left'], lineColor='White', low=0, marker=ShapeStim(...), markerColor='DarkBlue', markerExpansion=UNKNOWN, markerStart=None, maxTime=0.0, minTime=0.4, mouseOnly=False, name='rating', noMouse=False, pos=[0.0, -0.4], precision=1, respKeys=['0', '1', '2', '3', '4'], rightKeys=['right'], scale='<default>', self=UNKNOWN, showAccept=True, showValue=True, singleClick=False, size=0.6, skipKeys=['tab'], stretch=1.0, textColor='LightGray', textFont='Helvetica Bold', textSize=0.12, tickHeight=1.0, tickMarks=4.0, win=Window(...))
5.2710 	EXP 	Created Wait3 = TextStim(alignHoriz='center', alignVert='center', antialias=True, autoLog=True, bold=False, color='white', colorSpace='named', contrast=1.0, depth=0.0, flipHoriz=False, flipVert=False, font='Arial', fontFiles=[], height=0.1, italic=False, name='Wait3', opacity=1.0, ori=0, pos=array([ 0.,  0.]), rgb=array([ 255.,  255.,  255.]), text='', units=u'norm', win=Window(...), wrapWidth=1)
5.2833 	EXP 	Created BreakText = TextStim(alignHoriz='center', alignVert='center', antialias=True, autoLog=True, bold=False, color='white', colorSpace='named', contrast=1.0, depth=0.0, flipHoriz=False, flipVert=False, font='Arial', fontFiles=[], height=0.1, italic=False, name='BreakText', opacity=1.0, ori=0, pos=array([ 0.,  0.]), rgb=array([ 255.,  255.,  255.]), text='Take a five minute break', units=u'norm', win=Window(...), wrapWidth=1)
5.2834 	EXP 	Sound  set volume 1.000
5.2853 	EXP 	Created image = ImageStim(autoLog=True, color=array([ 1.,  1.,  1.]), colorSpace='rgb', contrast=1.0, depth=-1.0, flipHoriz=False, flipVert=False, image='sin', interpolate=True, mask=None, maskParams=None, name='image', opacity=1.0, ori=0.0, pos=array([ 0.,  2.]), size=array([ 20.,  14.]), texRes=128, units='cm', win=Window(...))
5.2906 	EXP 	Created Choice1 = TextStim(alignHoriz='center', alignVert='center', antialias=True, autoLog=True, bold=False, color='white', colorSpace='named', contrast=1.0, depth=-3.0, flipHoriz=False, flipVert=False, font='Arial', fontFiles=[], height=1.5, italic=False, name='Choice1', opacity=1.0, ori=0, pos=array([-12.,  13.]), rgb=array([ 255.,  255.,  255.]), text='default text', units='cm', win=Window(...), wrapWidth=15.0)
5.2960 	EXP 	Created Choice2 = TextStim(alignHoriz='center', alignVert='center', antialias=True, autoLog=True, bold=False, color='white', colorSpace='named', contrast=1.0, depth=-4.0, flipHoriz=False, flipVert=False, font='Arial', fontFiles=[], height=1.5, italic=False, name='Choice2', opacity=1.0, ori=0, pos=array([ 12.,  13.]), rgb=array([ 255.,  255.,  255.]), text='default text', units='cm', win=Window(...), wrapWidth=15.0)
5.3012 	EXP 	Created Choice3 = TextStim(alignHoriz='center', alignVert='center', antialias=True, autoLog=True, bold=False, color='white', colorSpace='named', contrast=1.0, depth=-5.0, flipHoriz=False, flipVert=False, font='Arial', fontFiles=[], height=1.5, italic=False, name='Choice3', opacity=1.0, ori=0, pos=array([-12.,  -9.]), rgb=array([ 255.,  255.,  255.]), text='default text', units='cm', win=Window(...), wrapWidth=15.0)
5.3056 	EXP 	Created Choice4 = TextStim(alignHoriz='center', alignVert='center', antialias=True, autoLog=True, bold=False, color='white', colorSpace='named', contrast=1.0, depth=-6.0, flipHoriz=False, flipVert=False, font='Arial', fontFiles=[], height=1.5, italic=False, name='Choice4', opacity=1.0, ori=0, pos=array([ 12.,  -9.]), rgb=array([ 255.,  255.,  255.]), text='default text', units='cm', win=Window(...), wrapWidth=15.0)
5.3104 	EXP 	Created Chosen = TextStim(alignHoriz='center', alignVert='center', antialias=True, autoLog=True, bold=False, color='white', colorSpace='named', contrast=1.0, depth=-7.0, flipHoriz=False, flipVert=False, font='Arial', fontFiles=[], height=1.5, italic=False, name='Chosen', opacity=1.0, ori=0, pos=array([  0., -11.]), rgb=array([ 255.,  255.,  255.]), text='default text', units='cm', win=Window(...), wrapWidth=15.0)
5.3151 	EXP 	Created YourChoice = TextStim(alignHoriz='center', alignVert='center', antialias=True, autoLog=True, bold=False, color='white', colorSpace='named', contrast=1.0, depth=-8.0, flipHoriz=False, flipVert=False, font='Arial', fontFiles=[], height=1.5, italic=False, name='YourChoice', opacity=1.0, ori=0, pos=array([ 0., -9.]), rgb=array([ 255.,  255.,  255.]), text='Your Choice:', units='cm', win=Window(...), wrapWidth=15.0)
5.3179 	EXP 	Created twentysec = TextStim(alignHoriz='center', alignVert='center', antialias=True, autoLog=True, bold=False, color='white', colorSpace='named', contrast=1.0, depth=-9.0, flipHoriz=False, flipVert=False, font='Arial', fontFiles=[], height=1.5, italic=False, name='twentysec', opacity=1.0, ori=0, pos=array([-17.,   1.]), rgb=array([ 255.,  255.,  255.]), text='20', units='cm', win=Window(...), wrapWidth=15.0)
5.3206 	EXP 	Created FifteenSec = TextStim(alignHoriz='center', alignVert='center', antialias=True, autoLog=True, bold=False, color='white', colorSpace='named', contrast=1.0, depth=-10.0, flipHoriz=False, flipVert=False, font='Arial', fontFiles=[], height=1.5, italic=False, name='FifteenSec', opacity=1.0, ori=0, pos=array([-17.,   1.]), rgb=array([ 255.,  255.,  255.]), text='15', units='cm', win=Window(...), wrapWidth=15.0)
5.3238 	EXP 	Created TenSec = TextStim(alignHoriz='center', alignVert='center', antialias=True, autoLog=True, bold=False, color='white', colorSpace='named', contrast=1.0, depth=-11.0, flipHoriz=False, flipVert=False, font='Arial', fontFiles=[], height=1.5, italic=False, name='TenSec', opacity=1.0, ori=0, pos=array([-17.,   1.]), rgb=array([ 255.,  255.,  255.]), text='10', units='cm', win=Window(...), wrapWidth=15.0)
5.3266 	EXP 	Created FiveSec = TextStim(alignHoriz='center', alignVert='center', antialias=True, autoLog=True, bold=False, color='white', colorSpace='named', contrast=1.0, depth=-12.0, flipHoriz=False, flipVert=False, font='Arial', fontFiles=[], height=1.5, italic=False, name='FiveSec', opacity=1.0, ori=0, pos=array([-17.,   1.]), rgb=array([ 255.,  255.,  255.]), text='5', units='cm', win=Window(...), wrapWidth=15.0)
5.3314 	EXP 	Created Timer = TextStim(alignHoriz='center', alignVert='center', antialias=True, autoLog=True, bold=False, color='white', colorSpace='named', contrast=1.0, depth=-13.0, flipHoriz=False, flipVert=False, font='Arial', fontFiles=[], height=1.5, italic=False, name='Timer', opacity=1.0, ori=0, pos=array([-17.,   3.]), rgb=array([ 255.,  255.,  255.]), text='Seconds left:', units='cm', win=Window(...), wrapWidth=15.0)
5.3343 	EXP 	Created ZeroSec = TextStim(alignHoriz='center', alignVert='center', antialias=True, autoLog=True, bold=False, color='white', colorSpace='named', contrast=1.0, depth=-14.0, flipHoriz=False, flipVert=False, font='Arial', fontFiles=[], height=1.5, italic=False, name='ZeroSec', opacity=1.0, ori=0, pos=array([-17.,   1.]), rgb=array([ 255.,  255.,  255.]), text='0', units='cm', win=Window(...), wrapWidth=15.0)
5.3428 	EXP 	Created Question = TextStim(alignHoriz='center', alignVert='center', antialias=True, autoLog=True, bold=False, color='white', colorSpace='named', contrast=1.0, depth=0.0, flipHoriz=False, flipVert=False, font='Arial', fontFiles=[], height=0.1, italic=False, name='Question', opacity=1.0, ori=0, pos=array([ 0.,  0.]), rgb=array([ 255.,  255.,  255.]), text='Rate how well you felt what they were feeling:', units=u'norm', win=Window(...), wrapWidth=1)
5.3658 	EXP 	Created rating = RatingScale(acceptKeys=['return'], acceptPreText=UNKNOWN, acceptSize=UNKNOWN, acceptText='accept?', autoLog=True, choices=['1', '2', '3', '4', '5'], depth=0, disappear=False, flipVert=False, high=4, kwargs=UNKNOWN, labels=list(...), leftKeys=['left'], lineColor='White', low=0, marker=ShapeStim(...), markerColor='DarkBlue', markerExpansion=UNKNOWN, markerStart=None, maxTime=0.0, minTime=0.4, mouseOnly=False, name='rating', noMouse=False, pos=[0.0, -0.4], precision=1, respKeys=['0', '1', '2', '3', '4'], rightKeys=['right'], scale='<default>', self=UNKNOWN, showAccept=True, showValue=True, singleClick=False, size=0.6, skipKeys=['tab'], stretch=1.0, textColor='LightGray', textFont='Helvetica Bold', textSize=0.12, tickHeight=1.0, tickMarks=4.0, win=Window(...))
5.3668 	EXP 	Created Wait3 = TextStim(alignHoriz='center', alignVert='center', antialias=True, autoLog=True, bold=False, color='white', colorSpace='named', contrast=1.0, depth=0.0, flipHoriz=False, flipVert=False, font='Arial', fontFiles=[], height=0.1, italic=False, name='Wait3', opacity=1.0, ori=0, pos=array([ 0.,  0.]), rgb=array([ 255.,  255.,  255.]), text='', units=u'norm', win=Window(...), wrapWidth=1)
5.3725 	EXP 	Created BreakText = TextStim(alignHoriz='center', alignVert='center', antialias=True, autoLog=True, bold=False, color='white', colorSpace='named', contrast=1.0, depth=0.0, flipHoriz=False, flipVert=False, font='Arial', fontFiles=[], height=0.1, italic=False, name='BreakText', opacity=1.0, ori=0, pos=array([ 0.,  0.]), rgb=array([ 255.,  255.,  255.]), text='Take a five minute break', units=u'norm', win=Window(...), wrapWidth=1)
5.3799 	EXP 	Created EndText = TextStim(alignHoriz='center', alignVert='center', antialias=True, autoLog=True, bold=False, color='white', colorSpace='named', contrast=1.0, depth=0.0, flipHoriz=False, flipVert=False, font='Arial', fontFiles=[], height=0.1, italic=False, name='EndText', opacity=1.0, ori=0, pos=array([ 0.,  0.]), rgb=array([ 255.,  255.,  255.]), text='Thanks for participating!\n', units=u'norm', win=Window(...), wrapWidth=1)
5.4031 	EXP 	rating: flipVert = False
5.4031 	EXP 	rating: autoLog = True
5.4031 	EXP 	rating: flipVert = False
5.4031 	EXP 	rating: autoLog = True
5.4031 	EXP 	text: autoDraw = True
6.0411 	DATA 	Keypress: 3
8.2868 	DATA 	Keypress: space
8.3160 	EXP 	Imported ExpListenCond.xlsx as conditions, 36 conditions, 8 params
8.3171 	EXP 	Created sequence: random, trialTypes=36, nReps=1, seed=None
8.3176 	EXP 	New trial (rep=0, index=0): OrderedDict([(u'pic', u'blank.png'), (u'sound', u'heart120_1.wav'), (u'c1', u'irritated'), (u'c2', u'dissapointed'), (u'c3', u'depressed'), (u'c4', u'accusing'), (u'answerNum', 4), (u'answer', u'accusing')])
8.4028 	EXP 	text: autoDraw = False
8.4028 	EXP 	image: image = u'blank.png'
8.4028 	EXP 	Choice1: text = u'1.irritated'
8.4028 	EXP 	Choice2: text = u'2.depressed'
8.4028 	EXP 	Choice3: text = u'3.dissapointed'
8.4028 	EXP 	Choice4: text = u'4.accusing'
8.4028 	EXP 	image: autoDraw = True
8.4028 	EXP 	Choice1: autoDraw = True
8.4028 	EXP 	Choice2: autoDraw = True
8.4028 	EXP 	Choice3: autoDraw = True
8.4028 	EXP 	Choice4: autoDraw = True
8.4028 	EXP 	Chosen: autoDraw = True
8.4028 	EXP 	YourChoice: autoDraw = True
8.4028 	EXP 	twentysec: autoDraw = True
8.4028 	EXP 	Timer: autoDraw = True
8.8970 	DATA 	Keypress: 3
11.1866 	DATA 	Keypress: 3
13.3217 	EXP 	RatingScale rating: reset()
13.3515 	EXP 	twentysec: autoDraw = False
13.3515 	EXP 	FifteenSec: autoDraw = True
13.3515 	EXP 	image: autoDraw = False
13.3515 	EXP 	Choice1: autoDraw = False
13.3515 	EXP 	Choice2: autoDraw = False
13.3515 	EXP 	Choice3: autoDraw = False
13.3515 	EXP 	Choice4: autoDraw = False
13.3515 	EXP 	Chosen: autoDraw = False
13.3515 	EXP 	YourChoice: autoDraw = False
13.3515 	EXP 	twentysec: autoDraw = False
13.3515 	EXP 	FifteenSec: autoDraw = False
13.3515 	EXP 	TenSec: autoDraw = False
13.3515 	EXP 	FiveSec: autoDraw = False
13.3515 	EXP 	Timer: autoDraw = False
13.3515 	EXP 	ZeroSec: autoDraw = False
13.3515 	EXP 	Question: autoDraw = True
13.3515 	EXP 	rating: autoDraw = True
14.2535 	DATA 	Keypress: 3
14.8188 	DATA 	Keypress: return
14.8214 	DATA 	RatingScale rating: (key response) rating=4
14.8216 	DATA 	RatingScale rating: rating RT=1.499
14.8216 	DATA 	RatingScale rating: history=[(None, 0.0), ('4', 0.934), ('4', 1.499)]
14.8518 	EXP 	Question: autoDraw = False
14.8518 	EXP 	rating: autoDraw = False
14.8518 	EXP 	Wait3: autoDraw = True
15.8524 	EXP 	New trial (rep=0, index=1): OrderedDict([(u'pic', u'blank.png'), (u'sound', u'heart120_1.wav'), (u'c1', u'serious'), (u'c2', u'ashemed'), (u'c3', u'bewildered'), (u'c4', u'alarmed'), (u'answerNum', 1), (u'answer', u'serious')])
15.9200 	EXP 	Wait3: autoDraw = False
15.9200 	EXP 	image: image = u'blank.png'
15.9200 	EXP 	Choice1: text = u'1.alarmed'
15.9200 	EXP 	Choice2: text = u'2.ashemed'
15.9200 	EXP 	Choice3: text = u'3.bewildered'
15.9200 	EXP 	Choice4: text = u'4.serious'
15.9200 	EXP 	image: autoDraw = True
15.9200 	EXP 	Choice1: autoDraw = True
15.9200 	EXP 	Choice2: autoDraw = True
15.9200 	EXP 	Choice3: autoDraw = True
15.9200 	EXP 	Choice4: autoDraw = True
15.9200 	EXP 	Chosen: autoDraw = True
15.9200 	EXP 	YourChoice: autoDraw = True
15.9200 	EXP 	twentysec: autoDraw = True
15.9200 	EXP 	Timer: autoDraw = True
17.5872 	DATA 	Keypress: 3
20.8674 	EXP 	twentysec: autoDraw = False
20.8758 	EXP 	RatingScale rating: reset()
20.8845 	EXP 	FifteenSec: autoDraw = True
20.8845 	EXP 	image: autoDraw = False
20.8845 	EXP 	Choice1: autoDraw = False
20.8845 	EXP 	Choice2: autoDraw = False
20.8845 	EXP 	Choice3: autoDraw = False
20.8845 	EXP 	Choice4: autoDraw = False
20.8845 	EXP 	Chosen: autoDraw = False
20.8845 	EXP 	YourChoice: autoDraw = False
20.8845 	EXP 	twentysec: autoDraw = False
20.8845 	EXP 	FifteenSec: autoDraw = False
20.8845 	EXP 	TenSec: autoDraw = False
20.8845 	EXP 	FiveSec: autoDraw = False
20.8845 	EXP 	Timer: autoDraw = False
20.8845 	EXP 	ZeroSec: autoDraw = False
20.8845 	EXP 	Question: autoDraw = True
20.8845 	EXP 	rating: autoDraw = True
21.4368 	DATA 	Keypress: 3
21.9193 	DATA 	Keypress: return
21.9224 	DATA 	RatingScale rating: (key response) rating=4
21.9225 	DATA 	RatingScale rating: rating RT=1.046
21.9226 	DATA 	RatingScale rating: history=[(None, 0.0), ('4', 0.563), ('4', 1.046)]
21.9515 	EXP 	Question: autoDraw = False
21.9515 	EXP 	rating: autoDraw = False
21.9515 	EXP 	Wait3: autoDraw = True
22.9519 	EXP 	New trial (rep=0, index=2): OrderedDict([(u'pic', u'blank.png'), (u'sound', u'heart120_1.wav'), (u'c1', u'embarassed '), (u'c2', u'guilty'), (u'c3', u'fantasizing'), (u'c4', u'concerned'), (u'answerNum', 4), (u'answer', u'concerned')])
23.0022 	EXP 	Wait3: autoDraw = False
23.0022 	EXP 	image: image = u'blank.png'
23.0022 	EXP 	Choice1: text = u'1.embarassed '
23.0022 	EXP 	Choice2: text = u'2.guilty'
23.0022 	EXP 	Choice3: text = u'3.concerned'
23.0022 	EXP 	Choice4: text = u'4.fantasizing'
23.0022 	EXP 	image: autoDraw = True
23.0022 	EXP 	Choice1: autoDraw = True
23.0022 	EXP 	Choice2: autoDraw = True
23.0022 	EXP 	Choice3: autoDraw = True
23.0022 	EXP 	Choice4: autoDraw = True
23.0022 	EXP 	Chosen: autoDraw = True
23.0022 	EXP 	YourChoice: autoDraw = True
23.0022 	EXP 	twentysec: autoDraw = True
23.0022 	EXP 	Timer: autoDraw = True
24.0365 	DATA 	Keypress: 3
27.9668 	EXP 	twentysec: autoDraw = False
27.9741 	EXP 	RatingScale rating: reset()
27.9839 	EXP 	FifteenSec: autoDraw = True
27.9839 	EXP 	image: autoDraw = False
27.9839 	EXP 	Choice1: autoDraw = False
27.9839 	EXP 	Choice2: autoDraw = False
27.9839 	EXP 	Choice3: autoDraw = False
27.9839 	EXP 	Choice4: autoDraw = False
27.9839 	EXP 	Chosen: autoDraw = False
27.9839 	EXP 	YourChoice: autoDraw = False
27.9839 	EXP 	twentysec: autoDraw = False
27.9839 	EXP 	FifteenSec: autoDraw = False
27.9839 	EXP 	TenSec: autoDraw = False
27.9839 	EXP 	FiveSec: autoDraw = False
27.9839 	EXP 	Timer: autoDraw = False
27.9839 	EXP 	ZeroSec: autoDraw = False
27.9839 	EXP 	Question: autoDraw = True
27.9839 	EXP 	rating: autoDraw = True
28.6857 	DATA 	Keypress: 3
29.7394 	DATA 	Keypress: return
29.7397 	DATA 	RatingScale rating: (key response) rating=4
29.7399 	DATA 	RatingScale rating: rating RT=1.765
29.7399 	DATA 	RatingScale rating: history=[(None, 0.0), ('4', 0.714), ('4', 1.765)]
29.7675 	EXP 	Question: autoDraw = False
29.7675 	EXP 	rating: autoDraw = False
29.7675 	EXP 	Wait3: autoDraw = True
30.7672 	EXP 	New trial (rep=0, index=3): OrderedDict([(u'pic', u'blank.png'), (u'sound', u'heart120_1.wav'), (u'c1', u'aghast'), (u'c2', u'baffled'), (u'c3', u'distrustful'), (u'c4', u'terrified'), (u'answerNum', 3), (u'answer', u'distrustful')])
30.8181 	EXP 	Wait3: autoDraw = False
30.8181 	EXP 	image: image = u'blank.png'
30.8181 	EXP 	Choice1: text = u'1.terrified'
30.8181 	EXP 	Choice2: text = u'2.aghast'
30.8181 	EXP 	Choice3: text = u'3.distrustful'
30.8181 	EXP 	Choice4: text = u'4.baffled'
30.8181 	EXP 	image: autoDraw = True
30.8181 	EXP 	Choice1: autoDraw = True
30.8181 	EXP 	Choice2: autoDraw = True
30.8181 	EXP 	Choice3: autoDraw = True
30.8181 	EXP 	Choice4: autoDraw = True
30.8181 	EXP 	Chosen: autoDraw = True
30.8181 	EXP 	YourChoice: autoDraw = True
30.8181 	EXP 	twentysec: autoDraw = True
30.8181 	EXP 	Timer: autoDraw = True
35.7848 	EXP 	twentysec: autoDraw = False
35.7848 	EXP 	FifteenSec: autoDraw = True
36.5261 	DATA 	Keypress: 3
36.5467 	EXP 	RatingScale rating: reset()
36.5674 	EXP 	image: autoDraw = False
36.5674 	EXP 	Choice1: autoDraw = False
36.5674 	EXP 	Choice2: autoDraw = False
36.5674 	EXP 	Choice3: autoDraw = False
36.5674 	EXP 	Choice4: autoDraw = False
36.5674 	EXP 	Chosen: autoDraw = False
36.5674 	EXP 	YourChoice: autoDraw = False
36.5674 	EXP 	twentysec: autoDraw = False
36.5674 	EXP 	FifteenSec: autoDraw = False
36.5674 	EXP 	TenSec: autoDraw = False
36.5674 	EXP 	FiveSec: autoDraw = False
36.5674 	EXP 	Timer: autoDraw = False
36.5674 	EXP 	ZeroSec: autoDraw = False
36.5674 	EXP 	Question: autoDraw = True
36.5674 	EXP 	rating: autoDraw = True
37.2035 	DATA 	Keypress: 3
37.5193 	DATA 	Keypress: return
37.5228 	DATA 	RatingScale rating: (key response) rating=4
37.5230 	DATA 	RatingScale rating: rating RT=0.976
37.5230 	DATA 	RatingScale rating: history=[(None, 0.0), ('4', 0.659), ('4', 0.975)]
37.5510 	EXP 	Question: autoDraw = False
37.5510 	EXP 	rating: autoDraw = False
37.5510 	EXP 	Wait3: autoDraw = True
38.5515 	EXP 	New trial (rep=0, index=4): OrderedDict([(u'pic', u'blank.png'), (u'sound', u'heart120_1.wav'), (u'c1', u'interested'), (u'c2', u'joking'), (u'c3', u'affectionate'), (u'c4', u'contented'), (u'answerNum', 1), (u'answer', u'interested')])
38.6002 	EXP 	Wait3: autoDraw = False
38.6002 	EXP 	image: image = u'blank.png'
38.6002 	EXP 	Choice1: text = u'1.interested'
38.6002 	EXP 	Choice2: text = u'2.affectionate'
38.6002 	EXP 	Choice3: text = u'3.joking'
38.6002 	EXP 	Choice4: text = u'4.contented'
38.6002 	EXP 	image: autoDraw = True
38.6002 	EXP 	Choice1: autoDraw = True
38.6002 	EXP 	Choice2: autoDraw = True
38.6002 	EXP 	Choice3: autoDraw = True
38.6002 	EXP 	Choice4: autoDraw = True
38.6002 	EXP 	Chosen: autoDraw = True
38.6002 	EXP 	YourChoice: autoDraw = True
38.6002 	EXP 	twentysec: autoDraw = True
38.6002 	EXP 	Timer: autoDraw = True
39.1368 	DATA 	Keypress: 3
43.5676 	EXP 	twentysec: autoDraw = False
43.5763 	EXP 	RatingScale rating: reset()
43.6009 	EXP 	FifteenSec: autoDraw = True
43.6009 	EXP 	image: autoDraw = False
43.6009 	EXP 	Choice1: autoDraw = False
43.6009 	EXP 	Choice2: autoDraw = False
43.6009 	EXP 	Choice3: autoDraw = False
43.6009 	EXP 	Choice4: autoDraw = False
43.6009 	EXP 	Chosen: autoDraw = False
43.6009 	EXP 	YourChoice: autoDraw = False
43.6009 	EXP 	twentysec: autoDraw = False
43.6009 	EXP 	FifteenSec: autoDraw = False
43.6009 	EXP 	TenSec: autoDraw = False
43.6009 	EXP 	FiveSec: autoDraw = False
43.6009 	EXP 	Timer: autoDraw = False
43.6009 	EXP 	ZeroSec: autoDraw = False
43.6009 	EXP 	Question: autoDraw = True
43.6009 	EXP 	rating: autoDraw = True
47.3024 	DATA 	Keypress: 3
47.9526 	DATA 	Keypress: return
47.9561 	DATA 	RatingScale rating: (key response) rating=4
47.9562 	DATA 	RatingScale rating: rating RT=4.379
47.9562 	DATA 	RatingScale rating: history=[(None, 0.0), ('4', 3.728), ('4', 4.379)]
47.9842 	EXP 	Question: autoDraw = False
47.9842 	EXP 	rating: autoDraw = False
47.9842 	EXP 	Wait3: autoDraw = True
48.9846 	EXP 	New trial (rep=0, index=5): OrderedDict([(u'pic', u'blank.png'), (u'sound', u'heart120_1.wav'), (u'c1', u'alarmed'), (u'c2', u'shy'), (u'c3', u'hostile'), (u'c4', u'anxious'), (u'answerNum', 3), (u'answer', u'hostile')])
49.0344 	EXP 	Wait3: autoDraw = False
49.0344 	EXP 	image: image = u'blank.png'
49.0344 	EXP 	Choice1: text = u'1.anxious'
49.0344 	EXP 	Choice2: text = u'2.hostile'
49.0344 	EXP 	Choice3: text = u'3.alarmed'
49.0344 	EXP 	Choice4: text = u'4.shy'
49.0344 	EXP 	image: autoDraw = True
49.0344 	EXP 	Choice1: autoDraw = True
49.0344 	EXP 	Choice2: autoDraw = True
49.0344 	EXP 	Choice3: autoDraw = True
49.0344 	EXP 	Choice4: autoDraw = True
49.0344 	EXP 	Chosen: autoDraw = True
49.0344 	EXP 	YourChoice: autoDraw = True
49.0344 	EXP 	twentysec: autoDraw = True
49.0344 	EXP 	Timer: autoDraw = True
50.1035 	DATA 	Keypress: 3
54.0010 	EXP 	twentysec: autoDraw = False
54.0088 	EXP 	RatingScale rating: reset()
54.0339 	EXP 	FifteenSec: autoDraw = True
54.0339 	EXP 	image: autoDraw = False
54.0339 	EXP 	Choice1: autoDraw = False
54.0339 	EXP 	Choice2: autoDraw = False
54.0339 	EXP 	Choice3: autoDraw = False
54.0339 	EXP 	Choice4: autoDraw = False
54.0339 	EXP 	Chosen: autoDraw = False
54.0339 	EXP 	YourChoice: autoDraw = False
54.0339 	EXP 	twentysec: autoDraw = False
54.0339 	EXP 	FifteenSec: autoDraw = False
54.0339 	EXP 	TenSec: autoDraw = False
54.0339 	EXP 	FiveSec: autoDraw = False
54.0339 	EXP 	Timer: autoDraw = False
54.0339 	EXP 	ZeroSec: autoDraw = False
54.0339 	EXP 	Question: autoDraw = True
54.0339 	EXP 	rating: autoDraw = True
55.1021 	DATA 	Keypress: 3
55.4191 	DATA 	Keypress: return
55.4221 	DATA 	RatingScale rating: (key response) rating=4
55.4222 	DATA 	RatingScale rating: rating RT=1.413
55.4222 	DATA 	RatingScale rating: history=[(None, 0.0), ('4', 1.095), ('4', 1.412)]
55.4508 	EXP 	Question: autoDraw = False
55.4508 	EXP 	rating: autoDraw = False
55.4508 	EXP 	Wait3: autoDraw = True
56.4514 	EXP 	New trial (rep=0, index=6): OrderedDict([(u'pic', u'blank.png'), (u'sound', u'heart120_1.wav'), (u'c1', u'preoccupied'), (u'c2', u'grateful'), (u'c3', u'insisting'), (u'c4', u'implorign'), (u'answerNum', 1), (u'answer', u'preoccupied')])
56.5004 	EXP 	Wait3: autoDraw = False
56.5004 	EXP 	image: image = u'blank.png'
56.5004 	EXP 	Choice1: text = u'1.grateful'
56.5004 	EXP 	Choice2: text = u'2.preoccupied'
56.5004 	EXP 	Choice3: text = u'3.insisting'
56.5004 	EXP 	Choice4: text = u'4.implorign'
56.5004 	EXP 	image: autoDraw = True
56.5004 	EXP 	Choice1: autoDraw = True
56.5004 	EXP 	Choice2: autoDraw = True
56.5004 	EXP 	Choice3: autoDraw = True
56.5004 	EXP 	Choice4: autoDraw = True
56.5004 	EXP 	Chosen: autoDraw = True
56.5004 	EXP 	YourChoice: autoDraw = True
56.5004 	EXP 	twentysec: autoDraw = True
56.5004 	EXP 	Timer: autoDraw = True
59.3239 	DATA 	Keypress: 3
61.4672 	EXP 	twentysec: autoDraw = False
61.4753 	EXP 	RatingScale rating: reset()
61.5009 	EXP 	FifteenSec: autoDraw = True
61.5009 	EXP 	image: autoDraw = False
61.5009 	EXP 	Choice1: autoDraw = False
61.5009 	EXP 	Choice2: autoDraw = False
61.5009 	EXP 	Choice3: autoDraw = False
61.5009 	EXP 	Choice4: autoDraw = False
61.5009 	EXP 	Chosen: autoDraw = False
61.5009 	EXP 	YourChoice: autoDraw = False
61.5009 	EXP 	twentysec: autoDraw = False
61.5009 	EXP 	FifteenSec: autoDraw = False
61.5009 	EXP 	TenSec: autoDraw = False
61.5009 	EXP 	FiveSec: autoDraw = False
61.5009 	EXP 	Timer: autoDraw = False
61.5009 	EXP 	ZeroSec: autoDraw = False
61.5009 	EXP 	Question: autoDraw = True
61.5009 	EXP 	rating: autoDraw = True
61.9195 	DATA 	Keypress: 3
62.3184 	DATA 	Keypress: return
62.3217 	DATA 	RatingScale rating: (key response) rating=4
62.3219 	DATA 	RatingScale rating: rating RT=0.846
62.3219 	DATA 	RatingScale rating: history=[(None, 0.0), ('4', 0.446), ('4', 0.846)]
62.3497 	EXP 	Question: autoDraw = False
62.3497 	EXP 	rating: autoDraw = False
62.3497 	EXP 	Wait3: autoDraw = True
63.3514 	EXP 	New trial (rep=0, index=7): OrderedDict([(u'pic', u'blank.png'), (u'sound', u'heart120_1.wav'), (u'c1', u'irritated'), (u'c2', u'thoughtful'), (u'c3', u'encouraging'), (u'c4', u'sympathetic'), (u'answerNum', 2), (u'answer', u'thoughtful')])
63.4014 	EXP 	Wait3: autoDraw = False
63.4014 	EXP 	image: image = u'blank.png'
63.4014 	EXP 	Choice1: text = u'1.sympathetic'
63.4014 	EXP 	Choice2: text = u'2.thoughtful'
63.4014 	EXP 	Choice3: text = u'3.irritated'
63.4014 	EXP 	Choice4: text = u'4.encouraging'
63.4014 	EXP 	image: autoDraw = True
63.4014 	EXP 	Choice1: autoDraw = True
63.4014 	EXP 	Choice2: autoDraw = True
63.4014 	EXP 	Choice3: autoDraw = True
63.4014 	EXP 	Choice4: autoDraw = True
63.4014 	EXP 	Chosen: autoDraw = True
63.4014 	EXP 	YourChoice: autoDraw = True
63.4014 	EXP 	twentysec: autoDraw = True
63.4014 	EXP 	Timer: autoDraw = True
64.2364 	DATA 	Keypress: 3
68.3664 	EXP 	twentysec: autoDraw = False
68.3745 	EXP 	RatingScale rating: reset()
68.3997 	EXP 	FifteenSec: autoDraw = True
68.3997 	EXP 	image: autoDraw = False
68.3997 	EXP 	Choice1: autoDraw = False
68.3997 	EXP 	Choice2: autoDraw = False
68.3997 	EXP 	Choice3: autoDraw = False
68.3997 	EXP 	Choice4: autoDraw = False
68.3997 	EXP 	Chosen: autoDraw = False
68.3997 	EXP 	YourChoice: autoDraw = False
68.3997 	EXP 	twentysec: autoDraw = False
68.3997 	EXP 	FifteenSec: autoDraw = False
68.3997 	EXP 	TenSec: autoDraw = False
68.3997 	EXP 	FiveSec: autoDraw = False
68.3997 	EXP 	Timer: autoDraw = False
68.3997 	EXP 	ZeroSec: autoDraw = False
68.3997 	EXP 	Question: autoDraw = True
68.3997 	EXP 	rating: autoDraw = True
68.8514 	DATA 	Keypress: 3
69.1191 	DATA 	Keypress: return
69.1223 	DATA 	RatingScale rating: (key response) rating=4
69.1225 	DATA 	RatingScale rating: rating RT=0.747
69.1225 	DATA 	RatingScale rating: history=[(None, 0.0), ('4', 0.479), ('4', 0.747)]
69.1498 	EXP 	Question: autoDraw = False
69.1498 	EXP 	rating: autoDraw = False
69.1498 	EXP 	Wait3: autoDraw = True
70.1512 	EXP 	New trial (rep=0, index=8): OrderedDict([(u'pic', u'blank.png'), (u'sound', u'heart120_1.wav'), (u'c1', u'impatient'), (u'c2', u'aghast'), (u'c3', u'irritated'), (u'c4', u'reflective'), (u'answerNum', 4), (u'answer', u'reflective')])
70.2006 	EXP 	Wait3: autoDraw = False
70.2006 	EXP 	image: image = u'blank.png'
70.2006 	EXP 	Choice1: text = u'1.irritated'
70.2006 	EXP 	Choice2: text = u'2.impatient'
70.2006 	EXP 	Choice3: text = u'3.reflective'
70.2006 	EXP 	Choice4: text = u'4.aghast'
70.2006 	EXP 	image: autoDraw = True
70.2006 	EXP 	Choice1: autoDraw = True
70.2006 	EXP 	Choice2: autoDraw = True
70.2006 	EXP 	Choice3: autoDraw = True
70.2006 	EXP 	Choice4: autoDraw = True
70.2006 	EXP 	Chosen: autoDraw = True
70.2006 	EXP 	YourChoice: autoDraw = True
70.2006 	EXP 	twentysec: autoDraw = True
70.2006 	EXP 	Timer: autoDraw = True
70.5694 	DATA 	Keypress: 3
75.1674 	EXP 	twentysec: autoDraw = False
75.1757 	EXP 	RatingScale rating: reset()
75.2006 	EXP 	FifteenSec: autoDraw = True
75.2006 	EXP 	image: autoDraw = False
75.2006 	EXP 	Choice1: autoDraw = False
75.2006 	EXP 	Choice2: autoDraw = False
75.2006 	EXP 	Choice3: autoDraw = False
75.2006 	EXP 	Choice4: autoDraw = False
75.2006 	EXP 	Chosen: autoDraw = False
75.2006 	EXP 	YourChoice: autoDraw = False
75.2006 	EXP 	twentysec: autoDraw = False
75.2006 	EXP 	FifteenSec: autoDraw = False
75.2006 	EXP 	TenSec: autoDraw = False
75.2006 	EXP 	FiveSec: autoDraw = False
75.2006 	EXP 	Timer: autoDraw = False
75.2006 	EXP 	ZeroSec: autoDraw = False
75.2006 	EXP 	Question: autoDraw = True
75.2006 	EXP 	rating: autoDraw = True
76.2016 	DATA 	Keypress: 3
76.5363 	DATA 	Keypress: return
76.5401 	DATA 	RatingScale rating: (key response) rating=4
76.5402 	DATA 	RatingScale rating: rating RT=1.364
76.5403 	DATA 	RatingScale rating: history=[(None, 0.0), ('4', 1.028), ('4', 1.364)]
76.5666 	EXP 	Question: autoDraw = False
76.5666 	EXP 	rating: autoDraw = False
76.5666 	EXP 	Wait3: autoDraw = True
77.5676 	EXP 	New trial (rep=0, index=9): OrderedDict([(u'pic', u'blank.png'), (u'sound', u'heart120_1.wav'), (u'c1', u'ashamed'), (u'c2', u'nervous'), (u'c3', u'suspicious'), (u'c4', u'indecisive'), (u'answerNum', 3), (u'answer', u'suspicious')])
77.6169 	EXP 	Wait3: autoDraw = False
77.6169 	EXP 	image: image = u'blank.png'
77.6169 	EXP 	Choice1: text = u'1.ashamed'
77.6169 	EXP 	Choice2: text = u'2.nervous'
77.6169 	EXP 	Choice3: text = u'3.suspicious'
77.6169 	EXP 	Choice4: text = u'4.indecisive'
77.6169 	EXP 	image: autoDraw = True
77.6169 	EXP 	Choice1: autoDraw = True
77.6169 	EXP 	Choice2: autoDraw = True
77.6169 	EXP 	Choice3: autoDraw = True
77.6169 	EXP 	Choice4: autoDraw = True
77.6169 	EXP 	Chosen: autoDraw = True
77.6169 	EXP 	YourChoice: autoDraw = True
77.6169 	EXP 	twentysec: autoDraw = True
77.6169 	EXP 	Timer: autoDraw = True
78.9866 	DATA 	Keypress: 2
82.5752 	EXP 	RatingScale rating: reset()
82.6008 	EXP 	twentysec: autoDraw = False
82.6008 	EXP 	image: autoDraw = False
82.6008 	EXP 	Choice1: autoDraw = False
82.6008 	EXP 	Choice2: autoDraw = False
82.6008 	EXP 	Choice3: autoDraw = False
82.6008 	EXP 	Choice4: autoDraw = False
82.6008 	EXP 	Chosen: autoDraw = False
82.6008 	EXP 	YourChoice: autoDraw = False
82.6008 	EXP 	twentysec: autoDraw = False
82.6008 	EXP 	FifteenSec: autoDraw = False
82.6008 	EXP 	TenSec: autoDraw = False
82.6008 	EXP 	FiveSec: autoDraw = False
82.6008 	EXP 	Timer: autoDraw = False
82.6008 	EXP 	ZeroSec: autoDraw = False
82.6008 	EXP 	Question: autoDraw = True
82.6008 	EXP 	rating: autoDraw = True
83.5516 	DATA 	Keypress: 2
84.1678 	DATA 	Keypress: return
84.1710 	DATA 	RatingScale rating: (key response) rating=3
84.1711 	DATA 	RatingScale rating: rating RT=1.595
84.1712 	DATA 	RatingScale rating: history=[(None, 0.0), ('3', 0.979), ('3', 1.595)]
84.2001 	EXP 	Question: autoDraw = False
84.2001 	EXP 	rating: autoDraw = False
84.2001 	EXP 	Wait3: autoDraw = True
85.1998 	EXP 	New trial (rep=0, index=10): OrderedDict([(u'pic', u'blank.png'), (u'sound', u'heart120_1.wav'), (u'c1', u'contemplative'), (u'c2', u'flustered'), (u'c3', u'encouraging'), (u'c4', u'amused'), (u'answerNum', 1), (u'answer', u'contemplative')])
85.2500 	EXP 	Wait3: autoDraw = False
85.2500 	EXP 	image: image = u'blank.png'
85.2500 	EXP 	Choice1: text = u'1.amused'
85.2500 	EXP 	Choice2: text = u'2.contemplative'
85.2500 	EXP 	Choice3: text = u'3.flustered'
85.2500 	EXP 	Choice4: text = u'4.encouraging'
85.2500 	EXP 	image: autoDraw = True
85.2500 	EXP 	Choice1: autoDraw = True
85.2500 	EXP 	Choice2: autoDraw = True
85.2500 	EXP 	Choice3: autoDraw = True
85.2500 	EXP 	Choice4: autoDraw = True
85.2500 	EXP 	Chosen: autoDraw = True
85.2500 	EXP 	YourChoice: autoDraw = True
85.2500 	EXP 	twentysec: autoDraw = True
85.2500 	EXP 	Timer: autoDraw = True
87.2178 	DATA 	Keypress: 2
90.2085 	EXP 	RatingScale rating: reset()
90.2338 	EXP 	twentysec: autoDraw = False
90.2338 	EXP 	image: autoDraw = False
90.2338 	EXP 	Choice1: autoDraw = False
90.2338 	EXP 	Choice2: autoDraw = False
90.2338 	EXP 	Choice3: autoDraw = False
90.2338 	EXP 	Choice4: autoDraw = False
90.2338 	EXP 	Chosen: autoDraw = False
90.2338 	EXP 	YourChoice: autoDraw = False
90.2338 	EXP 	twentysec: autoDraw = False
90.2338 	EXP 	FifteenSec: autoDraw = False
90.2338 	EXP 	TenSec: autoDraw = False
90.2338 	EXP 	FiveSec: autoDraw = False
90.2338 	EXP 	Timer: autoDraw = False
90.2338 	EXP 	ZeroSec: autoDraw = False
90.2338 	EXP 	Question: autoDraw = True
90.2338 	EXP 	rating: autoDraw = True
90.7691 	DATA 	Keypress: 1
91.2386 	DATA 	Keypress: return
91.2389 	DATA 	RatingScale rating: (key response) rating=2
91.2391 	DATA 	RatingScale rating: rating RT=1.030
91.2391 	DATA 	RatingScale rating: history=[(None, 0.0), ('2', 0.562), ('2', 1.029)]
91.2662 	EXP 	Question: autoDraw = False
91.2662 	EXP 	rating: autoDraw = False
91.2662 	EXP 	Wait3: autoDraw = True
92.2679 	EXP 	New trial (rep=0, index=11): OrderedDict([(u'pic', u'blank.png'), (u'sound', u'heart120_1.wav'), (u'c1', u'embarassed '), (u'c2', u'fantasizing'), (u'c3', u'confused'), (u'c4', u'panicked '), (u'answerNum', 2), (u'answer', u'fantasizing')])
92.3167 	EXP 	Wait3: autoDraw = False
92.3167 	EXP 	image: image = u'blank.png'
92.3167 	EXP 	Choice1: text = u'1.fantasizing'
92.3167 	EXP 	Choice2: text = u'2.embarassed '
92.3167 	EXP 	Choice3: text = u'3.panicked '
92.3167 	EXP 	Choice4: text = u'4.confused'
92.3167 	EXP 	image: autoDraw = True
92.3167 	EXP 	Choice1: autoDraw = True
92.3167 	EXP 	Choice2: autoDraw = True
92.3167 	EXP 	Choice3: autoDraw = True
92.3167 	EXP 	Choice4: autoDraw = True
92.3167 	EXP 	Chosen: autoDraw = True
92.3167 	EXP 	YourChoice: autoDraw = True
92.3167 	EXP 	twentysec: autoDraw = True
92.3167 	EXP 	Timer: autoDraw = True
97.2839 	EXP 	twentysec: autoDraw = False
97.3002 	EXP 	FifteenSec: autoDraw = True
97.7511 	DATA 	Keypress: escape
98.0453 	EXP 	window1: mouseVisible = True
